[0.027s] Invoking command in '/home/mars_host/ros-intro-project/src/simulation-intro/build/simulation-intro': CMAKE_PREFIX_PATH=${CMAKE_PREFIX_PATH}:/opt/ros/humble /usr/bin/cmake /home/mars_host/ros-intro-project/src/simulation-intro -DCMAKE_INSTALL_PREFIX=/home/mars_host/ros-intro-project/src/simulation-intro/install/simulation-intro
[0.076s] -- Found ament_cmake: 1.3.8 (/opt/ros/humble/share/ament_cmake/cmake)
[0.448s] -- Override CMake install command with custom implementation using symlinks instead of copying resources
[0.454s] -- Found ament_lint_auto: 0.12.10 (/opt/ros/humble/share/ament_lint_auto/cmake)
[0.712s] -- Added test 'cppcheck' to perform static code analysis on C / C++ code
[0.712s] -- Configured cppcheck include dirs: $<BUILD_INTERFACE:/home/mars_host/ros-intro-project/src/simulation-intro/include>
[0.712s] -- Configured cppcheck exclude dirs and/or files: 
[0.713s] -- Added test 'flake8' to check Python code syntax and style conventions
[0.720s] -- Added test 'lint_cmake' to check CMake code style
[0.736s] -- Added test 'pep257' to check Python code against some of the docstring style conventions in PEP 257
[0.749s] -- Added test 'uncrustify' to check C / C++ code style
[0.750s] -- Configured uncrustify additional arguments: 
[0.755s] -- Added test 'xmllint' to check XML markup files
[0.763s] -- Configuring done
[0.818s] -- Generating done
[0.821s] -- Build files have been written to: /home/mars_host/ros-intro-project/src/simulation-intro/build/simulation-intro
[0.882s] Invoked command in '/home/mars_host/ros-intro-project/src/simulation-intro/build/simulation-intro' returned '0': CMAKE_PREFIX_PATH=${CMAKE_PREFIX_PATH}:/opt/ros/humble /usr/bin/cmake /home/mars_host/ros-intro-project/src/simulation-intro -DCMAKE_INSTALL_PREFIX=/home/mars_host/ros-intro-project/src/simulation-intro/install/simulation-intro
[0.883s] Invoking command in '/home/mars_host/ros-intro-project/src/simulation-intro/build/simulation-intro': CMAKE_PREFIX_PATH=${CMAKE_PREFIX_PATH}:/opt/ros/humble /usr/bin/cmake --build /home/mars_host/ros-intro-project/src/simulation-intro/build/simulation-intro -- -j2 -l2
[1.118s] [35m[1mConsolidate compiler generated dependencies of target my_node[0m
[1.151s] [100%] Built target my_node
[1.204s] Invoked command in '/home/mars_host/ros-intro-project/src/simulation-intro/build/simulation-intro' returned '0': CMAKE_PREFIX_PATH=${CMAKE_PREFIX_PATH}:/opt/ros/humble /usr/bin/cmake --build /home/mars_host/ros-intro-project/src/simulation-intro/build/simulation-intro -- -j2 -l2
[1.696s] Invoking command in '/home/mars_host/ros-intro-project/src/simulation-intro/build/simulation-intro': CMAKE_PREFIX_PATH=${CMAKE_PREFIX_PATH}:/opt/ros/humble /usr/bin/cmake --install /home/mars_host/ros-intro-project/src/simulation-intro/build/simulation-intro
[1.712s] -- Install configuration: ""
[1.713s] -- Execute custom install script
[1.714s] -- Up-to-date symlink: /home/mars_host/ros-intro-project/src/simulation-intro/install/simulation-intro/lib/simulation-intro/my_node
[1.714s] -- Up-to-date symlink: /home/mars_host/ros-intro-project/src/simulation-intro/install/simulation-intro/share/simulation-intro//launch/display.launch.py
[1.715s] -- Up-to-date symlink: /home/mars_host/ros-intro-project/src/simulation-intro/install/simulation-intro/share/simulation-intro//launch/gazebo.launch.py
[1.715s] -- Up-to-date symlink: /home/mars_host/ros-intro-project/src/simulation-intro/install/simulation-intro/share/simulation-intro//urdf/lunabot.urdf
[1.715s] -- Up-to-date symlink: /home/mars_host/ros-intro-project/src/simulation-intro/install/simulation-intro/share/simulation-intro//rviz/config.rviz
[1.717s] -- Symlinking: /home/mars_host/ros-intro-project/src/simulation-intro/install/simulation-intro/lib/simulation-intro/keyboard_controller.py
[1.734s] -- Up-to-date symlink: /home/mars_host/ros-intro-project/src/simulation-intro/install/simulation-intro/share/ament_index/resource_index/package_run_dependencies/simulation-intro
[1.734s] -- Up-to-date symlink: /home/mars_host/ros-intro-project/src/simulation-intro/install/simulation-intro/share/ament_index/resource_index/parent_prefix_path/simulation-intro
[1.735s] -- Up-to-date symlink: /home/mars_host/ros-intro-project/src/simulation-intro/install/simulation-intro/share/simulation-intro/environment/ament_prefix_path.sh
[1.735s] -- Up-to-date symlink: /home/mars_host/ros-intro-project/src/simulation-intro/install/simulation-intro/share/simulation-intro/environment/ament_prefix_path.dsv
[1.735s] -- Up-to-date symlink: /home/mars_host/ros-intro-project/src/simulation-intro/install/simulation-intro/share/simulation-intro/environment/path.sh
[1.736s] -- Up-to-date symlink: /home/mars_host/ros-intro-project/src/simulation-intro/install/simulation-intro/share/simulation-intro/environment/path.dsv
[1.736s] -- Up-to-date symlink: /home/mars_host/ros-intro-project/src/simulation-intro/install/simulation-intro/share/simulation-intro/local_setup.bash
[1.736s] -- Up-to-date symlink: /home/mars_host/ros-intro-project/src/simulation-intro/install/simulation-intro/share/simulation-intro/local_setup.sh
[1.737s] -- Up-to-date symlink: /home/mars_host/ros-intro-project/src/simulation-intro/install/simulation-intro/share/simulation-intro/local_setup.zsh
[1.737s] -- Up-to-date symlink: /home/mars_host/ros-intro-project/src/simulation-intro/install/simulation-intro/share/simulation-intro/local_setup.dsv
[1.738s] -- Symlinking: /home/mars_host/ros-intro-project/src/simulation-intro/install/simulation-intro/share/simulation-intro/package.dsv
[1.761s] -- Up-to-date symlink: /home/mars_host/ros-intro-project/src/simulation-intro/install/simulation-intro/share/ament_index/resource_index/packages/simulation-intro
[1.761s] -- Up-to-date symlink: /home/mars_host/ros-intro-project/src/simulation-intro/install/simulation-intro/share/simulation-intro/cmake/simulation-introConfig.cmake
[1.762s] -- Up-to-date symlink: /home/mars_host/ros-intro-project/src/simulation-intro/install/simulation-intro/share/simulation-intro/cmake/simulation-introConfig-version.cmake
[1.762s] -- Up-to-date symlink: /home/mars_host/ros-intro-project/src/simulation-intro/install/simulation-intro/share/simulation-intro/package.xml
[1.773s] Invoked command in '/home/mars_host/ros-intro-project/src/simulation-intro/build/simulation-intro' returned '0': CMAKE_PREFIX_PATH=${CMAKE_PREFIX_PATH}:/opt/ros/humble /usr/bin/cmake --install /home/mars_host/ros-intro-project/src/simulation-intro/build/simulation-intro
