[0.173s] DEBUG:colcon:Command line arguments: ['/usr/bin/colcon', 'build']
[0.173s] DEBUG:colcon:Parsed command line arguments: Namespace(log_base=None, log_level=None, verb_name='build', build_base='build', install_base='install', merge_install=False, symlink_install=False, test_result_base=None, continue_on_error=False, executor='parallel', parallel_workers=2, event_handlers=None, ignore_user_meta=False, metas=['./colcon.meta'], base_paths=['.'], packages_ignore=None, packages_ignore_regex=None, paths=None, packages_up_to=None, packages_up_to_regex=None, packages_above=None, packages_above_and_dependencies=None, packages_above_depth=None, packages_select_by_dep=None, packages_skip_by_dep=None, packages_skip_up_to=None, packages_select_build_failed=False, packages_skip_build_finished=False, packages_select_test_failures=False, packages_skip_test_passed=False, packages_select=None, packages_skip=None, packages_select_regex=None, packages_skip_regex=None, packages_start=None, packages_end=None, allow_overriding=[], cmake_args=None, cmake_target=None, cmake_target_skip_unavailable=False, cmake_clean_cache=False, cmake_clean_first=False, cmake_force_configure=False, ament_cmake_args=None, catkin_cmake_args=None, catkin_skip_building_tests=False, mixin_files=None, mixin=None, verb_parser=<colcon_mixin.mixin.mixin_argument.MixinArgumentDecorator object at 0x769a7f752140>, verb_extension=<colcon_core.verb.build.BuildVerb object at 0x769a7f7514e0>, main=<bound method BuildVerb.main of <colcon_core.verb.build.BuildVerb object at 0x769a7f7514e0>>, mixin_verb=('build',))
[0.360s] Level 1:colcon.colcon_core.package_discovery:discover_packages(colcon_meta) check parameters
[0.360s] Level 1:colcon.colcon_core.package_discovery:discover_packages(recursive) check parameters
[0.360s] Level 1:colcon.colcon_core.package_discovery:discover_packages(ignore) check parameters
[0.360s] Level 1:colcon.colcon_core.package_discovery:discover_packages(path) check parameters
[0.360s] Level 1:colcon.colcon_core.package_discovery:discover_packages(colcon_meta) discover
[0.360s] Level 1:colcon.colcon_core.package_discovery:discover_packages(recursive) discover
[0.360s] INFO:colcon.colcon_core.package_discovery:Crawling recursively for packages in '/home/mars_host/ros-intro-project/src/ros2_image_transform'
[0.360s] Level 1:colcon.colcon_core.package_identification:_identify(.) by extensions ['ignore', 'ignore_ament_install']
[0.360s] Level 1:colcon.colcon_core.package_identification:_identify(.) by extension 'ignore'
[0.360s] Level 1:colcon.colcon_core.package_identification:_identify(.) by extension 'ignore_ament_install'
[0.361s] Level 1:colcon.colcon_core.package_identification:_identify(.) by extensions ['colcon_pkg']
[0.361s] Level 1:colcon.colcon_core.package_identification:_identify(.) by extension 'colcon_pkg'
[0.361s] Level 1:colcon.colcon_core.package_identification:_identify(.) by extensions ['colcon_meta']
[0.361s] Level 1:colcon.colcon_core.package_identification:_identify(.) by extension 'colcon_meta'
[0.361s] Level 1:colcon.colcon_core.package_identification:_identify(.) by extensions ['ros']
[0.361s] Level 1:colcon.colcon_core.package_identification:_identify(.) by extension 'ros'
[0.376s] DEBUG:colcon.colcon_core.package_identification:Package '.' with type 'ros.ament_cmake' and name 'ros2_image_transform'
[0.376s] Level 1:colcon.colcon_core.package_discovery:discover_packages(recursive) using defaults
[0.377s] Level 1:colcon.colcon_core.package_discovery:discover_packages(ignore) discover
[0.377s] Level 1:colcon.colcon_core.package_discovery:discover_packages(ignore) using defaults
[0.377s] Level 1:colcon.colcon_core.package_discovery:discover_packages(path) discover
[0.377s] Level 1:colcon.colcon_core.package_discovery:discover_packages(path) using defaults
[0.400s] Level 1:colcon.colcon_core.package_discovery:discover_packages(prefix_path) check parameters
[0.401s] Level 1:colcon.colcon_core.package_discovery:discover_packages(prefix_path) discover
[0.403s] DEBUG:colcon.colcon_installed_package_information.package_discovery:Found 0 installed packages in /home/mars_host/mars-ros2/install
[0.404s] DEBUG:colcon.colcon_installed_package_information.package_discovery:Found 284 installed packages in /opt/ros/humble
[0.415s] Level 1:colcon.colcon_core.package_discovery:discover_packages(prefix_path) using defaults
[0.440s] Level 5:colcon.colcon_core.verb:set package 'ros2_image_transform' build argument 'cmake_args' from command line to 'None'
[0.440s] Level 5:colcon.colcon_core.verb:set package 'ros2_image_transform' build argument 'cmake_target' from command line to 'None'
[0.440s] Level 5:colcon.colcon_core.verb:set package 'ros2_image_transform' build argument 'cmake_target_skip_unavailable' from command line to 'False'
[0.440s] Level 5:colcon.colcon_core.verb:set package 'ros2_image_transform' build argument 'cmake_clean_cache' from command line to 'False'
[0.440s] Level 5:colcon.colcon_core.verb:set package 'ros2_image_transform' build argument 'cmake_clean_first' from command line to 'False'
[0.440s] Level 5:colcon.colcon_core.verb:set package 'ros2_image_transform' build argument 'cmake_force_configure' from command line to 'False'
[0.440s] Level 5:colcon.colcon_core.verb:set package 'ros2_image_transform' build argument 'ament_cmake_args' from command line to 'None'
[0.440s] Level 5:colcon.colcon_core.verb:set package 'ros2_image_transform' build argument 'catkin_cmake_args' from command line to 'None'
[0.440s] Level 5:colcon.colcon_core.verb:set package 'ros2_image_transform' build argument 'catkin_skip_building_tests' from command line to 'False'
[0.440s] DEBUG:colcon.colcon_core.verb:Building package 'ros2_image_transform' with the following arguments: {'ament_cmake_args': None, 'build_base': '/home/mars_host/ros-intro-project/src/ros2_image_transform/build/ros2_image_transform', 'catkin_cmake_args': None, 'catkin_skip_building_tests': False, 'cmake_args': None, 'cmake_clean_cache': False, 'cmake_clean_first': False, 'cmake_force_configure': False, 'cmake_target': None, 'cmake_target_skip_unavailable': False, 'install_base': '/home/mars_host/ros-intro-project/src/ros2_image_transform/install/ros2_image_transform', 'merge_install': False, 'path': '/home/mars_host/ros-intro-project/src/ros2_image_transform', 'symlink_install': False, 'test_result_base': None}
[0.441s] INFO:colcon.colcon_core.executor:Executing jobs using 'parallel' executor
[0.442s] DEBUG:colcon.colcon_parallel_executor.executor.parallel:run_until_complete
[0.443s] INFO:colcon.colcon_ros.task.ament_cmake.build:Building ROS package in '/home/mars_host/ros-intro-project/src/ros2_image_transform' with build type 'ament_cmake'
[0.443s] INFO:colcon.colcon_cmake.task.cmake.build:Building CMake package in '/home/mars_host/ros-intro-project/src/ros2_image_transform'
[0.447s] INFO:colcon.colcon_core.plugin_system:Skipping extension 'colcon_core.shell.bat': Not used on non-Windows systems
[0.447s] INFO:colcon.colcon_core.shell:Skip shell extension 'powershell' for command environment: Not usable outside of PowerShell
[0.447s] DEBUG:colcon.colcon_core.shell:Skip shell extension 'dsv' for command environment
[0.474s] DEBUG:colcon.colcon_core.event_handler.log_command:Invoking command in '/home/mars_host/ros-intro-project/src/ros2_image_transform/build/ros2_image_transform': CMAKE_PREFIX_PATH=/opt/ros/humble /usr/bin/cmake --build /home/mars_host/ros-intro-project/src/ros2_image_transform/build/ros2_image_transform -- -j2 -l2
[0.916s] DEBUG:colcon.colcon_core.event_handler.log_command:Invoked command in '/home/mars_host/ros-intro-project/src/ros2_image_transform/build/ros2_image_transform' returned '0': CMAKE_PREFIX_PATH=/opt/ros/humble /usr/bin/cmake --build /home/mars_host/ros-intro-project/src/ros2_image_transform/build/ros2_image_transform -- -j2 -l2
[0.965s] DEBUG:colcon.colcon_core.event_handler.log_command:Invoking command in '/home/mars_host/ros-intro-project/src/ros2_image_transform/build/ros2_image_transform': CMAKE_PREFIX_PATH=/opt/ros/humble /usr/bin/cmake --install /home/mars_host/ros-intro-project/src/ros2_image_transform/build/ros2_image_transform
[1.029s] Level 1:colcon.colcon_core.environment:create_environment_scripts_only(ros2_image_transform)
[1.030s] DEBUG:colcon.colcon_core.event_handler.log_command:Invoked command in '/home/mars_host/ros-intro-project/src/ros2_image_transform/build/ros2_image_transform' returned '0': CMAKE_PREFIX_PATH=/opt/ros/humble /usr/bin/cmake --install /home/mars_host/ros-intro-project/src/ros2_image_transform/build/ros2_image_transform
[1.035s] Level 1:colcon.colcon_core.environment:checking '/home/mars_host/ros-intro-project/src/ros2_image_transform/install/ros2_image_transform' for CMake module files
[1.038s] Level 1:colcon.colcon_core.environment:checking '/home/mars_host/ros-intro-project/src/ros2_image_transform/install/ros2_image_transform' for CMake config files
[1.041s] Level 1:colcon.colcon_core.shell:create_environment_hook('ros2_image_transform', 'cmake_prefix_path')
[1.041s] INFO:colcon.colcon_core.shell:Creating environment hook '/home/mars_host/ros-intro-project/src/ros2_image_transform/install/ros2_image_transform/share/ros2_image_transform/hook/cmake_prefix_path.ps1'
[1.042s] INFO:colcon.colcon_core.shell:Creating environment descriptor '/home/mars_host/ros-intro-project/src/ros2_image_transform/install/ros2_image_transform/share/ros2_image_transform/hook/cmake_prefix_path.dsv'
[1.044s] INFO:colcon.colcon_core.shell:Creating environment hook '/home/mars_host/ros-intro-project/src/ros2_image_transform/install/ros2_image_transform/share/ros2_image_transform/hook/cmake_prefix_path.sh'
[1.045s] Level 1:colcon.colcon_core.environment:checking '/home/mars_host/ros-intro-project/src/ros2_image_transform/install/ros2_image_transform/lib'
[1.045s] Level 1:colcon.colcon_core.environment:checking '/home/mars_host/ros-intro-project/src/ros2_image_transform/install/ros2_image_transform/bin'
[1.045s] Level 1:colcon.colcon_core.environment:checking '/home/mars_host/ros-intro-project/src/ros2_image_transform/install/ros2_image_transform/lib/pkgconfig/ros2_image_transform.pc'
[1.045s] Level 1:colcon.colcon_core.environment:checking '/home/mars_host/ros-intro-project/src/ros2_image_transform/install/ros2_image_transform/lib/python3.10/site-packages'
[1.046s] Level 1:colcon.colcon_core.environment:checking '/home/mars_host/ros-intro-project/src/ros2_image_transform/install/ros2_image_transform/bin'
[1.046s] INFO:colcon.colcon_core.shell:Creating package script '/home/mars_host/ros-intro-project/src/ros2_image_transform/install/ros2_image_transform/share/ros2_image_transform/package.ps1'
[1.047s] INFO:colcon.colcon_core.shell:Creating package descriptor '/home/mars_host/ros-intro-project/src/ros2_image_transform/install/ros2_image_transform/share/ros2_image_transform/package.dsv'
[1.048s] INFO:colcon.colcon_core.shell:Creating package script '/home/mars_host/ros-intro-project/src/ros2_image_transform/install/ros2_image_transform/share/ros2_image_transform/package.sh'
[1.058s] INFO:colcon.colcon_core.shell:Creating package script '/home/mars_host/ros-intro-project/src/ros2_image_transform/install/ros2_image_transform/share/ros2_image_transform/package.bash'
[1.063s] INFO:colcon.colcon_core.shell:Creating package script '/home/mars_host/ros-intro-project/src/ros2_image_transform/install/ros2_image_transform/share/ros2_image_transform/package.zsh'
[1.065s] Level 1:colcon.colcon_core.environment:create_file_with_runtime_dependencies(/home/mars_host/ros-intro-project/src/ros2_image_transform/install/ros2_image_transform/share/colcon-core/packages/ros2_image_transform)
[1.125s] Level 1:colcon.colcon_core.environment:create_environment_scripts_only(ros2_image_transform)
[1.125s] Level 1:colcon.colcon_core.environment:checking '/home/mars_host/ros-intro-project/src/ros2_image_transform/install/ros2_image_transform' for CMake module files
[1.126s] Level 1:colcon.colcon_core.environment:checking '/home/mars_host/ros-intro-project/src/ros2_image_transform/install/ros2_image_transform' for CMake config files
[1.126s] Level 1:colcon.colcon_core.shell:create_environment_hook('ros2_image_transform', 'cmake_prefix_path')
[1.127s] INFO:colcon.colcon_core.shell:Creating environment hook '/home/mars_host/ros-intro-project/src/ros2_image_transform/install/ros2_image_transform/share/ros2_image_transform/hook/cmake_prefix_path.ps1'
[1.128s] INFO:colcon.colcon_core.shell:Creating environment descriptor '/home/mars_host/ros-intro-project/src/ros2_image_transform/install/ros2_image_transform/share/ros2_image_transform/hook/cmake_prefix_path.dsv'
[1.129s] INFO:colcon.colcon_core.shell:Creating environment hook '/home/mars_host/ros-intro-project/src/ros2_image_transform/install/ros2_image_transform/share/ros2_image_transform/hook/cmake_prefix_path.sh'
[1.130s] Level 1:colcon.colcon_core.environment:checking '/home/mars_host/ros-intro-project/src/ros2_image_transform/install/ros2_image_transform/lib'
[1.130s] Level 1:colcon.colcon_core.environment:checking '/home/mars_host/ros-intro-project/src/ros2_image_transform/install/ros2_image_transform/bin'
[1.130s] Level 1:colcon.colcon_core.environment:checking '/home/mars_host/ros-intro-project/src/ros2_image_transform/install/ros2_image_transform/lib/pkgconfig/ros2_image_transform.pc'
[1.131s] Level 1:colcon.colcon_core.environment:checking '/home/mars_host/ros-intro-project/src/ros2_image_transform/install/ros2_image_transform/lib/python3.10/site-packages'
[1.131s] Level 1:colcon.colcon_core.environment:checking '/home/mars_host/ros-intro-project/src/ros2_image_transform/install/ros2_image_transform/bin'
[1.131s] INFO:colcon.colcon_core.shell:Creating package script '/home/mars_host/ros-intro-project/src/ros2_image_transform/install/ros2_image_transform/share/ros2_image_transform/package.ps1'
[1.132s] INFO:colcon.colcon_core.shell:Creating package descriptor '/home/mars_host/ros-intro-project/src/ros2_image_transform/install/ros2_image_transform/share/ros2_image_transform/package.dsv'
[1.133s] INFO:colcon.colcon_core.shell:Creating package script '/home/mars_host/ros-intro-project/src/ros2_image_transform/install/ros2_image_transform/share/ros2_image_transform/package.sh'
[1.133s] INFO:colcon.colcon_core.shell:Creating package script '/home/mars_host/ros-intro-project/src/ros2_image_transform/install/ros2_image_transform/share/ros2_image_transform/package.bash'
[1.134s] INFO:colcon.colcon_core.shell:Creating package script '/home/mars_host/ros-intro-project/src/ros2_image_transform/install/ros2_image_transform/share/ros2_image_transform/package.zsh'
[1.136s] Level 1:colcon.colcon_core.environment:create_file_with_runtime_dependencies(/home/mars_host/ros-intro-project/src/ros2_image_transform/install/ros2_image_transform/share/colcon-core/packages/ros2_image_transform)
[1.137s] DEBUG:colcon.colcon_parallel_executor.executor.parallel:closing loop
[1.137s] DEBUG:colcon.colcon_parallel_executor.executor.parallel:loop closed
[1.137s] DEBUG:colcon.colcon_parallel_executor.executor.parallel:run_until_complete finished with '0'
[1.137s] DEBUG:colcon.colcon_core.event_reactor:joining thread
[1.146s] INFO:colcon.colcon_core.plugin_system:Skipping extension 'colcon_notification.desktop_notification.terminal_notifier': Not used on non-Darwin systems
[1.146s] INFO:colcon.colcon_core.plugin_system:Skipping extension 'colcon_notification.desktop_notification.win32': Not used on non-Windows systems
[1.146s] INFO:colcon.colcon_notification.desktop_notification:Sending desktop notification using 'notify2'
[1.179s] DEBUG:colcon.colcon_core.event_reactor:joined thread
[1.180s] INFO:colcon.colcon_core.shell:Creating prefix script '/home/mars_host/ros-intro-project/src/ros2_image_transform/install/local_setup.ps1'
[1.181s] INFO:colcon.colcon_core.shell:Creating prefix util module '/home/mars_host/ros-intro-project/src/ros2_image_transform/install/_local_setup_util_ps1.py'
[1.183s] INFO:colcon.colcon_core.shell:Creating prefix chain script '/home/mars_host/ros-intro-project/src/ros2_image_transform/install/setup.ps1'
[1.191s] INFO:colcon.colcon_core.shell:Creating prefix script '/home/mars_host/ros-intro-project/src/ros2_image_transform/install/local_setup.sh'
[1.193s] INFO:colcon.colcon_core.shell:Creating prefix util module '/home/mars_host/ros-intro-project/src/ros2_image_transform/install/_local_setup_util_sh.py'
[1.194s] INFO:colcon.colcon_core.shell:Creating prefix chain script '/home/mars_host/ros-intro-project/src/ros2_image_transform/install/setup.sh'
[1.197s] INFO:colcon.colcon_core.shell:Creating prefix script '/home/mars_host/ros-intro-project/src/ros2_image_transform/install/local_setup.bash'
[1.199s] INFO:colcon.colcon_core.shell:Creating prefix chain script '/home/mars_host/ros-intro-project/src/ros2_image_transform/install/setup.bash'
[1.200s] INFO:colcon.colcon_core.shell:Creating prefix script '/home/mars_host/ros-intro-project/src/ros2_image_transform/install/local_setup.zsh'
[1.201s] INFO:colcon.colcon_core.shell:Creating prefix chain script '/home/mars_host/ros-intro-project/src/ros2_image_transform/install/setup.zsh'
