[0.034s] Invoking command in '/home/mars_host/ros-intro-project/src/ros2_image_transform/build/ros2_image_transform': CMAKE_PREFIX_PATH=${CMAKE_PREFIX_PATH}:/opt/ros/humble /usr/bin/cmake --build /home/mars_host/ros-intro-project/src/ros2_image_transform/build/ros2_image_transform -- -j2 -l2
[0.108s] -- Found ament_cmake: 1.3.10 (/opt/ros/humble/share/ament_cmake/cmake)
[0.241s] -- Found rclcpp: 16.0.10 (/opt/ros/humble/share/rclcpp/cmake)
[0.254s] -- Found rosidl_generator_c: 3.1.5 (/opt/ros/humble/share/rosidl_generator_c/cmake)
[0.255s] -- Found rosidl_adapter: 3.1.5 (/opt/ros/humble/share/rosidl_adapter/cmake)
[0.261s] -- Found rosidl_generator_cpp: 3.1.5 (/opt/ros/humble/share/rosidl_generator_cpp/cmake)
[0.267s] -- Using all available rosidl_typesupport_c: rosidl_typesupport_fastrtps_c;rosidl_typesupport_introspection_c
[0.282s] -- Using all available rosidl_typesupport_cpp: rosidl_typesupport_fastrtps_cpp;rosidl_typesupport_introspection_cpp
[0.322s] -- Found rmw_implementation_cmake: 6.1.2 (/opt/ros/humble/share/rmw_implementation_cmake/cmake)
[0.325s] -- Found rmw_fastrtps_cpp: 6.2.7 (/opt/ros/humble/share/rmw_fastrtps_cpp/cmake)
[0.422s] -- Found OpenSSL: /usr/lib/x86_64-linux-gnu/libcrypto.so (found version "3.0.2")  
[0.458s] -- Found FastRTPS: /opt/ros/humble/include  
[0.506s] -- Using RMW implementation 'rmw_fastrtps_cpp' as default
[0.521s] -- Looking for pthread.h
[0.663s] -- Looking for pthread.h - found
[0.668s] -- Performing Test CMAKE_HAVE_LIBC_PTHREAD
[0.745s] -- Performing Test CMAKE_HAVE_LIBC_PTHREAD - Success
[0.747s] -- Found Threads: TRUE  
[0.795s] -- Found rclpy: 3.3.14 (/opt/ros/humble/share/rclpy/cmake)
[0.796s] -- Found sensor_msgs: 4.2.4 (/opt/ros/humble/share/sensor_msgs/cmake)
[0.819s] -- Found cv_bridge: 3.2.1 (/opt/ros/humble/share/cv_bridge/cmake)
[0.828s] -- Found image_transport: 3.1.9 (/opt/ros/humble/share/image_transport/cmake)
[0.857s] -- Found ament_lint_auto: 0.12.11 (/opt/ros/humble/share/ament_lint_auto/cmake)
[0.962s] -- Added test 'cppcheck' to perform static code analysis on C / C++ code
[0.962s] -- Configured cppcheck include dirs: /home/mars_host/ros-intro-project/src/ros2_image_transform/include
[0.962s] -- Configured cppcheck exclude dirs and/or files: 
[0.962s] -- Added test 'flake8' to check Python code syntax and style conventions
[0.963s] -- Added test 'lint_cmake' to check CMake code style
[0.963s] -- Added test 'pep257' to check Python code against some of the docstring style conventions in PEP 257
[0.967s] -- Added test 'uncrustify' to check C / C++ code style
[0.967s] -- Configured uncrustify additional arguments: 
[0.968s] -- Added test 'xmllint' to check XML markup files
[0.974s] -- Configuring done
[0.998s] -- Generating done
[1.003s] -- Build files have been written to: /home/mars_host/ros-intro-project/src/ros2_image_transform/build/ros2_image_transform
[1.068s] Built target ament_cmake_python_copy_ros2_image_transform
[1.262s] running egg_info
[1.265s] creating ros2_image_transform.egg-info
[1.265s] writing ros2_image_transform.egg-info/PKG-INFO
[1.265s] writing dependency_links to ros2_image_transform.egg-info/dependency_links.txt
[1.265s] writing top-level names to ros2_image_transform.egg-info/top_level.txt
[1.265s] writing manifest file 'ros2_image_transform.egg-info/SOURCES.txt'
[1.274s] reading manifest file 'ros2_image_transform.egg-info/SOURCES.txt'
[1.274s] writing manifest file 'ros2_image_transform.egg-info/SOURCES.txt'
[1.314s] Built target ament_cmake_python_build_ros2_image_transform_egg
[1.328s] Invoked command in '/home/mars_host/ros-intro-project/src/ros2_image_transform/build/ros2_image_transform' returned '0': CMAKE_PREFIX_PATH=${CMAKE_PREFIX_PATH}:/opt/ros/humble /usr/bin/cmake --build /home/mars_host/ros-intro-project/src/ros2_image_transform/build/ros2_image_transform -- -j2 -l2
[1.384s] Invoking command in '/home/mars_host/ros-intro-project/src/ros2_image_transform/build/ros2_image_transform': CMAKE_PREFIX_PATH=${CMAKE_PREFIX_PATH}:/opt/ros/humble /usr/bin/cmake --install /home/mars_host/ros-intro-project/src/ros2_image_transform/build/ros2_image_transform
[1.392s] -- Install configuration: ""
[1.392s] -- Installing: /home/mars_host/ros-intro-project/src/ros2_image_transform/install/ros2_image_transform/share/ros2_image_transform/environment/pythonpath.sh
[1.392s] -- Installing: /home/mars_host/ros-intro-project/src/ros2_image_transform/install/ros2_image_transform/share/ros2_image_transform/environment/pythonpath.dsv
[1.392s] -- Installing: /home/mars_host/ros-intro-project/src/ros2_image_transform/install/ros2_image_transform/local/lib/python3.10/dist-packages/ros2_image_transform-0.0.0-py3.10.egg-info
[1.392s] -- Installing: /home/mars_host/ros-intro-project/src/ros2_image_transform/install/ros2_image_transform/local/lib/python3.10/dist-packages/ros2_image_transform-0.0.0-py3.10.egg-info/top_level.txt
[1.392s] -- Installing: /home/mars_host/ros-intro-project/src/ros2_image_transform/install/ros2_image_transform/local/lib/python3.10/dist-packages/ros2_image_transform-0.0.0-py3.10.egg-info/dependency_links.txt
[1.392s] -- Installing: /home/mars_host/ros-intro-project/src/ros2_image_transform/install/ros2_image_transform/local/lib/python3.10/dist-packages/ros2_image_transform-0.0.0-py3.10.egg-info/SOURCES.txt
[1.392s] -- Installing: /home/mars_host/ros-intro-project/src/ros2_image_transform/install/ros2_image_transform/local/lib/python3.10/dist-packages/ros2_image_transform-0.0.0-py3.10.egg-info/PKG-INFO
[1.392s] -- Installing: /home/mars_host/ros-intro-project/src/ros2_image_transform/install/ros2_image_transform/local/lib/python3.10/dist-packages/ros2_image_transform
[1.393s] -- Installing: /home/mars_host/ros-intro-project/src/ros2_image_transform/install/ros2_image_transform/local/lib/python3.10/dist-packages/ros2_image_transform/__init__.py
[1.418s] Listing '/home/mars_host/ros-intro-project/src/ros2_image_transform/install/ros2_image_transform/local/lib/python3.10/dist-packages/ros2_image_transform'...
[1.419s] Compiling '/home/mars_host/ros-intro-project/src/ros2_image_transform/install/ros2_image_transform/local/lib/python3.10/dist-packages/ros2_image_transform/__init__.py'...
[1.424s] -- Installing: /home/mars_host/ros-intro-project/src/ros2_image_transform/install/ros2_image_transform/lib/ros2_image_transform/image.py
[1.426s] -- Up-to-date: /home/mars_host/ros-intro-project/src/ros2_image_transform/install/ros2_image_transform/share/ament_index/resource_index/package_run_dependencies/ros2_image_transform
[1.426s] -- Installing: /home/mars_host/ros-intro-project/src/ros2_image_transform/install/ros2_image_transform/share/ament_index/resource_index/parent_prefix_path/ros2_image_transform
[1.426s] -- Up-to-date: /home/mars_host/ros-intro-project/src/ros2_image_transform/install/ros2_image_transform/share/ros2_image_transform/environment/ament_prefix_path.sh
[1.426s] -- Installing: /home/mars_host/ros-intro-project/src/ros2_image_transform/install/ros2_image_transform/share/ros2_image_transform/environment/ament_prefix_path.dsv
[1.426s] -- Up-to-date: /home/mars_host/ros-intro-project/src/ros2_image_transform/install/ros2_image_transform/share/ros2_image_transform/environment/path.sh
[1.426s] -- Installing: /home/mars_host/ros-intro-project/src/ros2_image_transform/install/ros2_image_transform/share/ros2_image_transform/environment/path.dsv
[1.426s] -- Up-to-date: /home/mars_host/ros-intro-project/src/ros2_image_transform/install/ros2_image_transform/share/ros2_image_transform/local_setup.bash
[1.426s] -- Installing: /home/mars_host/ros-intro-project/src/ros2_image_transform/install/ros2_image_transform/share/ros2_image_transform/local_setup.sh
[1.426s] -- Up-to-date: /home/mars_host/ros-intro-project/src/ros2_image_transform/install/ros2_image_transform/share/ros2_image_transform/local_setup.zsh
[1.426s] -- Installing: /home/mars_host/ros-intro-project/src/ros2_image_transform/install/ros2_image_transform/share/ros2_image_transform/local_setup.dsv
[1.426s] -- Installing: /home/mars_host/ros-intro-project/src/ros2_image_transform/install/ros2_image_transform/share/ros2_image_transform/package.dsv
[1.426s] -- Up-to-date: /home/mars_host/ros-intro-project/src/ros2_image_transform/install/ros2_image_transform/share/ament_index/resource_index/packages/ros2_image_transform
[1.426s] -- Up-to-date: /home/mars_host/ros-intro-project/src/ros2_image_transform/install/ros2_image_transform/share/ros2_image_transform/cmake/ros2_image_transformConfig.cmake
[1.426s] -- Up-to-date: /home/mars_host/ros-intro-project/src/ros2_image_transform/install/ros2_image_transform/share/ros2_image_transform/cmake/ros2_image_transformConfig-version.cmake
[1.427s] -- Up-to-date: /home/mars_host/ros-intro-project/src/ros2_image_transform/install/ros2_image_transform/share/ros2_image_transform/package.xml
[1.433s] Invoked command in '/home/mars_host/ros-intro-project/src/ros2_image_transform/build/ros2_image_transform' returned '0': CMAKE_PREFIX_PATH=${CMAKE_PREFIX_PATH}:/opt/ros/humble /usr/bin/cmake --install /home/mars_host/ros-intro-project/src/ros2_image_transform/build/ros2_image_transform
