[0.070s] Invoking command in '/home/mars_host/ros-intro-project/ros-intro-project/src/ros2_keyboard/build/ros2_keyboard': CMAKE_PREFIX_PATH=/opt/ros/humble /usr/bin/cmake /home/mars_host/ros-intro-project/ros-intro-project/src/ros2_keyboard -DCMAKE_INSTALL_PREFIX=/home/mars_host/ros-intro-project/ros-intro-project/src/ros2_keyboard/install/ros2_keyboard
[0.465s] -- The C compiler identification is GNU 11.4.0
[1.430s] -- The CXX compiler identification is GNU 11.4.0
[1.517s] -- Detecting C compiler ABI info
[2.215s] -- Detecting C compiler ABI info - done
[2.245s] -- Check for working C compiler: /usr/bin/cc - skipped
[2.245s] -- Detecting C compile features
[2.245s] -- Detecting C compile features - done
[2.245s] -- Detecting CXX compiler ABI info
[3.545s] -- Detecting CXX compiler ABI info - done
[3.566s] -- Check for working CXX compiler: /usr/bin/c++ - skipped
[3.567s] -- Detecting CXX compile features
[3.673s] -- Detecting CXX compile features - done
[3.687s] -- Found ament_cmake: 1.3.8 (/opt/ros/humble/share/ament_cmake/cmake)
[4.498s] -- Found Python3: /usr/bin/python3 (found version "3.10.12") found components: Interpreter 
[4.833s] -- Found rclcpp: 16.0.8 (/opt/ros/humble/share/rclcpp/cmake)
[4.923s] -- Found rosidl_generator_c: 3.1.5 (/opt/ros/humble/share/rosidl_generator_c/cmake)
[4.929s] -- Found rosidl_adapter: 3.1.5 (/opt/ros/humble/share/rosidl_adapter/cmake)
[4.990s] -- Found rosidl_generator_cpp: 3.1.5 (/opt/ros/humble/share/rosidl_generator_cpp/cmake)
[5.030s] -- Using all available rosidl_typesupport_c: rosidl_typesupport_fastrtps_c;rosidl_typesupport_introspection_c
[5.116s] -- Using all available rosidl_typesupport_cpp: rosidl_typesupport_fastrtps_cpp;rosidl_typesupport_introspection_cpp
[5.251s] -- Found rmw_implementation_cmake: 6.1.1 (/opt/ros/humble/share/rmw_implementation_cmake/cmake)
[5.258s] -- Found rmw_fastrtps_cpp: 6.2.6 (/opt/ros/humble/share/rmw_fastrtps_cpp/cmake)
[6.204s] -- Found OpenSSL: /usr/lib/x86_64-linux-gnu/libcrypto.so (found version "3.0.2")  
[6.320s] -- Found FastRTPS: /opt/ros/humble/include  
[6.519s] -- Using RMW implementation 'rmw_fastrtps_cpp' as default
[6.570s] -- Looking for pthread.h
[7.075s] -- Looking for pthread.h - found
[7.075s] -- Performing Test CMAKE_HAVE_LIBC_PTHREAD
[8.047s] -- Performing Test CMAKE_HAVE_LIBC_PTHREAD - Success
[8.054s] -- Found Threads: TRUE  
[8.316s] -- Found ament_lint_auto: 0.12.10 (/opt/ros/humble/share/ament_lint_auto/cmake)
[8.686s] -- Added test 'cppcheck' to perform static code analysis on C / C++ code
[8.688s] -- Configured cppcheck include dirs: /home/mars_host/ros-intro-project/ros-intro-project/src/ros2_keyboard/include
[8.689s] -- Configured cppcheck exclude dirs and/or files: 
[8.699s] -- Added test 'flake8' to check Python code syntax and style conventions
[8.710s] -- Added test 'lint_cmake' to check CMake code style
[8.711s] -- Added test 'pep257' to check Python code against some of the docstring style conventions in PEP 257
[8.723s] -- Added test 'uncrustify' to check C / C++ code style
[8.723s] -- Configured uncrustify additional arguments: 
[8.726s] -- Added test 'xmllint' to check XML markup files
[8.728s] -- Configuring done
[8.742s] -- Generating done
[8.760s] -- Build files have been written to: /home/mars_host/ros-intro-project/ros-intro-project/src/ros2_keyboard/build/ros2_keyboard
[8.785s] Invoked command in '/home/mars_host/ros-intro-project/ros-intro-project/src/ros2_keyboard/build/ros2_keyboard' returned '0': CMAKE_PREFIX_PATH=/opt/ros/humble /usr/bin/cmake /home/mars_host/ros-intro-project/ros-intro-project/src/ros2_keyboard -DCMAKE_INSTALL_PREFIX=/home/mars_host/ros-intro-project/ros-intro-project/src/ros2_keyboard/install/ros2_keyboard
[8.789s] Invoking command in '/home/mars_host/ros-intro-project/ros-intro-project/src/ros2_keyboard/build/ros2_keyboard': CMAKE_PREFIX_PATH=/opt/ros/humble /usr/bin/cmake --build /home/mars_host/ros-intro-project/ros-intro-project/src/ros2_keyboard/build/ros2_keyboard -- -j2 -l2
[9.348s] [ 50%] [32mBuilding CXX object CMakeFiles/key_pub.dir/src/key_publisher.cpp.o[0m
[19.086s] [100%] [32m[1mLinking CXX executable key_pub[0m
[21.385s] [100%] Built target key_pub
[21.429s] Invoked command in '/home/mars_host/ros-intro-project/ros-intro-project/src/ros2_keyboard/build/ros2_keyboard' returned '0': CMAKE_PREFIX_PATH=/opt/ros/humble /usr/bin/cmake --build /home/mars_host/ros-intro-project/ros-intro-project/src/ros2_keyboard/build/ros2_keyboard -- -j2 -l2
[22.079s] Invoking command in '/home/mars_host/ros-intro-project/ros-intro-project/src/ros2_keyboard/build/ros2_keyboard': CMAKE_PREFIX_PATH=/opt/ros/humble /usr/bin/cmake --install /home/mars_host/ros-intro-project/ros-intro-project/src/ros2_keyboard/build/ros2_keyboard
[22.180s] -- Install configuration: ""
[22.181s] -- Installing: /home/mars_host/ros-intro-project/ros-intro-project/src/ros2_keyboard/install/ros2_keyboard/lib/ros2_keyboard/key_pub
[22.181s] -- Set runtime path of "/home/mars_host/ros-intro-project/ros-intro-project/src/ros2_keyboard/install/ros2_keyboard/lib/ros2_keyboard/key_pub" to ""
[22.181s] -- Installing: /home/mars_host/ros-intro-project/ros-intro-project/src/ros2_keyboard/install/ros2_keyboard/share/ament_index/resource_index/package_run_dependencies/ros2_keyboard
[22.181s] -- Installing: /home/mars_host/ros-intro-project/ros-intro-project/src/ros2_keyboard/install/ros2_keyboard/share/ament_index/resource_index/parent_prefix_path/ros2_keyboard
[22.181s] -- Installing: /home/mars_host/ros-intro-project/ros-intro-project/src/ros2_keyboard/install/ros2_keyboard/share/ros2_keyboard/environment/ament_prefix_path.sh
[22.181s] -- Installing: /home/mars_host/ros-intro-project/ros-intro-project/src/ros2_keyboard/install/ros2_keyboard/share/ros2_keyboard/environment/ament_prefix_path.dsv
[22.181s] -- Installing: /home/mars_host/ros-intro-project/ros-intro-project/src/ros2_keyboard/install/ros2_keyboard/share/ros2_keyboard/environment/path.sh
[22.181s] -- Installing: /home/mars_host/ros-intro-project/ros-intro-project/src/ros2_keyboard/install/ros2_keyboard/share/ros2_keyboard/environment/path.dsv
[22.181s] -- Installing: /home/mars_host/ros-intro-project/ros-intro-project/src/ros2_keyboard/install/ros2_keyboard/share/ros2_keyboard/local_setup.bash
[22.181s] -- Installing: /home/mars_host/ros-intro-project/ros-intro-project/src/ros2_keyboard/install/ros2_keyboard/share/ros2_keyboard/local_setup.sh
[22.181s] -- Installing: /home/mars_host/ros-intro-project/ros-intro-project/src/ros2_keyboard/install/ros2_keyboard/share/ros2_keyboard/local_setup.zsh
[22.181s] -- Installing: /home/mars_host/ros-intro-project/ros-intro-project/src/ros2_keyboard/install/ros2_keyboard/share/ros2_keyboard/local_setup.dsv
[22.182s] -- Installing: /home/mars_host/ros-intro-project/ros-intro-project/src/ros2_keyboard/install/ros2_keyboard/share/ros2_keyboard/package.dsv
[22.182s] -- Installing: /home/mars_host/ros-intro-project/ros-intro-project/src/ros2_keyboard/install/ros2_keyboard/share/ament_index/resource_index/packages/ros2_keyboard
[22.182s] -- Installing: /home/mars_host/ros-intro-project/ros-intro-project/src/ros2_keyboard/install/ros2_keyboard/share/ros2_keyboard/cmake/ros2_keyboardConfig.cmake
[22.183s] -- Installing: /home/mars_host/ros-intro-project/ros-intro-project/src/ros2_keyboard/install/ros2_keyboard/share/ros2_keyboard/cmake/ros2_keyboardConfig-version.cmake
[22.187s] -- Installing: /home/mars_host/ros-intro-project/ros-intro-project/src/ros2_keyboard/install/ros2_keyboard/share/ros2_keyboard/package.xml
[22.199s] Invoked command in '/home/mars_host/ros-intro-project/ros-intro-project/src/ros2_keyboard/build/ros2_keyboard' returned '0': CMAKE_PREFIX_PATH=/opt/ros/humble /usr/bin/cmake --install /home/mars_host/ros-intro-project/ros-intro-project/src/ros2_keyboard/build/ros2_keyboard
