[0.036s] Invoking command in '/home/mars_host/ros-intro-project/build/ros2_keyboard': CMAKE_PREFIX_PATH=/opt/ros/humble /usr/bin/cmake /home/mars_host/ros-intro-project/src/ros2_keyboard -DCMAKE_INSTALL_PREFIX=/home/mars_host/ros-intro-project/install/ros2_keyboard
[0.223s] -- The C compiler identification is GNU 11.4.0
[0.678s] -- The CXX compiler identification is GNU 11.4.0
[0.700s] -- Detecting C compiler ABI info
[0.912s] -- Detecting C compiler ABI info - done
[0.920s] -- Check for working C compiler: /usr/bin/cc - skipped
[0.920s] -- Detecting C compile features
[0.920s] -- Detecting C compile features - done
[0.923s] -- Detecting CXX compiler ABI info
[1.457s] -- Detecting CXX compiler ABI info - done
[1.476s] -- Check for working CXX compiler: /usr/bin/c++ - skipped
[1.476s] -- Detecting CXX compile features
[1.477s] -- Detecting CXX compile features - done
[1.481s] -- Found ament_cmake: 1.3.10 (/opt/ros/humble/share/ament_cmake/cmake)
[1.755s] -- Found Python3: /usr/bin/python3 (found version "3.10.12") found components: Interpreter 
[1.891s] -- Found rclcpp: 16.0.10 (/opt/ros/humble/share/rclcpp/cmake)
[1.936s] -- Found rosidl_generator_c: 3.1.5 (/opt/ros/humble/share/rosidl_generator_c/cmake)
[1.959s] -- Found rosidl_adapter: 3.1.5 (/opt/ros/humble/share/rosidl_adapter/cmake)
[1.959s] -- Found rosidl_generator_cpp: 3.1.5 (/opt/ros/humble/share/rosidl_generator_cpp/cmake)
[1.960s] -- Using all available rosidl_typesupport_c: rosidl_typesupport_fastrtps_c;rosidl_typesupport_introspection_c
[1.987s] -- Using all available rosidl_typesupport_cpp: rosidl_typesupport_fastrtps_cpp;rosidl_typesupport_introspection_cpp
[2.054s] -- Found rmw_implementation_cmake: 6.1.2 (/opt/ros/humble/share/rmw_implementation_cmake/cmake)
[2.054s] -- Found rmw_fastrtps_cpp: 6.2.7 (/opt/ros/humble/share/rmw_fastrtps_cpp/cmake)
[2.190s] -- Found OpenSSL: /usr/lib/x86_64-linux-gnu/libcrypto.so (found version "3.0.2")  
[2.219s] -- Found FastRTPS: /opt/ros/humble/include  
[2.295s] -- Using RMW implementation 'rmw_fastrtps_cpp' as default
[2.305s] -- Looking for pthread.h
[2.568s] -- Looking for pthread.h - found
[2.568s] -- Performing Test CMAKE_HAVE_LIBC_PTHREAD
[2.987s] -- Performing Test CMAKE_HAVE_LIBC_PTHREAD - Success
[2.987s] -- Found Threads: TRUE  
[3.125s] -- Found ament_lint_auto: 0.12.11 (/opt/ros/humble/share/ament_lint_auto/cmake)
[3.212s] -- Added test 'cppcheck' to perform static code analysis on C / C++ code
[3.242s] -- Configured cppcheck include dirs: /home/mars_host/ros-intro-project/src/ros2_keyboard/include
[3.242s] -- Configured cppcheck exclude dirs and/or files: 
[3.242s] -- Added test 'flake8' to check Python code syntax and style conventions
[3.242s] -- Added test 'lint_cmake' to check CMake code style
[3.242s] -- Added test 'pep257' to check Python code against some of the docstring style conventions in PEP 257
[3.242s] -- Added test 'uncrustify' to check C / C++ code style
[3.242s] -- Configured uncrustify additional arguments: 
[3.242s] -- Added test 'xmllint' to check XML markup files
[3.243s] -- Configuring done
[3.283s] -- Generating done
[3.288s] -- Build files have been written to: /home/mars_host/ros-intro-project/build/ros2_keyboard
[3.306s] Invoked command in '/home/mars_host/ros-intro-project/build/ros2_keyboard' returned '0': CMAKE_PREFIX_PATH=/opt/ros/humble /usr/bin/cmake /home/mars_host/ros-intro-project/src/ros2_keyboard -DCMAKE_INSTALL_PREFIX=/home/mars_host/ros-intro-project/install/ros2_keyboard
[3.306s] Invoking command in '/home/mars_host/ros-intro-project/build/ros2_keyboard': CMAKE_PREFIX_PATH=/opt/ros/humble /usr/bin/cmake --build /home/mars_host/ros-intro-project/build/ros2_keyboard -- -j2 -l2
[3.615s] [ 50%] [32mBuilding CXX object CMakeFiles/key_pub.dir/src/key_publisher.cpp.o[0m
[9.009s] [100%] [32m[1mLinking CXX executable key_pub[0m
[9.241s] [100%] Built target key_pub
