[0.697s] DEBUG:colcon:Command line arguments: ['/usr/bin/colcon', 'build']
[0.698s] DEBUG:colcon:Parsed command line arguments: Namespace(log_base=None, log_level=None, verb_name='build', build_base='build', install_base='install', merge_install=False, symlink_install=False, test_result_base=None, continue_on_error=False, executor='parallel', parallel_workers=2, event_handlers=None, ignore_user_meta=False, metas=['./colcon.meta'], base_paths=['.'], packages_ignore=None, packages_ignore_regex=None, paths=None, packages_up_to=None, packages_up_to_regex=None, packages_above=None, packages_above_and_dependencies=None, packages_above_depth=None, packages_select_by_dep=None, packages_skip_by_dep=None, packages_skip_up_to=None, packages_select_build_failed=False, packages_skip_build_finished=False, packages_select_test_failures=False, packages_skip_test_passed=False, packages_select=None, packages_skip=None, packages_select_regex=None, packages_skip_regex=None, packages_start=None, packages_end=None, allow_overriding=[], cmake_args=None, cmake_target=None, cmake_target_skip_unavailable=False, cmake_clean_cache=False, cmake_clean_first=False, cmake_force_configure=False, ament_cmake_args=None, catkin_cmake_args=None, catkin_skip_building_tests=False, mixin_files=None, mixin=None, verb_parser=<colcon_mixin.mixin.mixin_argument.MixinArgumentDecorator object at 0x7c9cc1c55ed0>, verb_extension=<colcon_core.verb.build.BuildVerb object at 0x7c9cc1c55270>, main=<bound method BuildVerb.main of <colcon_core.verb.build.BuildVerb object at 0x7c9cc1c55270>>, mixin_verb=('build',))
[1.157s] Level 1:colcon.colcon_core.package_discovery:discover_packages(colcon_meta) check parameters
[1.158s] Level 1:colcon.colcon_core.package_discovery:discover_packages(recursive) check parameters
[1.158s] Level 1:colcon.colcon_core.package_discovery:discover_packages(ignore) check parameters
[1.158s] Level 1:colcon.colcon_core.package_discovery:discover_packages(path) check parameters
[1.158s] Level 1:colcon.colcon_core.package_discovery:discover_packages(colcon_meta) discover
[1.158s] Level 1:colcon.colcon_core.package_discovery:discover_packages(recursive) discover
[1.158s] INFO:colcon.colcon_core.package_discovery:Crawling recursively for packages in '/home/mars_host/ros-intro-project/src/ros2_webcam'
[1.158s] Level 1:colcon.colcon_core.package_identification:_identify(.) by extensions ['ignore', 'ignore_ament_install']
[1.160s] Level 1:colcon.colcon_core.package_identification:_identify(.) by extension 'ignore'
[1.160s] Level 1:colcon.colcon_core.package_identification:_identify(.) by extension 'ignore_ament_install'
[1.160s] Level 1:colcon.colcon_core.package_identification:_identify(.) by extensions ['colcon_pkg']
[1.160s] Level 1:colcon.colcon_core.package_identification:_identify(.) by extension 'colcon_pkg'
[1.160s] Level 1:colcon.colcon_core.package_identification:_identify(.) by extensions ['colcon_meta']
[1.160s] Level 1:colcon.colcon_core.package_identification:_identify(.) by extension 'colcon_meta'
[1.160s] Level 1:colcon.colcon_core.package_identification:_identify(.) by extensions ['ros']
[1.161s] Level 1:colcon.colcon_core.package_identification:_identify(.) by extension 'ros'
[1.209s] DEBUG:colcon.colcon_core.package_identification:Package '.' with type 'ros.ament_cmake' and name 'ros2_webcam'
[1.210s] Level 1:colcon.colcon_core.package_discovery:discover_packages(recursive) using defaults
[1.210s] Level 1:colcon.colcon_core.package_discovery:discover_packages(ignore) discover
[1.210s] Level 1:colcon.colcon_core.package_discovery:discover_packages(ignore) using defaults
[1.210s] Level 1:colcon.colcon_core.package_discovery:discover_packages(path) discover
[1.210s] Level 1:colcon.colcon_core.package_discovery:discover_packages(path) using defaults
[1.279s] Level 1:colcon.colcon_core.package_discovery:discover_packages(prefix_path) check parameters
[1.279s] Level 1:colcon.colcon_core.package_discovery:discover_packages(prefix_path) discover
[1.293s] DEBUG:colcon.colcon_installed_package_information.package_discovery:Found 1 installed packages in /home/mars_host/ros-intro-project/src/ros2_webcam/install
[1.297s] DEBUG:colcon.colcon_installed_package_information.package_discovery:Found 0 installed packages in /home/mars_host/mars-ros2/install
[1.303s] DEBUG:colcon.colcon_installed_package_information.package_discovery:Found 284 installed packages in /opt/ros/humble
[1.310s] Level 1:colcon.colcon_core.package_discovery:discover_packages(prefix_path) using defaults
[1.659s] Level 5:colcon.colcon_core.verb:set package 'ros2_webcam' build argument 'cmake_args' from command line to 'None'
[1.660s] Level 5:colcon.colcon_core.verb:set package 'ros2_webcam' build argument 'cmake_target' from command line to 'None'
[1.660s] Level 5:colcon.colcon_core.verb:set package 'ros2_webcam' build argument 'cmake_target_skip_unavailable' from command line to 'False'
[1.660s] Level 5:colcon.colcon_core.verb:set package 'ros2_webcam' build argument 'cmake_clean_cache' from command line to 'False'
[1.660s] Level 5:colcon.colcon_core.verb:set package 'ros2_webcam' build argument 'cmake_clean_first' from command line to 'False'
[1.660s] Level 5:colcon.colcon_core.verb:set package 'ros2_webcam' build argument 'cmake_force_configure' from command line to 'False'
[1.660s] Level 5:colcon.colcon_core.verb:set package 'ros2_webcam' build argument 'ament_cmake_args' from command line to 'None'
[1.660s] Level 5:colcon.colcon_core.verb:set package 'ros2_webcam' build argument 'catkin_cmake_args' from command line to 'None'
[1.660s] Level 5:colcon.colcon_core.verb:set package 'ros2_webcam' build argument 'catkin_skip_building_tests' from command line to 'False'
[1.660s] DEBUG:colcon.colcon_core.verb:Building package 'ros2_webcam' with the following arguments: {'ament_cmake_args': None, 'build_base': '/home/mars_host/ros-intro-project/src/ros2_webcam/build/ros2_webcam', 'catkin_cmake_args': None, 'catkin_skip_building_tests': False, 'cmake_args': None, 'cmake_clean_cache': False, 'cmake_clean_first': False, 'cmake_force_configure': False, 'cmake_target': None, 'cmake_target_skip_unavailable': False, 'install_base': '/home/mars_host/ros-intro-project/src/ros2_webcam/install/ros2_webcam', 'merge_install': False, 'path': '/home/mars_host/ros-intro-project/src/ros2_webcam', 'symlink_install': False, 'test_result_base': None}
[1.661s] INFO:colcon.colcon_core.executor:Executing jobs using 'parallel' executor
[1.665s] DEBUG:colcon.colcon_parallel_executor.executor.parallel:run_until_complete
[1.666s] INFO:colcon.colcon_ros.task.ament_cmake.build:Building ROS package in '/home/mars_host/ros-intro-project/src/ros2_webcam' with build type 'ament_cmake'
[1.667s] INFO:colcon.colcon_cmake.task.cmake.build:Building CMake package in '/home/mars_host/ros-intro-project/src/ros2_webcam'
[1.717s] INFO:colcon.colcon_core.plugin_system:Skipping extension 'colcon_core.shell.bat': Not used on non-Windows systems
[1.718s] INFO:colcon.colcon_core.shell:Skip shell extension 'powershell' for command environment: Not usable outside of PowerShell
[1.718s] DEBUG:colcon.colcon_core.shell:Skip shell extension 'dsv' for command environment
[1.802s] DEBUG:colcon.colcon_core.event_handler.log_command:Invoking command in '/home/mars_host/ros-intro-project/src/ros2_webcam/build/ros2_webcam': CMAKE_PREFIX_PATH=${CMAKE_PREFIX_PATH}:/opt/ros/humble /usr/bin/cmake --build /home/mars_host/ros-intro-project/src/ros2_webcam/build/ros2_webcam -- -j2 -l2
[3.265s] DEBUG:colcon.colcon_core.event_handler.log_command:Invoked command in '/home/mars_host/ros-intro-project/src/ros2_webcam/build/ros2_webcam' returned '0': CMAKE_PREFIX_PATH=${CMAKE_PREFIX_PATH}:/opt/ros/humble /usr/bin/cmake --build /home/mars_host/ros-intro-project/src/ros2_webcam/build/ros2_webcam -- -j2 -l2
[3.478s] DEBUG:colcon.colcon_core.event_handler.log_command:Invoking command in '/home/mars_host/ros-intro-project/src/ros2_webcam/build/ros2_webcam': CMAKE_PREFIX_PATH=${CMAKE_PREFIX_PATH}:/opt/ros/humble /usr/bin/cmake --install /home/mars_host/ros-intro-project/src/ros2_webcam/build/ros2_webcam
[3.616s] Level 1:colcon.colcon_core.environment:create_environment_scripts_only(ros2_webcam)
[3.618s] DEBUG:colcon.colcon_core.event_handler.log_command:Invoked command in '/home/mars_host/ros-intro-project/src/ros2_webcam/build/ros2_webcam' returned '0': CMAKE_PREFIX_PATH=${CMAKE_PREFIX_PATH}:/opt/ros/humble /usr/bin/cmake --install /home/mars_host/ros-intro-project/src/ros2_webcam/build/ros2_webcam
[3.639s] Level 1:colcon.colcon_core.environment:checking '/home/mars_host/ros-intro-project/src/ros2_webcam/install/ros2_webcam' for CMake module files
[3.640s] Level 1:colcon.colcon_core.environment:checking '/home/mars_host/ros-intro-project/src/ros2_webcam/install/ros2_webcam' for CMake config files
[3.641s] Level 1:colcon.colcon_core.shell:create_environment_hook('ros2_webcam', 'cmake_prefix_path')
[3.643s] INFO:colcon.colcon_core.shell:Creating environment hook '/home/mars_host/ros-intro-project/src/ros2_webcam/install/ros2_webcam/share/ros2_webcam/hook/cmake_prefix_path.ps1'
[3.646s] INFO:colcon.colcon_core.shell:Creating environment descriptor '/home/mars_host/ros-intro-project/src/ros2_webcam/install/ros2_webcam/share/ros2_webcam/hook/cmake_prefix_path.dsv'
[3.649s] INFO:colcon.colcon_core.shell:Creating environment hook '/home/mars_host/ros-intro-project/src/ros2_webcam/install/ros2_webcam/share/ros2_webcam/hook/cmake_prefix_path.sh'
[3.653s] Level 1:colcon.colcon_core.environment:checking '/home/mars_host/ros-intro-project/src/ros2_webcam/install/ros2_webcam/lib'
[3.653s] Level 1:colcon.colcon_core.environment:checking '/home/mars_host/ros-intro-project/src/ros2_webcam/install/ros2_webcam/bin'
[3.654s] Level 1:colcon.colcon_core.environment:checking '/home/mars_host/ros-intro-project/src/ros2_webcam/install/ros2_webcam/lib/pkgconfig/ros2_webcam.pc'
[3.654s] Level 1:colcon.colcon_core.environment:checking '/home/mars_host/ros-intro-project/src/ros2_webcam/install/ros2_webcam/lib/python3.10/site-packages'
[3.655s] Level 1:colcon.colcon_core.environment:checking '/home/mars_host/ros-intro-project/src/ros2_webcam/install/ros2_webcam/bin'
[3.656s] INFO:colcon.colcon_core.shell:Creating package script '/home/mars_host/ros-intro-project/src/ros2_webcam/install/ros2_webcam/share/ros2_webcam/package.ps1'
[3.666s] INFO:colcon.colcon_core.shell:Creating package descriptor '/home/mars_host/ros-intro-project/src/ros2_webcam/install/ros2_webcam/share/ros2_webcam/package.dsv'
[3.688s] INFO:colcon.colcon_core.shell:Creating package script '/home/mars_host/ros-intro-project/src/ros2_webcam/install/ros2_webcam/share/ros2_webcam/package.sh'
[3.695s] INFO:colcon.colcon_core.shell:Creating package script '/home/mars_host/ros-intro-project/src/ros2_webcam/install/ros2_webcam/share/ros2_webcam/package.bash'
[3.726s] INFO:colcon.colcon_core.shell:Creating package script '/home/mars_host/ros-intro-project/src/ros2_webcam/install/ros2_webcam/share/ros2_webcam/package.zsh'
[3.738s] Level 1:colcon.colcon_core.environment:create_file_with_runtime_dependencies(/home/mars_host/ros-intro-project/src/ros2_webcam/install/ros2_webcam/share/colcon-core/packages/ros2_webcam)
[4.084s] Level 1:colcon.colcon_core.environment:create_environment_scripts_only(ros2_webcam)
[4.087s] Level 1:colcon.colcon_core.environment:checking '/home/mars_host/ros-intro-project/src/ros2_webcam/install/ros2_webcam' for CMake module files
[4.089s] Level 1:colcon.colcon_core.environment:checking '/home/mars_host/ros-intro-project/src/ros2_webcam/install/ros2_webcam' for CMake config files
[4.089s] Level 1:colcon.colcon_core.shell:create_environment_hook('ros2_webcam', 'cmake_prefix_path')
[4.089s] INFO:colcon.colcon_core.shell:Creating environment hook '/home/mars_host/ros-intro-project/src/ros2_webcam/install/ros2_webcam/share/ros2_webcam/hook/cmake_prefix_path.ps1'
[4.100s] INFO:colcon.colcon_core.shell:Creating environment descriptor '/home/mars_host/ros-intro-project/src/ros2_webcam/install/ros2_webcam/share/ros2_webcam/hook/cmake_prefix_path.dsv'
[4.102s] INFO:colcon.colcon_core.shell:Creating environment hook '/home/mars_host/ros-intro-project/src/ros2_webcam/install/ros2_webcam/share/ros2_webcam/hook/cmake_prefix_path.sh'
[4.105s] Level 1:colcon.colcon_core.environment:checking '/home/mars_host/ros-intro-project/src/ros2_webcam/install/ros2_webcam/lib'
[4.106s] Level 1:colcon.colcon_core.environment:checking '/home/mars_host/ros-intro-project/src/ros2_webcam/install/ros2_webcam/bin'
[4.106s] Level 1:colcon.colcon_core.environment:checking '/home/mars_host/ros-intro-project/src/ros2_webcam/install/ros2_webcam/lib/pkgconfig/ros2_webcam.pc'
[4.106s] Level 1:colcon.colcon_core.environment:checking '/home/mars_host/ros-intro-project/src/ros2_webcam/install/ros2_webcam/lib/python3.10/site-packages'
[4.106s] Level 1:colcon.colcon_core.environment:checking '/home/mars_host/ros-intro-project/src/ros2_webcam/install/ros2_webcam/bin'
[4.107s] INFO:colcon.colcon_core.shell:Creating package script '/home/mars_host/ros-intro-project/src/ros2_webcam/install/ros2_webcam/share/ros2_webcam/package.ps1'
[4.116s] INFO:colcon.colcon_core.shell:Creating package descriptor '/home/mars_host/ros-intro-project/src/ros2_webcam/install/ros2_webcam/share/ros2_webcam/package.dsv'
[4.118s] INFO:colcon.colcon_core.shell:Creating package script '/home/mars_host/ros-intro-project/src/ros2_webcam/install/ros2_webcam/share/ros2_webcam/package.sh'
[4.123s] INFO:colcon.colcon_core.shell:Creating package script '/home/mars_host/ros-intro-project/src/ros2_webcam/install/ros2_webcam/share/ros2_webcam/package.bash'
[4.126s] INFO:colcon.colcon_core.shell:Creating package script '/home/mars_host/ros-intro-project/src/ros2_webcam/install/ros2_webcam/share/ros2_webcam/package.zsh'
[4.150s] Level 1:colcon.colcon_core.environment:create_file_with_runtime_dependencies(/home/mars_host/ros-intro-project/src/ros2_webcam/install/ros2_webcam/share/colcon-core/packages/ros2_webcam)
[4.159s] DEBUG:colcon.colcon_parallel_executor.executor.parallel:closing loop
[4.159s] DEBUG:colcon.colcon_parallel_executor.executor.parallel:loop closed
[4.160s] DEBUG:colcon.colcon_parallel_executor.executor.parallel:run_until_complete finished with '0'
[4.161s] DEBUG:colcon.colcon_core.event_reactor:joining thread
[4.233s] INFO:colcon.colcon_core.plugin_system:Skipping extension 'colcon_notification.desktop_notification.terminal_notifier': Not used on non-Darwin systems
[4.233s] INFO:colcon.colcon_core.plugin_system:Skipping extension 'colcon_notification.desktop_notification.win32': Not used on non-Windows systems
[4.233s] INFO:colcon.colcon_notification.desktop_notification:Sending desktop notification using 'notify2'
[4.388s] DEBUG:colcon.colcon_core.event_reactor:joined thread
[4.389s] INFO:colcon.colcon_core.shell:Creating prefix script '/home/mars_host/ros-intro-project/src/ros2_webcam/install/local_setup.ps1'
[4.395s] INFO:colcon.colcon_core.shell:Creating prefix util module '/home/mars_host/ros-intro-project/src/ros2_webcam/install/_local_setup_util_ps1.py'
[4.402s] INFO:colcon.colcon_core.shell:Creating prefix chain script '/home/mars_host/ros-intro-project/src/ros2_webcam/install/setup.ps1'
[4.410s] INFO:colcon.colcon_core.shell:Creating prefix script '/home/mars_host/ros-intro-project/src/ros2_webcam/install/local_setup.sh'
[4.413s] INFO:colcon.colcon_core.shell:Creating prefix util module '/home/mars_host/ros-intro-project/src/ros2_webcam/install/_local_setup_util_sh.py'
[4.421s] INFO:colcon.colcon_core.shell:Creating prefix chain script '/home/mars_host/ros-intro-project/src/ros2_webcam/install/setup.sh'
[4.426s] INFO:colcon.colcon_core.shell:Creating prefix script '/home/mars_host/ros-intro-project/src/ros2_webcam/install/local_setup.bash'
[4.429s] INFO:colcon.colcon_core.shell:Creating prefix chain script '/home/mars_host/ros-intro-project/src/ros2_webcam/install/setup.bash'
[4.435s] INFO:colcon.colcon_core.shell:Creating prefix script '/home/mars_host/ros-intro-project/src/ros2_webcam/install/local_setup.zsh'
[4.439s] INFO:colcon.colcon_core.shell:Creating prefix chain script '/home/mars_host/ros-intro-project/src/ros2_webcam/install/setup.zsh'
