[0.076s] Invoking command in '/home/mars_host/ros-intro-project/build/ros2_webcam': CMAKE_PREFIX_PATH=/opt/ros/humble /usr/bin/cmake --build /home/mars_host/ros-intro-project/build/ros2_webcam -- -j2 -l2
[0.227s] [35m[1mConsolidate compiler generated dependencies of target webcam_pub[0m
[0.285s] [ 50%] [32mBuilding CXX object CMakeFiles/webcam_pub.dir/src/webcam_image_publisher.cpp.o[0m
[0.338s] [ 50%] Built target ament_cmake_python_copy_ros2_webcam
[0.648s] running egg_info
[0.649s] writing ros2_webcam.egg-info/PKG-INFO
[0.650s] writing dependency_links to ros2_webcam.egg-info/dependency_links.txt
[0.651s] writing top-level names to ros2_webcam.egg-info/top_level.txt
[0.653s] reading manifest file 'ros2_webcam.egg-info/SOURCES.txt'
[0.654s] writing manifest file 'ros2_webcam.egg-info/SOURCES.txt'
[0.690s] [ 50%] Built target ament_cmake_python_build_ros2_webcam_egg
[5.467s] [100%] [32m[1mLinking CXX executable webcam_pub[0m
[6.751s] [100%] Built target webcam_pub
[6.787s] Invoked command in '/home/mars_host/ros-intro-project/build/ros2_webcam' returned '0': CMAKE_PREFIX_PATH=/opt/ros/humble /usr/bin/cmake --build /home/mars_host/ros-intro-project/build/ros2_webcam -- -j2 -l2
[6.856s] Invoking command in '/home/mars_host/ros-intro-project/build/ros2_webcam': CMAKE_PREFIX_PATH=/opt/ros/humble /usr/bin/cmake --install /home/mars_host/ros-intro-project/build/ros2_webcam
[6.865s] -- Install configuration: ""
[6.867s] -- Installing: /home/mars_host/ros-intro-project/install/ros2_webcam/lib/ros2_webcam/webcam_pub
[6.869s] -- Set runtime path of "/home/mars_host/ros-intro-project/install/ros2_webcam/lib/ros2_webcam/webcam_pub" to ""
[6.869s] -- Installing: /home/mars_host/ros-intro-project/install/ros2_webcam/share/ros2_webcam/environment/pythonpath.sh
[6.870s] -- Installing: /home/mars_host/ros-intro-project/install/ros2_webcam/share/ros2_webcam/environment/pythonpath.dsv
[6.870s] -- Installing: /home/mars_host/ros-intro-project/install/ros2_webcam/local/lib/python3.10/dist-packages/ros2_webcam-0.0.0-py3.10.egg-info
[6.882s] -- Installing: /home/mars_host/ros-intro-project/install/ros2_webcam/local/lib/python3.10/dist-packages/ros2_webcam-0.0.0-py3.10.egg-info/top_level.txt
[6.882s] -- Installing: /home/mars_host/ros-intro-project/install/ros2_webcam/local/lib/python3.10/dist-packages/ros2_webcam-0.0.0-py3.10.egg-info/dependency_links.txt
[6.882s] -- Installing: /home/mars_host/ros-intro-project/install/ros2_webcam/local/lib/python3.10/dist-packages/ros2_webcam-0.0.0-py3.10.egg-info/SOURCES.txt
[6.882s] -- Installing: /home/mars_host/ros-intro-project/install/ros2_webcam/local/lib/python3.10/dist-packages/ros2_webcam-0.0.0-py3.10.egg-info/PKG-INFO
[6.882s] -- Installing: /home/mars_host/ros-intro-project/install/ros2_webcam/local/lib/python3.10/dist-packages/ros2_webcam
[6.882s] -- Installing: /home/mars_host/ros-intro-project/install/ros2_webcam/local/lib/python3.10/dist-packages/ros2_webcam/__init__.py
[6.917s] Listing '/home/mars_host/ros-intro-project/install/ros2_webcam/local/lib/python3.10/dist-packages/ros2_webcam'...
[6.917s] Compiling '/home/mars_host/ros-intro-project/install/ros2_webcam/local/lib/python3.10/dist-packages/ros2_webcam/__init__.py'...
[6.923s] -- Installing: /home/mars_host/ros-intro-project/install/ros2_webcam/lib/ros2_webcam/display.py
[6.923s] -- Installing: /home/mars_host/ros-intro-project/install/ros2_webcam/share/ament_index/resource_index/package_run_dependencies/ros2_webcam
[6.923s] -- Installing: /home/mars_host/ros-intro-project/install/ros2_webcam/share/ament_index/resource_index/parent_prefix_path/ros2_webcam
[6.923s] -- Installing: /home/mars_host/ros-intro-project/install/ros2_webcam/share/ros2_webcam/environment/ament_prefix_path.sh
[6.923s] -- Installing: /home/mars_host/ros-intro-project/install/ros2_webcam/share/ros2_webcam/environment/ament_prefix_path.dsv
[6.924s] -- Installing: /home/mars_host/ros-intro-project/install/ros2_webcam/share/ros2_webcam/environment/path.sh
[6.924s] -- Installing: /home/mars_host/ros-intro-project/install/ros2_webcam/share/ros2_webcam/environment/path.dsv
[6.924s] -- Installing: /home/mars_host/ros-intro-project/install/ros2_webcam/share/ros2_webcam/local_setup.bash
[6.924s] -- Installing: /home/mars_host/ros-intro-project/install/ros2_webcam/share/ros2_webcam/local_setup.sh
[6.924s] -- Installing: /home/mars_host/ros-intro-project/install/ros2_webcam/share/ros2_webcam/local_setup.zsh
[6.924s] -- Installing: /home/mars_host/ros-intro-project/install/ros2_webcam/share/ros2_webcam/local_setup.dsv
[6.924s] -- Installing: /home/mars_host/ros-intro-project/install/ros2_webcam/share/ros2_webcam/package.dsv
[6.924s] -- Installing: /home/mars_host/ros-intro-project/install/ros2_webcam/share/ament_index/resource_index/packages/ros2_webcam
[6.925s] -- Installing: /home/mars_host/ros-intro-project/install/ros2_webcam/share/ros2_webcam/cmake/ros2_webcamConfig.cmake
[6.925s] -- Installing: /home/mars_host/ros-intro-project/install/ros2_webcam/share/ros2_webcam/cmake/ros2_webcamConfig-version.cmake
[6.926s] -- Installing: /home/mars_host/ros-intro-project/install/ros2_webcam/share/ros2_webcam/package.xml
[6.934s] Invoked command in '/home/mars_host/ros-intro-project/build/ros2_webcam' returned '0': CMAKE_PREFIX_PATH=/opt/ros/humble /usr/bin/cmake --install /home/mars_host/ros-intro-project/build/ros2_webcam
