[0.017s] Invoking command in '/home/mars_host/ros-intro-project/src/simulation-intro/build/simulation-intro': CMAKE_PREFIX_PATH=${CMAKE_PREFIX_PATH}:/home/mars_host/ros-intro-project/install/gazebo-bot:/opt/ros/humble /usr/bin/cmake /home/mars_host/ros-intro-project/src/simulation-intro -DAMENT_CMAKE_SYMLINK_INSTALL=1 -DCMAKE_INSTALL_PREFIX=/home/mars_host/ros-intro-project/src/simulation-intro/install/simulation-intro
[0.033s] -- Found ament_cmake: 1.3.8 (/opt/ros/humble/share/ament_cmake/cmake)
[0.193s] -- Override CMake install command with custom implementation using symlinks instead of copying resources
[0.201s] -- Found ament_lint_auto: 0.12.10 (/opt/ros/humble/share/ament_lint_auto/cmake)
[0.292s] -- Added test 'cppcheck' to perform static code analysis on C / C++ code
[0.292s] -- Configured cppcheck include dirs: $<BUILD_INTERFACE:/home/mars_host/ros-intro-project/src/simulation-intro/include>
[0.293s] -- Configured cppcheck exclude dirs and/or files: 
[0.294s] -- Added test 'flake8' to check Python code syntax and style conventions
[0.298s] -- Added test 'lint_cmake' to check CMake code style
[0.300s] -- Added test 'pep257' to check Python code against some of the docstring style conventions in PEP 257
[0.308s] -- Added test 'uncrustify' to check C / C++ code style
[0.308s] -- Configured uncrustify additional arguments: 
[0.310s] -- Added test 'xmllint' to check XML markup files
[0.311s] -- Configuring done
[0.321s] -- Generating done
[0.326s] -- Build files have been written to: /home/mars_host/ros-intro-project/src/simulation-intro/build/simulation-intro
[0.332s] Invoked command in '/home/mars_host/ros-intro-project/src/simulation-intro/build/simulation-intro' returned '0': CMAKE_PREFIX_PATH=${CMAKE_PREFIX_PATH}:/home/mars_host/ros-intro-project/install/gazebo-bot:/opt/ros/humble /usr/bin/cmake /home/mars_host/ros-intro-project/src/simulation-intro -DAMENT_CMAKE_SYMLINK_INSTALL=1 -DCMAKE_INSTALL_PREFIX=/home/mars_host/ros-intro-project/src/simulation-intro/install/simulation-intro
[0.333s] Invoking command in '/home/mars_host/ros-intro-project/src/simulation-intro/build/simulation-intro': CMAKE_PREFIX_PATH=${CMAKE_PREFIX_PATH}:/home/mars_host/ros-intro-project/install/gazebo-bot:/opt/ros/humble /usr/bin/cmake --build /home/mars_host/ros-intro-project/src/simulation-intro/build/simulation-intro -- -j2 -l2
[0.409s] [35m[1mConsolidate compiler generated dependencies of target my_node[0m
[0.430s] [100%] Built target my_node
[0.458s] Invoked command in '/home/mars_host/ros-intro-project/src/simulation-intro/build/simulation-intro' returned '0': CMAKE_PREFIX_PATH=${CMAKE_PREFIX_PATH}:/home/mars_host/ros-intro-project/install/gazebo-bot:/opt/ros/humble /usr/bin/cmake --build /home/mars_host/ros-intro-project/src/simulation-intro/build/simulation-intro -- -j2 -l2
[0.544s] Invoking command in '/home/mars_host/ros-intro-project/src/simulation-intro/build/simulation-intro': CMAKE_PREFIX_PATH=${CMAKE_PREFIX_PATH}:/home/mars_host/ros-intro-project/install/gazebo-bot:/opt/ros/humble /usr/bin/cmake --install /home/mars_host/ros-intro-project/src/simulation-intro/build/simulation-intro
[0.562s] -- Install configuration: ""
[0.562s] -- Execute custom install script
[0.562s] -- Symlinking: /home/mars_host/ros-intro-project/src/simulation-intro/install/simulation-intro/lib/simulation-intro/my_node
[0.574s] -- Symlinking: /home/mars_host/ros-intro-project/src/simulation-intro/install/simulation-intro/share/simulation-intro//launch/display.launch.py
[0.585s] -- Symlinking: /home/mars_host/ros-intro-project/src/simulation-intro/install/simulation-intro/share/simulation-intro//launch/gazebo.launch.py
[0.597s] -- Symlinking: /home/mars_host/ros-intro-project/src/simulation-intro/install/simulation-intro/share/simulation-intro//urdf/lunabot.urdf
[0.609s] -- Symlinking: /home/mars_host/ros-intro-project/src/simulation-intro/install/simulation-intro/share/simulation-intro//rviz/config.rviz
[0.620s] -- Symlinking: /home/mars_host/ros-intro-project/src/simulation-intro/install/simulation-intro/share/ament_index/resource_index/package_run_dependencies/simulation-intro
[0.632s] -- Symlinking: /home/mars_host/ros-intro-project/src/simulation-intro/install/simulation-intro/share/ament_index/resource_index/parent_prefix_path/simulation-intro
[0.659s] -- Symlinking: /home/mars_host/ros-intro-project/src/simulation-intro/install/simulation-intro/share/simulation-intro/environment/ament_prefix_path.sh
[0.672s] -- Symlinking: /home/mars_host/ros-intro-project/src/simulation-intro/install/simulation-intro/share/simulation-intro/environment/ament_prefix_path.dsv
[0.688s] -- Symlinking: /home/mars_host/ros-intro-project/src/simulation-intro/install/simulation-intro/share/simulation-intro/environment/path.sh
[0.700s] -- Symlinking: /home/mars_host/ros-intro-project/src/simulation-intro/install/simulation-intro/share/simulation-intro/environment/path.dsv
[0.728s] -- Symlinking: /home/mars_host/ros-intro-project/src/simulation-intro/install/simulation-intro/share/simulation-intro/local_setup.bash
[0.743s] -- Symlinking: /home/mars_host/ros-intro-project/src/simulation-intro/install/simulation-intro/share/simulation-intro/local_setup.sh
[0.755s] -- Symlinking: /home/mars_host/ros-intro-project/src/simulation-intro/install/simulation-intro/share/simulation-intro/local_setup.zsh
[0.769s] -- Symlinking: /home/mars_host/ros-intro-project/src/simulation-intro/install/simulation-intro/share/simulation-intro/local_setup.dsv
[0.779s] -- Symlinking: /home/mars_host/ros-intro-project/src/simulation-intro/install/simulation-intro/share/simulation-intro/package.dsv
[0.793s] -- Symlinking: /home/mars_host/ros-intro-project/src/simulation-intro/install/simulation-intro/share/ament_index/resource_index/packages/simulation-intro
[0.804s] -- Symlinking: /home/mars_host/ros-intro-project/src/simulation-intro/install/simulation-intro/share/simulation-intro/cmake/simulation-introConfig.cmake
[0.817s] -- Symlinking: /home/mars_host/ros-intro-project/src/simulation-intro/install/simulation-intro/share/simulation-intro/cmake/simulation-introConfig-version.cmake
[0.830s] -- Symlinking: /home/mars_host/ros-intro-project/src/simulation-intro/install/simulation-intro/share/simulation-intro/package.xml
[0.850s] Invoked command in '/home/mars_host/ros-intro-project/src/simulation-intro/build/simulation-intro' returned '0': CMAKE_PREFIX_PATH=${CMAKE_PREFIX_PATH}:/home/mars_host/ros-intro-project/install/gazebo-bot:/opt/ros/humble /usr/bin/cmake --install /home/mars_host/ros-intro-project/src/simulation-intro/build/simulation-intro
