[0.019s] Invoking command in '/home/mars_host/ros-intro-project/src/ros2_keyboard/build/ros2_keyboard': CMAKE_PREFIX_PATH=/opt/ros/humble /usr/bin/cmake /home/mars_host/ros-intro-project/src/ros2_keyboard -DCMAKE_INSTALL_PREFIX=/home/mars_host/ros-intro-project/src/ros2_keyboard/install/ros2_keyboard
[0.140s] -- The C compiler identification is GNU 11.4.0
[0.258s] -- The CXX compiler identification is GNU 11.4.0
[0.272s] -- Detecting C compiler ABI info
[0.398s] -- Detecting C compiler ABI info - done
[0.411s] -- Check for working C compiler: /usr/bin/cc - skipped
[0.411s] -- Detecting C compile features
[0.412s] -- Detecting C compile features - done
[0.417s] -- Detecting CXX compiler ABI info
[0.565s] -- Detecting CXX compiler ABI info - done
[0.577s] -- Check for working CXX compiler: /usr/bin/c++ - skipped
[0.577s] -- Detecting CXX compile features
[0.580s] -- Detecting CXX compile features - done
[0.582s] -- Found ament_cmake: 1.3.8 (/opt/ros/humble/share/ament_cmake/cmake)
[0.848s] -- Found Python3: /usr/bin/python3 (found version "3.10.12") found components: Interpreter 
[0.981s] -- Found rclcpp: 16.0.8 (/opt/ros/humble/share/rclcpp/cmake)
[1.046s] -- Found rosidl_generator_c: 3.1.5 (/opt/ros/humble/share/rosidl_generator_c/cmake)
[1.054s] -- Found rosidl_adapter: 3.1.5 (/opt/ros/humble/share/rosidl_adapter/cmake)
[1.066s] -- Found rosidl_generator_cpp: 3.1.5 (/opt/ros/humble/share/rosidl_generator_cpp/cmake)
[1.086s] -- Using all available rosidl_typesupport_c: rosidl_typesupport_fastrtps_c;rosidl_typesupport_introspection_c
[1.118s] -- Using all available rosidl_typesupport_cpp: rosidl_typesupport_fastrtps_cpp;rosidl_typesupport_introspection_cpp
[1.227s] -- Found rmw_implementation_cmake: 6.1.1 (/opt/ros/humble/share/rmw_implementation_cmake/cmake)
[1.233s] -- Found rmw_fastrtps_cpp: 6.2.6 (/opt/ros/humble/share/rmw_fastrtps_cpp/cmake)
[1.386s] -- Found OpenSSL: /usr/lib/x86_64-linux-gnu/libcrypto.so (found version "3.0.2")  
[1.436s] -- Found FastRTPS: /opt/ros/humble/include  
[1.507s] -- Using RMW implementation 'rmw_fastrtps_cpp' as default
[1.521s] -- Looking for pthread.h
[1.642s] -- Looking for pthread.h - found
[1.644s] -- Performing Test CMAKE_HAVE_LIBC_PTHREAD
[1.803s] -- Performing Test CMAKE_HAVE_LIBC_PTHREAD - Success
[1.806s] -- Found Threads: TRUE  
[2.077s] -- Found ament_lint_auto: 0.12.10 (/opt/ros/humble/share/ament_lint_auto/cmake)
[2.206s] -- Added test 'cppcheck' to perform static code analysis on C / C++ code
[2.207s] -- Configured cppcheck include dirs: /home/mars_host/ros-intro-project/src/ros2_keyboard/include
[2.207s] -- Configured cppcheck exclude dirs and/or files: 
[2.208s] -- Added test 'flake8' to check Python code syntax and style conventions
[2.210s] -- Added test 'lint_cmake' to check CMake code style
[2.211s] -- Added test 'pep257' to check Python code against some of the docstring style conventions in PEP 257
[2.217s] -- Added test 'uncrustify' to check C / C++ code style
[2.217s] -- Configured uncrustify additional arguments: 
[2.218s] -- Added test 'xmllint' to check XML markup files
[2.220s] -- Configuring done
[2.233s] -- Generating done
[2.238s] -- Build files have been written to: /home/mars_host/ros-intro-project/src/ros2_keyboard/build/ros2_keyboard
[2.252s] Invoked command in '/home/mars_host/ros-intro-project/src/ros2_keyboard/build/ros2_keyboard' returned '0': CMAKE_PREFIX_PATH=/opt/ros/humble /usr/bin/cmake /home/mars_host/ros-intro-project/src/ros2_keyboard -DCMAKE_INSTALL_PREFIX=/home/mars_host/ros-intro-project/src/ros2_keyboard/install/ros2_keyboard
[2.252s] Invoking command in '/home/mars_host/ros-intro-project/src/ros2_keyboard/build/ros2_keyboard': CMAKE_PREFIX_PATH=/opt/ros/humble /usr/bin/cmake --build /home/mars_host/ros-intro-project/src/ros2_keyboard/build/ros2_keyboard -- -j2 -l2
[2.345s] [ 50%] [32mBuilding CXX object CMakeFiles/key_pub.dir/src/key_publisher.cpp.o[0m
[8.726s] [100%] [32m[1mLinking CXX executable key_pub[0m
[8.997s] [100%] Built target key_pub
[9.017s] Invoked command in '/home/mars_host/ros-intro-project/src/ros2_keyboard/build/ros2_keyboard' returned '0': CMAKE_PREFIX_PATH=/opt/ros/humble /usr/bin/cmake --build /home/mars_host/ros-intro-project/src/ros2_keyboard/build/ros2_keyboard -- -j2 -l2
[9.076s] Invoking command in '/home/mars_host/ros-intro-project/src/ros2_keyboard/build/ros2_keyboard': CMAKE_PREFIX_PATH=/opt/ros/humble /usr/bin/cmake --install /home/mars_host/ros-intro-project/src/ros2_keyboard/build/ros2_keyboard
[9.089s] -- Install configuration: ""
[9.089s] -- Installing: /home/mars_host/ros-intro-project/src/ros2_keyboard/install/ros2_keyboard/lib/ros2_keyboard/key_pub
[9.090s] -- Set runtime path of "/home/mars_host/ros-intro-project/src/ros2_keyboard/install/ros2_keyboard/lib/ros2_keyboard/key_pub" to ""
[9.091s] -- Installing: /home/mars_host/ros-intro-project/src/ros2_keyboard/install/ros2_keyboard/share/ament_index/resource_index/package_run_dependencies/ros2_keyboard
[9.091s] -- Installing: /home/mars_host/ros-intro-project/src/ros2_keyboard/install/ros2_keyboard/share/ament_index/resource_index/parent_prefix_path/ros2_keyboard
[9.091s] -- Installing: /home/mars_host/ros-intro-project/src/ros2_keyboard/install/ros2_keyboard/share/ros2_keyboard/environment/ament_prefix_path.sh
[9.092s] -- Installing: /home/mars_host/ros-intro-project/src/ros2_keyboard/install/ros2_keyboard/share/ros2_keyboard/environment/ament_prefix_path.dsv
[9.093s] -- Installing: /home/mars_host/ros-intro-project/src/ros2_keyboard/install/ros2_keyboard/share/ros2_keyboard/environment/path.sh
[9.093s] -- Installing: /home/mars_host/ros-intro-project/src/ros2_keyboard/install/ros2_keyboard/share/ros2_keyboard/environment/path.dsv
[9.093s] -- Installing: /home/mars_host/ros-intro-project/src/ros2_keyboard/install/ros2_keyboard/share/ros2_keyboard/local_setup.bash
[9.093s] -- Installing: /home/mars_host/ros-intro-project/src/ros2_keyboard/install/ros2_keyboard/share/ros2_keyboard/local_setup.sh
[9.093s] -- Installing: /home/mars_host/ros-intro-project/src/ros2_keyboard/install/ros2_keyboard/share/ros2_keyboard/local_setup.zsh
[9.093s] -- Installing: /home/mars_host/ros-intro-project/src/ros2_keyboard/install/ros2_keyboard/share/ros2_keyboard/local_setup.dsv
[9.094s] -- Installing: /home/mars_host/ros-intro-project/src/ros2_keyboard/install/ros2_keyboard/share/ros2_keyboard/package.dsv
[9.094s] -- Installing: /home/mars_host/ros-intro-project/src/ros2_keyboard/install/ros2_keyboard/share/ament_index/resource_index/packages/ros2_keyboard
[9.094s] -- Installing: /home/mars_host/ros-intro-project/src/ros2_keyboard/install/ros2_keyboard/share/ros2_keyboard/cmake/ros2_keyboardConfig.cmake
[9.094s] -- Installing: /home/mars_host/ros-intro-project/src/ros2_keyboard/install/ros2_keyboard/share/ros2_keyboard/cmake/ros2_keyboardConfig-version.cmake
[9.094s] -- Installing: /home/mars_host/ros-intro-project/src/ros2_keyboard/install/ros2_keyboard/share/ros2_keyboard/package.xml
[9.096s] Invoked command in '/home/mars_host/ros-intro-project/src/ros2_keyboard/build/ros2_keyboard' returned '0': CMAKE_PREFIX_PATH=/opt/ros/humble /usr/bin/cmake --install /home/mars_host/ros-intro-project/src/ros2_keyboard/build/ros2_keyboard
