[0.096s] Invoking command in '/home/mars_host/ros-intro-project/src/ros2_webcam/build/ros2_webcam': CMAKE_PREFIX_PATH=${CMAKE_PREFIX_PATH}:/opt/ros/humble /usr/bin/cmake --build /home/mars_host/ros-intro-project/src/ros2_webcam/build/ros2_webcam -- -j2 -l2
[0.266s] [100%] Built target webcam_pub
[0.409s] [100%] Built target ament_cmake_python_copy_ros2_webcam
[1.471s] running egg_info
[1.478s] writing ros2_webcam.egg-info/PKG-INFO
[1.478s] writing dependency_links to ros2_webcam.egg-info/dependency_links.txt
[1.479s] writing top-level names to ros2_webcam.egg-info/top_level.txt
[1.489s] reading manifest file 'ros2_webcam.egg-info/SOURCES.txt'
[1.489s] writing manifest file 'ros2_webcam.egg-info/SOURCES.txt'
[1.590s] [100%] Built target ament_cmake_python_build_ros2_webcam_egg
[1.647s] Invoked command in '/home/mars_host/ros-intro-project/src/ros2_webcam/build/ros2_webcam' returned '0': CMAKE_PREFIX_PATH=${CMAKE_PREFIX_PATH}:/opt/ros/humble /usr/bin/cmake --build /home/mars_host/ros-intro-project/src/ros2_webcam/build/ros2_webcam -- -j2 -l2
[1.865s] Invoking command in '/home/mars_host/ros-intro-project/src/ros2_webcam/build/ros2_webcam': CMAKE_PREFIX_PATH=${CMAKE_PREFIX_PATH}:/opt/ros/humble /usr/bin/cmake --install /home/mars_host/ros-intro-project/src/ros2_webcam/build/ros2_webcam
[1.905s] -- Install configuration: ""
[1.908s] -- Up-to-date: /home/mars_host/ros-intro-project/src/ros2_webcam/install/ros2_webcam/lib/ros2_webcam/webcam_pub
[1.909s] -- Up-to-date: /home/mars_host/ros-intro-project/src/ros2_webcam/install/ros2_webcam/share/ros2_webcam/environment/pythonpath.sh
[1.910s] -- Up-to-date: /home/mars_host/ros-intro-project/src/ros2_webcam/install/ros2_webcam/share/ros2_webcam/environment/pythonpath.dsv
[1.912s] -- Up-to-date: /home/mars_host/ros-intro-project/src/ros2_webcam/install/ros2_webcam/local/lib/python3.10/dist-packages/ros2_webcam-0.0.0-py3.10.egg-info
[1.913s] -- Installing: /home/mars_host/ros-intro-project/src/ros2_webcam/install/ros2_webcam/local/lib/python3.10/dist-packages/ros2_webcam-0.0.0-py3.10.egg-info/top_level.txt
[1.913s] -- Installing: /home/mars_host/ros-intro-project/src/ros2_webcam/install/ros2_webcam/local/lib/python3.10/dist-packages/ros2_webcam-0.0.0-py3.10.egg-info/dependency_links.txt
[1.914s] -- Installing: /home/mars_host/ros-intro-project/src/ros2_webcam/install/ros2_webcam/local/lib/python3.10/dist-packages/ros2_webcam-0.0.0-py3.10.egg-info/SOURCES.txt
[1.916s] -- Installing: /home/mars_host/ros-intro-project/src/ros2_webcam/install/ros2_webcam/local/lib/python3.10/dist-packages/ros2_webcam-0.0.0-py3.10.egg-info/PKG-INFO
[1.918s] -- Up-to-date: /home/mars_host/ros-intro-project/src/ros2_webcam/install/ros2_webcam/local/lib/python3.10/dist-packages/ros2_webcam
[1.918s] -- Up-to-date: /home/mars_host/ros-intro-project/src/ros2_webcam/install/ros2_webcam/local/lib/python3.10/dist-packages/ros2_webcam/__init__.py
[2.089s] Listing '/home/mars_host/ros-intro-project/src/ros2_webcam/install/ros2_webcam/local/lib/python3.10/dist-packages/ros2_webcam'...
[2.103s] -- Up-to-date: /home/mars_host/ros-intro-project/src/ros2_webcam/install/ros2_webcam/lib/ros2_webcam/display.py
[2.103s] -- Installing: /home/mars_host/ros-intro-project/src/ros2_webcam/install/ros2_webcam/lib/ros2_webcam/image_transform.py
[2.103s] -- Up-to-date: /home/mars_host/ros-intro-project/src/ros2_webcam/install/ros2_webcam/share/ament_index/resource_index/package_run_dependencies/ros2_webcam
[2.103s] -- Up-to-date: /home/mars_host/ros-intro-project/src/ros2_webcam/install/ros2_webcam/share/ament_index/resource_index/parent_prefix_path/ros2_webcam
[2.103s] -- Up-to-date: /home/mars_host/ros-intro-project/src/ros2_webcam/install/ros2_webcam/share/ros2_webcam/environment/ament_prefix_path.sh
[2.103s] -- Up-to-date: /home/mars_host/ros-intro-project/src/ros2_webcam/install/ros2_webcam/share/ros2_webcam/environment/ament_prefix_path.dsv
[2.103s] -- Up-to-date: /home/mars_host/ros-intro-project/src/ros2_webcam/install/ros2_webcam/share/ros2_webcam/environment/path.sh
[2.103s] -- Up-to-date: /home/mars_host/ros-intro-project/src/ros2_webcam/install/ros2_webcam/share/ros2_webcam/environment/path.dsv
[2.103s] -- Up-to-date: /home/mars_host/ros-intro-project/src/ros2_webcam/install/ros2_webcam/share/ros2_webcam/local_setup.bash
[2.104s] -- Up-to-date: /home/mars_host/ros-intro-project/src/ros2_webcam/install/ros2_webcam/share/ros2_webcam/local_setup.sh
[2.104s] -- Up-to-date: /home/mars_host/ros-intro-project/src/ros2_webcam/install/ros2_webcam/share/ros2_webcam/local_setup.zsh
[2.104s] -- Up-to-date: /home/mars_host/ros-intro-project/src/ros2_webcam/install/ros2_webcam/share/ros2_webcam/local_setup.dsv
[2.104s] -- Installing: /home/mars_host/ros-intro-project/src/ros2_webcam/install/ros2_webcam/share/ros2_webcam/package.dsv
[2.104s] -- Up-to-date: /home/mars_host/ros-intro-project/src/ros2_webcam/install/ros2_webcam/share/ament_index/resource_index/packages/ros2_webcam
[2.104s] -- Up-to-date: /home/mars_host/ros-intro-project/src/ros2_webcam/install/ros2_webcam/share/ros2_webcam/cmake/ros2_webcamConfig.cmake
[2.104s] -- Up-to-date: /home/mars_host/ros-intro-project/src/ros2_webcam/install/ros2_webcam/share/ros2_webcam/cmake/ros2_webcamConfig-version.cmake
[2.104s] -- Up-to-date: /home/mars_host/ros-intro-project/src/ros2_webcam/install/ros2_webcam/share/ros2_webcam/package.xml
[2.124s] Invoked command in '/home/mars_host/ros-intro-project/src/ros2_webcam/build/ros2_webcam' returned '0': CMAKE_PREFIX_PATH=${CMAKE_PREFIX_PATH}:/opt/ros/humble /usr/bin/cmake --install /home/mars_host/ros-intro-project/src/ros2_webcam/build/ros2_webcam
