[0.064s] Invoking command in '/home/mars_host/ros-intro-project/src/ros2_keyboard/build/ros2_keyboard': CMAKE_PREFIX_PATH=${CMAKE_PREFIX_PATH}:/opt/ros/humble /usr/bin/cmake --build /home/mars_host/ros-intro-project/src/ros2_keyboard/build/ros2_keyboard -- -j2 -l2
[0.343s] -- Found ament_cmake: 1.3.8 (/opt/ros/humble/share/ament_cmake/cmake)
[0.786s] -- Found rclcpp: 16.0.8 (/opt/ros/humble/share/rclcpp/cmake)
[0.922s] -- Found rosidl_generator_c: 3.1.5 (/opt/ros/humble/share/rosidl_generator_c/cmake)
[0.934s] -- Found rosidl_adapter: 3.1.5 (/opt/ros/humble/share/rosidl_adapter/cmake)
[0.970s] -- Found rosidl_generator_cpp: 3.1.5 (/opt/ros/humble/share/rosidl_generator_cpp/cmake)
[1.012s] -- Using all available rosidl_typesupport_c: rosidl_typesupport_fastrtps_c;rosidl_typesupport_introspection_c
[1.076s] -- Using all available rosidl_typesupport_cpp: rosidl_typesupport_fastrtps_cpp;rosidl_typesupport_introspection_cpp
[1.272s] -- Found rmw_implementation_cmake: 6.1.1 (/opt/ros/humble/share/rmw_implementation_cmake/cmake)
[1.281s] -- Found rmw_fastrtps_cpp: 6.2.6 (/opt/ros/humble/share/rmw_fastrtps_cpp/cmake)
[1.592s] -- Using RMW implementation 'rmw_fastrtps_cpp' as default
[2.026s] -- Found ament_lint_auto: 0.12.10 (/opt/ros/humble/share/ament_lint_auto/cmake)
[2.237s] [31mCMake Error at /opt/ros/humble/share/ament_cmake_python/cmake/ament_python_install_package.cmake:66 (message):
[2.237s]   ament_python_install_package() the Python package folder
[2.237s]   '/home/mars_host/ros-intro-project/src/ros2_keyboard/ros2_keyboard' doesn't
[2.237s]   contain an '__init__.py' file
[2.237s] Call Stack (most recent call first):
[2.238s]   /opt/ros/humble/share/ament_cmake_python/cmake/ament_python_install_package.cmake:39 (_ament_cmake_python_install_package)
[2.238s]   CMakeLists.txt:40 (ament_python_install_package)
[2.238s] 
[2.238s] [0m
[2.240s] -- Configuring incomplete, errors occurred!
[2.240s] See also "/home/mars_host/ros-intro-project/src/ros2_keyboard/build/ros2_keyboard/CMakeFiles/CMakeOutput.log".
[2.249s] gmake: *** [Makefile:267: cmake_check_build_system] Error 1
[2.253s] Invoked command in '/home/mars_host/ros-intro-project/src/ros2_keyboard/build/ros2_keyboard' returned '2': CMAKE_PREFIX_PATH=${CMAKE_PREFIX_PATH}:/opt/ros/humble /usr/bin/cmake --build /home/mars_host/ros-intro-project/src/ros2_keyboard/build/ros2_keyboard -- -j2 -l2
