[0.052s] Invoking command in '/home/mars_host/ros-intro-project/build/ros2_keyboard': CMAKE_PREFIX_PATH=${CMAKE_PREFIX_PATH}:/opt/ros/humble /usr/bin/cmake --build /home/mars_host/ros-intro-project/build/ros2_keyboard -- -j2 -l2
[0.052s] -- Found ament_cmake: 1.3.10 (/opt/ros/humble/share/ament_cmake/cmake)
[0.215s] -- Found rclcpp: 16.0.10 (/opt/ros/humble/share/rclcpp/cmake)
[0.247s] -- Found rosidl_generator_c: 3.1.5 (/opt/ros/humble/share/rosidl_generator_c/cmake)
[0.252s] -- Found rosidl_adapter: 3.1.5 (/opt/ros/humble/share/rosidl_adapter/cmake)
[0.257s] -- Found rosidl_generator_cpp: 3.1.5 (/opt/ros/humble/share/rosidl_generator_cpp/cmake)
[0.265s] -- Using all available rosidl_typesupport_c: rosidl_typesupport_fastrtps_c;rosidl_typesupport_introspection_c
[0.273s] -- Using all available rosidl_typesupport_cpp: rosidl_typesupport_fastrtps_cpp;rosidl_typesupport_introspection_cpp
[0.304s] -- Found rmw_implementation_cmake: 6.1.2 (/opt/ros/humble/share/rmw_implementation_cmake/cmake)
[0.304s] -- Found rmw_fastrtps_cpp: 6.2.7 (/opt/ros/humble/share/rmw_fastrtps_cpp/cmake)
[0.397s] -- Using RMW implementation 'rmw_fastrtps_cpp' as default
[0.446s] -- Found ament_lint_auto: 0.12.11 (/opt/ros/humble/share/ament_lint_auto/cmake)
[0.511s] -- Added test 'cppcheck' to perform static code analysis on C / C++ code
[0.512s] -- Configured cppcheck include dirs: /home/mars_host/ros-intro-project/src/ros2_keyboard/include
[0.512s] -- Configured cppcheck exclude dirs and/or files: 
[0.514s] -- Added test 'flake8' to check Python code syntax and style conventions
[0.515s] -- Added test 'lint_cmake' to check CMake code style
[0.516s] -- Added test 'pep257' to check Python code against some of the docstring style conventions in PEP 257
[0.534s] -- Added test 'uncrustify' to check C / C++ code style
[0.537s] -- Configured uncrustify additional arguments: 
[0.537s] -- Added test 'xmllint' to check XML markup files
[0.537s] -- Configuring done
[0.548s] -- Generating done
[0.553s] -- Build files have been written to: /home/mars_host/ros-intro-project/build/ros2_keyboard
[0.591s] [35m[1mConsolidate compiler generated dependencies of target key_pub[0m
[0.608s] [100%] Built target key_pub
[0.639s] Invoked command in '/home/mars_host/ros-intro-project/build/ros2_keyboard' returned '0': CMAKE_PREFIX_PATH=${CMAKE_PREFIX_PATH}:/opt/ros/humble /usr/bin/cmake --build /home/mars_host/ros-intro-project/build/ros2_keyboard -- -j2 -l2
[0.697s] Invoking command in '/home/mars_host/ros-intro-project/build/ros2_keyboard': CMAKE_PREFIX_PATH=${CMAKE_PREFIX_PATH}:/opt/ros/humble /usr/bin/cmake --install /home/mars_host/ros-intro-project/build/ros2_keyboard
[0.708s] -- Install configuration: ""
[0.709s] -- Up-to-date: /home/mars_host/ros-intro-project/install/ros2_keyboard/lib/ros2_keyboard/key_pub
[0.709s] -- Up-to-date: /home/mars_host/ros-intro-project/install/ros2_keyboard/share/ament_index/resource_index/package_run_dependencies/ros2_keyboard
[0.709s] -- Up-to-date: /home/mars_host/ros-intro-project/install/ros2_keyboard/share/ament_index/resource_index/parent_prefix_path/ros2_keyboard
[0.709s] -- Up-to-date: /home/mars_host/ros-intro-project/install/ros2_keyboard/share/ros2_keyboard/environment/ament_prefix_path.sh
[0.710s] -- Installing: /home/mars_host/ros-intro-project/install/ros2_keyboard/share/ros2_keyboard/environment/ament_prefix_path.dsv
[0.710s] -- Up-to-date: /home/mars_host/ros-intro-project/install/ros2_keyboard/share/ros2_keyboard/environment/path.sh
[0.710s] -- Installing: /home/mars_host/ros-intro-project/install/ros2_keyboard/share/ros2_keyboard/environment/path.dsv
[0.711s] -- Up-to-date: /home/mars_host/ros-intro-project/install/ros2_keyboard/share/ros2_keyboard/local_setup.bash
[0.711s] -- Up-to-date: /home/mars_host/ros-intro-project/install/ros2_keyboard/share/ros2_keyboard/local_setup.sh
[0.711s] -- Up-to-date: /home/mars_host/ros-intro-project/install/ros2_keyboard/share/ros2_keyboard/local_setup.zsh
[0.711s] -- Installing: /home/mars_host/ros-intro-project/install/ros2_keyboard/share/ros2_keyboard/local_setup.dsv
[0.712s] -- Installing: /home/mars_host/ros-intro-project/install/ros2_keyboard/share/ros2_keyboard/package.dsv
[0.712s] -- Up-to-date: /home/mars_host/ros-intro-project/install/ros2_keyboard/share/ament_index/resource_index/packages/ros2_keyboard
[0.712s] -- Up-to-date: /home/mars_host/ros-intro-project/install/ros2_keyboard/share/ros2_keyboard/cmake/ros2_keyboardConfig.cmake
[0.712s] -- Up-to-date: /home/mars_host/ros-intro-project/install/ros2_keyboard/share/ros2_keyboard/cmake/ros2_keyboardConfig-version.cmake
[0.712s] -- Up-to-date: /home/mars_host/ros-intro-project/install/ros2_keyboard/share/ros2_keyboard/package.xml
[0.715s] Invoked command in '/home/mars_host/ros-intro-project/build/ros2_keyboard' returned '0': CMAKE_PREFIX_PATH=${CMAKE_PREFIX_PATH}:/opt/ros/humble /usr/bin/cmake --install /home/mars_host/ros-intro-project/build/ros2_keyboard
