-- Found ament_cmake: 1.3.10 (/opt/ros/humble/share/ament_cmake/cmake)
-- Found rclpy: 3.3.14 (/opt/ros/humble/share/rclpy/cmake)
-- Found std_msgs: 4.2.4 (/opt/ros/humble/share/std_msgs/cmake)
-- Found rosidl_generator_c: 3.1.5 (/opt/ros/humble/share/rosidl_generator_c/cmake)
-- Found rosidl_adapter: 3.1.5 (/opt/ros/humble/share/rosidl_adapter/cmake)
-- Found rosidl_generator_cpp: 3.1.5 (/opt/ros/humble/share/rosidl_generator_cpp/cmake)
-- Using all available rosidl_typesupport_c: rosidl_typesupport_fastrtps_c;rosidl_typesupport_introspection_c
-- Using all available rosidl_typesupport_cpp: rosidl_typesupport_fastrtps_cpp;rosidl_typesupport_introspection_cpp
-- Found OpenCV: /usr (found version "4.5.4") 
-- Found cv_bridge: 3.2.1 (/opt/ros/humble/share/cv_bridge/cmake)
-- Found ament_lint_auto: 0.12.11 (/opt/ros/humble/share/ament_lint_auto/cmake)
-- Added test 'cppcheck' to perform static code analysis on C / C++ code
-- Configured cppcheck include dirs: 
-- Configured cppcheck exclude dirs and/or files: 
-- Added test 'flake8' to check Python code syntax and style conventions
-- Added test 'lint_cmake' to check CMake code style
-- Added test 'pep257' to check Python code against some of the docstring style conventions in PEP 257
-- Added test 'uncrustify' to check C / C++ code style
-- Configured uncrustify additional arguments: 
-- Added test 'xmllint' to check XML markup files
-- Configuring done
-- Generating done
-- Build files have been written to: /home/mars_host/ros-intro-project/src/ros2_image_transform/build/ros2_image_transform
-- Install configuration: ""
-- Installing: /home/mars_host/ros-intro-project/src/ros2_image_transform/install/ros2_image_transform/share/ament_index/resource_index/package_run_dependencies/ros2_image_transform
-- Installing: /home/mars_host/ros-intro-project/src/ros2_image_transform/install/ros2_image_transform/share/ament_index/resource_index/parent_prefix_path/ros2_image_transform
-- Up-to-date: /home/mars_host/ros-intro-project/src/ros2_image_transform/install/ros2_image_transform/share/ros2_image_transform/environment/ament_prefix_path.sh
-- Installing: /home/mars_host/ros-intro-project/src/ros2_image_transform/install/ros2_image_transform/share/ros2_image_transform/environment/ament_prefix_path.dsv
-- Up-to-date: /home/mars_host/ros-intro-project/src/ros2_image_transform/install/ros2_image_transform/share/ros2_image_transform/environment/path.sh
-- Installing: /home/mars_host/ros-intro-project/src/ros2_image_transform/install/ros2_image_transform/share/ros2_image_transform/environment/path.dsv
-- Up-to-date: /home/mars_host/ros-intro-project/src/ros2_image_transform/install/ros2_image_transform/share/ros2_image_transform/local_setup.bash
-- Up-to-date: /home/mars_host/ros-intro-project/src/ros2_image_transform/install/ros2_image_transform/share/ros2_image_transform/local_setup.sh
-- Up-to-date: /home/mars_host/ros-intro-project/src/ros2_image_transform/install/ros2_image_transform/share/ros2_image_transform/local_setup.zsh
-- Installing: /home/mars_host/ros-intro-project/src/ros2_image_transform/install/ros2_image_transform/share/ros2_image_transform/local_setup.dsv
-- Installing: /home/mars_host/ros-intro-project/src/ros2_image_transform/install/ros2_image_transform/share/ros2_image_transform/package.dsv
-- Up-to-date: /home/mars_host/ros-intro-project/src/ros2_image_transform/install/ros2_image_transform/share/ament_index/resource_index/packages/ros2_image_transform
-- Up-to-date: /home/mars_host/ros-intro-project/src/ros2_image_transform/install/ros2_image_transform/share/ros2_image_transform/cmake/ros2_image_transformConfig.cmake
-- Up-to-date: /home/mars_host/ros-intro-project/src/ros2_image_transform/install/ros2_image_transform/share/ros2_image_transform/cmake/ros2_image_transformConfig-version.cmake
-- Installing: /home/mars_host/ros-intro-project/src/ros2_image_transform/install/ros2_image_transform/share/ros2_image_transform/package.xml
