[0.008s] Invoking command in '/home/mars_host/ros-intro-project/build/ros2_webcam': CMAKE_PREFIX_PATH=${CMAKE_PREFIX_PATH}:/opt/ros/humble /usr/bin/cmake --build /home/mars_host/ros-intro-project/build/ros2_webcam -- -j2 -l2
[0.046s] -- Found ament_cmake: 1.3.10 (/opt/ros/humble/share/ament_cmake/cmake)
[0.208s] -- Found rclcpp: 16.0.10 (/opt/ros/humble/share/rclcpp/cmake)
[0.219s] -- Found rosidl_generator_c: 3.1.5 (/opt/ros/humble/share/rosidl_generator_c/cmake)
[0.224s] -- Found rosidl_adapter: 3.1.5 (/opt/ros/humble/share/rosidl_adapter/cmake)
[0.230s] -- Found rosidl_generator_cpp: 3.1.5 (/opt/ros/humble/share/rosidl_generator_cpp/cmake)
[0.254s] -- Using all available rosidl_typesupport_c: rosidl_typesupport_fastrtps_c;rosidl_typesupport_introspection_c
[0.275s] -- Using all available rosidl_typesupport_cpp: rosidl_typesupport_fastrtps_cpp;rosidl_typesupport_introspection_cpp
[0.283s] -- Found rmw_implementation_cmake: 6.1.2 (/opt/ros/humble/share/rmw_implementation_cmake/cmake)
[0.284s] -- Found rmw_fastrtps_cpp: 6.2.7 (/opt/ros/humble/share/rmw_fastrtps_cpp/cmake)
[0.401s] -- Using RMW implementation 'rmw_fastrtps_cpp' as default
[0.401s] -- Found rclpy: 3.3.14 (/opt/ros/humble/share/rclpy/cmake)
[0.402s] -- Found sensor_msgs: 4.2.4 (/opt/ros/humble/share/sensor_msgs/cmake)
[0.420s] -- Found cv_bridge: 3.2.1 (/opt/ros/humble/share/cv_bridge/cmake)
[0.428s] -- Found image_transport: 3.1.9 (/opt/ros/humble/share/image_transport/cmake)
[0.449s] -- Found ament_lint_auto: 0.12.11 (/opt/ros/humble/share/ament_lint_auto/cmake)
[0.541s] -- Added test 'cppcheck' to perform static code analysis on C / C++ code
[0.544s] -- Configured cppcheck include dirs: /home/mars_host/ros-intro-project/src/ros2_webcam/include
[0.544s] -- Configured cppcheck exclude dirs and/or files: 
[0.544s] -- Added test 'flake8' to check Python code syntax and style conventions
[0.546s] -- Added test 'lint_cmake' to check CMake code style
[0.549s] -- Added test 'pep257' to check Python code against some of the docstring style conventions in PEP 257
[0.556s] -- Added test 'uncrustify' to check C / C++ code style
[0.556s] -- Configured uncrustify additional arguments: 
[0.556s] -- Added test 'xmllint' to check XML markup files
[0.564s] -- Configuring done
[0.585s] -- Generating done
[0.589s] -- Build files have been written to: /home/mars_host/ros-intro-project/build/ros2_webcam
[0.621s] [35m[1mConsolidate compiler generated dependencies of target webcam_pub[0m
[0.639s] [100%] Built target webcam_pub
[0.644s] [100%] Built target ament_cmake_python_copy_ros2_webcam
[0.818s] running egg_info
[0.819s] writing ros2_webcam.egg-info/PKG-INFO
[0.819s] writing dependency_links to ros2_webcam.egg-info/dependency_links.txt
[0.820s] writing top-level names to ros2_webcam.egg-info/top_level.txt
[0.823s] reading manifest file 'ros2_webcam.egg-info/SOURCES.txt'
[0.823s] writing manifest file 'ros2_webcam.egg-info/SOURCES.txt'
[0.848s] [100%] Built target ament_cmake_python_build_ros2_webcam_egg
