[0.062s] Invoking command in '/home/mars_host/ros-intro-project/build/ros2_image_transform': CMAKE_PREFIX_PATH=/opt/ros/humble /usr/bin/cmake --build /home/mars_host/ros-intro-project/build/ros2_image_transform -- -j2 -l2
[0.198s] Invoked command in '/home/mars_host/ros-intro-project/build/ros2_image_transform' returned '0': CMAKE_PREFIX_PATH=/opt/ros/humble /usr/bin/cmake --build /home/mars_host/ros-intro-project/build/ros2_image_transform -- -j2 -l2
[0.298s] Invoking command in '/home/mars_host/ros-intro-project/build/ros2_image_transform': CMAKE_PREFIX_PATH=/opt/ros/humble /usr/bin/cmake --install /home/mars_host/ros-intro-project/build/ros2_image_transform
[0.315s] -- Install configuration: ""
[0.315s] -- Up-to-date: /home/mars_host/ros-intro-project/install/ros2_image_transform/share/ament_index/resource_index/package_run_dependencies/ros2_image_transform
[0.315s] -- Up-to-date: /home/mars_host/ros-intro-project/install/ros2_image_transform/share/ament_index/resource_index/parent_prefix_path/ros2_image_transform
[0.315s] -- Up-to-date: /home/mars_host/ros-intro-project/install/ros2_image_transform/share/ros2_image_transform/environment/ament_prefix_path.sh
[0.315s] -- Up-to-date: /home/mars_host/ros-intro-project/install/ros2_image_transform/share/ros2_image_transform/environment/ament_prefix_path.dsv
[0.315s] -- Up-to-date: /home/mars_host/ros-intro-project/install/ros2_image_transform/share/ros2_image_transform/environment/path.sh
[0.315s] -- Up-to-date: /home/mars_host/ros-intro-project/install/ros2_image_transform/share/ros2_image_transform/environment/path.dsv
[0.315s] -- Up-to-date: /home/mars_host/ros-intro-project/install/ros2_image_transform/share/ros2_image_transform/local_setup.bash
[0.315s] -- Up-to-date: /home/mars_host/ros-intro-project/install/ros2_image_transform/share/ros2_image_transform/local_setup.sh
[0.315s] -- Up-to-date: /home/mars_host/ros-intro-project/install/ros2_image_transform/share/ros2_image_transform/local_setup.zsh
[0.315s] -- Up-to-date: /home/mars_host/ros-intro-project/install/ros2_image_transform/share/ros2_image_transform/local_setup.dsv
[0.315s] -- Up-to-date: /home/mars_host/ros-intro-project/install/ros2_image_transform/share/ros2_image_transform/package.dsv
[0.315s] -- Up-to-date: /home/mars_host/ros-intro-project/install/ros2_image_transform/share/ament_index/resource_index/packages/ros2_image_transform
[0.315s] -- Up-to-date: /home/mars_host/ros-intro-project/install/ros2_image_transform/share/ros2_image_transform/cmake/ros2_image_transformConfig.cmake
[0.315s] -- Up-to-date: /home/mars_host/ros-intro-project/install/ros2_image_transform/share/ros2_image_transform/cmake/ros2_image_transformConfig-version.cmake
[0.316s] -- Up-to-date: /home/mars_host/ros-intro-project/install/ros2_image_transform/share/ros2_image_transform/package.xml
[0.331s] Invoked command in '/home/mars_host/ros-intro-project/build/ros2_image_transform' returned '0': CMAKE_PREFIX_PATH=/opt/ros/humble /usr/bin/cmake --install /home/mars_host/ros-intro-project/build/ros2_image_transform
