[0.042s] Invoking command in '/home/mars_host/ros-intro-project/src/simulation-intro/build/simulation-intro': CMAKE_PREFIX_PATH=${CMAKE_PREFIX_PATH}:/opt/ros/humble /usr/bin/cmake --build /home/mars_host/ros-intro-project/src/simulation-intro/build/simulation-intro -- -j2 -l2
[0.128s] -- Found ament_cmake: 1.3.8 (/opt/ros/humble/share/ament_cmake/cmake)
[0.574s] -- Override CMake install command with custom implementation using symlinks instead of copying resources
[0.743s] -- Found ament_lint_auto: 0.12.10 (/opt/ros/humble/share/ament_lint_auto/cmake)
[0.937s] -- Added test 'cppcheck' to perform static code analysis on C / C++ code
[0.942s] -- Configured cppcheck include dirs: $<BUILD_INTERFACE:/home/mars_host/ros-intro-project/src/simulation-intro/include>
[0.954s] -- Configured cppcheck exclude dirs and/or files: 
[0.956s] -- Added test 'flake8' to check Python code syntax and style conventions
[0.962s] -- Added test 'lint_cmake' to check CMake code style
[0.990s] -- Added test 'pep257' to check Python code against some of the docstring style conventions in PEP 257
[0.993s] -- Added test 'uncrustify' to check C / C++ code style
[0.994s] -- Configured uncrustify additional arguments: 
[1.003s] -- Added test 'xmllint' to check XML markup files
[1.006s] -- Configuring done
[1.045s] -- Generating done
[1.068s] -- Build files have been written to: /home/mars_host/ros-intro-project/src/simulation-intro/build/simulation-intro
[1.110s] [35m[1mConsolidate compiler generated dependencies of target my_node[0m
[1.164s] [100%] Built target my_node
[1.266s] [100%] Built target ament_cmake_python_symlink_simulation-intro
[1.972s] running egg_info
[1.973s] creating simulation_intro.egg-info
[1.973s] writing simulation_intro.egg-info/PKG-INFO
[1.975s] writing dependency_links to simulation_intro.egg-info/dependency_links.txt
[1.975s] writing top-level names to simulation_intro.egg-info/top_level.txt
[1.978s] writing manifest file 'simulation_intro.egg-info/SOURCES.txt'
[1.980s] reading manifest file 'simulation_intro.egg-info/SOURCES.txt'
[1.981s] writing manifest file 'simulation_intro.egg-info/SOURCES.txt'
[2.041s] [100%] Built target ament_cmake_python_build_simulation-intro_egg
[2.080s] Invoked command in '/home/mars_host/ros-intro-project/src/simulation-intro/build/simulation-intro' returned '0': CMAKE_PREFIX_PATH=${CMAKE_PREFIX_PATH}:/opt/ros/humble /usr/bin/cmake --build /home/mars_host/ros-intro-project/src/simulation-intro/build/simulation-intro -- -j2 -l2
[2.150s] Invoking command in '/home/mars_host/ros-intro-project/src/simulation-intro/build/simulation-intro': CMAKE_PREFIX_PATH=${CMAKE_PREFIX_PATH}:/opt/ros/humble /usr/bin/cmake --install /home/mars_host/ros-intro-project/src/simulation-intro/build/simulation-intro
[2.161s] -- Install configuration: ""
[2.163s] -- Execute custom install script
[2.164s] -- Up-to-date symlink: /home/mars_host/ros-intro-project/src/simulation-intro/install/simulation-intro/lib/simulation-intro/my_node
[2.165s] -- Up-to-date symlink: /home/mars_host/ros-intro-project/src/simulation-intro/install/simulation-intro/share/simulation-intro//launch/display.launch.py
[2.166s] -- Up-to-date symlink: /home/mars_host/ros-intro-project/src/simulation-intro/install/simulation-intro/share/simulation-intro//launch/gazebo.launch.py
[2.167s] -- Up-to-date symlink: /home/mars_host/ros-intro-project/src/simulation-intro/install/simulation-intro/share/simulation-intro//urdf/lunabot.urdf
[2.177s] -- Up-to-date symlink: /home/mars_host/ros-intro-project/src/simulation-intro/install/simulation-intro/share/simulation-intro//rviz/config.rviz
[2.186s] -- Symlinking: /home/mars_host/ros-intro-project/src/simulation-intro/install/simulation-intro/share/simulation-intro/environment/pythonpath.sh
[2.262s] -- Symlinking: /home/mars_host/ros-intro-project/src/simulation-intro/install/simulation-intro/share/simulation-intro/environment/pythonpath.dsv
[2.312s] [31mCMake Error at ament_cmake_symlink_install/ament_cmake_symlink_install.cmake:100 (message):
[2.312s]   ament_cmake_symlink_install_directory() can't find
[2.312s]   '/home/mars_host/ros-intro-project/src/simulation-intro/build/simulation-intro/ament_cmake_python/simulation-intro/simulation-intro.egg-info/'
[2.312s] Call Stack (most recent call first):
[2.312s]   ament_cmake_symlink_install/ament_cmake_symlink_install.cmake:326 (ament_cmake_symlink_install_directory)
[2.312s]   cmake_install.cmake:46 (include)
[2.312s] 
[2.312s] [0m
[2.316s] Invoked command in '/home/mars_host/ros-intro-project/src/simulation-intro/build/simulation-intro' returned '1': CMAKE_PREFIX_PATH=${CMAKE_PREFIX_PATH}:/opt/ros/humble /usr/bin/cmake --install /home/mars_host/ros-intro-project/src/simulation-intro/build/simulation-intro
