[0.052s] Invoking command in '/home/mars_host/ros-intro-project/build/ros2_keyboard': CMAKE_PREFIX_PATH=/opt/ros/humble /usr/bin/cmake /home/mars_host/ros-intro-project/src/ros2_keyboard -DCMAKE_INSTALL_PREFIX=/home/mars_host/ros-intro-project/install/ros2_keyboard
[0.392s] -- The C compiler identification is GNU 11.4.0
[0.695s] -- The CXX compiler identification is GNU 11.4.0
[0.721s] -- Detecting C compiler ABI info
[0.920s] -- Detecting C compiler ABI info - done
[0.933s] -- Check for working C compiler: /usr/bin/cc - skipped
[0.945s] -- Detecting C compile features
[0.953s] -- Detecting C compile features - done
[0.970s] -- Detecting CXX compiler ABI info
[1.215s] -- Detecting CXX compiler ABI info - done
[1.241s] -- Check for working CXX compiler: /usr/bin/c++ - skipped
[1.243s] -- Detecting CXX compile features
[1.243s] -- Detecting CXX compile features - done
[1.273s] -- Found ament_cmake: 1.3.8 (/opt/ros/humble/share/ament_cmake/cmake)
[1.598s] -- Found Python3: /usr/bin/python3 (found version "3.10.12") found components: Interpreter 
[1.917s] -- Found rclcpp: 16.0.8 (/opt/ros/humble/share/rclcpp/cmake)
[2.097s] -- Found rosidl_generator_c: 3.1.5 (/opt/ros/humble/share/rosidl_generator_c/cmake)
[2.114s] -- Found rosidl_adapter: 3.1.5 (/opt/ros/humble/share/rosidl_adapter/cmake)
[2.148s] -- Found rosidl_generator_cpp: 3.1.5 (/opt/ros/humble/share/rosidl_generator_cpp/cmake)
[2.204s] -- Using all available rosidl_typesupport_c: rosidl_typesupport_fastrtps_c;rosidl_typesupport_introspection_c
[2.274s] -- Using all available rosidl_typesupport_cpp: rosidl_typesupport_fastrtps_cpp;rosidl_typesupport_introspection_cpp
[2.538s] -- Found rmw_implementation_cmake: 6.1.1 (/opt/ros/humble/share/rmw_implementation_cmake/cmake)
[2.551s] -- Found rmw_fastrtps_cpp: 6.2.6 (/opt/ros/humble/share/rmw_fastrtps_cpp/cmake)
[2.852s] -- Found OpenSSL: /usr/lib/x86_64-linux-gnu/libcrypto.so (found version "3.0.2")  
[2.923s] -- Found FastRTPS: /opt/ros/humble/include  
[3.041s] -- Using RMW implementation 'rmw_fastrtps_cpp' as default
[3.093s] -- Looking for pthread.h
[3.346s] -- Looking for pthread.h - found
[3.347s] -- Performing Test CMAKE_HAVE_LIBC_PTHREAD
[3.503s] -- Performing Test CMAKE_HAVE_LIBC_PTHREAD - Success
[3.506s] -- Found Threads: TRUE  
[3.955s] -- Found ament_lint_auto: 0.12.10 (/opt/ros/humble/share/ament_lint_auto/cmake)
[4.167s] -- Added test 'cppcheck' to perform static code analysis on C / C++ code
[4.167s] -- Configured cppcheck include dirs: /home/mars_host/ros-intro-project/src/ros2_keyboard/include
[4.167s] -- Configured cppcheck exclude dirs and/or files: 
[4.169s] -- Added test 'flake8' to check Python code syntax and style conventions
[4.171s] -- Added test 'lint_cmake' to check CMake code style
[4.173s] -- Added test 'pep257' to check Python code against some of the docstring style conventions in PEP 257
[4.179s] -- Added test 'uncrustify' to check C / C++ code style
[4.179s] -- Configured uncrustify additional arguments: 
[4.182s] -- Added test 'xmllint' to check XML markup files
[4.195s] -- Configuring done
[4.222s] -- Generating done
[4.229s] -- Build files have been written to: /home/mars_host/ros-intro-project/build/ros2_keyboard
[4.253s] Invoked command in '/home/mars_host/ros-intro-project/build/ros2_keyboard' returned '0': CMAKE_PREFIX_PATH=/opt/ros/humble /usr/bin/cmake /home/mars_host/ros-intro-project/src/ros2_keyboard -DCMAKE_INSTALL_PREFIX=/home/mars_host/ros-intro-project/install/ros2_keyboard
[4.259s] Invoking command in '/home/mars_host/ros-intro-project/build/ros2_keyboard': CMAKE_PREFIX_PATH=/opt/ros/humble /usr/bin/cmake --build /home/mars_host/ros-intro-project/build/ros2_keyboard -- -j2 -l2
[4.364s] [ 50%] [32mBuilding CXX object CMakeFiles/key_pub.dir/src/key_publisher.cpp.o[0m
[24.684s] [100%] [32m[1mLinking CXX executable key_pub[0m
[25.255s] [100%] Built target key_pub
[25.273s] Invoked command in '/home/mars_host/ros-intro-project/build/ros2_keyboard' returned '0': CMAKE_PREFIX_PATH=/opt/ros/humble /usr/bin/cmake --build /home/mars_host/ros-intro-project/build/ros2_keyboard -- -j2 -l2
[25.347s] Invoking command in '/home/mars_host/ros-intro-project/build/ros2_keyboard': CMAKE_PREFIX_PATH=/opt/ros/humble /usr/bin/cmake --install /home/mars_host/ros-intro-project/build/ros2_keyboard
[25.371s] -- Install configuration: ""
[25.371s] -- Installing: /home/mars_host/ros-intro-project/install/ros2_keyboard/lib/ros2_keyboard/key_pub
[25.374s] -- Set runtime path of "/home/mars_host/ros-intro-project/install/ros2_keyboard/lib/ros2_keyboard/key_pub" to ""
[25.374s] -- Installing: /home/mars_host/ros-intro-project/install/ros2_keyboard/share/ament_index/resource_index/package_run_dependencies/ros2_keyboard
[25.374s] -- Installing: /home/mars_host/ros-intro-project/install/ros2_keyboard/share/ament_index/resource_index/parent_prefix_path/ros2_keyboard
[25.375s] -- Installing: /home/mars_host/ros-intro-project/install/ros2_keyboard/share/ros2_keyboard/environment/ament_prefix_path.sh
[25.375s] -- Installing: /home/mars_host/ros-intro-project/install/ros2_keyboard/share/ros2_keyboard/environment/ament_prefix_path.dsv
[25.376s] -- Installing: /home/mars_host/ros-intro-project/install/ros2_keyboard/share/ros2_keyboard/environment/path.sh
[25.376s] -- Installing: /home/mars_host/ros-intro-project/install/ros2_keyboard/share/ros2_keyboard/environment/path.dsv
[25.376s] -- Installing: /home/mars_host/ros-intro-project/install/ros2_keyboard/share/ros2_keyboard/local_setup.bash
[25.377s] -- Installing: /home/mars_host/ros-intro-project/install/ros2_keyboard/share/ros2_keyboard/local_setup.sh
[25.377s] -- Installing: /home/mars_host/ros-intro-project/install/ros2_keyboard/share/ros2_keyboard/local_setup.zsh
[25.377s] -- Installing: /home/mars_host/ros-intro-project/install/ros2_keyboard/share/ros2_keyboard/local_setup.dsv
[25.378s] -- Installing: /home/mars_host/ros-intro-project/install/ros2_keyboard/share/ros2_keyboard/package.dsv
[25.378s] -- Installing: /home/mars_host/ros-intro-project/install/ros2_keyboard/share/ament_index/resource_index/packages/ros2_keyboard
[25.378s] -- Installing: /home/mars_host/ros-intro-project/install/ros2_keyboard/share/ros2_keyboard/cmake/ros2_keyboardConfig.cmake
[25.379s] -- Installing: /home/mars_host/ros-intro-project/install/ros2_keyboard/share/ros2_keyboard/cmake/ros2_keyboardConfig-version.cmake
[25.380s] -- Installing: /home/mars_host/ros-intro-project/install/ros2_keyboard/share/ros2_keyboard/package.xml
[25.382s] Invoked command in '/home/mars_host/ros-intro-project/build/ros2_keyboard' returned '0': CMAKE_PREFIX_PATH=/opt/ros/humble /usr/bin/cmake --install /home/mars_host/ros-intro-project/build/ros2_keyboard
