[0.034s] Invoking command in '/home/mars_host/ros-intro-project/src/ros2_webcam/build/ros2_webcam': CMAKE_PREFIX_PATH=${CMAKE_PREFIX_PATH}:/opt/ros/humble /usr/bin/cmake --build /home/mars_host/ros-intro-project/src/ros2_webcam/build/ros2_webcam -- -j2 -l2
[0.189s] [35m[1mConsolidate compiler generated dependencies of target webcam_pub[0m
[0.219s] [100%] Built target webcam_pub
[0.252s] [100%] Built target ament_cmake_python_copy_ros2_webcam
[0.535s] running egg_info
[0.536s] writing ros2_webcam.egg-info/PKG-INFO
[0.538s] writing dependency_links to ros2_webcam.egg-info/dependency_links.txt
[0.538s] writing top-level names to ros2_webcam.egg-info/top_level.txt
[0.541s] reading manifest file 'ros2_webcam.egg-info/SOURCES.txt'
[0.544s] writing manifest file 'ros2_webcam.egg-info/SOURCES.txt'
[0.591s] [100%] Built target ament_cmake_python_build_ros2_webcam_egg
[0.606s] Invoked command in '/home/mars_host/ros-intro-project/src/ros2_webcam/build/ros2_webcam' returned '0': CMAKE_PREFIX_PATH=${CMAKE_PREFIX_PATH}:/opt/ros/humble /usr/bin/cmake --build /home/mars_host/ros-intro-project/src/ros2_webcam/build/ros2_webcam -- -j2 -l2
[0.702s] Invoking command in '/home/mars_host/ros-intro-project/src/ros2_webcam/build/ros2_webcam': CMAKE_PREFIX_PATH=${CMAKE_PREFIX_PATH}:/opt/ros/humble /usr/bin/cmake --install /home/mars_host/ros-intro-project/src/ros2_webcam/build/ros2_webcam
[0.715s] -- Install configuration: ""
[0.717s] -- Up-to-date: /home/mars_host/ros-intro-project/src/ros2_webcam/install/ros2_webcam/lib/ros2_webcam/webcam_pub
[0.717s] -- Up-to-date: /home/mars_host/ros-intro-project/src/ros2_webcam/install/ros2_webcam/share/ros2_webcam/environment/pythonpath.sh
[0.717s] -- Up-to-date: /home/mars_host/ros-intro-project/src/ros2_webcam/install/ros2_webcam/share/ros2_webcam/environment/pythonpath.dsv
[0.717s] -- Up-to-date: /home/mars_host/ros-intro-project/src/ros2_webcam/install/ros2_webcam/local/lib/python3.10/dist-packages/ros2_webcam-0.0.0-py3.10.egg-info
[0.718s] -- Installing: /home/mars_host/ros-intro-project/src/ros2_webcam/install/ros2_webcam/local/lib/python3.10/dist-packages/ros2_webcam-0.0.0-py3.10.egg-info/top_level.txt
[0.718s] -- Installing: /home/mars_host/ros-intro-project/src/ros2_webcam/install/ros2_webcam/local/lib/python3.10/dist-packages/ros2_webcam-0.0.0-py3.10.egg-info/dependency_links.txt
[0.718s] -- Installing: /home/mars_host/ros-intro-project/src/ros2_webcam/install/ros2_webcam/local/lib/python3.10/dist-packages/ros2_webcam-0.0.0-py3.10.egg-info/SOURCES.txt
[0.718s] -- Installing: /home/mars_host/ros-intro-project/src/ros2_webcam/install/ros2_webcam/local/lib/python3.10/dist-packages/ros2_webcam-0.0.0-py3.10.egg-info/PKG-INFO
[0.719s] -- Up-to-date: /home/mars_host/ros-intro-project/src/ros2_webcam/install/ros2_webcam/local/lib/python3.10/dist-packages/ros2_webcam
[0.719s] -- Up-to-date: /home/mars_host/ros-intro-project/src/ros2_webcam/install/ros2_webcam/local/lib/python3.10/dist-packages/ros2_webcam/__init__.py
[0.752s] Listing '/home/mars_host/ros-intro-project/src/ros2_webcam/install/ros2_webcam/local/lib/python3.10/dist-packages/ros2_webcam'...
[0.756s] -- Installing: /home/mars_host/ros-intro-project/src/ros2_webcam/install/ros2_webcam/lib/ros2_webcam/display.py
[0.757s] -- Up-to-date: /home/mars_host/ros-intro-project/src/ros2_webcam/install/ros2_webcam/share/ament_index/resource_index/package_run_dependencies/ros2_webcam
[0.757s] -- Up-to-date: /home/mars_host/ros-intro-project/src/ros2_webcam/install/ros2_webcam/share/ament_index/resource_index/parent_prefix_path/ros2_webcam
[0.757s] -- Up-to-date: /home/mars_host/ros-intro-project/src/ros2_webcam/install/ros2_webcam/share/ros2_webcam/environment/ament_prefix_path.sh
[0.758s] -- Up-to-date: /home/mars_host/ros-intro-project/src/ros2_webcam/install/ros2_webcam/share/ros2_webcam/environment/ament_prefix_path.dsv
[0.758s] -- Up-to-date: /home/mars_host/ros-intro-project/src/ros2_webcam/install/ros2_webcam/share/ros2_webcam/environment/path.sh
[0.758s] -- Up-to-date: /home/mars_host/ros-intro-project/src/ros2_webcam/install/ros2_webcam/share/ros2_webcam/environment/path.dsv
[0.758s] -- Up-to-date: /home/mars_host/ros-intro-project/src/ros2_webcam/install/ros2_webcam/share/ros2_webcam/local_setup.bash
[0.758s] -- Up-to-date: /home/mars_host/ros-intro-project/src/ros2_webcam/install/ros2_webcam/share/ros2_webcam/local_setup.sh
[0.758s] -- Up-to-date: /home/mars_host/ros-intro-project/src/ros2_webcam/install/ros2_webcam/share/ros2_webcam/local_setup.zsh
[0.758s] -- Up-to-date: /home/mars_host/ros-intro-project/src/ros2_webcam/install/ros2_webcam/share/ros2_webcam/local_setup.dsv
[0.759s] -- Installing: /home/mars_host/ros-intro-project/src/ros2_webcam/install/ros2_webcam/share/ros2_webcam/package.dsv
[0.761s] -- Up-to-date: /home/mars_host/ros-intro-project/src/ros2_webcam/install/ros2_webcam/share/ament_index/resource_index/packages/ros2_webcam
[0.763s] -- Up-to-date: /home/mars_host/ros-intro-project/src/ros2_webcam/install/ros2_webcam/share/ros2_webcam/cmake/ros2_webcamConfig.cmake
[0.763s] -- Up-to-date: /home/mars_host/ros-intro-project/src/ros2_webcam/install/ros2_webcam/share/ros2_webcam/cmake/ros2_webcamConfig-version.cmake
[0.763s] -- Up-to-date: /home/mars_host/ros-intro-project/src/ros2_webcam/install/ros2_webcam/share/ros2_webcam/package.xml
[0.766s] Invoked command in '/home/mars_host/ros-intro-project/src/ros2_webcam/build/ros2_webcam' returned '0': CMAKE_PREFIX_PATH=${CMAKE_PREFIX_PATH}:/opt/ros/humble /usr/bin/cmake --install /home/mars_host/ros-intro-project/src/ros2_webcam/build/ros2_webcam
