[0.333s] DEBUG:colcon:Command line arguments: ['/usr/bin/colcon', 'build']
[0.334s] DEBUG:colcon:Parsed command line arguments: Namespace(log_base=None, log_level=None, verb_name='build', build_base='build', install_base='install', merge_install=False, symlink_install=False, test_result_base=None, continue_on_error=False, executor='parallel', parallel_workers=2, event_handlers=None, ignore_user_meta=False, metas=['./colcon.meta'], base_paths=['.'], packages_ignore=None, packages_ignore_regex=None, paths=None, packages_up_to=None, packages_up_to_regex=None, packages_above=None, packages_above_and_dependencies=None, packages_above_depth=None, packages_select_by_dep=None, packages_skip_by_dep=None, packages_skip_up_to=None, packages_select_build_failed=False, packages_skip_build_finished=False, packages_select_test_failures=False, packages_skip_test_passed=False, packages_select=None, packages_skip=None, packages_select_regex=None, packages_skip_regex=None, packages_start=None, packages_end=None, allow_overriding=[], cmake_args=None, cmake_target=None, cmake_target_skip_unavailable=False, cmake_clean_cache=False, cmake_clean_first=False, cmake_force_configure=False, ament_cmake_args=None, catkin_cmake_args=None, catkin_skip_building_tests=False, mixin_files=None, mixin=None, verb_parser=<colcon_mixin.mixin.mixin_argument.MixinArgumentDecorator object at 0x7b3e2ec41b70>, verb_extension=<colcon_core.verb.build.BuildVerb object at 0x7b3e2ec40fa0>, main=<bound method BuildVerb.main of <colcon_core.verb.build.BuildVerb object at 0x7b3e2ec40fa0>>, mixin_verb=('build',))
[1.153s] Level 1:colcon.colcon_core.package_discovery:discover_packages(colcon_meta) check parameters
[1.153s] Level 1:colcon.colcon_core.package_discovery:discover_packages(recursive) check parameters
[1.153s] Level 1:colcon.colcon_core.package_discovery:discover_packages(ignore) check parameters
[1.153s] Level 1:colcon.colcon_core.package_discovery:discover_packages(path) check parameters
[1.153s] Level 1:colcon.colcon_core.package_discovery:discover_packages(colcon_meta) discover
[1.153s] Level 1:colcon.colcon_core.package_discovery:discover_packages(recursive) discover
[1.153s] INFO:colcon.colcon_core.package_discovery:Crawling recursively for packages in '/home/mars_host/ros-intro-project/ros-intro-project'
[1.154s] Level 1:colcon.colcon_core.package_identification:_identify(.) by extensions ['ignore', 'ignore_ament_install']
[1.154s] Level 1:colcon.colcon_core.package_identification:_identify(.) by extension 'ignore'
[1.154s] Level 1:colcon.colcon_core.package_identification:_identify(.) by extension 'ignore_ament_install'
[1.154s] Level 1:colcon.colcon_core.package_identification:_identify(.) by extensions ['colcon_pkg']
[1.154s] Level 1:colcon.colcon_core.package_identification:_identify(.) by extension 'colcon_pkg'
[1.154s] Level 1:colcon.colcon_core.package_identification:_identify(.) by extensions ['colcon_meta']
[1.154s] Level 1:colcon.colcon_core.package_identification:_identify(.) by extension 'colcon_meta'
[1.154s] Level 1:colcon.colcon_core.package_identification:_identify(.) by extensions ['ros']
[1.154s] Level 1:colcon.colcon_core.package_identification:_identify(.) by extension 'ros'
[1.174s] Level 1:colcon.colcon_core.package_identification:_identify(.) by extensions ['cmake', 'python']
[1.174s] Level 1:colcon.colcon_core.package_identification:_identify(.) by extension 'cmake'
[1.174s] Level 1:colcon.colcon_core.package_identification:_identify(.) by extension 'python'
[1.175s] Level 1:colcon.colcon_core.package_identification:_identify(.) by extensions ['python_setup_py']
[1.175s] Level 1:colcon.colcon_core.package_identification:_identify(.) by extension 'python_setup_py'
[1.176s] Level 1:colcon.colcon_core.package_identification:_identify(build) by extensions ['ignore', 'ignore_ament_install']
[1.176s] Level 1:colcon.colcon_core.package_identification:_identify(build) by extension 'ignore'
[1.176s] Level 1:colcon.colcon_core.package_identification:_identify(build) ignored
[1.176s] Level 1:colcon.colcon_core.package_identification:_identify(install) by extensions ['ignore', 'ignore_ament_install']
[1.177s] Level 1:colcon.colcon_core.package_identification:_identify(install) by extension 'ignore'
[1.177s] Level 1:colcon.colcon_core.package_identification:_identify(install) ignored
[1.177s] Level 1:colcon.colcon_core.package_identification:_identify(log) by extensions ['ignore', 'ignore_ament_install']
[1.177s] Level 1:colcon.colcon_core.package_identification:_identify(log) by extension 'ignore'
[1.177s] Level 1:colcon.colcon_core.package_identification:_identify(log) ignored
[1.178s] Level 1:colcon.colcon_core.package_identification:_identify(src) by extensions ['ignore', 'ignore_ament_install']
[1.178s] Level 1:colcon.colcon_core.package_identification:_identify(src) by extension 'ignore'
[1.178s] Level 1:colcon.colcon_core.package_identification:_identify(src) by extension 'ignore_ament_install'
[1.178s] Level 1:colcon.colcon_core.package_identification:_identify(src) by extensions ['colcon_pkg']
[1.179s] Level 1:colcon.colcon_core.package_identification:_identify(src) by extension 'colcon_pkg'
[1.179s] Level 1:colcon.colcon_core.package_identification:_identify(src) by extensions ['colcon_meta']
[1.179s] Level 1:colcon.colcon_core.package_identification:_identify(src) by extension 'colcon_meta'
[1.179s] Level 1:colcon.colcon_core.package_identification:_identify(src) by extensions ['ros']
[1.179s] Level 1:colcon.colcon_core.package_identification:_identify(src) by extension 'ros'
[1.179s] Level 1:colcon.colcon_core.package_identification:_identify(src) by extensions ['cmake', 'python']
[1.179s] Level 1:colcon.colcon_core.package_identification:_identify(src) by extension 'cmake'
[1.179s] Level 1:colcon.colcon_core.package_identification:_identify(src) by extension 'python'
[1.179s] Level 1:colcon.colcon_core.package_identification:_identify(src) by extensions ['python_setup_py']
[1.179s] Level 1:colcon.colcon_core.package_identification:_identify(src) by extension 'python_setup_py'
[1.179s] Level 1:colcon.colcon_core.package_identification:_identify(src/ros2_keyboard) by extensions ['ignore', 'ignore_ament_install']
[1.180s] Level 1:colcon.colcon_core.package_identification:_identify(src/ros2_keyboard) by extension 'ignore'
[1.180s] Level 1:colcon.colcon_core.package_identification:_identify(src/ros2_keyboard) by extension 'ignore_ament_install'
[1.180s] Level 1:colcon.colcon_core.package_identification:_identify(src/ros2_keyboard) by extensions ['colcon_pkg']
[1.180s] Level 1:colcon.colcon_core.package_identification:_identify(src/ros2_keyboard) by extension 'colcon_pkg'
[1.180s] Level 1:colcon.colcon_core.package_identification:_identify(src/ros2_keyboard) by extensions ['colcon_meta']
[1.180s] Level 1:colcon.colcon_core.package_identification:_identify(src/ros2_keyboard) by extension 'colcon_meta'
[1.180s] Level 1:colcon.colcon_core.package_identification:_identify(src/ros2_keyboard) by extensions ['ros']
[1.180s] Level 1:colcon.colcon_core.package_identification:_identify(src/ros2_keyboard) by extension 'ros'
[1.185s] DEBUG:colcon.colcon_core.package_identification:Package 'src/ros2_keyboard' with type 'ros.ament_cmake' and name 'ros2_keyboard'
[1.185s] Level 1:colcon.colcon_core.package_identification:_identify(src/ros2_webcam) by extensions ['ignore', 'ignore_ament_install']
[1.185s] Level 1:colcon.colcon_core.package_identification:_identify(src/ros2_webcam) by extension 'ignore'
[1.186s] Level 1:colcon.colcon_core.package_identification:_identify(src/ros2_webcam) by extension 'ignore_ament_install'
[1.186s] Level 1:colcon.colcon_core.package_identification:_identify(src/ros2_webcam) by extensions ['colcon_pkg']
[1.186s] Level 1:colcon.colcon_core.package_identification:_identify(src/ros2_webcam) by extension 'colcon_pkg'
[1.186s] Level 1:colcon.colcon_core.package_identification:_identify(src/ros2_webcam) by extensions ['colcon_meta']
[1.186s] Level 1:colcon.colcon_core.package_identification:_identify(src/ros2_webcam) by extension 'colcon_meta'
[1.186s] Level 1:colcon.colcon_core.package_identification:_identify(src/ros2_webcam) by extensions ['ros']
[1.186s] Level 1:colcon.colcon_core.package_identification:_identify(src/ros2_webcam) by extension 'ros'
[1.187s] DEBUG:colcon.colcon_core.package_identification:Package 'src/ros2_webcam' with type 'ros.ament_cmake' and name 'ros2_webcam'
[1.188s] Level 1:colcon.colcon_core.package_discovery:discover_packages(recursive) using defaults
[1.188s] Level 1:colcon.colcon_core.package_discovery:discover_packages(ignore) discover
[1.188s] Level 1:colcon.colcon_core.package_discovery:discover_packages(ignore) using defaults
[1.188s] Level 1:colcon.colcon_core.package_discovery:discover_packages(path) discover
[1.188s] Level 1:colcon.colcon_core.package_discovery:discover_packages(path) using defaults
[1.231s] Level 1:colcon.colcon_core.package_discovery:discover_packages(prefix_path) check parameters
[1.233s] Level 1:colcon.colcon_core.package_discovery:discover_packages(prefix_path) discover
[1.237s] DEBUG:colcon.colcon_installed_package_information.package_discovery:Found 0 installed packages in /home/mars_host/mars-ros2/install
[1.240s] DEBUG:colcon.colcon_installed_package_information.package_discovery:Found 285 installed packages in /opt/ros/humble
[1.242s] Level 1:colcon.colcon_core.package_discovery:discover_packages(prefix_path) using defaults
[1.295s] Level 5:colcon.colcon_core.verb:set package 'ros2_keyboard' build argument 'cmake_args' from command line to 'None'
[1.296s] Level 5:colcon.colcon_core.verb:set package 'ros2_keyboard' build argument 'cmake_target' from command line to 'None'
[1.296s] Level 5:colcon.colcon_core.verb:set package 'ros2_keyboard' build argument 'cmake_target_skip_unavailable' from command line to 'False'
[1.296s] Level 5:colcon.colcon_core.verb:set package 'ros2_keyboard' build argument 'cmake_clean_cache' from command line to 'False'
[1.296s] Level 5:colcon.colcon_core.verb:set package 'ros2_keyboard' build argument 'cmake_clean_first' from command line to 'False'
[1.296s] Level 5:colcon.colcon_core.verb:set package 'ros2_keyboard' build argument 'cmake_force_configure' from command line to 'False'
[1.296s] Level 5:colcon.colcon_core.verb:set package 'ros2_keyboard' build argument 'ament_cmake_args' from command line to 'None'
[1.296s] Level 5:colcon.colcon_core.verb:set package 'ros2_keyboard' build argument 'catkin_cmake_args' from command line to 'None'
[1.296s] Level 5:colcon.colcon_core.verb:set package 'ros2_keyboard' build argument 'catkin_skip_building_tests' from command line to 'False'
[1.296s] DEBUG:colcon.colcon_core.verb:Building package 'ros2_keyboard' with the following arguments: {'ament_cmake_args': None, 'build_base': '/home/mars_host/ros-intro-project/ros-intro-project/build/ros2_keyboard', 'catkin_cmake_args': None, 'catkin_skip_building_tests': False, 'cmake_args': None, 'cmake_clean_cache': False, 'cmake_clean_first': False, 'cmake_force_configure': False, 'cmake_target': None, 'cmake_target_skip_unavailable': False, 'install_base': '/home/mars_host/ros-intro-project/ros-intro-project/install/ros2_keyboard', 'merge_install': False, 'path': '/home/mars_host/ros-intro-project/ros-intro-project/src/ros2_keyboard', 'symlink_install': False, 'test_result_base': None}
[1.297s] Level 5:colcon.colcon_core.verb:set package 'ros2_webcam' build argument 'cmake_args' from command line to 'None'
[1.297s] Level 5:colcon.colcon_core.verb:set package 'ros2_webcam' build argument 'cmake_target' from command line to 'None'
[1.297s] Level 5:colcon.colcon_core.verb:set package 'ros2_webcam' build argument 'cmake_target_skip_unavailable' from command line to 'False'
[1.297s] Level 5:colcon.colcon_core.verb:set package 'ros2_webcam' build argument 'cmake_clean_cache' from command line to 'False'
[1.297s] Level 5:colcon.colcon_core.verb:set package 'ros2_webcam' build argument 'cmake_clean_first' from command line to 'False'
[1.297s] Level 5:colcon.colcon_core.verb:set package 'ros2_webcam' build argument 'cmake_force_configure' from command line to 'False'
[1.297s] Level 5:colcon.colcon_core.verb:set package 'ros2_webcam' build argument 'ament_cmake_args' from command line to 'None'
[1.298s] Level 5:colcon.colcon_core.verb:set package 'ros2_webcam' build argument 'catkin_cmake_args' from command line to 'None'
[1.298s] Level 5:colcon.colcon_core.verb:set package 'ros2_webcam' build argument 'catkin_skip_building_tests' from command line to 'False'
[1.298s] DEBUG:colcon.colcon_core.verb:Building package 'ros2_webcam' with the following arguments: {'ament_cmake_args': None, 'build_base': '/home/mars_host/ros-intro-project/ros-intro-project/build/ros2_webcam', 'catkin_cmake_args': None, 'catkin_skip_building_tests': False, 'cmake_args': None, 'cmake_clean_cache': False, 'cmake_clean_first': False, 'cmake_force_configure': False, 'cmake_target': None, 'cmake_target_skip_unavailable': False, 'install_base': '/home/mars_host/ros-intro-project/ros-intro-project/install/ros2_webcam', 'merge_install': False, 'path': '/home/mars_host/ros-intro-project/ros-intro-project/src/ros2_webcam', 'symlink_install': False, 'test_result_base': None}
[1.298s] INFO:colcon.colcon_core.executor:Executing jobs using 'parallel' executor
[1.301s] DEBUG:colcon.colcon_parallel_executor.executor.parallel:run_until_complete
[1.303s] INFO:colcon.colcon_ros.task.ament_cmake.build:Building ROS package in '/home/mars_host/ros-intro-project/ros-intro-project/src/ros2_keyboard' with build type 'ament_cmake'
[1.303s] INFO:colcon.colcon_cmake.task.cmake.build:Building CMake package in '/home/mars_host/ros-intro-project/ros-intro-project/src/ros2_keyboard'
[1.310s] INFO:colcon.colcon_core.plugin_system:Skipping extension 'colcon_core.shell.bat': Not used on non-Windows systems
[1.312s] INFO:colcon.colcon_core.shell:Skip shell extension 'powershell' for command environment: Not usable outside of PowerShell
[1.312s] DEBUG:colcon.colcon_core.shell:Skip shell extension 'dsv' for command environment
[1.328s] INFO:colcon.colcon_ros.task.ament_cmake.build:Building ROS package in '/home/mars_host/ros-intro-project/ros-intro-project/src/ros2_webcam' with build type 'ament_cmake'
[1.329s] INFO:colcon.colcon_cmake.task.cmake.build:Building CMake package in '/home/mars_host/ros-intro-project/ros-intro-project/src/ros2_webcam'
[1.329s] INFO:colcon.colcon_core.shell:Skip shell extension 'powershell' for command environment: Not usable outside of PowerShell
[1.330s] DEBUG:colcon.colcon_core.shell:Skip shell extension 'dsv' for command environment
[1.399s] DEBUG:colcon.colcon_core.event_handler.log_command:Invoking command in '/home/mars_host/ros-intro-project/ros-intro-project/build/ros2_webcam': CMAKE_PREFIX_PATH=/opt/ros/humble /usr/bin/cmake /home/mars_host/ros-intro-project/ros-intro-project/src/ros2_webcam -DCMAKE_INSTALL_PREFIX=/home/mars_host/ros-intro-project/ros-intro-project/install/ros2_webcam
[1.478s] DEBUG:colcon.colcon_core.event_handler.log_command:Invoking command in '/home/mars_host/ros-intro-project/ros-intro-project/build/ros2_keyboard': CMAKE_PREFIX_PATH=/opt/ros/humble /usr/bin/cmake /home/mars_host/ros-intro-project/ros-intro-project/src/ros2_keyboard -DCMAKE_INSTALL_PREFIX=/home/mars_host/ros-intro-project/ros-intro-project/install/ros2_keyboard
[16.610s] DEBUG:colcon.colcon_core.event_handler.log_command:Invoked command in '/home/mars_host/ros-intro-project/ros-intro-project/build/ros2_keyboard' returned '0': CMAKE_PREFIX_PATH=/opt/ros/humble /usr/bin/cmake /home/mars_host/ros-intro-project/ros-intro-project/src/ros2_keyboard -DCMAKE_INSTALL_PREFIX=/home/mars_host/ros-intro-project/ros-intro-project/install/ros2_keyboard
[16.625s] DEBUG:colcon.colcon_core.event_handler.log_command:Invoking command in '/home/mars_host/ros-intro-project/ros-intro-project/build/ros2_keyboard': CMAKE_PREFIX_PATH=/opt/ros/humble /usr/bin/cmake --build /home/mars_host/ros-intro-project/ros-intro-project/build/ros2_keyboard -- -j2 -l2
[18.059s] DEBUG:colcon.colcon_core.event_handler.log_command:Invoked command in '/home/mars_host/ros-intro-project/ros-intro-project/build/ros2_webcam' returned '0': CMAKE_PREFIX_PATH=/opt/ros/humble /usr/bin/cmake /home/mars_host/ros-intro-project/ros-intro-project/src/ros2_webcam -DCMAKE_INSTALL_PREFIX=/home/mars_host/ros-intro-project/ros-intro-project/install/ros2_webcam
[18.064s] DEBUG:colcon.colcon_core.event_handler.log_command:Invoking command in '/home/mars_host/ros-intro-project/ros-intro-project/build/ros2_webcam': CMAKE_PREFIX_PATH=/opt/ros/humble /usr/bin/cmake --build /home/mars_host/ros-intro-project/ros-intro-project/build/ros2_webcam -- -j2 -l2
[32.833s] DEBUG:colcon.colcon_core.event_handler.log_command:Invoked command in '/home/mars_host/ros-intro-project/ros-intro-project/build/ros2_keyboard' returned '0': CMAKE_PREFIX_PATH=/opt/ros/humble /usr/bin/cmake --build /home/mars_host/ros-intro-project/ros-intro-project/build/ros2_keyboard -- -j2 -l2
[33.387s] DEBUG:colcon.colcon_core.event_handler.log_command:Invoking command in '/home/mars_host/ros-intro-project/ros-intro-project/build/ros2_keyboard': CMAKE_PREFIX_PATH=/opt/ros/humble /usr/bin/cmake --install /home/mars_host/ros-intro-project/ros-intro-project/build/ros2_keyboard
[33.604s] Level 1:colcon.colcon_core.environment:create_environment_scripts_only(ros2_keyboard)
[33.611s] Level 1:colcon.colcon_core.environment:checking '/home/mars_host/ros-intro-project/ros-intro-project/install/ros2_keyboard' for CMake module files
[33.612s] Level 1:colcon.colcon_core.environment:checking '/home/mars_host/ros-intro-project/ros-intro-project/install/ros2_keyboard' for CMake config files
[33.612s] Level 1:colcon.colcon_core.shell:create_environment_hook('ros2_keyboard', 'cmake_prefix_path')
[33.612s] INFO:colcon.colcon_core.shell:Creating environment hook '/home/mars_host/ros-intro-project/ros-intro-project/install/ros2_keyboard/share/ros2_keyboard/hook/cmake_prefix_path.ps1'
[33.629s] DEBUG:colcon.colcon_core.event_handler.log_command:Invoked command in '/home/mars_host/ros-intro-project/ros-intro-project/build/ros2_keyboard' returned '0': CMAKE_PREFIX_PATH=/opt/ros/humble /usr/bin/cmake --install /home/mars_host/ros-intro-project/ros-intro-project/build/ros2_keyboard
[33.630s] INFO:colcon.colcon_core.shell:Creating environment descriptor '/home/mars_host/ros-intro-project/ros-intro-project/install/ros2_keyboard/share/ros2_keyboard/hook/cmake_prefix_path.dsv'
[33.630s] INFO:colcon.colcon_core.shell:Creating environment hook '/home/mars_host/ros-intro-project/ros-intro-project/install/ros2_keyboard/share/ros2_keyboard/hook/cmake_prefix_path.sh'
[33.632s] Level 1:colcon.colcon_core.environment:checking '/home/mars_host/ros-intro-project/ros-intro-project/install/ros2_keyboard/lib'
[33.632s] Level 1:colcon.colcon_core.environment:checking '/home/mars_host/ros-intro-project/ros-intro-project/install/ros2_keyboard/bin'
[33.632s] Level 1:colcon.colcon_core.environment:checking '/home/mars_host/ros-intro-project/ros-intro-project/install/ros2_keyboard/lib/pkgconfig/ros2_keyboard.pc'
[33.633s] Level 1:colcon.colcon_core.environment:checking '/home/mars_host/ros-intro-project/ros-intro-project/install/ros2_keyboard/lib/python3.10/site-packages'
[33.633s] Level 1:colcon.colcon_core.environment:checking '/home/mars_host/ros-intro-project/ros-intro-project/install/ros2_keyboard/bin'
[33.633s] INFO:colcon.colcon_core.shell:Creating package script '/home/mars_host/ros-intro-project/ros-intro-project/install/ros2_keyboard/share/ros2_keyboard/package.ps1'
[33.642s] INFO:colcon.colcon_core.shell:Creating package descriptor '/home/mars_host/ros-intro-project/ros-intro-project/install/ros2_keyboard/share/ros2_keyboard/package.dsv'
[33.646s] INFO:colcon.colcon_core.shell:Creating package script '/home/mars_host/ros-intro-project/ros-intro-project/install/ros2_keyboard/share/ros2_keyboard/package.sh'
[33.652s] INFO:colcon.colcon_core.shell:Creating package script '/home/mars_host/ros-intro-project/ros-intro-project/install/ros2_keyboard/share/ros2_keyboard/package.bash'
[33.654s] INFO:colcon.colcon_core.shell:Creating package script '/home/mars_host/ros-intro-project/ros-intro-project/install/ros2_keyboard/share/ros2_keyboard/package.zsh'
[33.655s] Level 1:colcon.colcon_core.environment:create_file_with_runtime_dependencies(/home/mars_host/ros-intro-project/ros-intro-project/install/ros2_keyboard/share/colcon-core/packages/ros2_keyboard)
[34.594s] Level 1:colcon.colcon_core.environment:create_environment_scripts_only(ros2_keyboard)
[34.637s] Level 1:colcon.colcon_core.environment:checking '/home/mars_host/ros-intro-project/ros-intro-project/install/ros2_keyboard' for CMake module files
[34.640s] Level 1:colcon.colcon_core.environment:checking '/home/mars_host/ros-intro-project/ros-intro-project/install/ros2_keyboard' for CMake config files
[34.641s] Level 1:colcon.colcon_core.shell:create_environment_hook('ros2_keyboard', 'cmake_prefix_path')
[34.642s] INFO:colcon.colcon_core.shell:Creating environment hook '/home/mars_host/ros-intro-project/ros-intro-project/install/ros2_keyboard/share/ros2_keyboard/hook/cmake_prefix_path.ps1'
[34.644s] INFO:colcon.colcon_core.shell:Creating environment descriptor '/home/mars_host/ros-intro-project/ros-intro-project/install/ros2_keyboard/share/ros2_keyboard/hook/cmake_prefix_path.dsv'
[34.648s] INFO:colcon.colcon_core.shell:Creating environment hook '/home/mars_host/ros-intro-project/ros-intro-project/install/ros2_keyboard/share/ros2_keyboard/hook/cmake_prefix_path.sh'
[34.650s] Level 1:colcon.colcon_core.environment:checking '/home/mars_host/ros-intro-project/ros-intro-project/install/ros2_keyboard/lib'
[34.651s] Level 1:colcon.colcon_core.environment:checking '/home/mars_host/ros-intro-project/ros-intro-project/install/ros2_keyboard/bin'
[34.651s] Level 1:colcon.colcon_core.environment:checking '/home/mars_host/ros-intro-project/ros-intro-project/install/ros2_keyboard/lib/pkgconfig/ros2_keyboard.pc'
[34.652s] Level 1:colcon.colcon_core.environment:checking '/home/mars_host/ros-intro-project/ros-intro-project/install/ros2_keyboard/lib/python3.10/site-packages'
[34.653s] Level 1:colcon.colcon_core.environment:checking '/home/mars_host/ros-intro-project/ros-intro-project/install/ros2_keyboard/bin'
[34.654s] INFO:colcon.colcon_core.shell:Creating package script '/home/mars_host/ros-intro-project/ros-intro-project/install/ros2_keyboard/share/ros2_keyboard/package.ps1'
[34.657s] INFO:colcon.colcon_core.shell:Creating package descriptor '/home/mars_host/ros-intro-project/ros-intro-project/install/ros2_keyboard/share/ros2_keyboard/package.dsv'
[34.661s] INFO:colcon.colcon_core.shell:Creating package script '/home/mars_host/ros-intro-project/ros-intro-project/install/ros2_keyboard/share/ros2_keyboard/package.sh'
[34.663s] INFO:colcon.colcon_core.shell:Creating package script '/home/mars_host/ros-intro-project/ros-intro-project/install/ros2_keyboard/share/ros2_keyboard/package.bash'
[34.664s] INFO:colcon.colcon_core.shell:Creating package script '/home/mars_host/ros-intro-project/ros-intro-project/install/ros2_keyboard/share/ros2_keyboard/package.zsh'
[34.666s] Level 1:colcon.colcon_core.environment:create_file_with_runtime_dependencies(/home/mars_host/ros-intro-project/ros-intro-project/install/ros2_keyboard/share/colcon-core/packages/ros2_keyboard)
[40.234s] DEBUG:colcon.colcon_core.event_handler.log_command:Invoked command in '/home/mars_host/ros-intro-project/ros-intro-project/build/ros2_webcam' returned '0': CMAKE_PREFIX_PATH=/opt/ros/humble /usr/bin/cmake --build /home/mars_host/ros-intro-project/ros-intro-project/build/ros2_webcam -- -j2 -l2
[40.715s] DEBUG:colcon.colcon_core.event_handler.log_command:Invoking command in '/home/mars_host/ros-intro-project/ros-intro-project/build/ros2_webcam': CMAKE_PREFIX_PATH=/opt/ros/humble /usr/bin/cmake --install /home/mars_host/ros-intro-project/ros-intro-project/build/ros2_webcam
[41.020s] Level 1:colcon.colcon_core.environment:create_environment_scripts_only(ros2_webcam)
[41.022s] Level 1:colcon.colcon_core.environment:checking '/home/mars_host/ros-intro-project/ros-intro-project/install/ros2_webcam' for CMake module files
[41.025s] DEBUG:colcon.colcon_core.event_handler.log_command:Invoked command in '/home/mars_host/ros-intro-project/ros-intro-project/build/ros2_webcam' returned '0': CMAKE_PREFIX_PATH=/opt/ros/humble /usr/bin/cmake --install /home/mars_host/ros-intro-project/ros-intro-project/build/ros2_webcam
[41.028s] Level 1:colcon.colcon_core.environment:checking '/home/mars_host/ros-intro-project/ros-intro-project/install/ros2_webcam' for CMake config files
[41.029s] Level 1:colcon.colcon_core.shell:create_environment_hook('ros2_webcam', 'cmake_prefix_path')
[41.029s] INFO:colcon.colcon_core.shell:Creating environment hook '/home/mars_host/ros-intro-project/ros-intro-project/install/ros2_webcam/share/ros2_webcam/hook/cmake_prefix_path.ps1'
[41.030s] INFO:colcon.colcon_core.shell:Creating environment descriptor '/home/mars_host/ros-intro-project/ros-intro-project/install/ros2_webcam/share/ros2_webcam/hook/cmake_prefix_path.dsv'
[41.030s] INFO:colcon.colcon_core.shell:Creating environment hook '/home/mars_host/ros-intro-project/ros-intro-project/install/ros2_webcam/share/ros2_webcam/hook/cmake_prefix_path.sh'
[41.031s] Level 1:colcon.colcon_core.environment:checking '/home/mars_host/ros-intro-project/ros-intro-project/install/ros2_webcam/lib'
[41.031s] Level 1:colcon.colcon_core.environment:checking '/home/mars_host/ros-intro-project/ros-intro-project/install/ros2_webcam/bin'
[41.032s] Level 1:colcon.colcon_core.environment:checking '/home/mars_host/ros-intro-project/ros-intro-project/install/ros2_webcam/lib/pkgconfig/ros2_webcam.pc'
[41.032s] Level 1:colcon.colcon_core.environment:checking '/home/mars_host/ros-intro-project/ros-intro-project/install/ros2_webcam/lib/python3.10/site-packages'
[41.032s] Level 1:colcon.colcon_core.environment:checking '/home/mars_host/ros-intro-project/ros-intro-project/install/ros2_webcam/bin'
[41.033s] INFO:colcon.colcon_core.shell:Creating package script '/home/mars_host/ros-intro-project/ros-intro-project/install/ros2_webcam/share/ros2_webcam/package.ps1'
[41.033s] INFO:colcon.colcon_core.shell:Creating package descriptor '/home/mars_host/ros-intro-project/ros-intro-project/install/ros2_webcam/share/ros2_webcam/package.dsv'
[41.034s] INFO:colcon.colcon_core.shell:Creating package script '/home/mars_host/ros-intro-project/ros-intro-project/install/ros2_webcam/share/ros2_webcam/package.sh'
[41.045s] INFO:colcon.colcon_core.shell:Creating package script '/home/mars_host/ros-intro-project/ros-intro-project/install/ros2_webcam/share/ros2_webcam/package.bash'
[41.047s] INFO:colcon.colcon_core.shell:Creating package script '/home/mars_host/ros-intro-project/ros-intro-project/install/ros2_webcam/share/ros2_webcam/package.zsh'
[41.048s] Level 1:colcon.colcon_core.environment:create_file_with_runtime_dependencies(/home/mars_host/ros-intro-project/ros-intro-project/install/ros2_webcam/share/colcon-core/packages/ros2_webcam)
[41.518s] Level 1:colcon.colcon_core.environment:create_environment_scripts_only(ros2_webcam)
[41.520s] Level 1:colcon.colcon_core.environment:checking '/home/mars_host/ros-intro-project/ros-intro-project/install/ros2_webcam' for CMake module files
[41.529s] Level 1:colcon.colcon_core.environment:checking '/home/mars_host/ros-intro-project/ros-intro-project/install/ros2_webcam' for CMake config files
[41.530s] Level 1:colcon.colcon_core.shell:create_environment_hook('ros2_webcam', 'cmake_prefix_path')
[41.530s] INFO:colcon.colcon_core.shell:Creating environment hook '/home/mars_host/ros-intro-project/ros-intro-project/install/ros2_webcam/share/ros2_webcam/hook/cmake_prefix_path.ps1'
[41.536s] INFO:colcon.colcon_core.shell:Creating environment descriptor '/home/mars_host/ros-intro-project/ros-intro-project/install/ros2_webcam/share/ros2_webcam/hook/cmake_prefix_path.dsv'
[41.578s] INFO:colcon.colcon_core.shell:Creating environment hook '/home/mars_host/ros-intro-project/ros-intro-project/install/ros2_webcam/share/ros2_webcam/hook/cmake_prefix_path.sh'
[41.613s] Level 1:colcon.colcon_core.environment:checking '/home/mars_host/ros-intro-project/ros-intro-project/install/ros2_webcam/lib'
[41.615s] Level 1:colcon.colcon_core.environment:checking '/home/mars_host/ros-intro-project/ros-intro-project/install/ros2_webcam/bin'
[41.615s] Level 1:colcon.colcon_core.environment:checking '/home/mars_host/ros-intro-project/ros-intro-project/install/ros2_webcam/lib/pkgconfig/ros2_webcam.pc'
[41.616s] Level 1:colcon.colcon_core.environment:checking '/home/mars_host/ros-intro-project/ros-intro-project/install/ros2_webcam/lib/python3.10/site-packages'
[41.617s] Level 1:colcon.colcon_core.environment:checking '/home/mars_host/ros-intro-project/ros-intro-project/install/ros2_webcam/bin'
[41.618s] INFO:colcon.colcon_core.shell:Creating package script '/home/mars_host/ros-intro-project/ros-intro-project/install/ros2_webcam/share/ros2_webcam/package.ps1'
[41.623s] INFO:colcon.colcon_core.shell:Creating package descriptor '/home/mars_host/ros-intro-project/ros-intro-project/install/ros2_webcam/share/ros2_webcam/package.dsv'
[41.627s] INFO:colcon.colcon_core.shell:Creating package script '/home/mars_host/ros-intro-project/ros-intro-project/install/ros2_webcam/share/ros2_webcam/package.sh'
[41.629s] INFO:colcon.colcon_core.shell:Creating package script '/home/mars_host/ros-intro-project/ros-intro-project/install/ros2_webcam/share/ros2_webcam/package.bash'
[41.631s] INFO:colcon.colcon_core.shell:Creating package script '/home/mars_host/ros-intro-project/ros-intro-project/install/ros2_webcam/share/ros2_webcam/package.zsh'
[41.635s] Level 1:colcon.colcon_core.environment:create_file_with_runtime_dependencies(/home/mars_host/ros-intro-project/ros-intro-project/install/ros2_webcam/share/colcon-core/packages/ros2_webcam)
[41.640s] DEBUG:colcon.colcon_parallel_executor.executor.parallel:closing loop
[41.641s] DEBUG:colcon.colcon_parallel_executor.executor.parallel:loop closed
[41.642s] DEBUG:colcon.colcon_parallel_executor.executor.parallel:run_until_complete finished with '0'
[41.645s] DEBUG:colcon.colcon_core.event_reactor:joining thread
[41.726s] INFO:colcon.colcon_core.plugin_system:Skipping extension 'colcon_notification.desktop_notification.terminal_notifier': Not used on non-Darwin systems
[41.727s] INFO:colcon.colcon_core.plugin_system:Skipping extension 'colcon_notification.desktop_notification.win32': Not used on non-Windows systems
[41.727s] INFO:colcon.colcon_notification.desktop_notification:Sending desktop notification using 'notify2'
[41.944s] DEBUG:colcon.colcon_core.event_reactor:joined thread
[41.945s] INFO:colcon.colcon_core.shell:Creating prefix script '/home/mars_host/ros-intro-project/ros-intro-project/install/local_setup.ps1'
[41.947s] INFO:colcon.colcon_core.shell:Creating prefix util module '/home/mars_host/ros-intro-project/ros-intro-project/install/_local_setup_util_ps1.py'
[41.949s] INFO:colcon.colcon_core.shell:Creating prefix chain script '/home/mars_host/ros-intro-project/ros-intro-project/install/setup.ps1'
[41.950s] INFO:colcon.colcon_core.shell:Creating prefix script '/home/mars_host/ros-intro-project/ros-intro-project/install/local_setup.sh'
[41.951s] INFO:colcon.colcon_core.shell:Creating prefix util module '/home/mars_host/ros-intro-project/ros-intro-project/install/_local_setup_util_sh.py'
[41.958s] INFO:colcon.colcon_core.shell:Creating prefix chain script '/home/mars_host/ros-intro-project/ros-intro-project/install/setup.sh'
[41.960s] INFO:colcon.colcon_core.shell:Creating prefix script '/home/mars_host/ros-intro-project/ros-intro-project/install/local_setup.bash'
[41.960s] INFO:colcon.colcon_core.shell:Creating prefix chain script '/home/mars_host/ros-intro-project/ros-intro-project/install/setup.bash'
[41.961s] INFO:colcon.colcon_core.shell:Creating prefix script '/home/mars_host/ros-intro-project/ros-intro-project/install/local_setup.zsh'
[41.962s] INFO:colcon.colcon_core.shell:Creating prefix chain script '/home/mars_host/ros-intro-project/ros-intro-project/install/setup.zsh'
