[0.069s] Invoking command in '/home/mars_host/ros-intro-project/ros-intro-project/build/ros2_webcam': CMAKE_PREFIX_PATH=/opt/ros/humble /usr/bin/cmake /home/mars_host/ros-intro-project/ros-intro-project/src/ros2_webcam -DCMAKE_INSTALL_PREFIX=/home/mars_host/ros-intro-project/ros-intro-project/install/ros2_webcam
[0.711s] -- The C compiler identification is GNU 11.4.0
[1.225s] -- The CXX compiler identification is GNU 11.4.0
[1.260s] -- Detecting C compiler ABI info
[1.991s] -- Detecting C compiler ABI info - done
[2.022s] -- Check for working C compiler: /usr/bin/cc - skipped
[2.024s] -- Detecting C compile features
[2.026s] -- Detecting C compile features - done
[2.059s] -- Detecting CXX compiler ABI info
[3.088s] -- Detecting CXX compiler ABI info - done
[3.164s] -- Check for working CXX compiler: /usr/bin/c++ - skipped
[3.211s] -- Detecting CXX compile features
[3.211s] -- Detecting CXX compile features - done
[3.232s] -- Found ament_cmake: 1.3.8 (/opt/ros/humble/share/ament_cmake/cmake)
[4.443s] -- Found Python3: /usr/bin/python3 (found version "3.10.12") found components: Interpreter 
[4.738s] -- Found rclcpp: 16.0.8 (/opt/ros/humble/share/rclcpp/cmake)
[4.892s] -- Found rosidl_generator_c: 3.1.5 (/opt/ros/humble/share/rosidl_generator_c/cmake)
[4.902s] -- Found rosidl_adapter: 3.1.5 (/opt/ros/humble/share/rosidl_adapter/cmake)
[4.952s] -- Found rosidl_generator_cpp: 3.1.5 (/opt/ros/humble/share/rosidl_generator_cpp/cmake)
[5.021s] -- Using all available rosidl_typesupport_c: rosidl_typesupport_fastrtps_c;rosidl_typesupport_introspection_c
[5.092s] -- Using all available rosidl_typesupport_cpp: rosidl_typesupport_fastrtps_cpp;rosidl_typesupport_introspection_cpp
[5.540s] -- Found rmw_implementation_cmake: 6.1.1 (/opt/ros/humble/share/rmw_implementation_cmake/cmake)
[5.543s] -- Found rmw_fastrtps_cpp: 6.2.6 (/opt/ros/humble/share/rmw_fastrtps_cpp/cmake)
[7.309s] -- Found OpenSSL: /usr/lib/x86_64-linux-gnu/libcrypto.so (found version "3.0.2")  
[7.509s] -- Found FastRTPS: /opt/ros/humble/include  
[8.008s] -- Using RMW implementation 'rmw_fastrtps_cpp' as default
[8.104s] -- Looking for pthread.h
[9.283s] -- Looking for pthread.h - found
[9.285s] -- Performing Test CMAKE_HAVE_LIBC_PTHREAD
[11.968s] -- Performing Test CMAKE_HAVE_LIBC_PTHREAD - Success
[11.974s] -- Found Threads: TRUE  
[13.234s] -- Found rclpy: 3.3.12 (/opt/ros/humble/share/rclpy/cmake)
[13.243s] -- Found sensor_msgs: 4.2.3 (/opt/ros/humble/share/sensor_msgs/cmake)
[14.422s] -- Found cv_bridge: 3.2.1 (/opt/ros/humble/share/cv_bridge/cmake)
[14.423s] -- Found image_transport: 3.1.9 (/opt/ros/humble/share/image_transport/cmake)
[14.790s] -- Found OpenCV: /usr (found version "4.5.4") 
[14.818s] -- Found ament_lint_auto: 0.12.10 (/opt/ros/humble/share/ament_lint_auto/cmake)
[16.367s] -- Added test 'cppcheck' to perform static code analysis on C / C++ code
[16.383s] -- Configured cppcheck include dirs: /home/mars_host/ros-intro-project/ros-intro-project/src/ros2_webcam/include
[16.517s] -- Configured cppcheck exclude dirs and/or files: 
[16.517s] -- Added test 'flake8' to check Python code syntax and style conventions
[16.517s] -- Added test 'lint_cmake' to check CMake code style
[16.518s] -- Added test 'pep257' to check Python code against some of the docstring style conventions in PEP 257
[16.518s] -- Added test 'uncrustify' to check C / C++ code style
[16.518s] -- Configured uncrustify additional arguments: 
[16.518s] -- Added test 'xmllint' to check XML markup files
[16.518s] -- Configuring done
[16.567s] -- Generating done
[16.567s] -- Build files have been written to: /home/mars_host/ros-intro-project/ros-intro-project/build/ros2_webcam
[16.728s] Invoked command in '/home/mars_host/ros-intro-project/ros-intro-project/build/ros2_webcam' returned '0': CMAKE_PREFIX_PATH=/opt/ros/humble /usr/bin/cmake /home/mars_host/ros-intro-project/ros-intro-project/src/ros2_webcam -DCMAKE_INSTALL_PREFIX=/home/mars_host/ros-intro-project/ros-intro-project/install/ros2_webcam
[16.733s] Invoking command in '/home/mars_host/ros-intro-project/ros-intro-project/build/ros2_webcam': CMAKE_PREFIX_PATH=/opt/ros/humble /usr/bin/cmake --build /home/mars_host/ros-intro-project/ros-intro-project/build/ros2_webcam -- -j2 -l2
[17.855s] [ 50%] [32mBuilding CXX object CMakeFiles/webcam_pub.dir/src/webcam_image_publisher.cpp.o[0m
[35.152s] [100%] [32m[1mLinking CXX executable webcam_pub[0m
[37.187s] [100%] Built target webcam_pub
[37.513s] [100%] Built target ament_cmake_python_copy_ros2_webcam
[38.584s] running egg_info
[38.594s] creating ros2_webcam.egg-info
[38.598s] writing ros2_webcam.egg-info/PKG-INFO
[38.604s] writing dependency_links to ros2_webcam.egg-info/dependency_links.txt
[38.609s] writing top-level names to ros2_webcam.egg-info/top_level.txt
[38.613s] writing manifest file 'ros2_webcam.egg-info/SOURCES.txt'
[38.633s] reading manifest file 'ros2_webcam.egg-info/SOURCES.txt'
[38.639s] writing manifest file 'ros2_webcam.egg-info/SOURCES.txt'
[38.858s] [100%] Built target ament_cmake_python_build_ros2_webcam_egg
[38.904s] Invoked command in '/home/mars_host/ros-intro-project/ros-intro-project/build/ros2_webcam' returned '0': CMAKE_PREFIX_PATH=/opt/ros/humble /usr/bin/cmake --build /home/mars_host/ros-intro-project/ros-intro-project/build/ros2_webcam -- -j2 -l2
[39.384s] Invoking command in '/home/mars_host/ros-intro-project/ros-intro-project/build/ros2_webcam': CMAKE_PREFIX_PATH=/opt/ros/humble /usr/bin/cmake --install /home/mars_host/ros-intro-project/ros-intro-project/build/ros2_webcam
[39.419s] -- Install configuration: ""
[39.419s] -- Installing: /home/mars_host/ros-intro-project/ros-intro-project/install/ros2_webcam/lib/ros2_webcam/webcam_pub
[39.419s] -- Set runtime path of "/home/mars_host/ros-intro-project/ros-intro-project/install/ros2_webcam/lib/ros2_webcam/webcam_pub" to ""
[39.422s] -- Installing: /home/mars_host/ros-intro-project/ros-intro-project/install/ros2_webcam/share/ros2_webcam/environment/pythonpath.sh
[39.423s] -- Installing: /home/mars_host/ros-intro-project/ros-intro-project/install/ros2_webcam/share/ros2_webcam/environment/pythonpath.dsv
[39.423s] -- Installing: /home/mars_host/ros-intro-project/ros-intro-project/install/ros2_webcam/local/lib/python3.10/dist-packages/ros2_webcam-0.0.0-py3.10.egg-info
[39.423s] -- Installing: /home/mars_host/ros-intro-project/ros-intro-project/install/ros2_webcam/local/lib/python3.10/dist-packages/ros2_webcam-0.0.0-py3.10.egg-info/top_level.txt
[39.433s] -- Installing: /home/mars_host/ros-intro-project/ros-intro-project/install/ros2_webcam/local/lib/python3.10/dist-packages/ros2_webcam-0.0.0-py3.10.egg-info/dependency_links.txt
[39.434s] -- Installing: /home/mars_host/ros-intro-project/ros-intro-project/install/ros2_webcam/local/lib/python3.10/dist-packages/ros2_webcam-0.0.0-py3.10.egg-info/SOURCES.txt
[39.434s] -- Installing: /home/mars_host/ros-intro-project/ros-intro-project/install/ros2_webcam/local/lib/python3.10/dist-packages/ros2_webcam-0.0.0-py3.10.egg-info/PKG-INFO
[39.434s] -- Installing: /home/mars_host/ros-intro-project/ros-intro-project/install/ros2_webcam/local/lib/python3.10/dist-packages/ros2_webcam
[39.434s] -- Installing: /home/mars_host/ros-intro-project/ros-intro-project/install/ros2_webcam/local/lib/python3.10/dist-packages/ros2_webcam/__init__.py
[39.662s] Listing '/home/mars_host/ros-intro-project/ros-intro-project/install/ros2_webcam/local/lib/python3.10/dist-packages/ros2_webcam'...
[39.663s] Compiling '/home/mars_host/ros-intro-project/ros-intro-project/install/ros2_webcam/local/lib/python3.10/dist-packages/ros2_webcam/__init__.py'...
[39.672s] -- Installing: /home/mars_host/ros-intro-project/ros-intro-project/install/ros2_webcam/lib/ros2_webcam/display.py
[39.688s] -- Installing: /home/mars_host/ros-intro-project/ros-intro-project/install/ros2_webcam/share/ament_index/resource_index/package_run_dependencies/ros2_webcam
[39.690s] -- Installing: /home/mars_host/ros-intro-project/ros-intro-project/install/ros2_webcam/share/ament_index/resource_index/parent_prefix_path/ros2_webcam
[39.693s] -- Installing: /home/mars_host/ros-intro-project/ros-intro-project/install/ros2_webcam/share/ros2_webcam/environment/ament_prefix_path.sh
[39.693s] -- Installing: /home/mars_host/ros-intro-project/ros-intro-project/install/ros2_webcam/share/ros2_webcam/environment/ament_prefix_path.dsv
[39.693s] -- Installing: /home/mars_host/ros-intro-project/ros-intro-project/install/ros2_webcam/share/ros2_webcam/environment/path.sh
[39.693s] -- Installing: /home/mars_host/ros-intro-project/ros-intro-project/install/ros2_webcam/share/ros2_webcam/environment/path.dsv
[39.694s] -- Installing: /home/mars_host/ros-intro-project/ros-intro-project/install/ros2_webcam/share/ros2_webcam/local_setup.bash
[39.694s] -- Installing: /home/mars_host/ros-intro-project/ros-intro-project/install/ros2_webcam/share/ros2_webcam/local_setup.sh
[39.694s] -- Installing: /home/mars_host/ros-intro-project/ros-intro-project/install/ros2_webcam/share/ros2_webcam/local_setup.zsh
[39.694s] -- Installing: /home/mars_host/ros-intro-project/ros-intro-project/install/ros2_webcam/share/ros2_webcam/local_setup.dsv
[39.694s] -- Installing: /home/mars_host/ros-intro-project/ros-intro-project/install/ros2_webcam/share/ros2_webcam/package.dsv
[39.694s] -- Installing: /home/mars_host/ros-intro-project/ros-intro-project/install/ros2_webcam/share/ament_index/resource_index/packages/ros2_webcam
[39.694s] -- Installing: /home/mars_host/ros-intro-project/ros-intro-project/install/ros2_webcam/share/ros2_webcam/cmake/ros2_webcamConfig.cmake
[39.694s] -- Installing: /home/mars_host/ros-intro-project/ros-intro-project/install/ros2_webcam/share/ros2_webcam/cmake/ros2_webcamConfig-version.cmake
[39.694s] -- Installing: /home/mars_host/ros-intro-project/ros-intro-project/install/ros2_webcam/share/ros2_webcam/package.xml
[39.694s] Invoked command in '/home/mars_host/ros-intro-project/ros-intro-project/build/ros2_webcam' returned '0': CMAKE_PREFIX_PATH=/opt/ros/humble /usr/bin/cmake --install /home/mars_host/ros-intro-project/ros-intro-project/build/ros2_webcam
