[0.095s] DEBUG:colcon:Command line arguments: ['/usr/bin/colcon', 'build']
[0.095s] DEBUG:colcon:Parsed command line arguments: Namespace(log_base=None, log_level=None, verb_name='build', build_base='build', install_base='install', merge_install=False, symlink_install=False, test_result_base=None, continue_on_error=False, executor='parallel', parallel_workers=2, event_handlers=None, ignore_user_meta=False, metas=['./colcon.meta'], base_paths=['.'], packages_ignore=None, packages_ignore_regex=None, paths=None, packages_up_to=None, packages_up_to_regex=None, packages_above=None, packages_above_and_dependencies=None, packages_above_depth=None, packages_select_by_dep=None, packages_skip_by_dep=None, packages_skip_up_to=None, packages_select_build_failed=False, packages_skip_build_finished=False, packages_select_test_failures=False, packages_skip_test_passed=False, packages_select=None, packages_skip=None, packages_select_regex=None, packages_skip_regex=None, packages_start=None, packages_end=None, allow_overriding=[], cmake_args=None, cmake_target=None, cmake_target_skip_unavailable=False, cmake_clean_cache=False, cmake_clean_first=False, cmake_force_configure=False, ament_cmake_args=None, catkin_cmake_args=None, catkin_skip_building_tests=False, mixin_files=None, mixin=None, verb_parser=<colcon_mixin.mixin.mixin_argument.MixinArgumentDecorator object at 0x7f0fe01e2170>, verb_extension=<colcon_core.verb.build.BuildVerb object at 0x7f0fe01e1510>, main=<bound method BuildVerb.main of <colcon_core.verb.build.BuildVerb object at 0x7f0fe01e1510>>, mixin_verb=('build',))
[0.212s] Level 1:colcon.colcon_core.package_discovery:discover_packages(colcon_meta) check parameters
[0.212s] Level 1:colcon.colcon_core.package_discovery:discover_packages(recursive) check parameters
[0.212s] Level 1:colcon.colcon_core.package_discovery:discover_packages(ignore) check parameters
[0.212s] Level 1:colcon.colcon_core.package_discovery:discover_packages(path) check parameters
[0.212s] Level 1:colcon.colcon_core.package_discovery:discover_packages(colcon_meta) discover
[0.212s] Level 1:colcon.colcon_core.package_discovery:discover_packages(recursive) discover
[0.212s] INFO:colcon.colcon_core.package_discovery:Crawling recursively for packages in '/home/mars_host/ros-intro-project/src/ros2_keyboard'
[0.213s] Level 1:colcon.colcon_core.package_identification:_identify(.) by extensions ['ignore', 'ignore_ament_install']
[0.213s] Level 1:colcon.colcon_core.package_identification:_identify(.) by extension 'ignore'
[0.213s] Level 1:colcon.colcon_core.package_identification:_identify(.) by extension 'ignore_ament_install'
[0.213s] Level 1:colcon.colcon_core.package_identification:_identify(.) by extensions ['colcon_pkg']
[0.213s] Level 1:colcon.colcon_core.package_identification:_identify(.) by extension 'colcon_pkg'
[0.213s] Level 1:colcon.colcon_core.package_identification:_identify(.) by extensions ['colcon_meta']
[0.213s] Level 1:colcon.colcon_core.package_identification:_identify(.) by extension 'colcon_meta'
[0.213s] Level 1:colcon.colcon_core.package_identification:_identify(.) by extensions ['ros']
[0.213s] Level 1:colcon.colcon_core.package_identification:_identify(.) by extension 'ros'
[0.226s] DEBUG:colcon.colcon_core.package_identification:Package '.' with type 'ros.ament_cmake' and name 'ros2_keyboard'
[0.226s] Level 1:colcon.colcon_core.package_discovery:discover_packages(recursive) using defaults
[0.226s] Level 1:colcon.colcon_core.package_discovery:discover_packages(ignore) discover
[0.226s] Level 1:colcon.colcon_core.package_discovery:discover_packages(ignore) using defaults
[0.226s] Level 1:colcon.colcon_core.package_discovery:discover_packages(path) discover
[0.226s] Level 1:colcon.colcon_core.package_discovery:discover_packages(path) using defaults
[0.244s] Level 1:colcon.colcon_core.package_discovery:discover_packages(prefix_path) check parameters
[0.244s] Level 1:colcon.colcon_core.package_discovery:discover_packages(prefix_path) discover
[0.245s] DEBUG:colcon.colcon_installed_package_information.package_discovery:Found 0 installed packages in /home/mars_host/mars-ros2/install
[0.246s] DEBUG:colcon.colcon_installed_package_information.package_discovery:Found 284 installed packages in /opt/ros/humble
[0.257s] Level 1:colcon.colcon_core.package_discovery:discover_packages(prefix_path) using defaults
[0.287s] Level 5:colcon.colcon_core.verb:set package 'ros2_keyboard' build argument 'cmake_args' from command line to 'None'
[0.287s] Level 5:colcon.colcon_core.verb:set package 'ros2_keyboard' build argument 'cmake_target' from command line to 'None'
[0.287s] Level 5:colcon.colcon_core.verb:set package 'ros2_keyboard' build argument 'cmake_target_skip_unavailable' from command line to 'False'
[0.288s] Level 5:colcon.colcon_core.verb:set package 'ros2_keyboard' build argument 'cmake_clean_cache' from command line to 'False'
[0.288s] Level 5:colcon.colcon_core.verb:set package 'ros2_keyboard' build argument 'cmake_clean_first' from command line to 'False'
[0.288s] Level 5:colcon.colcon_core.verb:set package 'ros2_keyboard' build argument 'cmake_force_configure' from command line to 'False'
[0.288s] Level 5:colcon.colcon_core.verb:set package 'ros2_keyboard' build argument 'ament_cmake_args' from command line to 'None'
[0.288s] Level 5:colcon.colcon_core.verb:set package 'ros2_keyboard' build argument 'catkin_cmake_args' from command line to 'None'
[0.288s] Level 5:colcon.colcon_core.verb:set package 'ros2_keyboard' build argument 'catkin_skip_building_tests' from command line to 'False'
[0.288s] DEBUG:colcon.colcon_core.verb:Building package 'ros2_keyboard' with the following arguments: {'ament_cmake_args': None, 'build_base': '/home/mars_host/ros-intro-project/src/ros2_keyboard/build/ros2_keyboard', 'catkin_cmake_args': None, 'catkin_skip_building_tests': False, 'cmake_args': None, 'cmake_clean_cache': False, 'cmake_clean_first': False, 'cmake_force_configure': False, 'cmake_target': None, 'cmake_target_skip_unavailable': False, 'install_base': '/home/mars_host/ros-intro-project/src/ros2_keyboard/install/ros2_keyboard', 'merge_install': False, 'path': '/home/mars_host/ros-intro-project/src/ros2_keyboard', 'symlink_install': False, 'test_result_base': None}
[0.288s] INFO:colcon.colcon_core.executor:Executing jobs using 'parallel' executor
[0.290s] DEBUG:colcon.colcon_parallel_executor.executor.parallel:run_until_complete
[0.290s] INFO:colcon.colcon_ros.task.ament_cmake.build:Building ROS package in '/home/mars_host/ros-intro-project/src/ros2_keyboard' with build type 'ament_cmake'
[0.290s] INFO:colcon.colcon_cmake.task.cmake.build:Building CMake package in '/home/mars_host/ros-intro-project/src/ros2_keyboard'
[0.293s] INFO:colcon.colcon_core.plugin_system:Skipping extension 'colcon_core.shell.bat': Not used on non-Windows systems
[0.293s] INFO:colcon.colcon_core.shell:Skip shell extension 'powershell' for command environment: Not usable outside of PowerShell
[0.293s] DEBUG:colcon.colcon_core.shell:Skip shell extension 'dsv' for command environment
[0.318s] DEBUG:colcon.colcon_core.event_handler.log_command:Invoking command in '/home/mars_host/ros-intro-project/src/ros2_keyboard/build/ros2_keyboard': CMAKE_PREFIX_PATH=/opt/ros/humble /usr/bin/cmake /home/mars_host/ros-intro-project/src/ros2_keyboard -DCMAKE_INSTALL_PREFIX=/home/mars_host/ros-intro-project/src/ros2_keyboard/install/ros2_keyboard
[1.900s] DEBUG:colcon.colcon_core.event_handler.log_command:Invoked command in '/home/mars_host/ros-intro-project/src/ros2_keyboard/build/ros2_keyboard' returned '0': CMAKE_PREFIX_PATH=/opt/ros/humble /usr/bin/cmake /home/mars_host/ros-intro-project/src/ros2_keyboard -DCMAKE_INSTALL_PREFIX=/home/mars_host/ros-intro-project/src/ros2_keyboard/install/ros2_keyboard
[1.901s] DEBUG:colcon.colcon_core.event_handler.log_command:Invoking command in '/home/mars_host/ros-intro-project/src/ros2_keyboard/build/ros2_keyboard': CMAKE_PREFIX_PATH=/opt/ros/humble /usr/bin/cmake --build /home/mars_host/ros-intro-project/src/ros2_keyboard/build/ros2_keyboard -- -j2 -l2
[5.754s] DEBUG:colcon.colcon_core.event_handler.log_command:Invoked command in '/home/mars_host/ros-intro-project/src/ros2_keyboard/build/ros2_keyboard' returned '0': CMAKE_PREFIX_PATH=/opt/ros/humble /usr/bin/cmake --build /home/mars_host/ros-intro-project/src/ros2_keyboard/build/ros2_keyboard -- -j2 -l2
[5.837s] DEBUG:colcon.colcon_core.event_handler.log_command:Invoking command in '/home/mars_host/ros-intro-project/src/ros2_keyboard/build/ros2_keyboard': CMAKE_PREFIX_PATH=/opt/ros/humble /usr/bin/cmake --install /home/mars_host/ros-intro-project/src/ros2_keyboard/build/ros2_keyboard
[5.880s] Level 1:colcon.colcon_core.environment:create_environment_scripts_only(ros2_keyboard)
[5.881s] DEBUG:colcon.colcon_core.event_handler.log_command:Invoked command in '/home/mars_host/ros-intro-project/src/ros2_keyboard/build/ros2_keyboard' returned '0': CMAKE_PREFIX_PATH=/opt/ros/humble /usr/bin/cmake --install /home/mars_host/ros-intro-project/src/ros2_keyboard/build/ros2_keyboard
[5.884s] Level 1:colcon.colcon_core.environment:checking '/home/mars_host/ros-intro-project/src/ros2_keyboard/install/ros2_keyboard' for CMake module files
[5.885s] Level 1:colcon.colcon_core.environment:checking '/home/mars_host/ros-intro-project/src/ros2_keyboard/install/ros2_keyboard' for CMake config files
[5.885s] Level 1:colcon.colcon_core.shell:create_environment_hook('ros2_keyboard', 'cmake_prefix_path')
[5.885s] INFO:colcon.colcon_core.shell:Creating environment hook '/home/mars_host/ros-intro-project/src/ros2_keyboard/install/ros2_keyboard/share/ros2_keyboard/hook/cmake_prefix_path.ps1'
[5.886s] INFO:colcon.colcon_core.shell:Creating environment descriptor '/home/mars_host/ros-intro-project/src/ros2_keyboard/install/ros2_keyboard/share/ros2_keyboard/hook/cmake_prefix_path.dsv'
[5.886s] INFO:colcon.colcon_core.shell:Creating environment hook '/home/mars_host/ros-intro-project/src/ros2_keyboard/install/ros2_keyboard/share/ros2_keyboard/hook/cmake_prefix_path.sh'
[5.887s] Level 1:colcon.colcon_core.environment:checking '/home/mars_host/ros-intro-project/src/ros2_keyboard/install/ros2_keyboard/lib'
[5.887s] Level 1:colcon.colcon_core.environment:checking '/home/mars_host/ros-intro-project/src/ros2_keyboard/install/ros2_keyboard/bin'
[5.887s] Level 1:colcon.colcon_core.environment:checking '/home/mars_host/ros-intro-project/src/ros2_keyboard/install/ros2_keyboard/lib/pkgconfig/ros2_keyboard.pc'
[5.887s] Level 1:colcon.colcon_core.environment:checking '/home/mars_host/ros-intro-project/src/ros2_keyboard/install/ros2_keyboard/lib/python3.10/site-packages'
[5.887s] Level 1:colcon.colcon_core.environment:checking '/home/mars_host/ros-intro-project/src/ros2_keyboard/install/ros2_keyboard/bin'
[5.887s] INFO:colcon.colcon_core.shell:Creating package script '/home/mars_host/ros-intro-project/src/ros2_keyboard/install/ros2_keyboard/share/ros2_keyboard/package.ps1'
[5.888s] INFO:colcon.colcon_core.shell:Creating package descriptor '/home/mars_host/ros-intro-project/src/ros2_keyboard/install/ros2_keyboard/share/ros2_keyboard/package.dsv'
[5.889s] INFO:colcon.colcon_core.shell:Creating package script '/home/mars_host/ros-intro-project/src/ros2_keyboard/install/ros2_keyboard/share/ros2_keyboard/package.sh'
[5.895s] INFO:colcon.colcon_core.shell:Creating package script '/home/mars_host/ros-intro-project/src/ros2_keyboard/install/ros2_keyboard/share/ros2_keyboard/package.bash'
[5.896s] INFO:colcon.colcon_core.shell:Creating package script '/home/mars_host/ros-intro-project/src/ros2_keyboard/install/ros2_keyboard/share/ros2_keyboard/package.zsh'
[5.898s] Level 1:colcon.colcon_core.environment:create_file_with_runtime_dependencies(/home/mars_host/ros-intro-project/src/ros2_keyboard/install/ros2_keyboard/share/colcon-core/packages/ros2_keyboard)
[5.988s] Level 1:colcon.colcon_core.environment:create_environment_scripts_only(ros2_keyboard)
[5.988s] Level 1:colcon.colcon_core.environment:checking '/home/mars_host/ros-intro-project/src/ros2_keyboard/install/ros2_keyboard' for CMake module files
[5.988s] Level 1:colcon.colcon_core.environment:checking '/home/mars_host/ros-intro-project/src/ros2_keyboard/install/ros2_keyboard' for CMake config files
[5.997s] Level 1:colcon.colcon_core.shell:create_environment_hook('ros2_keyboard', 'cmake_prefix_path')
[5.998s] INFO:colcon.colcon_core.shell:Creating environment hook '/home/mars_host/ros-intro-project/src/ros2_keyboard/install/ros2_keyboard/share/ros2_keyboard/hook/cmake_prefix_path.ps1'
[5.998s] INFO:colcon.colcon_core.shell:Creating environment descriptor '/home/mars_host/ros-intro-project/src/ros2_keyboard/install/ros2_keyboard/share/ros2_keyboard/hook/cmake_prefix_path.dsv'
[5.999s] INFO:colcon.colcon_core.shell:Creating environment hook '/home/mars_host/ros-intro-project/src/ros2_keyboard/install/ros2_keyboard/share/ros2_keyboard/hook/cmake_prefix_path.sh'
[5.999s] Level 1:colcon.colcon_core.environment:checking '/home/mars_host/ros-intro-project/src/ros2_keyboard/install/ros2_keyboard/lib'
[6.000s] Level 1:colcon.colcon_core.environment:checking '/home/mars_host/ros-intro-project/src/ros2_keyboard/install/ros2_keyboard/bin'
[6.000s] Level 1:colcon.colcon_core.environment:checking '/home/mars_host/ros-intro-project/src/ros2_keyboard/install/ros2_keyboard/lib/pkgconfig/ros2_keyboard.pc'
[6.000s] Level 1:colcon.colcon_core.environment:checking '/home/mars_host/ros-intro-project/src/ros2_keyboard/install/ros2_keyboard/lib/python3.10/site-packages'
[6.001s] Level 1:colcon.colcon_core.environment:checking '/home/mars_host/ros-intro-project/src/ros2_keyboard/install/ros2_keyboard/bin'
[6.001s] INFO:colcon.colcon_core.shell:Creating package script '/home/mars_host/ros-intro-project/src/ros2_keyboard/install/ros2_keyboard/share/ros2_keyboard/package.ps1'
[6.001s] INFO:colcon.colcon_core.shell:Creating package descriptor '/home/mars_host/ros-intro-project/src/ros2_keyboard/install/ros2_keyboard/share/ros2_keyboard/package.dsv'
[6.002s] INFO:colcon.colcon_core.shell:Creating package script '/home/mars_host/ros-intro-project/src/ros2_keyboard/install/ros2_keyboard/share/ros2_keyboard/package.sh'
[6.003s] INFO:colcon.colcon_core.shell:Creating package script '/home/mars_host/ros-intro-project/src/ros2_keyboard/install/ros2_keyboard/share/ros2_keyboard/package.bash'
[6.004s] INFO:colcon.colcon_core.shell:Creating package script '/home/mars_host/ros-intro-project/src/ros2_keyboard/install/ros2_keyboard/share/ros2_keyboard/package.zsh'
[6.004s] Level 1:colcon.colcon_core.environment:create_file_with_runtime_dependencies(/home/mars_host/ros-intro-project/src/ros2_keyboard/install/ros2_keyboard/share/colcon-core/packages/ros2_keyboard)
[6.004s] DEBUG:colcon.colcon_parallel_executor.executor.parallel:closing loop
[6.004s] DEBUG:colcon.colcon_parallel_executor.executor.parallel:loop closed
[6.004s] DEBUG:colcon.colcon_parallel_executor.executor.parallel:run_until_complete finished with '0'
[6.005s] DEBUG:colcon.colcon_core.event_reactor:joining thread
[6.017s] INFO:colcon.colcon_core.plugin_system:Skipping extension 'colcon_notification.desktop_notification.terminal_notifier': Not used on non-Darwin systems
[6.017s] INFO:colcon.colcon_core.plugin_system:Skipping extension 'colcon_notification.desktop_notification.win32': Not used on non-Windows systems
[6.017s] INFO:colcon.colcon_notification.desktop_notification:Sending desktop notification using 'notify2'
[6.068s] DEBUG:colcon.colcon_core.event_reactor:joined thread
[6.068s] INFO:colcon.colcon_core.shell:Creating prefix script '/home/mars_host/ros-intro-project/src/ros2_keyboard/install/local_setup.ps1'
[6.069s] INFO:colcon.colcon_core.shell:Creating prefix util module '/home/mars_host/ros-intro-project/src/ros2_keyboard/install/_local_setup_util_ps1.py'
[6.070s] INFO:colcon.colcon_core.shell:Creating prefix chain script '/home/mars_host/ros-intro-project/src/ros2_keyboard/install/setup.ps1'
[6.081s] INFO:colcon.colcon_core.shell:Creating prefix script '/home/mars_host/ros-intro-project/src/ros2_keyboard/install/local_setup.sh'
[6.081s] INFO:colcon.colcon_core.shell:Creating prefix util module '/home/mars_host/ros-intro-project/src/ros2_keyboard/install/_local_setup_util_sh.py'
[6.082s] INFO:colcon.colcon_core.shell:Creating prefix chain script '/home/mars_host/ros-intro-project/src/ros2_keyboard/install/setup.sh'
[6.083s] INFO:colcon.colcon_core.shell:Creating prefix script '/home/mars_host/ros-intro-project/src/ros2_keyboard/install/local_setup.bash'
[6.084s] INFO:colcon.colcon_core.shell:Creating prefix chain script '/home/mars_host/ros-intro-project/src/ros2_keyboard/install/setup.bash'
[6.085s] INFO:colcon.colcon_core.shell:Creating prefix script '/home/mars_host/ros-intro-project/src/ros2_keyboard/install/local_setup.zsh'
[6.085s] INFO:colcon.colcon_core.shell:Creating prefix chain script '/home/mars_host/ros-intro-project/src/ros2_keyboard/install/setup.zsh'
