[0.293s] DEBUG:colcon:Command line arguments: ['/usr/bin/colcon', 'build']
[0.294s] DEBUG:colcon:Parsed command line arguments: Namespace(log_base=None, log_level=None, verb_name='build', build_base='build', install_base='install', merge_install=False, symlink_install=False, test_result_base=None, continue_on_error=False, executor='parallel', parallel_workers=2, event_handlers=None, ignore_user_meta=False, metas=['./colcon.meta'], base_paths=['.'], packages_ignore=None, packages_ignore_regex=None, paths=None, packages_up_to=None, packages_up_to_regex=None, packages_above=None, packages_above_and_dependencies=None, packages_above_depth=None, packages_select_by_dep=None, packages_skip_by_dep=None, packages_skip_up_to=None, packages_select_build_failed=False, packages_skip_build_finished=False, packages_select_test_failures=False, packages_skip_test_passed=False, packages_select=None, packages_skip=None, packages_select_regex=None, packages_skip_regex=None, packages_start=None, packages_end=None, allow_overriding=[], cmake_args=None, cmake_target=None, cmake_target_skip_unavailable=False, cmake_clean_cache=False, cmake_clean_first=False, cmake_force_configure=False, ament_cmake_args=None, catkin_cmake_args=None, catkin_skip_building_tests=False, mixin_files=None, mixin=None, verb_parser=<colcon_mixin.mixin.mixin_argument.MixinArgumentDecorator object at 0x7cc045452320>, verb_extension=<colcon_core.verb.build.BuildVerb object at 0x7cc0454516c0>, main=<bound method BuildVerb.main of <colcon_core.verb.build.BuildVerb object at 0x7cc0454516c0>>, mixin_verb=('build',))
[0.494s] Level 1:colcon.colcon_core.package_discovery:discover_packages(colcon_meta) check parameters
[0.495s] Level 1:colcon.colcon_core.package_discovery:discover_packages(recursive) check parameters
[0.495s] Level 1:colcon.colcon_core.package_discovery:discover_packages(ignore) check parameters
[0.495s] Level 1:colcon.colcon_core.package_discovery:discover_packages(path) check parameters
[0.495s] Level 1:colcon.colcon_core.package_discovery:discover_packages(colcon_meta) discover
[0.495s] Level 1:colcon.colcon_core.package_discovery:discover_packages(recursive) discover
[0.495s] INFO:colcon.colcon_core.package_discovery:Crawling recursively for packages in '/home/mars_host/ros-intro-project/src/simulation-intro'
[0.496s] Level 1:colcon.colcon_core.package_identification:_identify(.) by extensions ['ignore', 'ignore_ament_install']
[0.497s] Level 1:colcon.colcon_core.package_identification:_identify(.) by extension 'ignore'
[0.497s] Level 1:colcon.colcon_core.package_identification:_identify(.) by extension 'ignore_ament_install'
[0.497s] Level 1:colcon.colcon_core.package_identification:_identify(.) by extensions ['colcon_pkg']
[0.498s] Level 1:colcon.colcon_core.package_identification:_identify(.) by extension 'colcon_pkg'
[0.498s] Level 1:colcon.colcon_core.package_identification:_identify(.) by extensions ['colcon_meta']
[0.498s] Level 1:colcon.colcon_core.package_identification:_identify(.) by extension 'colcon_meta'
[0.498s] Level 1:colcon.colcon_core.package_identification:_identify(.) by extensions ['ros']
[0.498s] Level 1:colcon.colcon_core.package_identification:_identify(.) by extension 'ros'
[0.525s] DEBUG:colcon.colcon_core.package_identification:Package '.' with type 'ros.ament_cmake' and name 'simulation-intro'
[0.525s] Level 1:colcon.colcon_core.package_discovery:discover_packages(recursive) using defaults
[0.526s] Level 1:colcon.colcon_core.package_discovery:discover_packages(ignore) discover
[0.526s] Level 1:colcon.colcon_core.package_discovery:discover_packages(ignore) using defaults
[0.526s] Level 1:colcon.colcon_core.package_discovery:discover_packages(path) discover
[0.526s] Level 1:colcon.colcon_core.package_discovery:discover_packages(path) using defaults
[0.573s] Level 1:colcon.colcon_core.package_discovery:discover_packages(prefix_path) check parameters
[0.573s] Level 1:colcon.colcon_core.package_discovery:discover_packages(prefix_path) discover
[0.581s] DEBUG:colcon.colcon_installed_package_information.package_discovery:Found 2 installed packages in /home/mars_host/webcam_viewer_ros2/install
[0.582s] DEBUG:colcon.colcon_installed_package_information.package_discovery:Found 0 installed packages in /home/mars_host/mars-ros2/install
[0.584s] DEBUG:colcon.colcon_installed_package_information.package_discovery:Found 305 installed packages in /opt/ros/humble
[0.586s] Level 1:colcon.colcon_core.package_discovery:discover_packages(prefix_path) using defaults
[0.639s] Level 5:colcon.colcon_core.verb:set package 'simulation-intro' build argument 'cmake_args' from command line to 'None'
[0.639s] Level 5:colcon.colcon_core.verb:set package 'simulation-intro' build argument 'cmake_target' from command line to 'None'
[0.639s] Level 5:colcon.colcon_core.verb:set package 'simulation-intro' build argument 'cmake_target_skip_unavailable' from command line to 'False'
[0.640s] Level 5:colcon.colcon_core.verb:set package 'simulation-intro' build argument 'cmake_clean_cache' from command line to 'False'
[0.640s] Level 5:colcon.colcon_core.verb:set package 'simulation-intro' build argument 'cmake_clean_first' from command line to 'False'
[0.640s] Level 5:colcon.colcon_core.verb:set package 'simulation-intro' build argument 'cmake_force_configure' from command line to 'False'
[0.640s] Level 5:colcon.colcon_core.verb:set package 'simulation-intro' build argument 'ament_cmake_args' from command line to 'None'
[0.640s] Level 5:colcon.colcon_core.verb:set package 'simulation-intro' build argument 'catkin_cmake_args' from command line to 'None'
[0.640s] Level 5:colcon.colcon_core.verb:set package 'simulation-intro' build argument 'catkin_skip_building_tests' from command line to 'False'
[0.640s] DEBUG:colcon.colcon_core.verb:Building package 'simulation-intro' with the following arguments: {'ament_cmake_args': None, 'build_base': '/home/mars_host/ros-intro-project/src/simulation-intro/build/simulation-intro', 'catkin_cmake_args': None, 'catkin_skip_building_tests': False, 'cmake_args': None, 'cmake_clean_cache': False, 'cmake_clean_first': False, 'cmake_force_configure': False, 'cmake_target': None, 'cmake_target_skip_unavailable': False, 'install_base': '/home/mars_host/ros-intro-project/src/simulation-intro/install/simulation-intro', 'merge_install': False, 'path': '/home/mars_host/ros-intro-project/src/simulation-intro', 'symlink_install': False, 'test_result_base': None}
[0.640s] INFO:colcon.colcon_core.executor:Executing jobs using 'parallel' executor
[0.641s] DEBUG:colcon.colcon_parallel_executor.executor.parallel:run_until_complete
[0.642s] INFO:colcon.colcon_ros.task.ament_cmake.build:Building ROS package in '/home/mars_host/ros-intro-project/src/simulation-intro' with build type 'ament_cmake'
[0.642s] INFO:colcon.colcon_cmake.task.cmake.build:Building CMake package in '/home/mars_host/ros-intro-project/src/simulation-intro'
[0.652s] INFO:colcon.colcon_core.plugin_system:Skipping extension 'colcon_core.shell.bat': Not used on non-Windows systems
[0.652s] INFO:colcon.colcon_core.shell:Skip shell extension 'powershell' for command environment: Not usable outside of PowerShell
[0.652s] DEBUG:colcon.colcon_core.shell:Skip shell extension 'dsv' for command environment
[0.689s] DEBUG:colcon.colcon_core.event_handler.log_command:Invoking command in '/home/mars_host/ros-intro-project/src/simulation-intro/build/simulation-intro': CMAKE_PREFIX_PATH=${CMAKE_PREFIX_PATH}:/opt/ros/humble /usr/bin/cmake /home/mars_host/ros-intro-project/src/simulation-intro -DCMAKE_INSTALL_PREFIX=/home/mars_host/ros-intro-project/src/simulation-intro/install/simulation-intro
[1.499s] DEBUG:colcon.colcon_core.event_handler.log_command:Invoked command in '/home/mars_host/ros-intro-project/src/simulation-intro/build/simulation-intro' returned '0': CMAKE_PREFIX_PATH=${CMAKE_PREFIX_PATH}:/opt/ros/humble /usr/bin/cmake /home/mars_host/ros-intro-project/src/simulation-intro -DCMAKE_INSTALL_PREFIX=/home/mars_host/ros-intro-project/src/simulation-intro/install/simulation-intro
[1.499s] DEBUG:colcon.colcon_core.event_handler.log_command:Invoking command in '/home/mars_host/ros-intro-project/src/simulation-intro/build/simulation-intro': CMAKE_PREFIX_PATH=${CMAKE_PREFIX_PATH}:/opt/ros/humble /usr/bin/cmake --build /home/mars_host/ros-intro-project/src/simulation-intro/build/simulation-intro -- -j2 -l2
[1.626s] DEBUG:colcon.colcon_core.event_handler.log_command:Invoked command in '/home/mars_host/ros-intro-project/src/simulation-intro/build/simulation-intro' returned '0': CMAKE_PREFIX_PATH=${CMAKE_PREFIX_PATH}:/opt/ros/humble /usr/bin/cmake --build /home/mars_host/ros-intro-project/src/simulation-intro/build/simulation-intro -- -j2 -l2
[1.755s] DEBUG:colcon.colcon_core.event_handler.log_command:Invoking command in '/home/mars_host/ros-intro-project/src/simulation-intro/build/simulation-intro': CMAKE_PREFIX_PATH=${CMAKE_PREFIX_PATH}:/opt/ros/humble /usr/bin/cmake --install /home/mars_host/ros-intro-project/src/simulation-intro/build/simulation-intro
[1.789s] Level 1:colcon.colcon_core.environment:create_environment_scripts_only(simulation-intro)
[1.790s] DEBUG:colcon.colcon_core.event_handler.log_command:Invoked command in '/home/mars_host/ros-intro-project/src/simulation-intro/build/simulation-intro' returned '0': CMAKE_PREFIX_PATH=${CMAKE_PREFIX_PATH}:/opt/ros/humble /usr/bin/cmake --install /home/mars_host/ros-intro-project/src/simulation-intro/build/simulation-intro
[1.804s] Level 1:colcon.colcon_core.environment:checking '/home/mars_host/ros-intro-project/src/simulation-intro/install/simulation-intro' for CMake module files
[1.805s] Level 1:colcon.colcon_core.environment:checking '/home/mars_host/ros-intro-project/src/simulation-intro/install/simulation-intro' for CMake config files
[1.805s] Level 1:colcon.colcon_core.shell:create_environment_hook('simulation-intro', 'cmake_prefix_path')
[1.805s] INFO:colcon.colcon_core.shell:Creating environment hook '/home/mars_host/ros-intro-project/src/simulation-intro/install/simulation-intro/share/simulation-intro/hook/cmake_prefix_path.ps1'
[1.807s] INFO:colcon.colcon_core.shell:Creating environment descriptor '/home/mars_host/ros-intro-project/src/simulation-intro/install/simulation-intro/share/simulation-intro/hook/cmake_prefix_path.dsv'
[1.808s] INFO:colcon.colcon_core.shell:Creating environment hook '/home/mars_host/ros-intro-project/src/simulation-intro/install/simulation-intro/share/simulation-intro/hook/cmake_prefix_path.sh'
[1.811s] Level 1:colcon.colcon_core.environment:checking '/home/mars_host/ros-intro-project/src/simulation-intro/install/simulation-intro/lib'
[1.811s] Level 1:colcon.colcon_core.environment:checking '/home/mars_host/ros-intro-project/src/simulation-intro/install/simulation-intro/bin'
[1.811s] Level 1:colcon.colcon_core.environment:checking '/home/mars_host/ros-intro-project/src/simulation-intro/install/simulation-intro/lib/pkgconfig/simulation-intro.pc'
[1.812s] Level 1:colcon.colcon_core.environment:checking '/home/mars_host/ros-intro-project/src/simulation-intro/install/simulation-intro/lib/python3.10/site-packages'
[1.812s] Level 1:colcon.colcon_core.environment:checking '/home/mars_host/ros-intro-project/src/simulation-intro/install/simulation-intro/bin'
[1.813s] INFO:colcon.colcon_core.shell:Creating package script '/home/mars_host/ros-intro-project/src/simulation-intro/install/simulation-intro/share/simulation-intro/package.ps1'
[1.815s] INFO:colcon.colcon_core.shell:Creating package descriptor '/home/mars_host/ros-intro-project/src/simulation-intro/install/simulation-intro/share/simulation-intro/package.dsv'
[1.817s] INFO:colcon.colcon_core.shell:Creating package script '/home/mars_host/ros-intro-project/src/simulation-intro/install/simulation-intro/share/simulation-intro/package.sh'
[1.820s] INFO:colcon.colcon_core.shell:Creating package script '/home/mars_host/ros-intro-project/src/simulation-intro/install/simulation-intro/share/simulation-intro/package.bash'
[1.822s] INFO:colcon.colcon_core.shell:Creating package script '/home/mars_host/ros-intro-project/src/simulation-intro/install/simulation-intro/share/simulation-intro/package.zsh'
[1.824s] Level 1:colcon.colcon_core.environment:create_file_with_runtime_dependencies(/home/mars_host/ros-intro-project/src/simulation-intro/install/simulation-intro/share/colcon-core/packages/simulation-intro)
[1.912s] Level 1:colcon.colcon_core.environment:create_environment_scripts_only(simulation-intro)
[1.912s] Level 1:colcon.colcon_core.environment:checking '/home/mars_host/ros-intro-project/src/simulation-intro/install/simulation-intro' for CMake module files
[1.913s] Level 1:colcon.colcon_core.environment:checking '/home/mars_host/ros-intro-project/src/simulation-intro/install/simulation-intro' for CMake config files
[1.913s] Level 1:colcon.colcon_core.shell:create_environment_hook('simulation-intro', 'cmake_prefix_path')
[1.913s] INFO:colcon.colcon_core.shell:Creating environment hook '/home/mars_host/ros-intro-project/src/simulation-intro/install/simulation-intro/share/simulation-intro/hook/cmake_prefix_path.ps1'
[1.914s] INFO:colcon.colcon_core.shell:Creating environment descriptor '/home/mars_host/ros-intro-project/src/simulation-intro/install/simulation-intro/share/simulation-intro/hook/cmake_prefix_path.dsv'
[1.916s] INFO:colcon.colcon_core.shell:Creating environment hook '/home/mars_host/ros-intro-project/src/simulation-intro/install/simulation-intro/share/simulation-intro/hook/cmake_prefix_path.sh'
[1.917s] Level 1:colcon.colcon_core.environment:checking '/home/mars_host/ros-intro-project/src/simulation-intro/install/simulation-intro/lib'
[1.918s] Level 1:colcon.colcon_core.environment:checking '/home/mars_host/ros-intro-project/src/simulation-intro/install/simulation-intro/bin'
[1.918s] Level 1:colcon.colcon_core.environment:checking '/home/mars_host/ros-intro-project/src/simulation-intro/install/simulation-intro/lib/pkgconfig/simulation-intro.pc'
[1.918s] Level 1:colcon.colcon_core.environment:checking '/home/mars_host/ros-intro-project/src/simulation-intro/install/simulation-intro/lib/python3.10/site-packages'
[1.918s] Level 1:colcon.colcon_core.environment:checking '/home/mars_host/ros-intro-project/src/simulation-intro/install/simulation-intro/bin'
[1.919s] INFO:colcon.colcon_core.shell:Creating package script '/home/mars_host/ros-intro-project/src/simulation-intro/install/simulation-intro/share/simulation-intro/package.ps1'
[1.920s] INFO:colcon.colcon_core.shell:Creating package descriptor '/home/mars_host/ros-intro-project/src/simulation-intro/install/simulation-intro/share/simulation-intro/package.dsv'
[1.922s] INFO:colcon.colcon_core.shell:Creating package script '/home/mars_host/ros-intro-project/src/simulation-intro/install/simulation-intro/share/simulation-intro/package.sh'
[1.923s] INFO:colcon.colcon_core.shell:Creating package script '/home/mars_host/ros-intro-project/src/simulation-intro/install/simulation-intro/share/simulation-intro/package.bash'
[1.925s] INFO:colcon.colcon_core.shell:Creating package script '/home/mars_host/ros-intro-project/src/simulation-intro/install/simulation-intro/share/simulation-intro/package.zsh'
[1.927s] Level 1:colcon.colcon_core.environment:create_file_with_runtime_dependencies(/home/mars_host/ros-intro-project/src/simulation-intro/install/simulation-intro/share/colcon-core/packages/simulation-intro)
[1.928s] DEBUG:colcon.colcon_parallel_executor.executor.parallel:closing loop
[1.928s] DEBUG:colcon.colcon_parallel_executor.executor.parallel:loop closed
[1.929s] DEBUG:colcon.colcon_parallel_executor.executor.parallel:run_until_complete finished with '0'
[1.929s] DEBUG:colcon.colcon_core.event_reactor:joining thread
[1.969s] INFO:colcon.colcon_core.plugin_system:Skipping extension 'colcon_notification.desktop_notification.terminal_notifier': Not used on non-Darwin systems
[1.970s] INFO:colcon.colcon_core.plugin_system:Skipping extension 'colcon_notification.desktop_notification.win32': Not used on non-Windows systems
[1.971s] INFO:colcon.colcon_notification.desktop_notification:Sending desktop notification using 'notify2'
[2.011s] DEBUG:colcon.colcon_core.event_reactor:joined thread
[2.012s] INFO:colcon.colcon_core.shell:Creating prefix script '/home/mars_host/ros-intro-project/src/simulation-intro/install/local_setup.ps1'
[2.015s] INFO:colcon.colcon_core.shell:Creating prefix util module '/home/mars_host/ros-intro-project/src/simulation-intro/install/_local_setup_util_ps1.py'
[2.018s] INFO:colcon.colcon_core.shell:Creating prefix chain script '/home/mars_host/ros-intro-project/src/simulation-intro/install/setup.ps1'
[2.021s] INFO:colcon.colcon_core.shell:Creating prefix script '/home/mars_host/ros-intro-project/src/simulation-intro/install/local_setup.sh'
[2.029s] INFO:colcon.colcon_core.shell:Creating prefix util module '/home/mars_host/ros-intro-project/src/simulation-intro/install/_local_setup_util_sh.py'
[2.031s] INFO:colcon.colcon_core.shell:Creating prefix chain script '/home/mars_host/ros-intro-project/src/simulation-intro/install/setup.sh'
[2.034s] INFO:colcon.colcon_core.shell:Creating prefix script '/home/mars_host/ros-intro-project/src/simulation-intro/install/local_setup.bash'
[2.041s] INFO:colcon.colcon_core.shell:Creating prefix chain script '/home/mars_host/ros-intro-project/src/simulation-intro/install/setup.bash'
[2.045s] INFO:colcon.colcon_core.shell:Creating prefix script '/home/mars_host/ros-intro-project/src/simulation-intro/install/local_setup.zsh'
[2.047s] INFO:colcon.colcon_core.shell:Creating prefix chain script '/home/mars_host/ros-intro-project/src/simulation-intro/install/setup.zsh'
