[0.125s] DEBUG:colcon:Command line arguments: ['/usr/bin/colcon', 'build']
[0.125s] DEBUG:colcon:Parsed command line arguments: Namespace(log_base=None, log_level=None, verb_name='build', build_base='build', install_base='install', merge_install=False, symlink_install=False, test_result_base=None, continue_on_error=False, executor='parallel', parallel_workers=2, event_handlers=None, ignore_user_meta=False, metas=['./colcon.meta'], base_paths=['.'], packages_ignore=None, packages_ignore_regex=None, paths=None, packages_up_to=None, packages_up_to_regex=None, packages_above=None, packages_above_and_dependencies=None, packages_above_depth=None, packages_select_by_dep=None, packages_skip_by_dep=None, packages_skip_up_to=None, packages_select_build_failed=False, packages_skip_build_finished=False, packages_select_test_failures=False, packages_skip_test_passed=False, packages_select=None, packages_skip=None, packages_select_regex=None, packages_skip_regex=None, packages_start=None, packages_end=None, allow_overriding=[], cmake_args=None, cmake_target=None, cmake_target_skip_unavailable=False, cmake_clean_cache=False, cmake_clean_first=False, cmake_force_configure=False, ament_cmake_args=None, catkin_cmake_args=None, catkin_skip_building_tests=False, mixin_files=None, mixin=None, verb_parser=<colcon_mixin.mixin.mixin_argument.MixinArgumentDecorator object at 0x712d5a5fa140>, verb_extension=<colcon_core.verb.build.BuildVerb object at 0x712d5a5f94e0>, main=<bound method BuildVerb.main of <colcon_core.verb.build.BuildVerb object at 0x712d5a5f94e0>>, mixin_verb=('build',))
[0.257s] Level 1:colcon.colcon_core.package_discovery:discover_packages(colcon_meta) check parameters
[0.257s] Level 1:colcon.colcon_core.package_discovery:discover_packages(recursive) check parameters
[0.257s] Level 1:colcon.colcon_core.package_discovery:discover_packages(ignore) check parameters
[0.257s] Level 1:colcon.colcon_core.package_discovery:discover_packages(path) check parameters
[0.257s] Level 1:colcon.colcon_core.package_discovery:discover_packages(colcon_meta) discover
[0.257s] Level 1:colcon.colcon_core.package_discovery:discover_packages(recursive) discover
[0.257s] INFO:colcon.colcon_core.package_discovery:Crawling recursively for packages in '/home/mars_host/ros-intro-project/src/ros2_webcam'
[0.257s] Level 1:colcon.colcon_core.package_identification:_identify(.) by extensions ['ignore', 'ignore_ament_install']
[0.257s] Level 1:colcon.colcon_core.package_identification:_identify(.) by extension 'ignore'
[0.257s] Level 1:colcon.colcon_core.package_identification:_identify(.) by extension 'ignore_ament_install'
[0.257s] Level 1:colcon.colcon_core.package_identification:_identify(.) by extensions ['colcon_pkg']
[0.257s] Level 1:colcon.colcon_core.package_identification:_identify(.) by extension 'colcon_pkg'
[0.257s] Level 1:colcon.colcon_core.package_identification:_identify(.) by extensions ['colcon_meta']
[0.257s] Level 1:colcon.colcon_core.package_identification:_identify(.) by extension 'colcon_meta'
[0.257s] Level 1:colcon.colcon_core.package_identification:_identify(.) by extensions ['ros']
[0.257s] Level 1:colcon.colcon_core.package_identification:_identify(.) by extension 'ros'
[0.270s] DEBUG:colcon.colcon_core.package_identification:Package '.' with type 'ros.ament_cmake' and name 'ros2_webcam'
[0.270s] Level 1:colcon.colcon_core.package_discovery:discover_packages(recursive) using defaults
[0.270s] Level 1:colcon.colcon_core.package_discovery:discover_packages(ignore) discover
[0.270s] Level 1:colcon.colcon_core.package_discovery:discover_packages(ignore) using defaults
[0.270s] Level 1:colcon.colcon_core.package_discovery:discover_packages(path) discover
[0.270s] Level 1:colcon.colcon_core.package_discovery:discover_packages(path) using defaults
[0.287s] Level 1:colcon.colcon_core.package_discovery:discover_packages(prefix_path) check parameters
[0.287s] Level 1:colcon.colcon_core.package_discovery:discover_packages(prefix_path) discover
[0.288s] DEBUG:colcon.colcon_installed_package_information.package_discovery:Found 0 installed packages in /home/mars_host/mars-ros2/install
[0.289s] DEBUG:colcon.colcon_installed_package_information.package_discovery:Found 284 installed packages in /opt/ros/humble
[0.301s] Level 1:colcon.colcon_core.package_discovery:discover_packages(prefix_path) using defaults
[0.330s] Level 5:colcon.colcon_core.verb:set package 'ros2_webcam' build argument 'cmake_args' from command line to 'None'
[0.330s] Level 5:colcon.colcon_core.verb:set package 'ros2_webcam' build argument 'cmake_target' from command line to 'None'
[0.330s] Level 5:colcon.colcon_core.verb:set package 'ros2_webcam' build argument 'cmake_target_skip_unavailable' from command line to 'False'
[0.330s] Level 5:colcon.colcon_core.verb:set package 'ros2_webcam' build argument 'cmake_clean_cache' from command line to 'False'
[0.330s] Level 5:colcon.colcon_core.verb:set package 'ros2_webcam' build argument 'cmake_clean_first' from command line to 'False'
[0.330s] Level 5:colcon.colcon_core.verb:set package 'ros2_webcam' build argument 'cmake_force_configure' from command line to 'False'
[0.330s] Level 5:colcon.colcon_core.verb:set package 'ros2_webcam' build argument 'ament_cmake_args' from command line to 'None'
[0.330s] Level 5:colcon.colcon_core.verb:set package 'ros2_webcam' build argument 'catkin_cmake_args' from command line to 'None'
[0.330s] Level 5:colcon.colcon_core.verb:set package 'ros2_webcam' build argument 'catkin_skip_building_tests' from command line to 'False'
[0.330s] DEBUG:colcon.colcon_core.verb:Building package 'ros2_webcam' with the following arguments: {'ament_cmake_args': None, 'build_base': '/home/mars_host/ros-intro-project/src/ros2_webcam/build/ros2_webcam', 'catkin_cmake_args': None, 'catkin_skip_building_tests': False, 'cmake_args': None, 'cmake_clean_cache': False, 'cmake_clean_first': False, 'cmake_force_configure': False, 'cmake_target': None, 'cmake_target_skip_unavailable': False, 'install_base': '/home/mars_host/ros-intro-project/src/ros2_webcam/install/ros2_webcam', 'merge_install': False, 'path': '/home/mars_host/ros-intro-project/src/ros2_webcam', 'symlink_install': False, 'test_result_base': None}
[0.330s] INFO:colcon.colcon_core.executor:Executing jobs using 'parallel' executor
[0.332s] DEBUG:colcon.colcon_parallel_executor.executor.parallel:run_until_complete
[0.332s] INFO:colcon.colcon_ros.task.ament_cmake.build:Building ROS package in '/home/mars_host/ros-intro-project/src/ros2_webcam' with build type 'ament_cmake'
[0.332s] INFO:colcon.colcon_cmake.task.cmake.build:Building CMake package in '/home/mars_host/ros-intro-project/src/ros2_webcam'
[0.334s] INFO:colcon.colcon_core.plugin_system:Skipping extension 'colcon_core.shell.bat': Not used on non-Windows systems
[0.335s] INFO:colcon.colcon_core.shell:Skip shell extension 'powershell' for command environment: Not usable outside of PowerShell
[0.335s] DEBUG:colcon.colcon_core.shell:Skip shell extension 'dsv' for command environment
[0.389s] DEBUG:colcon.colcon_core.event_handler.log_command:Invoking command in '/home/mars_host/ros-intro-project/src/ros2_webcam/build/ros2_webcam': CMAKE_PREFIX_PATH=/opt/ros/humble /usr/bin/cmake --build /home/mars_host/ros-intro-project/src/ros2_webcam/build/ros2_webcam -- -j2 -l2
[0.839s] DEBUG:colcon.colcon_core.event_handler.log_command:Invoked command in '/home/mars_host/ros-intro-project/src/ros2_webcam/build/ros2_webcam' returned '0': CMAKE_PREFIX_PATH=/opt/ros/humble /usr/bin/cmake --build /home/mars_host/ros-intro-project/src/ros2_webcam/build/ros2_webcam -- -j2 -l2
[0.927s] DEBUG:colcon.colcon_core.event_handler.log_command:Invoking command in '/home/mars_host/ros-intro-project/src/ros2_webcam/build/ros2_webcam': CMAKE_PREFIX_PATH=/opt/ros/humble /usr/bin/cmake --install /home/mars_host/ros-intro-project/src/ros2_webcam/build/ros2_webcam
[0.978s] Level 1:colcon.colcon_core.environment:create_environment_scripts_only(ros2_webcam)
[0.979s] DEBUG:colcon.colcon_core.event_handler.log_command:Invoked command in '/home/mars_host/ros-intro-project/src/ros2_webcam/build/ros2_webcam' returned '0': CMAKE_PREFIX_PATH=/opt/ros/humble /usr/bin/cmake --install /home/mars_host/ros-intro-project/src/ros2_webcam/build/ros2_webcam
[0.981s] Level 1:colcon.colcon_core.environment:checking '/home/mars_host/ros-intro-project/src/ros2_webcam/install/ros2_webcam' for CMake module files
[0.981s] Level 1:colcon.colcon_core.environment:checking '/home/mars_host/ros-intro-project/src/ros2_webcam/install/ros2_webcam' for CMake config files
[0.981s] Level 1:colcon.colcon_core.shell:create_environment_hook('ros2_webcam', 'cmake_prefix_path')
[0.982s] INFO:colcon.colcon_core.shell:Creating environment hook '/home/mars_host/ros-intro-project/src/ros2_webcam/install/ros2_webcam/share/ros2_webcam/hook/cmake_prefix_path.ps1'
[0.983s] INFO:colcon.colcon_core.shell:Creating environment descriptor '/home/mars_host/ros-intro-project/src/ros2_webcam/install/ros2_webcam/share/ros2_webcam/hook/cmake_prefix_path.dsv'
[0.983s] INFO:colcon.colcon_core.shell:Creating environment hook '/home/mars_host/ros-intro-project/src/ros2_webcam/install/ros2_webcam/share/ros2_webcam/hook/cmake_prefix_path.sh'
[0.985s] Level 1:colcon.colcon_core.environment:checking '/home/mars_host/ros-intro-project/src/ros2_webcam/install/ros2_webcam/lib'
[0.985s] Level 1:colcon.colcon_core.environment:checking '/home/mars_host/ros-intro-project/src/ros2_webcam/install/ros2_webcam/bin'
[0.985s] Level 1:colcon.colcon_core.environment:checking '/home/mars_host/ros-intro-project/src/ros2_webcam/install/ros2_webcam/lib/pkgconfig/ros2_webcam.pc'
[0.985s] Level 1:colcon.colcon_core.environment:checking '/home/mars_host/ros-intro-project/src/ros2_webcam/install/ros2_webcam/lib/python3.10/site-packages'
[0.985s] Level 1:colcon.colcon_core.environment:checking '/home/mars_host/ros-intro-project/src/ros2_webcam/install/ros2_webcam/bin'
[0.986s] INFO:colcon.colcon_core.shell:Creating package script '/home/mars_host/ros-intro-project/src/ros2_webcam/install/ros2_webcam/share/ros2_webcam/package.ps1'
[0.987s] INFO:colcon.colcon_core.shell:Creating package descriptor '/home/mars_host/ros-intro-project/src/ros2_webcam/install/ros2_webcam/share/ros2_webcam/package.dsv'
[0.988s] INFO:colcon.colcon_core.shell:Creating package script '/home/mars_host/ros-intro-project/src/ros2_webcam/install/ros2_webcam/share/ros2_webcam/package.sh'
[0.989s] INFO:colcon.colcon_core.shell:Creating package script '/home/mars_host/ros-intro-project/src/ros2_webcam/install/ros2_webcam/share/ros2_webcam/package.bash'
[0.990s] INFO:colcon.colcon_core.shell:Creating package script '/home/mars_host/ros-intro-project/src/ros2_webcam/install/ros2_webcam/share/ros2_webcam/package.zsh'
[0.991s] Level 1:colcon.colcon_core.environment:create_file_with_runtime_dependencies(/home/mars_host/ros-intro-project/src/ros2_webcam/install/ros2_webcam/share/colcon-core/packages/ros2_webcam)
[1.080s] Level 1:colcon.colcon_core.environment:create_environment_scripts_only(ros2_webcam)
[1.080s] Level 1:colcon.colcon_core.environment:checking '/home/mars_host/ros-intro-project/src/ros2_webcam/install/ros2_webcam' for CMake module files
[1.081s] Level 1:colcon.colcon_core.environment:checking '/home/mars_host/ros-intro-project/src/ros2_webcam/install/ros2_webcam' for CMake config files
[1.081s] Level 1:colcon.colcon_core.shell:create_environment_hook('ros2_webcam', 'cmake_prefix_path')
[1.081s] INFO:colcon.colcon_core.shell:Creating environment hook '/home/mars_host/ros-intro-project/src/ros2_webcam/install/ros2_webcam/share/ros2_webcam/hook/cmake_prefix_path.ps1'
[1.082s] INFO:colcon.colcon_core.shell:Creating environment descriptor '/home/mars_host/ros-intro-project/src/ros2_webcam/install/ros2_webcam/share/ros2_webcam/hook/cmake_prefix_path.dsv'
[1.083s] INFO:colcon.colcon_core.shell:Creating environment hook '/home/mars_host/ros-intro-project/src/ros2_webcam/install/ros2_webcam/share/ros2_webcam/hook/cmake_prefix_path.sh'
[1.084s] Level 1:colcon.colcon_core.environment:checking '/home/mars_host/ros-intro-project/src/ros2_webcam/install/ros2_webcam/lib'
[1.084s] Level 1:colcon.colcon_core.environment:checking '/home/mars_host/ros-intro-project/src/ros2_webcam/install/ros2_webcam/bin'
[1.084s] Level 1:colcon.colcon_core.environment:checking '/home/mars_host/ros-intro-project/src/ros2_webcam/install/ros2_webcam/lib/pkgconfig/ros2_webcam.pc'
[1.084s] Level 1:colcon.colcon_core.environment:checking '/home/mars_host/ros-intro-project/src/ros2_webcam/install/ros2_webcam/lib/python3.10/site-packages'
[1.084s] Level 1:colcon.colcon_core.environment:checking '/home/mars_host/ros-intro-project/src/ros2_webcam/install/ros2_webcam/bin'
[1.085s] INFO:colcon.colcon_core.shell:Creating package script '/home/mars_host/ros-intro-project/src/ros2_webcam/install/ros2_webcam/share/ros2_webcam/package.ps1'
[1.087s] INFO:colcon.colcon_core.shell:Creating package descriptor '/home/mars_host/ros-intro-project/src/ros2_webcam/install/ros2_webcam/share/ros2_webcam/package.dsv'
[1.089s] INFO:colcon.colcon_core.shell:Creating package script '/home/mars_host/ros-intro-project/src/ros2_webcam/install/ros2_webcam/share/ros2_webcam/package.sh'
[1.090s] INFO:colcon.colcon_core.shell:Creating package script '/home/mars_host/ros-intro-project/src/ros2_webcam/install/ros2_webcam/share/ros2_webcam/package.bash'
[1.091s] INFO:colcon.colcon_core.shell:Creating package script '/home/mars_host/ros-intro-project/src/ros2_webcam/install/ros2_webcam/share/ros2_webcam/package.zsh'
[1.091s] Level 1:colcon.colcon_core.environment:create_file_with_runtime_dependencies(/home/mars_host/ros-intro-project/src/ros2_webcam/install/ros2_webcam/share/colcon-core/packages/ros2_webcam)
[1.092s] DEBUG:colcon.colcon_parallel_executor.executor.parallel:closing loop
[1.093s] DEBUG:colcon.colcon_parallel_executor.executor.parallel:loop closed
[1.093s] DEBUG:colcon.colcon_parallel_executor.executor.parallel:run_until_complete finished with '0'
[1.093s] DEBUG:colcon.colcon_core.event_reactor:joining thread
[1.098s] INFO:colcon.colcon_core.plugin_system:Skipping extension 'colcon_notification.desktop_notification.terminal_notifier': Not used on non-Darwin systems
[1.098s] INFO:colcon.colcon_core.plugin_system:Skipping extension 'colcon_notification.desktop_notification.win32': Not used on non-Windows systems
[1.099s] INFO:colcon.colcon_notification.desktop_notification:Sending desktop notification using 'notify2'
[1.123s] DEBUG:colcon.colcon_core.event_reactor:joined thread
[1.123s] INFO:colcon.colcon_core.shell:Creating prefix script '/home/mars_host/ros-intro-project/src/ros2_webcam/install/local_setup.ps1'
[1.125s] INFO:colcon.colcon_core.shell:Creating prefix util module '/home/mars_host/ros-intro-project/src/ros2_webcam/install/_local_setup_util_ps1.py'
[1.127s] INFO:colcon.colcon_core.shell:Creating prefix chain script '/home/mars_host/ros-intro-project/src/ros2_webcam/install/setup.ps1'
[1.128s] INFO:colcon.colcon_core.shell:Creating prefix script '/home/mars_host/ros-intro-project/src/ros2_webcam/install/local_setup.sh'
[1.129s] INFO:colcon.colcon_core.shell:Creating prefix util module '/home/mars_host/ros-intro-project/src/ros2_webcam/install/_local_setup_util_sh.py'
[1.129s] INFO:colcon.colcon_core.shell:Creating prefix chain script '/home/mars_host/ros-intro-project/src/ros2_webcam/install/setup.sh'
[1.131s] INFO:colcon.colcon_core.shell:Creating prefix script '/home/mars_host/ros-intro-project/src/ros2_webcam/install/local_setup.bash'
[1.131s] INFO:colcon.colcon_core.shell:Creating prefix chain script '/home/mars_host/ros-intro-project/src/ros2_webcam/install/setup.bash'
[1.133s] INFO:colcon.colcon_core.shell:Creating prefix script '/home/mars_host/ros-intro-project/src/ros2_webcam/install/local_setup.zsh'
[1.134s] INFO:colcon.colcon_core.shell:Creating prefix chain script '/home/mars_host/ros-intro-project/src/ros2_webcam/install/setup.zsh'
