[0.084s] DEBUG:colcon:Command line arguments: ['/usr/bin/colcon', 'build']
[0.084s] DEBUG:colcon:Parsed command line arguments: Namespace(log_base=None, log_level=None, verb_name='build', build_base='build', install_base='install', merge_install=False, symlink_install=False, test_result_base=None, continue_on_error=False, executor='parallel', parallel_workers=2, event_handlers=None, ignore_user_meta=False, metas=['./colcon.meta'], base_paths=['.'], packages_ignore=None, packages_ignore_regex=None, paths=None, packages_up_to=None, packages_up_to_regex=None, packages_above=None, packages_above_and_dependencies=None, packages_above_depth=None, packages_select_by_dep=None, packages_skip_by_dep=None, packages_skip_up_to=None, packages_select_build_failed=False, packages_skip_build_finished=False, packages_select_test_failures=False, packages_skip_test_passed=False, packages_select=None, packages_skip=None, packages_select_regex=None, packages_skip_regex=None, packages_start=None, packages_end=None, allow_overriding=[], cmake_args=None, cmake_target=None, cmake_target_skip_unavailable=False, cmake_clean_cache=False, cmake_clean_first=False, cmake_force_configure=False, ament_cmake_args=None, catkin_cmake_args=None, catkin_skip_building_tests=False, mixin_files=None, mixin=None, verb_parser=<colcon_mixin.mixin.mixin_argument.MixinArgumentDecorator object at 0x7970f3b2a1a0>, verb_extension=<colcon_core.verb.build.BuildVerb object at 0x7970f3b29540>, main=<bound method BuildVerb.main of <colcon_core.verb.build.BuildVerb object at 0x7970f3b29540>>, mixin_verb=('build',))
[0.196s] Level 1:colcon.colcon_core.package_discovery:discover_packages(colcon_meta) check parameters
[0.197s] Level 1:colcon.colcon_core.package_discovery:discover_packages(recursive) check parameters
[0.197s] Level 1:colcon.colcon_core.package_discovery:discover_packages(ignore) check parameters
[0.197s] Level 1:colcon.colcon_core.package_discovery:discover_packages(path) check parameters
[0.197s] Level 1:colcon.colcon_core.package_discovery:discover_packages(colcon_meta) discover
[0.197s] Level 1:colcon.colcon_core.package_discovery:discover_packages(recursive) discover
[0.197s] INFO:colcon.colcon_core.package_discovery:Crawling recursively for packages in '/home/mars_host/ros-intro-project'
[0.197s] Level 1:colcon.colcon_core.package_identification:_identify(.) by extensions ['ignore', 'ignore_ament_install']
[0.197s] Level 1:colcon.colcon_core.package_identification:_identify(.) by extension 'ignore'
[0.197s] Level 1:colcon.colcon_core.package_identification:_identify(.) by extension 'ignore_ament_install'
[0.197s] Level 1:colcon.colcon_core.package_identification:_identify(.) by extensions ['colcon_pkg']
[0.197s] Level 1:colcon.colcon_core.package_identification:_identify(.) by extension 'colcon_pkg'
[0.197s] Level 1:colcon.colcon_core.package_identification:_identify(.) by extensions ['colcon_meta']
[0.197s] Level 1:colcon.colcon_core.package_identification:_identify(.) by extension 'colcon_meta'
[0.197s] Level 1:colcon.colcon_core.package_identification:_identify(.) by extensions ['ros']
[0.197s] Level 1:colcon.colcon_core.package_identification:_identify(.) by extension 'ros'
[0.212s] Level 1:colcon.colcon_core.package_identification:_identify(.) by extensions ['cmake', 'python']
[0.212s] Level 1:colcon.colcon_core.package_identification:_identify(.) by extension 'cmake'
[0.212s] Level 1:colcon.colcon_core.package_identification:_identify(.) by extension 'python'
[0.212s] Level 1:colcon.colcon_core.package_identification:_identify(.) by extensions ['python_setup_py']
[0.212s] Level 1:colcon.colcon_core.package_identification:_identify(.) by extension 'python_setup_py'
[0.212s] Level 1:colcon.colcon_core.package_identification:_identify(build) by extensions ['ignore', 'ignore_ament_install']
[0.212s] Level 1:colcon.colcon_core.package_identification:_identify(build) by extension 'ignore'
[0.212s] Level 1:colcon.colcon_core.package_identification:_identify(build) ignored
[0.212s] Level 1:colcon.colcon_core.package_identification:_identify(install) by extensions ['ignore', 'ignore_ament_install']
[0.213s] Level 1:colcon.colcon_core.package_identification:_identify(install) by extension 'ignore'
[0.213s] Level 1:colcon.colcon_core.package_identification:_identify(install) ignored
[0.213s] Level 1:colcon.colcon_core.package_identification:_identify(log) by extensions ['ignore', 'ignore_ament_install']
[0.213s] Level 1:colcon.colcon_core.package_identification:_identify(log) by extension 'ignore'
[0.213s] Level 1:colcon.colcon_core.package_identification:_identify(log) ignored
[0.213s] Level 1:colcon.colcon_core.package_identification:_identify(src) by extensions ['ignore', 'ignore_ament_install']
[0.213s] Level 1:colcon.colcon_core.package_identification:_identify(src) by extension 'ignore'
[0.213s] Level 1:colcon.colcon_core.package_identification:_identify(src) by extension 'ignore_ament_install'
[0.213s] Level 1:colcon.colcon_core.package_identification:_identify(src) by extensions ['colcon_pkg']
[0.213s] Level 1:colcon.colcon_core.package_identification:_identify(src) by extension 'colcon_pkg'
[0.213s] Level 1:colcon.colcon_core.package_identification:_identify(src) by extensions ['colcon_meta']
[0.213s] Level 1:colcon.colcon_core.package_identification:_identify(src) by extension 'colcon_meta'
[0.213s] Level 1:colcon.colcon_core.package_identification:_identify(src) by extensions ['ros']
[0.213s] Level 1:colcon.colcon_core.package_identification:_identify(src) by extension 'ros'
[0.213s] Level 1:colcon.colcon_core.package_identification:_identify(src) by extensions ['cmake', 'python']
[0.213s] Level 1:colcon.colcon_core.package_identification:_identify(src) by extension 'cmake'
[0.213s] Level 1:colcon.colcon_core.package_identification:_identify(src) by extension 'python'
[0.213s] Level 1:colcon.colcon_core.package_identification:_identify(src) by extensions ['python_setup_py']
[0.213s] Level 1:colcon.colcon_core.package_identification:_identify(src) by extension 'python_setup_py'
[0.213s] Level 1:colcon.colcon_core.package_identification:_identify(src/ros2_keyboard) by extensions ['ignore', 'ignore_ament_install']
[0.213s] Level 1:colcon.colcon_core.package_identification:_identify(src/ros2_keyboard) by extension 'ignore'
[0.213s] Level 1:colcon.colcon_core.package_identification:_identify(src/ros2_keyboard) by extension 'ignore_ament_install'
[0.213s] Level 1:colcon.colcon_core.package_identification:_identify(src/ros2_keyboard) by extensions ['colcon_pkg']
[0.213s] Level 1:colcon.colcon_core.package_identification:_identify(src/ros2_keyboard) by extension 'colcon_pkg'
[0.213s] Level 1:colcon.colcon_core.package_identification:_identify(src/ros2_keyboard) by extensions ['colcon_meta']
[0.213s] Level 1:colcon.colcon_core.package_identification:_identify(src/ros2_keyboard) by extension 'colcon_meta'
[0.213s] Level 1:colcon.colcon_core.package_identification:_identify(src/ros2_keyboard) by extensions ['ros']
[0.213s] Level 1:colcon.colcon_core.package_identification:_identify(src/ros2_keyboard) by extension 'ros'
[0.215s] DEBUG:colcon.colcon_core.package_identification:Package 'src/ros2_keyboard' with type 'ros.ament_cmake' and name 'ros2_keyboard'
[0.215s] Level 1:colcon.colcon_core.package_identification:_identify(src/ros2_webcam) by extensions ['ignore', 'ignore_ament_install']
[0.215s] Level 1:colcon.colcon_core.package_identification:_identify(src/ros2_webcam) by extension 'ignore'
[0.215s] Level 1:colcon.colcon_core.package_identification:_identify(src/ros2_webcam) by extension 'ignore_ament_install'
[0.215s] Level 1:colcon.colcon_core.package_identification:_identify(src/ros2_webcam) by extensions ['colcon_pkg']
[0.216s] Level 1:colcon.colcon_core.package_identification:_identify(src/ros2_webcam) by extension 'colcon_pkg'
[0.216s] Level 1:colcon.colcon_core.package_identification:_identify(src/ros2_webcam) by extensions ['colcon_meta']
[0.216s] Level 1:colcon.colcon_core.package_identification:_identify(src/ros2_webcam) by extension 'colcon_meta'
[0.216s] Level 1:colcon.colcon_core.package_identification:_identify(src/ros2_webcam) by extensions ['ros']
[0.216s] Level 1:colcon.colcon_core.package_identification:_identify(src/ros2_webcam) by extension 'ros'
[0.216s] DEBUG:colcon.colcon_core.package_identification:Package 'src/ros2_webcam' with type 'ros.ament_cmake' and name 'ros2_webcam'
[0.216s] Level 1:colcon.colcon_core.package_discovery:discover_packages(recursive) using defaults
[0.216s] Level 1:colcon.colcon_core.package_discovery:discover_packages(ignore) discover
[0.216s] Level 1:colcon.colcon_core.package_discovery:discover_packages(ignore) using defaults
[0.216s] Level 1:colcon.colcon_core.package_discovery:discover_packages(path) discover
[0.216s] Level 1:colcon.colcon_core.package_discovery:discover_packages(path) using defaults
[0.232s] Level 1:colcon.colcon_core.package_discovery:discover_packages(prefix_path) check parameters
[0.232s] Level 1:colcon.colcon_core.package_discovery:discover_packages(prefix_path) discover
[0.233s] DEBUG:colcon.colcon_installed_package_information.package_discovery:Found 0 installed packages in /home/mars_host/mars-ros2/install
[0.234s] DEBUG:colcon.colcon_installed_package_information.package_discovery:Found 284 installed packages in /opt/ros/humble
[0.245s] Level 1:colcon.colcon_core.package_discovery:discover_packages(prefix_path) using defaults
[0.270s] Level 5:colcon.colcon_core.verb:set package 'ros2_keyboard' build argument 'cmake_args' from command line to 'None'
[0.270s] Level 5:colcon.colcon_core.verb:set package 'ros2_keyboard' build argument 'cmake_target' from command line to 'None'
[0.270s] Level 5:colcon.colcon_core.verb:set package 'ros2_keyboard' build argument 'cmake_target_skip_unavailable' from command line to 'False'
[0.270s] Level 5:colcon.colcon_core.verb:set package 'ros2_keyboard' build argument 'cmake_clean_cache' from command line to 'False'
[0.270s] Level 5:colcon.colcon_core.verb:set package 'ros2_keyboard' build argument 'cmake_clean_first' from command line to 'False'
[0.270s] Level 5:colcon.colcon_core.verb:set package 'ros2_keyboard' build argument 'cmake_force_configure' from command line to 'False'
[0.270s] Level 5:colcon.colcon_core.verb:set package 'ros2_keyboard' build argument 'ament_cmake_args' from command line to 'None'
[0.270s] Level 5:colcon.colcon_core.verb:set package 'ros2_keyboard' build argument 'catkin_cmake_args' from command line to 'None'
[0.270s] Level 5:colcon.colcon_core.verb:set package 'ros2_keyboard' build argument 'catkin_skip_building_tests' from command line to 'False'
[0.270s] DEBUG:colcon.colcon_core.verb:Building package 'ros2_keyboard' with the following arguments: {'ament_cmake_args': None, 'build_base': '/home/mars_host/ros-intro-project/build/ros2_keyboard', 'catkin_cmake_args': None, 'catkin_skip_building_tests': False, 'cmake_args': None, 'cmake_clean_cache': False, 'cmake_clean_first': False, 'cmake_force_configure': False, 'cmake_target': None, 'cmake_target_skip_unavailable': False, 'install_base': '/home/mars_host/ros-intro-project/install/ros2_keyboard', 'merge_install': False, 'path': '/home/mars_host/ros-intro-project/src/ros2_keyboard', 'symlink_install': False, 'test_result_base': None}
[0.271s] Level 5:colcon.colcon_core.verb:set package 'ros2_webcam' build argument 'cmake_args' from command line to 'None'
[0.271s] Level 5:colcon.colcon_core.verb:set package 'ros2_webcam' build argument 'cmake_target' from command line to 'None'
[0.271s] Level 5:colcon.colcon_core.verb:set package 'ros2_webcam' build argument 'cmake_target_skip_unavailable' from command line to 'False'
[0.271s] Level 5:colcon.colcon_core.verb:set package 'ros2_webcam' build argument 'cmake_clean_cache' from command line to 'False'
[0.271s] Level 5:colcon.colcon_core.verb:set package 'ros2_webcam' build argument 'cmake_clean_first' from command line to 'False'
[0.271s] Level 5:colcon.colcon_core.verb:set package 'ros2_webcam' build argument 'cmake_force_configure' from command line to 'False'
[0.271s] Level 5:colcon.colcon_core.verb:set package 'ros2_webcam' build argument 'ament_cmake_args' from command line to 'None'
[0.271s] Level 5:colcon.colcon_core.verb:set package 'ros2_webcam' build argument 'catkin_cmake_args' from command line to 'None'
[0.271s] Level 5:colcon.colcon_core.verb:set package 'ros2_webcam' build argument 'catkin_skip_building_tests' from command line to 'False'
[0.271s] DEBUG:colcon.colcon_core.verb:Building package 'ros2_webcam' with the following arguments: {'ament_cmake_args': None, 'build_base': '/home/mars_host/ros-intro-project/build/ros2_webcam', 'catkin_cmake_args': None, 'catkin_skip_building_tests': False, 'cmake_args': None, 'cmake_clean_cache': False, 'cmake_clean_first': False, 'cmake_force_configure': False, 'cmake_target': None, 'cmake_target_skip_unavailable': False, 'install_base': '/home/mars_host/ros-intro-project/install/ros2_webcam', 'merge_install': False, 'path': '/home/mars_host/ros-intro-project/src/ros2_webcam', 'symlink_install': False, 'test_result_base': None}
[0.271s] INFO:colcon.colcon_core.executor:Executing jobs using 'parallel' executor
[0.273s] DEBUG:colcon.colcon_parallel_executor.executor.parallel:run_until_complete
[0.274s] INFO:colcon.colcon_ros.task.ament_cmake.build:Building ROS package in '/home/mars_host/ros-intro-project/src/ros2_keyboard' with build type 'ament_cmake'
[0.274s] INFO:colcon.colcon_cmake.task.cmake.build:Building CMake package in '/home/mars_host/ros-intro-project/src/ros2_keyboard'
[0.277s] INFO:colcon.colcon_core.plugin_system:Skipping extension 'colcon_core.shell.bat': Not used on non-Windows systems
[0.278s] INFO:colcon.colcon_core.shell:Skip shell extension 'powershell' for command environment: Not usable outside of PowerShell
[0.278s] DEBUG:colcon.colcon_core.shell:Skip shell extension 'dsv' for command environment
[0.283s] INFO:colcon.colcon_ros.task.ament_cmake.build:Building ROS package in '/home/mars_host/ros-intro-project/src/ros2_webcam' with build type 'ament_cmake'
[0.283s] INFO:colcon.colcon_cmake.task.cmake.build:Building CMake package in '/home/mars_host/ros-intro-project/src/ros2_webcam'
[0.283s] INFO:colcon.colcon_core.shell:Skip shell extension 'powershell' for command environment: Not usable outside of PowerShell
[0.284s] DEBUG:colcon.colcon_core.shell:Skip shell extension 'dsv' for command environment
[0.339s] DEBUG:colcon.colcon_core.event_handler.log_command:Invoking command in '/home/mars_host/ros-intro-project/build/ros2_keyboard': CMAKE_PREFIX_PATH=/opt/ros/humble /usr/bin/cmake --build /home/mars_host/ros-intro-project/build/ros2_keyboard -- -j2 -l2
[0.363s] DEBUG:colcon.colcon_core.event_handler.log_command:Invoking command in '/home/mars_host/ros-intro-project/build/ros2_webcam': CMAKE_PREFIX_PATH=/opt/ros/humble /usr/bin/cmake --build /home/mars_host/ros-intro-project/build/ros2_webcam -- -j2 -l2
[0.523s] DEBUG:colcon.colcon_core.event_handler.log_command:Invoked command in '/home/mars_host/ros-intro-project/build/ros2_keyboard' returned '0': CMAKE_PREFIX_PATH=/opt/ros/humble /usr/bin/cmake --build /home/mars_host/ros-intro-project/build/ros2_keyboard -- -j2 -l2
[1.031s] Level 1:colcon.colcon_core.environment:create_environment_scripts_only(ros2_keyboard)
[1.033s] Level 1:colcon.colcon_core.environment:checking '/home/mars_host/ros-intro-project/install/ros2_keyboard' for CMake module files
[1.034s] Level 1:colcon.colcon_core.environment:checking '/home/mars_host/ros-intro-project/install/ros2_keyboard' for CMake config files
[1.034s] Level 1:colcon.colcon_core.shell:create_environment_hook('ros2_keyboard', 'cmake_prefix_path')
[1.034s] INFO:colcon.colcon_core.shell:Creating environment hook '/home/mars_host/ros-intro-project/install/ros2_keyboard/share/ros2_keyboard/hook/cmake_prefix_path.ps1'
[1.035s] INFO:colcon.colcon_core.shell:Creating environment descriptor '/home/mars_host/ros-intro-project/install/ros2_keyboard/share/ros2_keyboard/hook/cmake_prefix_path.dsv'
[1.035s] INFO:colcon.colcon_core.shell:Creating environment hook '/home/mars_host/ros-intro-project/install/ros2_keyboard/share/ros2_keyboard/hook/cmake_prefix_path.sh'
[1.036s] Level 1:colcon.colcon_core.environment:checking '/home/mars_host/ros-intro-project/install/ros2_keyboard/lib'
[1.036s] Level 1:colcon.colcon_core.environment:checking '/home/mars_host/ros-intro-project/install/ros2_keyboard/bin'
[1.036s] Level 1:colcon.colcon_core.environment:checking '/home/mars_host/ros-intro-project/install/ros2_keyboard/lib/pkgconfig/ros2_keyboard.pc'
[1.036s] Level 1:colcon.colcon_core.environment:checking '/home/mars_host/ros-intro-project/install/ros2_keyboard/lib/python3.10/site-packages'
[1.036s] Level 1:colcon.colcon_core.environment:checking '/home/mars_host/ros-intro-project/install/ros2_keyboard/bin'
[1.037s] INFO:colcon.colcon_core.shell:Creating package script '/home/mars_host/ros-intro-project/install/ros2_keyboard/share/ros2_keyboard/package.ps1'
[1.037s] INFO:colcon.colcon_core.shell:Creating package descriptor '/home/mars_host/ros-intro-project/install/ros2_keyboard/share/ros2_keyboard/package.dsv'
[1.038s] INFO:colcon.colcon_core.shell:Creating package script '/home/mars_host/ros-intro-project/install/ros2_keyboard/share/ros2_keyboard/package.sh'
[1.039s] DEBUG:colcon.colcon_core.event_handler.log_command:Invoking command in '/home/mars_host/ros-intro-project/build/ros2_keyboard': CMAKE_PREFIX_PATH=/opt/ros/humble /usr/bin/cmake --install /home/mars_host/ros-intro-project/build/ros2_keyboard
[1.040s] DEBUG:colcon.colcon_core.event_handler.log_command:Invoked command in '/home/mars_host/ros-intro-project/build/ros2_keyboard' returned '0': CMAKE_PREFIX_PATH=/opt/ros/humble /usr/bin/cmake --install /home/mars_host/ros-intro-project/build/ros2_keyboard
[1.041s] INFO:colcon.colcon_core.shell:Creating package script '/home/mars_host/ros-intro-project/install/ros2_keyboard/share/ros2_keyboard/package.bash'
[1.041s] INFO:colcon.colcon_core.shell:Creating package script '/home/mars_host/ros-intro-project/install/ros2_keyboard/share/ros2_keyboard/package.zsh'
[1.042s] Level 1:colcon.colcon_core.environment:create_file_with_runtime_dependencies(/home/mars_host/ros-intro-project/install/ros2_keyboard/share/colcon-core/packages/ros2_keyboard)
[1.123s] Level 1:colcon.colcon_core.environment:create_environment_scripts_only(ros2_keyboard)
[1.123s] Level 1:colcon.colcon_core.environment:checking '/home/mars_host/ros-intro-project/install/ros2_keyboard' for CMake module files
[1.124s] Level 1:colcon.colcon_core.environment:checking '/home/mars_host/ros-intro-project/install/ros2_keyboard' for CMake config files
[1.124s] Level 1:colcon.colcon_core.shell:create_environment_hook('ros2_keyboard', 'cmake_prefix_path')
[1.124s] INFO:colcon.colcon_core.shell:Creating environment hook '/home/mars_host/ros-intro-project/install/ros2_keyboard/share/ros2_keyboard/hook/cmake_prefix_path.ps1'
[1.124s] INFO:colcon.colcon_core.shell:Creating environment descriptor '/home/mars_host/ros-intro-project/install/ros2_keyboard/share/ros2_keyboard/hook/cmake_prefix_path.dsv'
[1.139s] INFO:colcon.colcon_core.shell:Creating environment hook '/home/mars_host/ros-intro-project/install/ros2_keyboard/share/ros2_keyboard/hook/cmake_prefix_path.sh'
[1.141s] Level 1:colcon.colcon_core.environment:checking '/home/mars_host/ros-intro-project/install/ros2_keyboard/lib'
[1.141s] Level 1:colcon.colcon_core.environment:checking '/home/mars_host/ros-intro-project/install/ros2_keyboard/bin'
[1.141s] Level 1:colcon.colcon_core.environment:checking '/home/mars_host/ros-intro-project/install/ros2_keyboard/lib/pkgconfig/ros2_keyboard.pc'
[1.141s] Level 1:colcon.colcon_core.environment:checking '/home/mars_host/ros-intro-project/install/ros2_keyboard/lib/python3.10/site-packages'
[1.142s] Level 1:colcon.colcon_core.environment:checking '/home/mars_host/ros-intro-project/install/ros2_keyboard/bin'
[1.142s] INFO:colcon.colcon_core.shell:Creating package script '/home/mars_host/ros-intro-project/install/ros2_keyboard/share/ros2_keyboard/package.ps1'
[1.144s] INFO:colcon.colcon_core.shell:Creating package descriptor '/home/mars_host/ros-intro-project/install/ros2_keyboard/share/ros2_keyboard/package.dsv'
[1.146s] INFO:colcon.colcon_core.shell:Creating package script '/home/mars_host/ros-intro-project/install/ros2_keyboard/share/ros2_keyboard/package.sh'
[1.147s] INFO:colcon.colcon_core.shell:Creating package script '/home/mars_host/ros-intro-project/install/ros2_keyboard/share/ros2_keyboard/package.bash'
[1.149s] INFO:colcon.colcon_core.shell:Creating package script '/home/mars_host/ros-intro-project/install/ros2_keyboard/share/ros2_keyboard/package.zsh'
[1.152s] Level 1:colcon.colcon_core.environment:create_file_with_runtime_dependencies(/home/mars_host/ros-intro-project/install/ros2_keyboard/share/colcon-core/packages/ros2_keyboard)
[7.074s] DEBUG:colcon.colcon_core.event_handler.log_command:Invoked command in '/home/mars_host/ros-intro-project/build/ros2_webcam' returned '0': CMAKE_PREFIX_PATH=/opt/ros/humble /usr/bin/cmake --build /home/mars_host/ros-intro-project/build/ros2_webcam -- -j2 -l2
[7.143s] DEBUG:colcon.colcon_core.event_handler.log_command:Invoking command in '/home/mars_host/ros-intro-project/build/ros2_webcam': CMAKE_PREFIX_PATH=/opt/ros/humble /usr/bin/cmake --install /home/mars_host/ros-intro-project/build/ros2_webcam
[7.216s] Level 1:colcon.colcon_core.environment:create_environment_scripts_only(ros2_webcam)
[7.217s] Level 1:colcon.colcon_core.environment:checking '/home/mars_host/ros-intro-project/install/ros2_webcam' for CMake module files
[7.218s] Level 1:colcon.colcon_core.environment:checking '/home/mars_host/ros-intro-project/install/ros2_webcam' for CMake config files
[7.218s] Level 1:colcon.colcon_core.shell:create_environment_hook('ros2_webcam', 'cmake_prefix_path')
[7.219s] INFO:colcon.colcon_core.shell:Creating environment hook '/home/mars_host/ros-intro-project/install/ros2_webcam/share/ros2_webcam/hook/cmake_prefix_path.ps1'
[7.219s] INFO:colcon.colcon_core.shell:Creating environment descriptor '/home/mars_host/ros-intro-project/install/ros2_webcam/share/ros2_webcam/hook/cmake_prefix_path.dsv'
[7.220s] INFO:colcon.colcon_core.shell:Creating environment hook '/home/mars_host/ros-intro-project/install/ros2_webcam/share/ros2_webcam/hook/cmake_prefix_path.sh'
[7.220s] DEBUG:colcon.colcon_core.event_handler.log_command:Invoked command in '/home/mars_host/ros-intro-project/build/ros2_webcam' returned '0': CMAKE_PREFIX_PATH=/opt/ros/humble /usr/bin/cmake --install /home/mars_host/ros-intro-project/build/ros2_webcam
[7.221s] Level 1:colcon.colcon_core.environment:checking '/home/mars_host/ros-intro-project/install/ros2_webcam/lib'
[7.221s] Level 1:colcon.colcon_core.environment:checking '/home/mars_host/ros-intro-project/install/ros2_webcam/bin'
[7.221s] Level 1:colcon.colcon_core.environment:checking '/home/mars_host/ros-intro-project/install/ros2_webcam/lib/pkgconfig/ros2_webcam.pc'
[7.221s] Level 1:colcon.colcon_core.environment:checking '/home/mars_host/ros-intro-project/install/ros2_webcam/lib/python3.10/site-packages'
[7.221s] Level 1:colcon.colcon_core.environment:checking '/home/mars_host/ros-intro-project/install/ros2_webcam/bin'
[7.222s] INFO:colcon.colcon_core.shell:Creating package script '/home/mars_host/ros-intro-project/install/ros2_webcam/share/ros2_webcam/package.ps1'
[7.223s] INFO:colcon.colcon_core.shell:Creating package descriptor '/home/mars_host/ros-intro-project/install/ros2_webcam/share/ros2_webcam/package.dsv'
[7.224s] INFO:colcon.colcon_core.shell:Creating package script '/home/mars_host/ros-intro-project/install/ros2_webcam/share/ros2_webcam/package.sh'
[7.225s] INFO:colcon.colcon_core.shell:Creating package script '/home/mars_host/ros-intro-project/install/ros2_webcam/share/ros2_webcam/package.bash'
[7.225s] INFO:colcon.colcon_core.shell:Creating package script '/home/mars_host/ros-intro-project/install/ros2_webcam/share/ros2_webcam/package.zsh'
[7.226s] Level 1:colcon.colcon_core.environment:create_file_with_runtime_dependencies(/home/mars_host/ros-intro-project/install/ros2_webcam/share/colcon-core/packages/ros2_webcam)
[7.313s] Level 1:colcon.colcon_core.environment:create_environment_scripts_only(ros2_webcam)
[7.313s] Level 1:colcon.colcon_core.environment:checking '/home/mars_host/ros-intro-project/install/ros2_webcam' for CMake module files
[7.313s] Level 1:colcon.colcon_core.environment:checking '/home/mars_host/ros-intro-project/install/ros2_webcam' for CMake config files
[7.314s] Level 1:colcon.colcon_core.shell:create_environment_hook('ros2_webcam', 'cmake_prefix_path')
[7.314s] INFO:colcon.colcon_core.shell:Creating environment hook '/home/mars_host/ros-intro-project/install/ros2_webcam/share/ros2_webcam/hook/cmake_prefix_path.ps1'
[7.315s] INFO:colcon.colcon_core.shell:Creating environment descriptor '/home/mars_host/ros-intro-project/install/ros2_webcam/share/ros2_webcam/hook/cmake_prefix_path.dsv'
[7.316s] INFO:colcon.colcon_core.shell:Creating environment hook '/home/mars_host/ros-intro-project/install/ros2_webcam/share/ros2_webcam/hook/cmake_prefix_path.sh'
[7.317s] Level 1:colcon.colcon_core.environment:checking '/home/mars_host/ros-intro-project/install/ros2_webcam/lib'
[7.317s] Level 1:colcon.colcon_core.environment:checking '/home/mars_host/ros-intro-project/install/ros2_webcam/bin'
[7.317s] Level 1:colcon.colcon_core.environment:checking '/home/mars_host/ros-intro-project/install/ros2_webcam/lib/pkgconfig/ros2_webcam.pc'
[7.317s] Level 1:colcon.colcon_core.environment:checking '/home/mars_host/ros-intro-project/install/ros2_webcam/lib/python3.10/site-packages'
[7.317s] Level 1:colcon.colcon_core.environment:checking '/home/mars_host/ros-intro-project/install/ros2_webcam/bin'
[7.318s] INFO:colcon.colcon_core.shell:Creating package script '/home/mars_host/ros-intro-project/install/ros2_webcam/share/ros2_webcam/package.ps1'
[7.318s] INFO:colcon.colcon_core.shell:Creating package descriptor '/home/mars_host/ros-intro-project/install/ros2_webcam/share/ros2_webcam/package.dsv'
[7.319s] INFO:colcon.colcon_core.shell:Creating package script '/home/mars_host/ros-intro-project/install/ros2_webcam/share/ros2_webcam/package.sh'
[7.320s] INFO:colcon.colcon_core.shell:Creating package script '/home/mars_host/ros-intro-project/install/ros2_webcam/share/ros2_webcam/package.bash'
[7.321s] INFO:colcon.colcon_core.shell:Creating package script '/home/mars_host/ros-intro-project/install/ros2_webcam/share/ros2_webcam/package.zsh'
[7.321s] Level 1:colcon.colcon_core.environment:create_file_with_runtime_dependencies(/home/mars_host/ros-intro-project/install/ros2_webcam/share/colcon-core/packages/ros2_webcam)
[7.322s] DEBUG:colcon.colcon_parallel_executor.executor.parallel:closing loop
[7.323s] DEBUG:colcon.colcon_parallel_executor.executor.parallel:loop closed
[7.323s] DEBUG:colcon.colcon_parallel_executor.executor.parallel:run_until_complete finished with '0'
[7.323s] DEBUG:colcon.colcon_core.event_reactor:joining thread
[7.330s] INFO:colcon.colcon_core.plugin_system:Skipping extension 'colcon_notification.desktop_notification.terminal_notifier': Not used on non-Darwin systems
[7.330s] INFO:colcon.colcon_core.plugin_system:Skipping extension 'colcon_notification.desktop_notification.win32': Not used on non-Windows systems
[7.330s] INFO:colcon.colcon_notification.desktop_notification:Sending desktop notification using 'notify2'
[7.410s] DEBUG:colcon.colcon_core.event_reactor:joined thread
[7.411s] INFO:colcon.colcon_core.shell:Creating prefix script '/home/mars_host/ros-intro-project/install/local_setup.ps1'
[7.412s] INFO:colcon.colcon_core.shell:Creating prefix util module '/home/mars_host/ros-intro-project/install/_local_setup_util_ps1.py'
[7.414s] INFO:colcon.colcon_core.shell:Creating prefix chain script '/home/mars_host/ros-intro-project/install/setup.ps1'
[7.424s] INFO:colcon.colcon_core.shell:Creating prefix script '/home/mars_host/ros-intro-project/install/local_setup.sh'
[7.428s] INFO:colcon.colcon_core.shell:Creating prefix util module '/home/mars_host/ros-intro-project/install/_local_setup_util_sh.py'
[7.430s] INFO:colcon.colcon_core.shell:Creating prefix chain script '/home/mars_host/ros-intro-project/install/setup.sh'
[7.432s] INFO:colcon.colcon_core.shell:Creating prefix script '/home/mars_host/ros-intro-project/install/local_setup.bash'
[7.433s] INFO:colcon.colcon_core.shell:Creating prefix chain script '/home/mars_host/ros-intro-project/install/setup.bash'
[7.434s] INFO:colcon.colcon_core.shell:Creating prefix script '/home/mars_host/ros-intro-project/install/local_setup.zsh'
[7.435s] INFO:colcon.colcon_core.shell:Creating prefix chain script '/home/mars_host/ros-intro-project/install/setup.zsh'
