[0.026s] Invoking command in '/home/mars_host/ros-intro-project/src/ros2_keyboard/build/ros2_keyboard': CMAKE_PREFIX_PATH=/opt/ros/humble /usr/bin/cmake /home/mars_host/ros-intro-project/src/ros2_keyboard -DCMAKE_INSTALL_PREFIX=/home/mars_host/ros-intro-project/src/ros2_keyboard/install/ros2_keyboard
[0.141s] -- The C compiler identification is GNU 11.4.0
[0.207s] -- The CXX compiler identification is GNU 11.4.0
[0.217s] -- Detecting C compiler ABI info
[0.366s] -- Detecting C compiler ABI info - done
[0.379s] -- Check for working C compiler: /usr/bin/cc - skipped
[0.379s] -- Detecting C compile features
[0.379s] -- Detecting C compile features - done
[0.379s] -- Detecting CXX compiler ABI info
[0.517s] -- Detecting CXX compiler ABI info - done
[0.517s] -- Check for working CXX compiler: /usr/bin/c++ - skipped
[0.517s] -- Detecting CXX compile features
[0.518s] -- Detecting CXX compile features - done
[0.522s] -- Found ament_cmake: 1.3.10 (/opt/ros/humble/share/ament_cmake/cmake)
[0.710s] -- Found Python3: /usr/bin/python3 (found version "3.10.12") found components: Interpreter 
[0.800s] -- Found rclcpp: 16.0.10 (/opt/ros/humble/share/rclcpp/cmake)
[0.825s] -- Found rosidl_generator_c: 3.1.5 (/opt/ros/humble/share/rosidl_generator_c/cmake)
[0.828s] -- Found rosidl_adapter: 3.1.5 (/opt/ros/humble/share/rosidl_adapter/cmake)
[0.834s] -- Found rosidl_generator_cpp: 3.1.5 (/opt/ros/humble/share/rosidl_generator_cpp/cmake)
[0.843s] -- Using all available rosidl_typesupport_c: rosidl_typesupport_fastrtps_c;rosidl_typesupport_introspection_c
[0.868s] -- Using all available rosidl_typesupport_cpp: rosidl_typesupport_fastrtps_cpp;rosidl_typesupport_introspection_cpp
[0.906s] -- Found rmw_implementation_cmake: 6.1.2 (/opt/ros/humble/share/rmw_implementation_cmake/cmake)
[0.908s] -- Found rmw_fastrtps_cpp: 6.2.7 (/opt/ros/humble/share/rmw_fastrtps_cpp/cmake)
[1.055s] -- Found OpenSSL: /usr/lib/x86_64-linux-gnu/libcrypto.so (found version "3.0.2")  
[1.097s] -- Found FastRTPS: /opt/ros/humble/include  
[1.144s] -- Using RMW implementation 'rmw_fastrtps_cpp' as default
[1.150s] -- Looking for pthread.h
[1.284s] -- Looking for pthread.h - found
[1.285s] -- Performing Test CMAKE_HAVE_LIBC_PTHREAD
[1.400s] -- Performing Test CMAKE_HAVE_LIBC_PTHREAD - Success
[1.402s] -- Found Threads: TRUE  
[1.459s] -- Found ament_lint_auto: 0.12.11 (/opt/ros/humble/share/ament_lint_auto/cmake)
[1.545s] -- Added test 'cppcheck' to perform static code analysis on C / C++ code
[1.546s] -- Configured cppcheck include dirs: /home/mars_host/ros-intro-project/src/ros2_keyboard/include
[1.546s] -- Configured cppcheck exclude dirs and/or files: 
[1.548s] -- Added test 'flake8' to check Python code syntax and style conventions
[1.549s] -- Added test 'lint_cmake' to check CMake code style
[1.550s] -- Added test 'pep257' to check Python code against some of the docstring style conventions in PEP 257
[1.552s] -- Added test 'uncrustify' to check C / C++ code style
[1.553s] -- Configured uncrustify additional arguments: 
[1.553s] -- Added test 'xmllint' to check XML markup files
[1.555s] -- Configuring done
[1.564s] -- Generating done
[1.567s] -- Build files have been written to: /home/mars_host/ros-intro-project/src/ros2_keyboard/build/ros2_keyboard
[1.608s] Invoked command in '/home/mars_host/ros-intro-project/src/ros2_keyboard/build/ros2_keyboard' returned '0': CMAKE_PREFIX_PATH=/opt/ros/humble /usr/bin/cmake /home/mars_host/ros-intro-project/src/ros2_keyboard -DCMAKE_INSTALL_PREFIX=/home/mars_host/ros-intro-project/src/ros2_keyboard/install/ros2_keyboard
[1.609s] Invoking command in '/home/mars_host/ros-intro-project/src/ros2_keyboard/build/ros2_keyboard': CMAKE_PREFIX_PATH=/opt/ros/humble /usr/bin/cmake --build /home/mars_host/ros-intro-project/src/ros2_keyboard/build/ros2_keyboard -- -j2 -l2
[1.681s] [ 50%] [32mBuilding CXX object CMakeFiles/key_pub.dir/src/key_publisher.cpp.o[0m
[5.210s] [100%] [32m[1mLinking CXX executable key_pub[0m
[5.432s] [100%] Built target key_pub
[5.462s] Invoked command in '/home/mars_host/ros-intro-project/src/ros2_keyboard/build/ros2_keyboard' returned '0': CMAKE_PREFIX_PATH=/opt/ros/humble /usr/bin/cmake --build /home/mars_host/ros-intro-project/src/ros2_keyboard/build/ros2_keyboard -- -j2 -l2
[5.544s] Invoking command in '/home/mars_host/ros-intro-project/src/ros2_keyboard/build/ros2_keyboard': CMAKE_PREFIX_PATH=/opt/ros/humble /usr/bin/cmake --install /home/mars_host/ros-intro-project/src/ros2_keyboard/build/ros2_keyboard
[5.572s] -- Install configuration: ""
[5.572s] -- Installing: /home/mars_host/ros-intro-project/src/ros2_keyboard/install/ros2_keyboard/lib/ros2_keyboard/key_pub
[5.573s] -- Set runtime path of "/home/mars_host/ros-intro-project/src/ros2_keyboard/install/ros2_keyboard/lib/ros2_keyboard/key_pub" to ""
[5.573s] -- Installing: /home/mars_host/ros-intro-project/src/ros2_keyboard/install/ros2_keyboard/share/ament_index/resource_index/package_run_dependencies/ros2_keyboard
[5.573s] -- Installing: /home/mars_host/ros-intro-project/src/ros2_keyboard/install/ros2_keyboard/share/ament_index/resource_index/parent_prefix_path/ros2_keyboard
[5.574s] -- Installing: /home/mars_host/ros-intro-project/src/ros2_keyboard/install/ros2_keyboard/share/ros2_keyboard/environment/ament_prefix_path.sh
[5.576s] -- Installing: /home/mars_host/ros-intro-project/src/ros2_keyboard/install/ros2_keyboard/share/ros2_keyboard/environment/ament_prefix_path.dsv
[5.576s] -- Installing: /home/mars_host/ros-intro-project/src/ros2_keyboard/install/ros2_keyboard/share/ros2_keyboard/environment/path.sh
[5.576s] -- Installing: /home/mars_host/ros-intro-project/src/ros2_keyboard/install/ros2_keyboard/share/ros2_keyboard/environment/path.dsv
[5.579s] -- Installing: /home/mars_host/ros-intro-project/src/ros2_keyboard/install/ros2_keyboard/share/ros2_keyboard/local_setup.bash
[5.580s] -- Installing: /home/mars_host/ros-intro-project/src/ros2_keyboard/install/ros2_keyboard/share/ros2_keyboard/local_setup.sh
[5.580s] -- Installing: /home/mars_host/ros-intro-project/src/ros2_keyboard/install/ros2_keyboard/share/ros2_keyboard/local_setup.zsh
[5.580s] -- Installing: /home/mars_host/ros-intro-project/src/ros2_keyboard/install/ros2_keyboard/share/ros2_keyboard/local_setup.dsv
[5.580s] -- Installing: /home/mars_host/ros-intro-project/src/ros2_keyboard/install/ros2_keyboard/share/ros2_keyboard/package.dsv
[5.585s] -- Installing: /home/mars_host/ros-intro-project/src/ros2_keyboard/install/ros2_keyboard/share/ament_index/resource_index/packages/ros2_keyboard
[5.586s] -- Installing: /home/mars_host/ros-intro-project/src/ros2_keyboard/install/ros2_keyboard/share/ros2_keyboard/cmake/ros2_keyboardConfig.cmake
[5.586s] -- Installing: /home/mars_host/ros-intro-project/src/ros2_keyboard/install/ros2_keyboard/share/ros2_keyboard/cmake/ros2_keyboardConfig-version.cmake
[5.586s] -- Installing: /home/mars_host/ros-intro-project/src/ros2_keyboard/install/ros2_keyboard/share/ros2_keyboard/package.xml
[5.589s] Invoked command in '/home/mars_host/ros-intro-project/src/ros2_keyboard/build/ros2_keyboard' returned '0': CMAKE_PREFIX_PATH=/opt/ros/humble /usr/bin/cmake --install /home/mars_host/ros-intro-project/src/ros2_keyboard/build/ros2_keyboard
