[0.027s] Invoking command in '/home/mars_host/ros-intro-project/build/ros2_image_transform': CMAKE_PREFIX_PATH=${CMAKE_PREFIX_PATH}:/opt/ros/humble /usr/bin/cmake --build /home/mars_host/ros-intro-project/build/ros2_image_transform -- -j2 -l2
[0.076s] -- Found ament_cmake: 1.3.10 (/opt/ros/humble/share/ament_cmake/cmake)
[0.257s] -- Found rclcpp: 16.0.10 (/opt/ros/humble/share/rclcpp/cmake)
[0.285s] -- Found rosidl_generator_c: 3.1.5 (/opt/ros/humble/share/rosidl_generator_c/cmake)
[0.287s] -- Found rosidl_adapter: 3.1.5 (/opt/ros/humble/share/rosidl_adapter/cmake)
[0.292s] -- Found rosidl_generator_cpp: 3.1.5 (/opt/ros/humble/share/rosidl_generator_cpp/cmake)
[0.301s] -- Using all available rosidl_typesupport_c: rosidl_typesupport_fastrtps_c;rosidl_typesupport_introspection_c
[0.316s] -- Using all available rosidl_typesupport_cpp: rosidl_typesupport_fastrtps_cpp;rosidl_typesupport_introspection_cpp
[0.361s] -- Found rmw_implementation_cmake: 6.1.2 (/opt/ros/humble/share/rmw_implementation_cmake/cmake)
[0.365s] -- Found rmw_fastrtps_cpp: 6.2.7 (/opt/ros/humble/share/rmw_fastrtps_cpp/cmake)
[0.503s] -- Using RMW implementation 'rmw_fastrtps_cpp' as default
[0.555s] -- Found rclpy: 3.3.14 (/opt/ros/humble/share/rclpy/cmake)
[0.556s] -- Found sensor_msgs: 4.2.4 (/opt/ros/humble/share/sensor_msgs/cmake)
[0.596s] -- Found cv_bridge: 3.2.1 (/opt/ros/humble/share/cv_bridge/cmake)
[0.602s] -- Found image_transport: 3.1.9 (/opt/ros/humble/share/image_transport/cmake)
[0.621s] -- Found ament_lint_auto: 0.12.11 (/opt/ros/humble/share/ament_lint_auto/cmake)
[0.679s] -- Added test 'cppcheck' to perform static code analysis on C / C++ code
[0.704s] -- Configured cppcheck include dirs: /home/mars_host/ros-intro-project/src/ros2_image_transform/include
[0.704s] -- Configured cppcheck exclude dirs and/or files: 
[0.704s] -- Added test 'flake8' to check Python code syntax and style conventions
[0.704s] -- Added test 'lint_cmake' to check CMake code style
[0.704s] -- Added test 'pep257' to check Python code against some of the docstring style conventions in PEP 257
[0.704s] -- Added test 'uncrustify' to check C / C++ code style
[0.704s] -- Configured uncrustify additional arguments: 
[0.704s] -- Added test 'xmllint' to check XML markup files
[0.704s] -- Configuring done
[0.717s] -- Generating done
[0.717s] -- Build files have been written to: /home/mars_host/ros-intro-project/build/ros2_image_transform
[0.866s] Built target ament_cmake_python_copy_ros2_image_transform
[1.109s] running egg_info
[1.109s] creating ros2_image_transform.egg-info
[1.109s] writing ros2_image_transform.egg-info/PKG-INFO
[1.110s] writing dependency_links to ros2_image_transform.egg-info/dependency_links.txt
[1.110s] writing top-level names to ros2_image_transform.egg-info/top_level.txt
[1.110s] writing manifest file 'ros2_image_transform.egg-info/SOURCES.txt'
[1.112s] reading manifest file 'ros2_image_transform.egg-info/SOURCES.txt'
[1.113s] writing manifest file 'ros2_image_transform.egg-info/SOURCES.txt'
[1.168s] Built target ament_cmake_python_build_ros2_image_transform_egg
[1.199s] Invoked command in '/home/mars_host/ros-intro-project/build/ros2_image_transform' returned '0': CMAKE_PREFIX_PATH=${CMAKE_PREFIX_PATH}:/opt/ros/humble /usr/bin/cmake --build /home/mars_host/ros-intro-project/build/ros2_image_transform -- -j2 -l2
[1.242s] Invoking command in '/home/mars_host/ros-intro-project/build/ros2_image_transform': CMAKE_PREFIX_PATH=${CMAKE_PREFIX_PATH}:/opt/ros/humble /usr/bin/cmake --install /home/mars_host/ros-intro-project/build/ros2_image_transform
[1.251s] -- Install configuration: ""
[1.252s] -- Installing: /home/mars_host/ros-intro-project/install/ros2_image_transform/share/ros2_image_transform/environment/pythonpath.sh
[1.252s] -- Installing: /home/mars_host/ros-intro-project/install/ros2_image_transform/share/ros2_image_transform/environment/pythonpath.dsv
[1.252s] -- Installing: /home/mars_host/ros-intro-project/install/ros2_image_transform/local/lib/python3.10/dist-packages/ros2_image_transform-0.0.0-py3.10.egg-info
[1.252s] -- Installing: /home/mars_host/ros-intro-project/install/ros2_image_transform/local/lib/python3.10/dist-packages/ros2_image_transform-0.0.0-py3.10.egg-info/top_level.txt
[1.252s] -- Installing: /home/mars_host/ros-intro-project/install/ros2_image_transform/local/lib/python3.10/dist-packages/ros2_image_transform-0.0.0-py3.10.egg-info/dependency_links.txt
[1.252s] -- Installing: /home/mars_host/ros-intro-project/install/ros2_image_transform/local/lib/python3.10/dist-packages/ros2_image_transform-0.0.0-py3.10.egg-info/SOURCES.txt
[1.252s] -- Installing: /home/mars_host/ros-intro-project/install/ros2_image_transform/local/lib/python3.10/dist-packages/ros2_image_transform-0.0.0-py3.10.egg-info/PKG-INFO
[1.252s] -- Installing: /home/mars_host/ros-intro-project/install/ros2_image_transform/local/lib/python3.10/dist-packages/ros2_image_transform
[1.252s] -- Installing: /home/mars_host/ros-intro-project/install/ros2_image_transform/local/lib/python3.10/dist-packages/ros2_image_transform/__init__.py
[1.280s] Listing '/home/mars_host/ros-intro-project/install/ros2_image_transform/local/lib/python3.10/dist-packages/ros2_image_transform'...
[1.280s] Compiling '/home/mars_host/ros-intro-project/install/ros2_image_transform/local/lib/python3.10/dist-packages/ros2_image_transform/__init__.py'...
[1.284s] -- Installing: /home/mars_host/ros-intro-project/install/ros2_image_transform/lib/ros2_image_transform/image.py
[1.285s] -- Up-to-date: /home/mars_host/ros-intro-project/install/ros2_image_transform/share/ament_index/resource_index/package_run_dependencies/ros2_image_transform
[1.285s] -- Installing: /home/mars_host/ros-intro-project/install/ros2_image_transform/share/ament_index/resource_index/parent_prefix_path/ros2_image_transform
[1.285s] -- Up-to-date: /home/mars_host/ros-intro-project/install/ros2_image_transform/share/ros2_image_transform/environment/ament_prefix_path.sh
[1.285s] -- Installing: /home/mars_host/ros-intro-project/install/ros2_image_transform/share/ros2_image_transform/environment/ament_prefix_path.dsv
[1.285s] -- Up-to-date: /home/mars_host/ros-intro-project/install/ros2_image_transform/share/ros2_image_transform/environment/path.sh
[1.285s] -- Installing: /home/mars_host/ros-intro-project/install/ros2_image_transform/share/ros2_image_transform/environment/path.dsv
[1.285s] -- Up-to-date: /home/mars_host/ros-intro-project/install/ros2_image_transform/share/ros2_image_transform/local_setup.bash
[1.285s] -- Installing: /home/mars_host/ros-intro-project/install/ros2_image_transform/share/ros2_image_transform/local_setup.sh
[1.285s] -- Up-to-date: /home/mars_host/ros-intro-project/install/ros2_image_transform/share/ros2_image_transform/local_setup.zsh
[1.285s] -- Installing: /home/mars_host/ros-intro-project/install/ros2_image_transform/share/ros2_image_transform/local_setup.dsv
[1.285s] -- Installing: /home/mars_host/ros-intro-project/install/ros2_image_transform/share/ros2_image_transform/package.dsv
[1.285s] -- Up-to-date: /home/mars_host/ros-intro-project/install/ros2_image_transform/share/ament_index/resource_index/packages/ros2_image_transform
[1.285s] -- Up-to-date: /home/mars_host/ros-intro-project/install/ros2_image_transform/share/ros2_image_transform/cmake/ros2_image_transformConfig.cmake
[1.285s] -- Up-to-date: /home/mars_host/ros-intro-project/install/ros2_image_transform/share/ros2_image_transform/cmake/ros2_image_transformConfig-version.cmake
[1.285s] -- Up-to-date: /home/mars_host/ros-intro-project/install/ros2_image_transform/share/ros2_image_transform/package.xml
[1.294s] Invoked command in '/home/mars_host/ros-intro-project/build/ros2_image_transform' returned '0': CMAKE_PREFIX_PATH=${CMAKE_PREFIX_PATH}:/opt/ros/humble /usr/bin/cmake --install /home/mars_host/ros-intro-project/build/ros2_image_transform
