[0.130s] DEBUG:colcon:Command line arguments: ['/usr/bin/colcon', 'build']
[0.130s] DEBUG:colcon:Parsed command line arguments: Namespace(log_base=None, log_level=None, verb_name='build', build_base='build', install_base='install', merge_install=False, symlink_install=False, test_result_base=None, continue_on_error=False, executor='parallel', parallel_workers=2, event_handlers=None, ignore_user_meta=False, metas=['./colcon.meta'], base_paths=['.'], packages_ignore=None, packages_ignore_regex=None, paths=None, packages_up_to=None, packages_up_to_regex=None, packages_above=None, packages_above_and_dependencies=None, packages_above_depth=None, packages_select_by_dep=None, packages_skip_by_dep=None, packages_skip_up_to=None, packages_select_build_failed=False, packages_skip_build_finished=False, packages_select_test_failures=False, packages_skip_test_passed=False, packages_select=None, packages_skip=None, packages_select_regex=None, packages_skip_regex=None, packages_start=None, packages_end=None, allow_overriding=[], cmake_args=None, cmake_target=None, cmake_target_skip_unavailable=False, cmake_clean_cache=False, cmake_clean_first=False, cmake_force_configure=False, ament_cmake_args=None, catkin_cmake_args=None, catkin_skip_building_tests=False, mixin_files=None, mixin=None, verb_parser=<colcon_mixin.mixin.mixin_argument.MixinArgumentDecorator object at 0x7b7d863be0e0>, verb_extension=<colcon_core.verb.build.BuildVerb object at 0x7b7d863bd480>, main=<bound method BuildVerb.main of <colcon_core.verb.build.BuildVerb object at 0x7b7d863bd480>>, mixin_verb=('build',))
[0.400s] Level 1:colcon.colcon_core.package_discovery:discover_packages(colcon_meta) check parameters
[0.400s] Level 1:colcon.colcon_core.package_discovery:discover_packages(recursive) check parameters
[0.400s] Level 1:colcon.colcon_core.package_discovery:discover_packages(ignore) check parameters
[0.400s] Level 1:colcon.colcon_core.package_discovery:discover_packages(path) check parameters
[0.400s] Level 1:colcon.colcon_core.package_discovery:discover_packages(colcon_meta) discover
[0.400s] Level 1:colcon.colcon_core.package_discovery:discover_packages(recursive) discover
[0.400s] INFO:colcon.colcon_core.package_discovery:Crawling recursively for packages in '/home/mars_host/ros-intro-project'
[0.400s] Level 1:colcon.colcon_core.package_identification:_identify(.) by extensions ['ignore', 'ignore_ament_install']
[0.400s] Level 1:colcon.colcon_core.package_identification:_identify(.) by extension 'ignore'
[0.400s] Level 1:colcon.colcon_core.package_identification:_identify(.) by extension 'ignore_ament_install'
[0.400s] Level 1:colcon.colcon_core.package_identification:_identify(.) by extensions ['colcon_pkg']
[0.400s] Level 1:colcon.colcon_core.package_identification:_identify(.) by extension 'colcon_pkg'
[0.400s] Level 1:colcon.colcon_core.package_identification:_identify(.) by extensions ['colcon_meta']
[0.400s] Level 1:colcon.colcon_core.package_identification:_identify(.) by extension 'colcon_meta'
[0.400s] Level 1:colcon.colcon_core.package_identification:_identify(.) by extensions ['ros']
[0.400s] Level 1:colcon.colcon_core.package_identification:_identify(.) by extension 'ros'
[0.413s] Level 1:colcon.colcon_core.package_identification:_identify(.) by extensions ['cmake', 'python']
[0.413s] Level 1:colcon.colcon_core.package_identification:_identify(.) by extension 'cmake'
[0.413s] Level 1:colcon.colcon_core.package_identification:_identify(.) by extension 'python'
[0.413s] Level 1:colcon.colcon_core.package_identification:_identify(.) by extensions ['python_setup_py']
[0.413s] Level 1:colcon.colcon_core.package_identification:_identify(.) by extension 'python_setup_py'
[0.413s] Level 1:colcon.colcon_core.package_identification:_identify(build) by extensions ['ignore', 'ignore_ament_install']
[0.413s] Level 1:colcon.colcon_core.package_identification:_identify(build) by extension 'ignore'
[0.413s] Level 1:colcon.colcon_core.package_identification:_identify(build) ignored
[0.413s] Level 1:colcon.colcon_core.package_identification:_identify(install) by extensions ['ignore', 'ignore_ament_install']
[0.413s] Level 1:colcon.colcon_core.package_identification:_identify(install) by extension 'ignore'
[0.413s] Level 1:colcon.colcon_core.package_identification:_identify(install) ignored
[0.413s] Level 1:colcon.colcon_core.package_identification:_identify(log) by extensions ['ignore', 'ignore_ament_install']
[0.413s] Level 1:colcon.colcon_core.package_identification:_identify(log) by extension 'ignore'
[0.413s] Level 1:colcon.colcon_core.package_identification:_identify(log) ignored
[0.413s] Level 1:colcon.colcon_core.package_identification:_identify(src) by extensions ['ignore', 'ignore_ament_install']
[0.413s] Level 1:colcon.colcon_core.package_identification:_identify(src) by extension 'ignore'
[0.413s] Level 1:colcon.colcon_core.package_identification:_identify(src) by extension 'ignore_ament_install'
[0.413s] Level 1:colcon.colcon_core.package_identification:_identify(src) by extensions ['colcon_pkg']
[0.413s] Level 1:colcon.colcon_core.package_identification:_identify(src) by extension 'colcon_pkg'
[0.413s] Level 1:colcon.colcon_core.package_identification:_identify(src) by extensions ['colcon_meta']
[0.413s] Level 1:colcon.colcon_core.package_identification:_identify(src) by extension 'colcon_meta'
[0.413s] Level 1:colcon.colcon_core.package_identification:_identify(src) by extensions ['ros']
[0.413s] Level 1:colcon.colcon_core.package_identification:_identify(src) by extension 'ros'
[0.414s] Level 1:colcon.colcon_core.package_identification:_identify(src) by extensions ['cmake', 'python']
[0.414s] Level 1:colcon.colcon_core.package_identification:_identify(src) by extension 'cmake'
[0.414s] Level 1:colcon.colcon_core.package_identification:_identify(src) by extension 'python'
[0.414s] Level 1:colcon.colcon_core.package_identification:_identify(src) by extensions ['python_setup_py']
[0.414s] Level 1:colcon.colcon_core.package_identification:_identify(src) by extension 'python_setup_py'
[0.414s] Level 1:colcon.colcon_core.package_identification:_identify(src/ros2_image_transform) by extensions ['ignore', 'ignore_ament_install']
[0.414s] Level 1:colcon.colcon_core.package_identification:_identify(src/ros2_image_transform) by extension 'ignore'
[0.414s] Level 1:colcon.colcon_core.package_identification:_identify(src/ros2_image_transform) by extension 'ignore_ament_install'
[0.414s] Level 1:colcon.colcon_core.package_identification:_identify(src/ros2_image_transform) by extensions ['colcon_pkg']
[0.414s] Level 1:colcon.colcon_core.package_identification:_identify(src/ros2_image_transform) by extension 'colcon_pkg'
[0.414s] Level 1:colcon.colcon_core.package_identification:_identify(src/ros2_image_transform) by extensions ['colcon_meta']
[0.414s] Level 1:colcon.colcon_core.package_identification:_identify(src/ros2_image_transform) by extension 'colcon_meta'
[0.414s] Level 1:colcon.colcon_core.package_identification:_identify(src/ros2_image_transform) by extensions ['ros']
[0.414s] Level 1:colcon.colcon_core.package_identification:_identify(src/ros2_image_transform) by extension 'ros'
[0.416s] DEBUG:colcon.colcon_core.package_identification:Package 'src/ros2_image_transform' with type 'ros.ament_cmake' and name 'ros2_image_transform'
[0.416s] Level 1:colcon.colcon_core.package_identification:_identify(src/ros2_keyboard) by extensions ['ignore', 'ignore_ament_install']
[0.416s] Level 1:colcon.colcon_core.package_identification:_identify(src/ros2_keyboard) by extension 'ignore'
[0.416s] Level 1:colcon.colcon_core.package_identification:_identify(src/ros2_keyboard) by extension 'ignore_ament_install'
[0.416s] Level 1:colcon.colcon_core.package_identification:_identify(src/ros2_keyboard) by extensions ['colcon_pkg']
[0.416s] Level 1:colcon.colcon_core.package_identification:_identify(src/ros2_keyboard) by extension 'colcon_pkg'
[0.416s] Level 1:colcon.colcon_core.package_identification:_identify(src/ros2_keyboard) by extensions ['colcon_meta']
[0.416s] Level 1:colcon.colcon_core.package_identification:_identify(src/ros2_keyboard) by extension 'colcon_meta'
[0.416s] Level 1:colcon.colcon_core.package_identification:_identify(src/ros2_keyboard) by extensions ['ros']
[0.416s] Level 1:colcon.colcon_core.package_identification:_identify(src/ros2_keyboard) by extension 'ros'
[0.416s] DEBUG:colcon.colcon_core.package_identification:Package 'src/ros2_keyboard' with type 'ros.ament_cmake' and name 'ros2_keyboard'
[0.417s] Level 1:colcon.colcon_core.package_identification:_identify(src/ros2_webcam) by extensions ['ignore', 'ignore_ament_install']
[0.417s] Level 1:colcon.colcon_core.package_identification:_identify(src/ros2_webcam) by extension 'ignore'
[0.417s] Level 1:colcon.colcon_core.package_identification:_identify(src/ros2_webcam) by extension 'ignore_ament_install'
[0.417s] Level 1:colcon.colcon_core.package_identification:_identify(src/ros2_webcam) by extensions ['colcon_pkg']
[0.417s] Level 1:colcon.colcon_core.package_identification:_identify(src/ros2_webcam) by extension 'colcon_pkg'
[0.417s] Level 1:colcon.colcon_core.package_identification:_identify(src/ros2_webcam) by extensions ['colcon_meta']
[0.417s] Level 1:colcon.colcon_core.package_identification:_identify(src/ros2_webcam) by extension 'colcon_meta'
[0.417s] Level 1:colcon.colcon_core.package_identification:_identify(src/ros2_webcam) by extensions ['ros']
[0.417s] Level 1:colcon.colcon_core.package_identification:_identify(src/ros2_webcam) by extension 'ros'
[0.417s] DEBUG:colcon.colcon_core.package_identification:Package 'src/ros2_webcam' with type 'ros.ament_cmake' and name 'ros2_webcam'
[0.417s] Level 1:colcon.colcon_core.package_discovery:discover_packages(recursive) using defaults
[0.417s] Level 1:colcon.colcon_core.package_discovery:discover_packages(ignore) discover
[0.417s] Level 1:colcon.colcon_core.package_discovery:discover_packages(ignore) using defaults
[0.417s] Level 1:colcon.colcon_core.package_discovery:discover_packages(path) discover
[0.417s] Level 1:colcon.colcon_core.package_discovery:discover_packages(path) using defaults
[0.443s] Level 1:colcon.colcon_core.package_discovery:discover_packages(prefix_path) check parameters
[0.443s] Level 1:colcon.colcon_core.package_discovery:discover_packages(prefix_path) discover
[0.446s] DEBUG:colcon.colcon_installed_package_information.package_discovery:Found 1 installed packages in /home/mars_host/ros-intro-project/src/ros2_image_transform/install
[0.446s] DEBUG:colcon.colcon_installed_package_information.package_discovery:Found 0 installed packages in /home/mars_host/mars-ros2/install
[0.450s] DEBUG:colcon.colcon_installed_package_information.package_discovery:Found 284 installed packages in /opt/ros/humble
[0.461s] Level 1:colcon.colcon_core.package_discovery:discover_packages(prefix_path) using defaults
[0.593s] Level 5:colcon.colcon_core.verb:set package 'ros2_image_transform' build argument 'cmake_args' from command line to 'None'
[0.593s] Level 5:colcon.colcon_core.verb:set package 'ros2_image_transform' build argument 'cmake_target' from command line to 'None'
[0.593s] Level 5:colcon.colcon_core.verb:set package 'ros2_image_transform' build argument 'cmake_target_skip_unavailable' from command line to 'False'
[0.593s] Level 5:colcon.colcon_core.verb:set package 'ros2_image_transform' build argument 'cmake_clean_cache' from command line to 'False'
[0.593s] Level 5:colcon.colcon_core.verb:set package 'ros2_image_transform' build argument 'cmake_clean_first' from command line to 'False'
[0.593s] Level 5:colcon.colcon_core.verb:set package 'ros2_image_transform' build argument 'cmake_force_configure' from command line to 'False'
[0.593s] Level 5:colcon.colcon_core.verb:set package 'ros2_image_transform' build argument 'ament_cmake_args' from command line to 'None'
[0.593s] Level 5:colcon.colcon_core.verb:set package 'ros2_image_transform' build argument 'catkin_cmake_args' from command line to 'None'
[0.593s] Level 5:colcon.colcon_core.verb:set package 'ros2_image_transform' build argument 'catkin_skip_building_tests' from command line to 'False'
[0.593s] DEBUG:colcon.colcon_core.verb:Building package 'ros2_image_transform' with the following arguments: {'ament_cmake_args': None, 'build_base': '/home/mars_host/ros-intro-project/build/ros2_image_transform', 'catkin_cmake_args': None, 'catkin_skip_building_tests': False, 'cmake_args': None, 'cmake_clean_cache': False, 'cmake_clean_first': False, 'cmake_force_configure': False, 'cmake_target': None, 'cmake_target_skip_unavailable': False, 'install_base': '/home/mars_host/ros-intro-project/install/ros2_image_transform', 'merge_install': False, 'path': '/home/mars_host/ros-intro-project/src/ros2_image_transform', 'symlink_install': False, 'test_result_base': None}
[0.593s] Level 5:colcon.colcon_core.verb:set package 'ros2_keyboard' build argument 'cmake_args' from command line to 'None'
[0.593s] Level 5:colcon.colcon_core.verb:set package 'ros2_keyboard' build argument 'cmake_target' from command line to 'None'
[0.593s] Level 5:colcon.colcon_core.verb:set package 'ros2_keyboard' build argument 'cmake_target_skip_unavailable' from command line to 'False'
[0.593s] Level 5:colcon.colcon_core.verb:set package 'ros2_keyboard' build argument 'cmake_clean_cache' from command line to 'False'
[0.593s] Level 5:colcon.colcon_core.verb:set package 'ros2_keyboard' build argument 'cmake_clean_first' from command line to 'False'
[0.593s] Level 5:colcon.colcon_core.verb:set package 'ros2_keyboard' build argument 'cmake_force_configure' from command line to 'False'
[0.593s] Level 5:colcon.colcon_core.verb:set package 'ros2_keyboard' build argument 'ament_cmake_args' from command line to 'None'
[0.593s] Level 5:colcon.colcon_core.verb:set package 'ros2_keyboard' build argument 'catkin_cmake_args' from command line to 'None'
[0.593s] Level 5:colcon.colcon_core.verb:set package 'ros2_keyboard' build argument 'catkin_skip_building_tests' from command line to 'False'
[0.593s] DEBUG:colcon.colcon_core.verb:Building package 'ros2_keyboard' with the following arguments: {'ament_cmake_args': None, 'build_base': '/home/mars_host/ros-intro-project/build/ros2_keyboard', 'catkin_cmake_args': None, 'catkin_skip_building_tests': False, 'cmake_args': None, 'cmake_clean_cache': False, 'cmake_clean_first': False, 'cmake_force_configure': False, 'cmake_target': None, 'cmake_target_skip_unavailable': False, 'install_base': '/home/mars_host/ros-intro-project/install/ros2_keyboard', 'merge_install': False, 'path': '/home/mars_host/ros-intro-project/src/ros2_keyboard', 'symlink_install': False, 'test_result_base': None}
[0.594s] Level 5:colcon.colcon_core.verb:set package 'ros2_webcam' build argument 'cmake_args' from command line to 'None'
[0.594s] Level 5:colcon.colcon_core.verb:set package 'ros2_webcam' build argument 'cmake_target' from command line to 'None'
[0.594s] Level 5:colcon.colcon_core.verb:set package 'ros2_webcam' build argument 'cmake_target_skip_unavailable' from command line to 'False'
[0.594s] Level 5:colcon.colcon_core.verb:set package 'ros2_webcam' build argument 'cmake_clean_cache' from command line to 'False'
[0.594s] Level 5:colcon.colcon_core.verb:set package 'ros2_webcam' build argument 'cmake_clean_first' from command line to 'False'
[0.594s] Level 5:colcon.colcon_core.verb:set package 'ros2_webcam' build argument 'cmake_force_configure' from command line to 'False'
[0.594s] Level 5:colcon.colcon_core.verb:set package 'ros2_webcam' build argument 'ament_cmake_args' from command line to 'None'
[0.594s] Level 5:colcon.colcon_core.verb:set package 'ros2_webcam' build argument 'catkin_cmake_args' from command line to 'None'
[0.594s] Level 5:colcon.colcon_core.verb:set package 'ros2_webcam' build argument 'catkin_skip_building_tests' from command line to 'False'
[0.594s] DEBUG:colcon.colcon_core.verb:Building package 'ros2_webcam' with the following arguments: {'ament_cmake_args': None, 'build_base': '/home/mars_host/ros-intro-project/build/ros2_webcam', 'catkin_cmake_args': None, 'catkin_skip_building_tests': False, 'cmake_args': None, 'cmake_clean_cache': False, 'cmake_clean_first': False, 'cmake_force_configure': False, 'cmake_target': None, 'cmake_target_skip_unavailable': False, 'install_base': '/home/mars_host/ros-intro-project/install/ros2_webcam', 'merge_install': False, 'path': '/home/mars_host/ros-intro-project/src/ros2_webcam', 'symlink_install': False, 'test_result_base': None}
[0.594s] INFO:colcon.colcon_core.executor:Executing jobs using 'parallel' executor
[0.595s] DEBUG:colcon.colcon_parallel_executor.executor.parallel:run_until_complete
[0.596s] INFO:colcon.colcon_ros.task.ament_cmake.build:Building ROS package in '/home/mars_host/ros-intro-project/src/ros2_image_transform' with build type 'ament_cmake'
[0.596s] INFO:colcon.colcon_cmake.task.cmake.build:Building CMake package in '/home/mars_host/ros-intro-project/src/ros2_image_transform'
[0.600s] INFO:colcon.colcon_core.plugin_system:Skipping extension 'colcon_core.shell.bat': Not used on non-Windows systems
[0.601s] INFO:colcon.colcon_core.shell:Skip shell extension 'powershell' for command environment: Not usable outside of PowerShell
[0.601s] DEBUG:colcon.colcon_core.shell:Skip shell extension 'dsv' for command environment
[0.604s] INFO:colcon.colcon_ros.task.ament_cmake.build:Building ROS package in '/home/mars_host/ros-intro-project/src/ros2_keyboard' with build type 'ament_cmake'
[0.604s] INFO:colcon.colcon_cmake.task.cmake.build:Building CMake package in '/home/mars_host/ros-intro-project/src/ros2_keyboard'
[0.604s] INFO:colcon.colcon_core.shell:Skip shell extension 'powershell' for command environment: Not usable outside of PowerShell
[0.604s] DEBUG:colcon.colcon_core.shell:Skip shell extension 'dsv' for command environment
[0.651s] DEBUG:colcon.colcon_core.event_handler.log_command:Invoking command in '/home/mars_host/ros-intro-project/build/ros2_keyboard': CMAKE_PREFIX_PATH=${CMAKE_PREFIX_PATH}:/opt/ros/humble /usr/bin/cmake --build /home/mars_host/ros-intro-project/build/ros2_keyboard -- -j2 -l2
[0.655s] DEBUG:colcon.colcon_core.event_handler.log_command:Invoking command in '/home/mars_host/ros-intro-project/build/ros2_image_transform': CMAKE_PREFIX_PATH=${CMAKE_PREFIX_PATH}:/opt/ros/humble /usr/bin/cmake --build /home/mars_host/ros-intro-project/build/ros2_image_transform -- -j2 -l2
[0.771s] DEBUG:colcon.colcon_core.event_handler.log_command:Invoked command in '/home/mars_host/ros-intro-project/build/ros2_keyboard' returned '0': CMAKE_PREFIX_PATH=${CMAKE_PREFIX_PATH}:/opt/ros/humble /usr/bin/cmake --build /home/mars_host/ros-intro-project/build/ros2_keyboard -- -j2 -l2
[0.883s] DEBUG:colcon.colcon_core.event_handler.log_command:Invoking command in '/home/mars_host/ros-intro-project/build/ros2_keyboard': CMAKE_PREFIX_PATH=${CMAKE_PREFIX_PATH}:/opt/ros/humble /usr/bin/cmake --install /home/mars_host/ros-intro-project/build/ros2_keyboard
[0.896s] Level 1:colcon.colcon_core.environment:create_environment_scripts_only(ros2_keyboard)
[0.897s] DEBUG:colcon.colcon_core.event_handler.log_command:Invoked command in '/home/mars_host/ros-intro-project/build/ros2_keyboard' returned '0': CMAKE_PREFIX_PATH=${CMAKE_PREFIX_PATH}:/opt/ros/humble /usr/bin/cmake --install /home/mars_host/ros-intro-project/build/ros2_keyboard
[0.901s] Level 1:colcon.colcon_core.environment:checking '/home/mars_host/ros-intro-project/install/ros2_keyboard' for CMake module files
[0.901s] Level 1:colcon.colcon_core.environment:checking '/home/mars_host/ros-intro-project/install/ros2_keyboard' for CMake config files
[0.902s] Level 1:colcon.colcon_core.shell:create_environment_hook('ros2_keyboard', 'cmake_prefix_path')
[0.902s] INFO:colcon.colcon_core.shell:Creating environment hook '/home/mars_host/ros-intro-project/install/ros2_keyboard/share/ros2_keyboard/hook/cmake_prefix_path.ps1'
[0.903s] INFO:colcon.colcon_core.shell:Creating environment descriptor '/home/mars_host/ros-intro-project/install/ros2_keyboard/share/ros2_keyboard/hook/cmake_prefix_path.dsv'
[0.903s] INFO:colcon.colcon_core.shell:Creating environment hook '/home/mars_host/ros-intro-project/install/ros2_keyboard/share/ros2_keyboard/hook/cmake_prefix_path.sh'
[0.904s] Level 1:colcon.colcon_core.environment:checking '/home/mars_host/ros-intro-project/install/ros2_keyboard/lib'
[0.905s] Level 1:colcon.colcon_core.environment:checking '/home/mars_host/ros-intro-project/install/ros2_keyboard/bin'
[0.905s] Level 1:colcon.colcon_core.environment:checking '/home/mars_host/ros-intro-project/install/ros2_keyboard/lib/pkgconfig/ros2_keyboard.pc'
[0.905s] Level 1:colcon.colcon_core.environment:checking '/home/mars_host/ros-intro-project/install/ros2_keyboard/lib/python3.10/site-packages'
[0.905s] Level 1:colcon.colcon_core.environment:checking '/home/mars_host/ros-intro-project/install/ros2_keyboard/bin'
[0.906s] INFO:colcon.colcon_core.shell:Creating package script '/home/mars_host/ros-intro-project/install/ros2_keyboard/share/ros2_keyboard/package.ps1'
[0.907s] INFO:colcon.colcon_core.shell:Creating package descriptor '/home/mars_host/ros-intro-project/install/ros2_keyboard/share/ros2_keyboard/package.dsv'
[0.908s] INFO:colcon.colcon_core.shell:Creating package script '/home/mars_host/ros-intro-project/install/ros2_keyboard/share/ros2_keyboard/package.sh'
[0.910s] INFO:colcon.colcon_core.shell:Creating package script '/home/mars_host/ros-intro-project/install/ros2_keyboard/share/ros2_keyboard/package.bash'
[0.911s] INFO:colcon.colcon_core.shell:Creating package script '/home/mars_host/ros-intro-project/install/ros2_keyboard/share/ros2_keyboard/package.zsh'
[0.912s] Level 1:colcon.colcon_core.environment:create_file_with_runtime_dependencies(/home/mars_host/ros-intro-project/install/ros2_keyboard/share/colcon-core/packages/ros2_keyboard)
[0.999s] Level 1:colcon.colcon_core.environment:create_environment_scripts_only(ros2_keyboard)
[0.999s] Level 1:colcon.colcon_core.environment:checking '/home/mars_host/ros-intro-project/install/ros2_keyboard' for CMake module files
[1.000s] Level 1:colcon.colcon_core.environment:checking '/home/mars_host/ros-intro-project/install/ros2_keyboard' for CMake config files
[1.000s] Level 1:colcon.colcon_core.shell:create_environment_hook('ros2_keyboard', 'cmake_prefix_path')
[1.000s] INFO:colcon.colcon_core.shell:Creating environment hook '/home/mars_host/ros-intro-project/install/ros2_keyboard/share/ros2_keyboard/hook/cmake_prefix_path.ps1'
[1.001s] INFO:colcon.colcon_core.shell:Creating environment descriptor '/home/mars_host/ros-intro-project/install/ros2_keyboard/share/ros2_keyboard/hook/cmake_prefix_path.dsv'
[1.002s] INFO:colcon.colcon_core.shell:Creating environment hook '/home/mars_host/ros-intro-project/install/ros2_keyboard/share/ros2_keyboard/hook/cmake_prefix_path.sh'
[1.003s] Level 1:colcon.colcon_core.environment:checking '/home/mars_host/ros-intro-project/install/ros2_keyboard/lib'
[1.003s] Level 1:colcon.colcon_core.environment:checking '/home/mars_host/ros-intro-project/install/ros2_keyboard/bin'
[1.003s] Level 1:colcon.colcon_core.environment:checking '/home/mars_host/ros-intro-project/install/ros2_keyboard/lib/pkgconfig/ros2_keyboard.pc'
[1.003s] Level 1:colcon.colcon_core.environment:checking '/home/mars_host/ros-intro-project/install/ros2_keyboard/lib/python3.10/site-packages'
[1.003s] Level 1:colcon.colcon_core.environment:checking '/home/mars_host/ros-intro-project/install/ros2_keyboard/bin'
[1.003s] INFO:colcon.colcon_core.shell:Creating package script '/home/mars_host/ros-intro-project/install/ros2_keyboard/share/ros2_keyboard/package.ps1'
[1.004s] INFO:colcon.colcon_core.shell:Creating package descriptor '/home/mars_host/ros-intro-project/install/ros2_keyboard/share/ros2_keyboard/package.dsv'
[1.005s] INFO:colcon.colcon_core.shell:Creating package script '/home/mars_host/ros-intro-project/install/ros2_keyboard/share/ros2_keyboard/package.sh'
[1.005s] INFO:colcon.colcon_core.shell:Creating package script '/home/mars_host/ros-intro-project/install/ros2_keyboard/share/ros2_keyboard/package.bash'
[1.006s] INFO:colcon.colcon_core.shell:Creating package script '/home/mars_host/ros-intro-project/install/ros2_keyboard/share/ros2_keyboard/package.zsh'
[1.007s] Level 1:colcon.colcon_core.environment:create_file_with_runtime_dependencies(/home/mars_host/ros-intro-project/install/ros2_keyboard/share/colcon-core/packages/ros2_keyboard)
[1.007s] INFO:colcon.colcon_ros.task.ament_cmake.build:Building ROS package in '/home/mars_host/ros-intro-project/src/ros2_webcam' with build type 'ament_cmake'
[1.007s] INFO:colcon.colcon_cmake.task.cmake.build:Building CMake package in '/home/mars_host/ros-intro-project/src/ros2_webcam'
[1.007s] INFO:colcon.colcon_core.shell:Skip shell extension 'powershell' for command environment: Not usable outside of PowerShell
[1.007s] DEBUG:colcon.colcon_core.shell:Skip shell extension 'dsv' for command environment
[1.046s] DEBUG:colcon.colcon_core.event_handler.log_command:Invoking command in '/home/mars_host/ros-intro-project/build/ros2_webcam': CMAKE_PREFIX_PATH=${CMAKE_PREFIX_PATH}:/opt/ros/humble /usr/bin/cmake --build /home/mars_host/ros-intro-project/build/ros2_webcam -- -j2 -l2
[1.403s] DEBUG:colcon.colcon_core.event_handler.log_command:Invoked command in '/home/mars_host/ros-intro-project/build/ros2_image_transform' returned '2': CMAKE_PREFIX_PATH=${CMAKE_PREFIX_PATH}:/opt/ros/humble /usr/bin/cmake --build /home/mars_host/ros-intro-project/build/ros2_image_transform -- -j2 -l2
[1.448s] Level 1:colcon.colcon_core.environment:create_environment_scripts_only(ros2_image_transform)
[1.448s] Level 1:colcon.colcon_core.environment:checking '/home/mars_host/ros-intro-project/install/ros2_image_transform' for CMake module files
[1.449s] Level 1:colcon.colcon_core.environment:checking '/home/mars_host/ros-intro-project/install/ros2_image_transform' for CMake config files
[1.449s] Level 1:colcon.colcon_core.shell:create_environment_hook('ros2_image_transform', 'cmake_prefix_path')
[1.449s] INFO:colcon.colcon_core.shell:Creating environment hook '/home/mars_host/ros-intro-project/install/ros2_image_transform/share/ros2_image_transform/hook/cmake_prefix_path.ps1'
[1.449s] INFO:colcon.colcon_core.shell:Creating environment descriptor '/home/mars_host/ros-intro-project/install/ros2_image_transform/share/ros2_image_transform/hook/cmake_prefix_path.dsv'
[1.452s] INFO:colcon.colcon_core.shell:Creating environment hook '/home/mars_host/ros-intro-project/install/ros2_image_transform/share/ros2_image_transform/hook/cmake_prefix_path.sh'
[1.454s] Level 1:colcon.colcon_core.environment:checking '/home/mars_host/ros-intro-project/install/ros2_image_transform/bin'
[1.454s] Level 1:colcon.colcon_core.environment:checking '/home/mars_host/ros-intro-project/install/ros2_image_transform/lib/pkgconfig/ros2_image_transform.pc'
[1.463s] Level 1:colcon.colcon_core.environment:checking '/home/mars_host/ros-intro-project/install/ros2_image_transform/lib/python3.10/site-packages'
[1.464s] Level 1:colcon.colcon_core.environment:checking '/home/mars_host/ros-intro-project/install/ros2_image_transform/bin'
[1.464s] INFO:colcon.colcon_core.shell:Creating package script '/home/mars_host/ros-intro-project/install/ros2_image_transform/share/ros2_image_transform/package.ps1'
[1.465s] INFO:colcon.colcon_core.shell:Creating package descriptor '/home/mars_host/ros-intro-project/install/ros2_image_transform/share/ros2_image_transform/package.dsv'
[1.466s] INFO:colcon.colcon_core.shell:Creating package script '/home/mars_host/ros-intro-project/install/ros2_image_transform/share/ros2_image_transform/package.sh'
[1.466s] INFO:colcon.colcon_core.shell:Creating package script '/home/mars_host/ros-intro-project/install/ros2_image_transform/share/ros2_image_transform/package.bash'
[1.467s] INFO:colcon.colcon_core.shell:Creating package script '/home/mars_host/ros-intro-project/install/ros2_image_transform/share/ros2_image_transform/package.zsh'
[1.468s] Level 1:colcon.colcon_core.environment:create_file_with_runtime_dependencies(/home/mars_host/ros-intro-project/install/ros2_image_transform/share/colcon-core/packages/ros2_image_transform)
[1.546s] DEBUG:colcon.colcon_parallel_executor.executor.parallel:closing loop
[1.547s] DEBUG:colcon.colcon_parallel_executor.executor.parallel:loop closed
[1.547s] DEBUG:colcon.colcon_parallel_executor.executor.parallel:run_until_complete finished with '2'
[1.547s] DEBUG:colcon.colcon_core.event_reactor:joining thread
[1.552s] INFO:colcon.colcon_core.plugin_system:Skipping extension 'colcon_notification.desktop_notification.terminal_notifier': Not used on non-Darwin systems
[1.552s] INFO:colcon.colcon_core.plugin_system:Skipping extension 'colcon_notification.desktop_notification.win32': Not used on non-Windows systems
[1.552s] INFO:colcon.colcon_notification.desktop_notification:Sending desktop notification using 'notify2'
[1.596s] DEBUG:colcon.colcon_core.event_reactor:joined thread
[1.597s] INFO:colcon.colcon_core.shell:Creating prefix script '/home/mars_host/ros-intro-project/install/local_setup.ps1'
[1.608s] INFO:colcon.colcon_core.shell:Creating prefix util module '/home/mars_host/ros-intro-project/install/_local_setup_util_ps1.py'
[1.609s] INFO:colcon.colcon_core.shell:Creating prefix chain script '/home/mars_host/ros-intro-project/install/setup.ps1'
[1.611s] INFO:colcon.colcon_core.shell:Creating prefix script '/home/mars_host/ros-intro-project/install/local_setup.sh'
[1.612s] INFO:colcon.colcon_core.shell:Creating prefix util module '/home/mars_host/ros-intro-project/install/_local_setup_util_sh.py'
[1.613s] INFO:colcon.colcon_core.shell:Creating prefix chain script '/home/mars_host/ros-intro-project/install/setup.sh'
[1.614s] INFO:colcon.colcon_core.shell:Creating prefix script '/home/mars_host/ros-intro-project/install/local_setup.bash'
[1.615s] INFO:colcon.colcon_core.shell:Creating prefix chain script '/home/mars_host/ros-intro-project/install/setup.bash'
[1.616s] INFO:colcon.colcon_core.shell:Creating prefix script '/home/mars_host/ros-intro-project/install/local_setup.zsh'
[1.616s] INFO:colcon.colcon_core.shell:Creating prefix chain script '/home/mars_host/ros-intro-project/install/setup.zsh'
