[0.133s] Invoking command in '/home/mars_host/ros-intro-project/src/ros2_webcam/build/ros2_webcam': CMAKE_PREFIX_PATH=${CMAKE_PREFIX_PATH}:/opt/ros/humble /usr/bin/cmake --build /home/mars_host/ros-intro-project/src/ros2_webcam/build/ros2_webcam -- -j2 -l2
[0.637s] [35m[1mConsolidate compiler generated dependencies of target webcam_pub[0m
[0.770s] [  0%] Built target ament_cmake_python_copy_ros2_webcam
[0.788s] [100%] Built target webcam_pub
[1.478s] running egg_info
[1.486s] writing ros2_webcam.egg-info/PKG-INFO
[1.486s] writing dependency_links to ros2_webcam.egg-info/dependency_links.txt
[1.486s] writing top-level names to ros2_webcam.egg-info/top_level.txt
[1.498s] reading manifest file 'ros2_webcam.egg-info/SOURCES.txt'
[1.502s] writing manifest file 'ros2_webcam.egg-info/SOURCES.txt'
[1.563s] [100%] Built target ament_cmake_python_build_ros2_webcam_egg
[1.595s] Invoked command in '/home/mars_host/ros-intro-project/src/ros2_webcam/build/ros2_webcam' returned '0': CMAKE_PREFIX_PATH=${CMAKE_PREFIX_PATH}:/opt/ros/humble /usr/bin/cmake --build /home/mars_host/ros-intro-project/src/ros2_webcam/build/ros2_webcam -- -j2 -l2
[1.809s] Invoking command in '/home/mars_host/ros-intro-project/src/ros2_webcam/build/ros2_webcam': CMAKE_PREFIX_PATH=${CMAKE_PREFIX_PATH}:/opt/ros/humble /usr/bin/cmake --install /home/mars_host/ros-intro-project/src/ros2_webcam/build/ros2_webcam
[1.834s] -- Install configuration: ""
[1.841s] -- Up-to-date: /home/mars_host/ros-intro-project/src/ros2_webcam/install/ros2_webcam/lib/ros2_webcam/webcam_pub
[1.841s] -- Up-to-date: /home/mars_host/ros-intro-project/src/ros2_webcam/install/ros2_webcam/share/ros2_webcam/environment/pythonpath.sh
[1.841s] -- Up-to-date: /home/mars_host/ros-intro-project/src/ros2_webcam/install/ros2_webcam/share/ros2_webcam/environment/pythonpath.dsv
[1.842s] -- Up-to-date: /home/mars_host/ros-intro-project/src/ros2_webcam/install/ros2_webcam/local/lib/python3.10/dist-packages/ros2_webcam-0.0.0-py3.10.egg-info
[1.842s] -- Installing: /home/mars_host/ros-intro-project/src/ros2_webcam/install/ros2_webcam/local/lib/python3.10/dist-packages/ros2_webcam-0.0.0-py3.10.egg-info/top_level.txt
[1.842s] -- Installing: /home/mars_host/ros-intro-project/src/ros2_webcam/install/ros2_webcam/local/lib/python3.10/dist-packages/ros2_webcam-0.0.0-py3.10.egg-info/dependency_links.txt
[1.842s] -- Installing: /home/mars_host/ros-intro-project/src/ros2_webcam/install/ros2_webcam/local/lib/python3.10/dist-packages/ros2_webcam-0.0.0-py3.10.egg-info/SOURCES.txt
[1.842s] -- Installing: /home/mars_host/ros-intro-project/src/ros2_webcam/install/ros2_webcam/local/lib/python3.10/dist-packages/ros2_webcam-0.0.0-py3.10.egg-info/PKG-INFO
[1.842s] -- Up-to-date: /home/mars_host/ros-intro-project/src/ros2_webcam/install/ros2_webcam/local/lib/python3.10/dist-packages/ros2_webcam
[1.842s] -- Up-to-date: /home/mars_host/ros-intro-project/src/ros2_webcam/install/ros2_webcam/local/lib/python3.10/dist-packages/ros2_webcam/__init__.py
[1.910s] Listing '/home/mars_host/ros-intro-project/src/ros2_webcam/install/ros2_webcam/local/lib/python3.10/dist-packages/ros2_webcam'...
[1.920s] -- Up-to-date: /home/mars_host/ros-intro-project/src/ros2_webcam/install/ros2_webcam/lib/ros2_webcam/display.py
[1.923s] -- Up-to-date: /home/mars_host/ros-intro-project/src/ros2_webcam/install/ros2_webcam/share/ament_index/resource_index/package_run_dependencies/ros2_webcam
[1.923s] -- Up-to-date: /home/mars_host/ros-intro-project/src/ros2_webcam/install/ros2_webcam/share/ament_index/resource_index/parent_prefix_path/ros2_webcam
[1.923s] -- Up-to-date: /home/mars_host/ros-intro-project/src/ros2_webcam/install/ros2_webcam/share/ros2_webcam/environment/ament_prefix_path.sh
[1.944s] -- Up-to-date: /home/mars_host/ros-intro-project/src/ros2_webcam/install/ros2_webcam/share/ros2_webcam/environment/ament_prefix_path.dsv
[1.944s] -- Up-to-date: /home/mars_host/ros-intro-project/src/ros2_webcam/install/ros2_webcam/share/ros2_webcam/environment/path.sh
[1.945s] -- Up-to-date: /home/mars_host/ros-intro-project/src/ros2_webcam/install/ros2_webcam/share/ros2_webcam/environment/path.dsv
[1.945s] -- Up-to-date: /home/mars_host/ros-intro-project/src/ros2_webcam/install/ros2_webcam/share/ros2_webcam/local_setup.bash
[1.945s] -- Up-to-date: /home/mars_host/ros-intro-project/src/ros2_webcam/install/ros2_webcam/share/ros2_webcam/local_setup.sh
[1.945s] -- Up-to-date: /home/mars_host/ros-intro-project/src/ros2_webcam/install/ros2_webcam/share/ros2_webcam/local_setup.zsh
[1.945s] -- Up-to-date: /home/mars_host/ros-intro-project/src/ros2_webcam/install/ros2_webcam/share/ros2_webcam/local_setup.dsv
[1.946s] -- Installing: /home/mars_host/ros-intro-project/src/ros2_webcam/install/ros2_webcam/share/ros2_webcam/package.dsv
[1.946s] -- Up-to-date: /home/mars_host/ros-intro-project/src/ros2_webcam/install/ros2_webcam/share/ament_index/resource_index/packages/ros2_webcam
[1.946s] -- Up-to-date: /home/mars_host/ros-intro-project/src/ros2_webcam/install/ros2_webcam/share/ros2_webcam/cmake/ros2_webcamConfig.cmake
[1.946s] -- Up-to-date: /home/mars_host/ros-intro-project/src/ros2_webcam/install/ros2_webcam/share/ros2_webcam/cmake/ros2_webcamConfig-version.cmake
[1.946s] -- Up-to-date: /home/mars_host/ros-intro-project/src/ros2_webcam/install/ros2_webcam/share/ros2_webcam/package.xml
[1.948s] Invoked command in '/home/mars_host/ros-intro-project/src/ros2_webcam/build/ros2_webcam' returned '0': CMAKE_PREFIX_PATH=${CMAKE_PREFIX_PATH}:/opt/ros/humble /usr/bin/cmake --install /home/mars_host/ros-intro-project/src/ros2_webcam/build/ros2_webcam
