[0.121s] Invoking command in '/home/mars_host/ros-intro-project/ros-intro-project/src/ros2_webcam/build/ros2_webcam': CMAKE_PREFIX_PATH=/opt/ros/humble /usr/bin/cmake /home/mars_host/ros-intro-project/ros-intro-project/src/ros2_webcam -DCMAKE_INSTALL_PREFIX=/home/mars_host/ros-intro-project/ros-intro-project/src/ros2_webcam/install/ros2_webcam
[0.732s] -- The C compiler identification is GNU 11.4.0
[1.330s] -- The CXX compiler identification is GNU 11.4.0
[1.407s] -- Detecting C compiler ABI info
[2.296s] -- Detecting C compiler ABI info - done
[2.380s] -- Check for working C compiler: /usr/bin/cc - skipped
[2.381s] -- Detecting C compile features
[2.381s] -- Detecting C compile features - done
[2.428s] -- Detecting CXX compiler ABI info
[3.183s] -- Detecting CXX compiler ABI info - done
[3.213s] -- Check for working CXX compiler: /usr/bin/c++ - skipped
[3.213s] -- Detecting CXX compile features
[3.213s] -- Detecting CXX compile features - done
[3.221s] -- Found ament_cmake: 1.3.8 (/opt/ros/humble/share/ament_cmake/cmake)
[4.286s] -- Found Python3: /usr/bin/python3 (found version "3.10.12") found components: Interpreter 
[4.689s] -- Found rclcpp: 16.0.8 (/opt/ros/humble/share/rclcpp/cmake)
[4.918s] -- Found rosidl_generator_c: 3.1.5 (/opt/ros/humble/share/rosidl_generator_c/cmake)
[4.945s] -- Found rosidl_adapter: 3.1.5 (/opt/ros/humble/share/rosidl_adapter/cmake)
[5.016s] -- Found rosidl_generator_cpp: 3.1.5 (/opt/ros/humble/share/rosidl_generator_cpp/cmake)
[5.053s] -- Using all available rosidl_typesupport_c: rosidl_typesupport_fastrtps_c;rosidl_typesupport_introspection_c
[5.101s] -- Using all available rosidl_typesupport_cpp: rosidl_typesupport_fastrtps_cpp;rosidl_typesupport_introspection_cpp
[5.321s] -- Found rmw_implementation_cmake: 6.1.1 (/opt/ros/humble/share/rmw_implementation_cmake/cmake)
[5.326s] -- Found rmw_fastrtps_cpp: 6.2.6 (/opt/ros/humble/share/rmw_fastrtps_cpp/cmake)
[6.249s] -- Found OpenSSL: /usr/lib/x86_64-linux-gnu/libcrypto.so (found version "3.0.2")  
[6.418s] -- Found FastRTPS: /opt/ros/humble/include  
[6.590s] -- Using RMW implementation 'rmw_fastrtps_cpp' as default
[6.676s] -- Looking for pthread.h
[8.299s] -- Looking for pthread.h - found
[8.321s] -- Performing Test CMAKE_HAVE_LIBC_PTHREAD
[9.703s] -- Performing Test CMAKE_HAVE_LIBC_PTHREAD - Success
[9.709s] -- Found Threads: TRUE  
[10.778s] -- Found rclpy: 3.3.12 (/opt/ros/humble/share/rclpy/cmake)
[10.778s] -- Found sensor_msgs: 4.2.3 (/opt/ros/humble/share/sensor_msgs/cmake)
[11.461s] -- Found cv_bridge: 3.2.1 (/opt/ros/humble/share/cv_bridge/cmake)
[11.716s] -- Found image_transport: 3.1.9 (/opt/ros/humble/share/image_transport/cmake)
[11.933s] -- Found OpenCV: /usr (found version "4.5.4") 
[11.968s] -- Found ament_lint_auto: 0.12.10 (/opt/ros/humble/share/ament_lint_auto/cmake)
[12.661s] -- Added test 'cppcheck' to perform static code analysis on C / C++ code
[12.662s] -- Configured cppcheck include dirs: /home/mars_host/ros-intro-project/ros-intro-project/src/ros2_webcam/include
[12.662s] -- Configured cppcheck exclude dirs and/or files: 
[12.668s] -- Added test 'flake8' to check Python code syntax and style conventions
[12.725s] -- Added test 'lint_cmake' to check CMake code style
[12.727s] -- Added test 'pep257' to check Python code against some of the docstring style conventions in PEP 257
[12.742s] -- Added test 'uncrustify' to check C / C++ code style
[12.743s] -- Configured uncrustify additional arguments: 
[12.839s] -- Added test 'xmllint' to check XML markup files
[12.839s] -- Configuring done
[12.935s] -- Generating done
[13.242s] -- Build files have been written to: /home/mars_host/ros-intro-project/ros-intro-project/src/ros2_webcam/build/ros2_webcam
[13.307s] Invoked command in '/home/mars_host/ros-intro-project/ros-intro-project/src/ros2_webcam/build/ros2_webcam' returned '0': CMAKE_PREFIX_PATH=/opt/ros/humble /usr/bin/cmake /home/mars_host/ros-intro-project/ros-intro-project/src/ros2_webcam -DCMAKE_INSTALL_PREFIX=/home/mars_host/ros-intro-project/ros-intro-project/src/ros2_webcam/install/ros2_webcam
[13.320s] Invoking command in '/home/mars_host/ros-intro-project/ros-intro-project/src/ros2_webcam/build/ros2_webcam': CMAKE_PREFIX_PATH=/opt/ros/humble /usr/bin/cmake --build /home/mars_host/ros-intro-project/ros-intro-project/src/ros2_webcam/build/ros2_webcam -- -j2 -l2
[14.242s] [ 50%] [32mBuilding CXX object CMakeFiles/webcam_pub.dir/src/webcam_image_publisher.cpp.o[0m
[27.040s] [100%] [32m[1mLinking CXX executable webcam_pub[0m
[29.792s] [100%] Built target webcam_pub
[30.137s] [100%] Built target ament_cmake_python_copy_ros2_webcam
[31.682s] running egg_info
[31.682s] creating ros2_webcam.egg-info
[31.682s] writing ros2_webcam.egg-info/PKG-INFO
[31.688s] writing dependency_links to ros2_webcam.egg-info/dependency_links.txt
[31.689s] writing top-level names to ros2_webcam.egg-info/top_level.txt
[31.692s] writing manifest file 'ros2_webcam.egg-info/SOURCES.txt'
[31.692s] reading manifest file 'ros2_webcam.egg-info/SOURCES.txt'
[31.699s] writing manifest file 'ros2_webcam.egg-info/SOURCES.txt'
[32.067s] [100%] Built target ament_cmake_python_build_ros2_webcam_egg
[32.254s] Invoked command in '/home/mars_host/ros-intro-project/ros-intro-project/src/ros2_webcam/build/ros2_webcam' returned '0': CMAKE_PREFIX_PATH=/opt/ros/humble /usr/bin/cmake --build /home/mars_host/ros-intro-project/ros-intro-project/src/ros2_webcam/build/ros2_webcam -- -j2 -l2
[34.068s] Invoking command in '/home/mars_host/ros-intro-project/ros-intro-project/src/ros2_webcam/build/ros2_webcam': CMAKE_PREFIX_PATH=/opt/ros/humble /usr/bin/cmake --install /home/mars_host/ros-intro-project/ros-intro-project/src/ros2_webcam/build/ros2_webcam
[34.287s] -- Install configuration: ""
[34.287s] -- Installing: /home/mars_host/ros-intro-project/ros-intro-project/src/ros2_webcam/install/ros2_webcam/lib/ros2_webcam/webcam_pub
[34.287s] -- Set runtime path of "/home/mars_host/ros-intro-project/ros-intro-project/src/ros2_webcam/install/ros2_webcam/lib/ros2_webcam/webcam_pub" to ""
[34.287s] -- Installing: /home/mars_host/ros-intro-project/ros-intro-project/src/ros2_webcam/install/ros2_webcam/share/ros2_webcam/environment/pythonpath.sh
[34.287s] -- Installing: /home/mars_host/ros-intro-project/ros-intro-project/src/ros2_webcam/install/ros2_webcam/share/ros2_webcam/environment/pythonpath.dsv
[34.287s] -- Installing: /home/mars_host/ros-intro-project/ros-intro-project/src/ros2_webcam/install/ros2_webcam/local/lib/python3.10/dist-packages/ros2_webcam-0.0.0-py3.10.egg-info
[34.288s] -- Installing: /home/mars_host/ros-intro-project/ros-intro-project/src/ros2_webcam/install/ros2_webcam/local/lib/python3.10/dist-packages/ros2_webcam-0.0.0-py3.10.egg-info/top_level.txt
[34.288s] -- Installing: /home/mars_host/ros-intro-project/ros-intro-project/src/ros2_webcam/install/ros2_webcam/local/lib/python3.10/dist-packages/ros2_webcam-0.0.0-py3.10.egg-info/dependency_links.txt
[34.288s] -- Installing: /home/mars_host/ros-intro-project/ros-intro-project/src/ros2_webcam/install/ros2_webcam/local/lib/python3.10/dist-packages/ros2_webcam-0.0.0-py3.10.egg-info/SOURCES.txt
[34.288s] -- Installing: /home/mars_host/ros-intro-project/ros-intro-project/src/ros2_webcam/install/ros2_webcam/local/lib/python3.10/dist-packages/ros2_webcam-0.0.0-py3.10.egg-info/PKG-INFO
[34.288s] -- Installing: /home/mars_host/ros-intro-project/ros-intro-project/src/ros2_webcam/install/ros2_webcam/local/lib/python3.10/dist-packages/ros2_webcam
[34.288s] -- Installing: /home/mars_host/ros-intro-project/ros-intro-project/src/ros2_webcam/install/ros2_webcam/local/lib/python3.10/dist-packages/ros2_webcam/__init__.py
[35.118s] Listing '/home/mars_host/ros-intro-project/ros-intro-project/src/ros2_webcam/install/ros2_webcam/local/lib/python3.10/dist-packages/ros2_webcam'...
[35.118s] Compiling '/home/mars_host/ros-intro-project/ros-intro-project/src/ros2_webcam/install/ros2_webcam/local/lib/python3.10/dist-packages/ros2_webcam/__init__.py'...
[35.303s] -- Installing: /home/mars_host/ros-intro-project/ros-intro-project/src/ros2_webcam/install/ros2_webcam/lib/ros2_webcam/display.py
[35.319s] -- Installing: /home/mars_host/ros-intro-project/ros-intro-project/src/ros2_webcam/install/ros2_webcam/share/ament_index/resource_index/package_run_dependencies/ros2_webcam
[35.324s] -- Installing: /home/mars_host/ros-intro-project/ros-intro-project/src/ros2_webcam/install/ros2_webcam/share/ament_index/resource_index/parent_prefix_path/ros2_webcam
[35.324s] -- Installing: /home/mars_host/ros-intro-project/ros-intro-project/src/ros2_webcam/install/ros2_webcam/share/ros2_webcam/environment/ament_prefix_path.sh
[35.324s] -- Installing: /home/mars_host/ros-intro-project/ros-intro-project/src/ros2_webcam/install/ros2_webcam/share/ros2_webcam/environment/ament_prefix_path.dsv
[35.326s] -- Installing: /home/mars_host/ros-intro-project/ros-intro-project/src/ros2_webcam/install/ros2_webcam/share/ros2_webcam/environment/path.sh
[35.331s] -- Installing: /home/mars_host/ros-intro-project/ros-intro-project/src/ros2_webcam/install/ros2_webcam/share/ros2_webcam/environment/path.dsv
[35.334s] -- Installing: /home/mars_host/ros-intro-project/ros-intro-project/src/ros2_webcam/install/ros2_webcam/share/ros2_webcam/local_setup.bash
[35.337s] -- Installing: /home/mars_host/ros-intro-project/ros-intro-project/src/ros2_webcam/install/ros2_webcam/share/ros2_webcam/local_setup.sh
[35.338s] -- Installing: /home/mars_host/ros-intro-project/ros-intro-project/src/ros2_webcam/install/ros2_webcam/share/ros2_webcam/local_setup.zsh
[35.340s] -- Installing: /home/mars_host/ros-intro-project/ros-intro-project/src/ros2_webcam/install/ros2_webcam/share/ros2_webcam/local_setup.dsv
[35.345s] -- Installing: /home/mars_host/ros-intro-project/ros-intro-project/src/ros2_webcam/install/ros2_webcam/share/ros2_webcam/package.dsv
[35.360s] -- Installing: /home/mars_host/ros-intro-project/ros-intro-project/src/ros2_webcam/install/ros2_webcam/share/ament_index/resource_index/packages/ros2_webcam
[35.361s] -- Installing: /home/mars_host/ros-intro-project/ros-intro-project/src/ros2_webcam/install/ros2_webcam/share/ros2_webcam/cmake/ros2_webcamConfig.cmake
[35.361s] -- Installing: /home/mars_host/ros-intro-project/ros-intro-project/src/ros2_webcam/install/ros2_webcam/share/ros2_webcam/cmake/ros2_webcamConfig-version.cmake
[35.361s] -- Installing: /home/mars_host/ros-intro-project/ros-intro-project/src/ros2_webcam/install/ros2_webcam/share/ros2_webcam/package.xml
[35.392s] Invoked command in '/home/mars_host/ros-intro-project/ros-intro-project/src/ros2_webcam/build/ros2_webcam' returned '0': CMAKE_PREFIX_PATH=/opt/ros/humble /usr/bin/cmake --install /home/mars_host/ros-intro-project/ros-intro-project/src/ros2_webcam/build/ros2_webcam
