[0.032s] Invoking command in '/home/mars_host/ros-intro-project/build/ros2_image_transform': CMAKE_PREFIX_PATH=${CMAKE_PREFIX_PATH}:/opt/ros/humble /usr/bin/cmake --build /home/mars_host/ros-intro-project/build/ros2_image_transform -- -j2 -l2
[0.086s] -- Found ament_cmake: 1.3.10 (/opt/ros/humble/share/ament_cmake/cmake)
[0.228s] -- Found rclcpp: 16.0.10 (/opt/ros/humble/share/rclcpp/cmake)
[0.266s] -- Found rosidl_generator_c: 3.1.5 (/opt/ros/humble/share/rosidl_generator_c/cmake)
[0.269s] -- Found rosidl_adapter: 3.1.5 (/opt/ros/humble/share/rosidl_adapter/cmake)
[0.274s] -- Found rosidl_generator_cpp: 3.1.5 (/opt/ros/humble/share/rosidl_generator_cpp/cmake)
[0.283s] -- Using all available rosidl_typesupport_c: rosidl_typesupport_fastrtps_c;rosidl_typesupport_introspection_c
[0.296s] -- Using all available rosidl_typesupport_cpp: rosidl_typesupport_fastrtps_cpp;rosidl_typesupport_introspection_cpp
[0.337s] -- Found rmw_implementation_cmake: 6.1.2 (/opt/ros/humble/share/rmw_implementation_cmake/cmake)
[0.340s] -- Found rmw_fastrtps_cpp: 6.2.7 (/opt/ros/humble/share/rmw_fastrtps_cpp/cmake)
[0.441s] -- Found OpenSSL: /usr/lib/x86_64-linux-gnu/libcrypto.so (found version "3.0.2")  
[0.476s] -- Found FastRTPS: /opt/ros/humble/include  
[0.507s] -- Using RMW implementation 'rmw_fastrtps_cpp' as default
[0.517s] -- Looking for pthread.h
[0.681s] -- Looking for pthread.h - found
[0.681s] -- Performing Test CMAKE_HAVE_LIBC_PTHREAD
[0.788s] -- Performing Test CMAKE_HAVE_LIBC_PTHREAD - Success
[0.790s] -- Found Threads: TRUE  
[0.835s] -- Found rclpy: 3.3.14 (/opt/ros/humble/share/rclpy/cmake)
[0.839s] -- Found sensor_msgs: 4.2.4 (/opt/ros/humble/share/sensor_msgs/cmake)
[0.875s] -- Found cv_bridge: 3.2.1 (/opt/ros/humble/share/cv_bridge/cmake)
[0.889s] -- Found image_transport: 3.1.9 (/opt/ros/humble/share/image_transport/cmake)
[1.033s] [31mCMake Error at CMakeLists.txt:25 (target_link_libraries):
[1.033s]   Cannot specify link libraries for target "image_transform" which is not
[1.033s]   built by this project.
[1.033s] 
[1.033s] [0m
[1.033s] -- Configuring incomplete, errors occurred!
[1.033s] See also "/home/mars_host/ros-intro-project/build/ros2_image_transform/CMakeFiles/CMakeOutput.log".
[1.040s] gmake: *** [Makefile:226: cmake_check_build_system] Error 1
[1.051s] Invoked command in '/home/mars_host/ros-intro-project/build/ros2_image_transform' returned '2': CMAKE_PREFIX_PATH=${CMAKE_PREFIX_PATH}:/opt/ros/humble /usr/bin/cmake --build /home/mars_host/ros-intro-project/build/ros2_image_transform -- -j2 -l2
