[0.078s] Invoking command in '/home/mars_host/ros-intro-project/src/simulation-intro/build/simulation-intro': CMAKE_PREFIX_PATH=${CMAKE_PREFIX_PATH}:/opt/ros/humble /usr/bin/cmake /home/mars_host/ros-intro-project/src/simulation-intro -DAMENT_CMAKE_SYMLINK_INSTALL=1 -DCMAKE_INSTALL_PREFIX=/home/mars_host/ros-intro-project/src/simulation-intro/install/simulation-intro
[0.149s] -- Found ament_cmake: 1.3.8 (/opt/ros/humble/share/ament_cmake/cmake)
[0.531s] -- Override CMake install command with custom implementation using symlinks instead of copying resources
[0.631s] -- Found ament_lint_auto: 0.12.10 (/opt/ros/humble/share/ament_lint_auto/cmake)
[0.767s] -- Added test 'cppcheck' to perform static code analysis on C / C++ code
[0.768s] -- Configured cppcheck include dirs: $<BUILD_INTERFACE:/home/mars_host/ros-intro-project/src/simulation-intro/include>
[0.768s] -- Configured cppcheck exclude dirs and/or files: 
[0.771s] -- Added test 'flake8' to check Python code syntax and style conventions
[0.783s] -- Added test 'lint_cmake' to check CMake code style
[0.783s] -- Added test 'pep257' to check Python code against some of the docstring style conventions in PEP 257
[0.807s] -- Added test 'uncrustify' to check C / C++ code style
[0.807s] -- Configured uncrustify additional arguments: 
[0.817s] -- Added test 'xmllint' to check XML markup files
[0.818s] -- Configuring done
[0.876s] -- Generating done
[0.879s] -- Build files have been written to: /home/mars_host/ros-intro-project/src/simulation-intro/build/simulation-intro
[0.888s] Invoked command in '/home/mars_host/ros-intro-project/src/simulation-intro/build/simulation-intro' returned '0': CMAKE_PREFIX_PATH=${CMAKE_PREFIX_PATH}:/opt/ros/humble /usr/bin/cmake /home/mars_host/ros-intro-project/src/simulation-intro -DAMENT_CMAKE_SYMLINK_INSTALL=1 -DCMAKE_INSTALL_PREFIX=/home/mars_host/ros-intro-project/src/simulation-intro/install/simulation-intro
[0.889s] Invoking command in '/home/mars_host/ros-intro-project/src/simulation-intro/build/simulation-intro': CMAKE_PREFIX_PATH=${CMAKE_PREFIX_PATH}:/opt/ros/humble /usr/bin/cmake --build /home/mars_host/ros-intro-project/src/simulation-intro/build/simulation-intro -- -j2 -l2
[1.044s] [35m[1mConsolidate compiler generated dependencies of target my_node[0m
[1.095s] [100%] Built target my_node
[1.201s] [100%] Built target ament_cmake_python_symlink_simulation-intro
[1.558s] running egg_info
[1.565s] writing simulation_intro.egg-info/PKG-INFO
[1.565s] writing dependency_links to simulation_intro.egg-info/dependency_links.txt
[1.565s] writing top-level names to simulation_intro.egg-info/top_level.txt
[1.570s] reading manifest file 'simulation_intro.egg-info/SOURCES.txt'
[1.572s] writing manifest file 'simulation_intro.egg-info/SOURCES.txt'
[1.652s] [100%] Built target ament_cmake_python_build_simulation-intro_egg
[1.693s] Invoked command in '/home/mars_host/ros-intro-project/src/simulation-intro/build/simulation-intro' returned '0': CMAKE_PREFIX_PATH=${CMAKE_PREFIX_PATH}:/opt/ros/humble /usr/bin/cmake --build /home/mars_host/ros-intro-project/src/simulation-intro/build/simulation-intro -- -j2 -l2
[2.122s] Invoking command in '/home/mars_host/ros-intro-project/src/simulation-intro/build/simulation-intro': CMAKE_PREFIX_PATH=${CMAKE_PREFIX_PATH}:/opt/ros/humble /usr/bin/cmake --install /home/mars_host/ros-intro-project/src/simulation-intro/build/simulation-intro
[2.159s] -- Install configuration: ""
[2.172s] [31mCMake Error at ament_cmake_symlink_install/ament_cmake_symlink_install.cmake:100 (message):
[2.177s]   ament_cmake_symlink_install_directory() can't find
[2.177s]   '/home/mars_host/ros-intro-project/src/simulation-intro/build/simulation-intro/ament_cmake_python/simulation-intro/simulation-intro.egg-info/'
[2.177s] Call Stack (most recent call first):
[2.177s]   ament_cmake_symlink_install/ament_cmake_symlink_install.cmake:326 (ament_cmake_symlink_install_directory)
[2.177s]   cmake_install.cmake:46 (include)
[2.185s] 
[2.185s] [0m
[2.186s] -- Execute custom install script
[2.186s] -- Up-to-date symlink: /home/mars_host/ros-intro-project/src/simulation-intro/install/simulation-intro/lib/simulation-intro/my_node
[2.186s] -- Up-to-date symlink: /home/mars_host/ros-intro-project/src/simulation-intro/install/simulation-intro/share/simulation-intro//launch/display.launch.py
[2.186s] -- Up-to-date symlink: /home/mars_host/ros-intro-project/src/simulation-intro/install/simulation-intro/share/simulation-intro//launch/gazebo.launch.py
[2.186s] -- Up-to-date symlink: /home/mars_host/ros-intro-project/src/simulation-intro/install/simulation-intro/share/simulation-intro//urdf/lunabot.urdf
[2.186s] -- Up-to-date symlink: /home/mars_host/ros-intro-project/src/simulation-intro/install/simulation-intro/share/simulation-intro//rviz/config.rviz
[2.186s] -- Up-to-date symlink: /home/mars_host/ros-intro-project/src/simulation-intro/install/simulation-intro/share/simulation-intro/environment/pythonpath.sh
[2.186s] -- Up-to-date symlink: /home/mars_host/ros-intro-project/src/simulation-intro/install/simulation-intro/share/simulation-intro/environment/pythonpath.dsv
[2.186s] Invoked command in '/home/mars_host/ros-intro-project/src/simulation-intro/build/simulation-intro' returned '1': CMAKE_PREFIX_PATH=${CMAKE_PREFIX_PATH}:/opt/ros/humble /usr/bin/cmake --install /home/mars_host/ros-intro-project/src/simulation-intro/build/simulation-intro
