-- The C compiler identification is GNU 11.4.0
-- The CXX compiler identification is GNU 11.4.0
-- Detecting C compiler ABI info
-- Detecting C compiler ABI info - done
-- Check for working C compiler: /usr/bin/cc - skipped
-- Detecting C compile features
-- Detecting C compile features - done
-- Detecting CXX compiler ABI info
-- Detecting CXX compiler ABI info - done
-- Check for working CXX compiler: /usr/bin/c++ - skipped
-- Detecting CXX compile features
-- Detecting CXX compile features - done
-- Found ament_cmake: 1.3.8 (/opt/ros/humble/share/ament_cmake/cmake)
-- Found Python3: /usr/bin/python3 (found version "3.10.12") found components: Interpreter 
-- Found rclcpp: 16.0.8 (/opt/ros/humble/share/rclcpp/cmake)
-- Found rosidl_generator_c: 3.1.5 (/opt/ros/humble/share/rosidl_generator_c/cmake)
-- Found rosidl_adapter: 3.1.5 (/opt/ros/humble/share/rosidl_adapter/cmake)
-- Found rosidl_generator_cpp: 3.1.5 (/opt/ros/humble/share/rosidl_generator_cpp/cmake)
-- Using all available rosidl_typesupport_c: rosidl_typesupport_fastrtps_c;rosidl_typesupport_introspection_c
-- Using all available rosidl_typesupport_cpp: rosidl_typesupport_fastrtps_cpp;rosidl_typesupport_introspection_cpp
-- Found rmw_implementation_cmake: 6.1.1 (/opt/ros/humble/share/rmw_implementation_cmake/cmake)
-- Found rmw_fastrtps_cpp: 6.2.6 (/opt/ros/humble/share/rmw_fastrtps_cpp/cmake)
-- Found OpenSSL: /usr/lib/x86_64-linux-gnu/libcrypto.so (found version "3.0.2")  
-- Found FastRTPS: /opt/ros/humble/include  
-- Using RMW implementation 'rmw_fastrtps_cpp' as default
-- Looking for pthread.h
-- Looking for pthread.h - found
-- Performing Test CMAKE_HAVE_LIBC_PTHREAD
-- Performing Test CMAKE_HAVE_LIBC_PTHREAD - Success
-- Found Threads: TRUE  
-- Found rclpy: 3.3.12 (/opt/ros/humble/share/rclpy/cmake)
-- Found sensor_msgs: 4.2.3 (/opt/ros/humble/share/sensor_msgs/cmake)
-- Found cv_bridge: 3.2.1 (/opt/ros/humble/share/cv_bridge/cmake)
-- Found image_transport: 3.1.9 (/opt/ros/humble/share/image_transport/cmake)
-- Found OpenCV: /usr (found version "4.5.4") 
-- Found ament_lint_auto: 0.12.10 (/opt/ros/humble/share/ament_lint_auto/cmake)
-- Added test 'cppcheck' to perform static code analysis on C / C++ code
-- Configured cppcheck include dirs: /home/mars_host/ros-intro-project/src/ros2_webcam/include
-- Configured cppcheck exclude dirs and/or files: 
-- Added test 'flake8' to check Python code syntax and style conventions
-- Added test 'lint_cmake' to check CMake code style
-- Added test 'pep257' to check Python code against some of the docstring style conventions in PEP 257
-- Added test 'uncrustify' to check C / C++ code style
-- Configured uncrustify additional arguments: 
-- Added test 'xmllint' to check XML markup files
-- Configuring done
-- Generating done
-- Build files have been written to: /home/mars_host/ros-intro-project/build/ros2_webcam
[ 50%] [32mBuilding CXX object CMakeFiles/webcam_pub.dir/src/webcam_image_publisher.cpp.o[0m
[ 50%] Built target ament_cmake_python_copy_ros2_webcam
running egg_info
creating ros2_webcam.egg-info
writing ros2_webcam.egg-info/PKG-INFO
writing dependency_links to ros2_webcam.egg-info/dependency_links.txt
writing top-level names to ros2_webcam.egg-info/top_level.txt
writing manifest file 'ros2_webcam.egg-info/SOURCES.txt'
reading manifest file 'ros2_webcam.egg-info/SOURCES.txt'
writing manifest file 'ros2_webcam.egg-info/SOURCES.txt'
[ 50%] Built target ament_cmake_python_build_ros2_webcam_egg
[100%] [32m[1mLinking CXX executable webcam_pub[0m
[100%] Built target webcam_pub
-- Install configuration: ""
-- Installing: /home/mars_host/ros-intro-project/install/ros2_webcam/lib/ros2_webcam/webcam_pub
-- Set runtime path of "/home/mars_host/ros-intro-project/install/ros2_webcam/lib/ros2_webcam/webcam_pub" to ""
-- Installing: /home/mars_host/ros-intro-project/install/ros2_webcam/share/ros2_webcam/environment/pythonpath.sh
-- Installing: /home/mars_host/ros-intro-project/install/ros2_webcam/share/ros2_webcam/environment/pythonpath.dsv
-- Installing: /home/mars_host/ros-intro-project/install/ros2_webcam/local/lib/python3.10/dist-packages/ros2_webcam-0.0.0-py3.10.egg-info
-- Installing: /home/mars_host/ros-intro-project/install/ros2_webcam/local/lib/python3.10/dist-packages/ros2_webcam-0.0.0-py3.10.egg-info/top_level.txt
-- Installing: /home/mars_host/ros-intro-project/install/ros2_webcam/local/lib/python3.10/dist-packages/ros2_webcam-0.0.0-py3.10.egg-info/dependency_links.txt
-- Installing: /home/mars_host/ros-intro-project/install/ros2_webcam/local/lib/python3.10/dist-packages/ros2_webcam-0.0.0-py3.10.egg-info/SOURCES.txt
-- Installing: /home/mars_host/ros-intro-project/install/ros2_webcam/local/lib/python3.10/dist-packages/ros2_webcam-0.0.0-py3.10.egg-info/PKG-INFO
-- Installing: /home/mars_host/ros-intro-project/install/ros2_webcam/local/lib/python3.10/dist-packages/ros2_webcam
-- Installing: /home/mars_host/ros-intro-project/install/ros2_webcam/local/lib/python3.10/dist-packages/ros2_webcam/__init__.py
Listing '/home/mars_host/ros-intro-project/install/ros2_webcam/local/lib/python3.10/dist-packages/ros2_webcam'...
Compiling '/home/mars_host/ros-intro-project/install/ros2_webcam/local/lib/python3.10/dist-packages/ros2_webcam/__init__.py'...
-- Installing: /home/mars_host/ros-intro-project/install/ros2_webcam/lib/ros2_webcam/display.py
-- Installing: /home/mars_host/ros-intro-project/install/ros2_webcam/share/ament_index/resource_index/package_run_dependencies/ros2_webcam
-- Installing: /home/mars_host/ros-intro-project/install/ros2_webcam/share/ament_index/resource_index/parent_prefix_path/ros2_webcam
-- Installing: /home/mars_host/ros-intro-project/install/ros2_webcam/share/ros2_webcam/environment/ament_prefix_path.sh
-- Installing: /home/mars_host/ros-intro-project/install/ros2_webcam/share/ros2_webcam/environment/ament_prefix_path.dsv
-- Installing: /home/mars_host/ros-intro-project/install/ros2_webcam/share/ros2_webcam/environment/path.sh
-- Installing: /home/mars_host/ros-intro-project/install/ros2_webcam/share/ros2_webcam/environment/path.dsv
-- Installing: /home/mars_host/ros-intro-project/install/ros2_webcam/share/ros2_webcam/local_setup.bash
-- Installing: /home/mars_host/ros-intro-project/install/ros2_webcam/share/ros2_webcam/local_setup.sh
-- Installing: /home/mars_host/ros-intro-project/install/ros2_webcam/share/ros2_webcam/local_setup.zsh
-- Installing: /home/mars_host/ros-intro-project/install/ros2_webcam/share/ros2_webcam/local_setup.dsv
-- Installing: /home/mars_host/ros-intro-project/install/ros2_webcam/share/ros2_webcam/package.dsv
-- Installing: /home/mars_host/ros-intro-project/install/ros2_webcam/share/ament_index/resource_index/packages/ros2_webcam
-- Installing: /home/mars_host/ros-intro-project/install/ros2_webcam/share/ros2_webcam/cmake/ros2_webcamConfig.cmake
-- Installing: /home/mars_host/ros-intro-project/install/ros2_webcam/share/ros2_webcam/cmake/ros2_webcamConfig-version.cmake
-- Installing: /home/mars_host/ros-intro-project/install/ros2_webcam/share/ros2_webcam/package.xml
