[0.044s] Invoking command in '/home/mars_host/ros-intro-project/build/ros2_webcam': CMAKE_PREFIX_PATH=/opt/ros/humble /usr/bin/cmake /home/mars_host/ros-intro-project/src/ros2_webcam -DCMAKE_INSTALL_PREFIX=/home/mars_host/ros-intro-project/install/ros2_webcam
[0.359s] -- The C compiler identification is GNU 11.4.0
[0.658s] -- The CXX compiler identification is GNU 11.4.0
[0.692s] -- Detecting C compiler ABI info
[0.893s] -- Detecting C compiler ABI info - done
[0.906s] -- Check for working C compiler: /usr/bin/cc - skipped
[0.921s] -- Detecting C compile features
[0.926s] -- Detecting C compile features - done
[0.938s] -- Detecting CXX compiler ABI info
[1.187s] -- Detecting CXX compiler ABI info - done
[1.206s] -- Check for working CXX compiler: /usr/bin/c++ - skipped
[1.206s] -- Detecting CXX compile features
[1.206s] -- Detecting CXX compile features - done
[1.242s] -- Found ament_cmake: 1.3.8 (/opt/ros/humble/share/ament_cmake/cmake)
[1.588s] -- Found Python3: /usr/bin/python3 (found version "3.10.12") found components: Interpreter 
[1.887s] -- Found rclcpp: 16.0.8 (/opt/ros/humble/share/rclcpp/cmake)
[2.066s] -- Found rosidl_generator_c: 3.1.5 (/opt/ros/humble/share/rosidl_generator_c/cmake)
[2.083s] -- Found rosidl_adapter: 3.1.5 (/opt/ros/humble/share/rosidl_adapter/cmake)
[2.116s] -- Found rosidl_generator_cpp: 3.1.5 (/opt/ros/humble/share/rosidl_generator_cpp/cmake)
[2.174s] -- Using all available rosidl_typesupport_c: rosidl_typesupport_fastrtps_c;rosidl_typesupport_introspection_c
[2.244s] -- Using all available rosidl_typesupport_cpp: rosidl_typesupport_fastrtps_cpp;rosidl_typesupport_introspection_cpp
[2.506s] -- Found rmw_implementation_cmake: 6.1.1 (/opt/ros/humble/share/rmw_implementation_cmake/cmake)
[2.518s] -- Found rmw_fastrtps_cpp: 6.2.6 (/opt/ros/humble/share/rmw_fastrtps_cpp/cmake)
[2.819s] -- Found OpenSSL: /usr/lib/x86_64-linux-gnu/libcrypto.so (found version "3.0.2")  
[2.888s] -- Found FastRTPS: /opt/ros/humble/include  
[3.010s] -- Using RMW implementation 'rmw_fastrtps_cpp' as default
[3.063s] -- Looking for pthread.h
[3.303s] -- Looking for pthread.h - found
[3.304s] -- Performing Test CMAKE_HAVE_LIBC_PTHREAD
[3.479s] -- Performing Test CMAKE_HAVE_LIBC_PTHREAD - Success
[3.481s] -- Found Threads: TRUE  
[3.921s] -- Found rclpy: 3.3.12 (/opt/ros/humble/share/rclpy/cmake)
[3.927s] -- Found sensor_msgs: 4.2.3 (/opt/ros/humble/share/sensor_msgs/cmake)
[4.320s] -- Found cv_bridge: 3.2.1 (/opt/ros/humble/share/cv_bridge/cmake)
[4.367s] -- Found image_transport: 3.1.9 (/opt/ros/humble/share/image_transport/cmake)
[4.509s] -- Found OpenCV: /usr (found version "4.5.4") 
[4.517s] -- Found ament_lint_auto: 0.12.10 (/opt/ros/humble/share/ament_lint_auto/cmake)
[4.898s] -- Added test 'cppcheck' to perform static code analysis on C / C++ code
[4.898s] -- Configured cppcheck include dirs: /home/mars_host/ros-intro-project/src/ros2_webcam/include
[4.898s] -- Configured cppcheck exclude dirs and/or files: 
[4.898s] -- Added test 'flake8' to check Python code syntax and style conventions
[4.898s] -- Added test 'lint_cmake' to check CMake code style
[4.898s] -- Added test 'pep257' to check Python code against some of the docstring style conventions in PEP 257
[4.898s] -- Added test 'uncrustify' to check C / C++ code style
[4.898s] -- Configured uncrustify additional arguments: 
[4.898s] -- Added test 'xmllint' to check XML markup files
[4.905s] -- Configuring done
[4.940s] -- Generating done
[4.962s] -- Build files have been written to: /home/mars_host/ros-intro-project/build/ros2_webcam
[4.996s] Invoked command in '/home/mars_host/ros-intro-project/build/ros2_webcam' returned '0': CMAKE_PREFIX_PATH=/opt/ros/humble /usr/bin/cmake /home/mars_host/ros-intro-project/src/ros2_webcam -DCMAKE_INSTALL_PREFIX=/home/mars_host/ros-intro-project/install/ros2_webcam
[4.996s] Invoking command in '/home/mars_host/ros-intro-project/build/ros2_webcam': CMAKE_PREFIX_PATH=/opt/ros/humble /usr/bin/cmake --build /home/mars_host/ros-intro-project/build/ros2_webcam -- -j2 -l2
[5.156s] [ 50%] [32mBuilding CXX object CMakeFiles/webcam_pub.dir/src/webcam_image_publisher.cpp.o[0m
[5.230s] [ 50%] Built target ament_cmake_python_copy_ros2_webcam
[6.168s] running egg_info
[6.168s] creating ros2_webcam.egg-info
[6.168s] writing ros2_webcam.egg-info/PKG-INFO
[6.168s] writing dependency_links to ros2_webcam.egg-info/dependency_links.txt
[6.179s] writing top-level names to ros2_webcam.egg-info/top_level.txt
[6.180s] writing manifest file 'ros2_webcam.egg-info/SOURCES.txt'
[6.207s] reading manifest file 'ros2_webcam.egg-info/SOURCES.txt'
[6.207s] writing manifest file 'ros2_webcam.egg-info/SOURCES.txt'
[6.308s] [ 50%] Built target ament_cmake_python_build_ros2_webcam_egg
[27.562s] [100%] [32m[1mLinking CXX executable webcam_pub[0m
[28.820s] [100%] Built target webcam_pub
[28.843s] Invoked command in '/home/mars_host/ros-intro-project/build/ros2_webcam' returned '0': CMAKE_PREFIX_PATH=/opt/ros/humble /usr/bin/cmake --build /home/mars_host/ros-intro-project/build/ros2_webcam -- -j2 -l2
[28.896s] Invoking command in '/home/mars_host/ros-intro-project/build/ros2_webcam': CMAKE_PREFIX_PATH=/opt/ros/humble /usr/bin/cmake --install /home/mars_host/ros-intro-project/build/ros2_webcam
[28.908s] -- Install configuration: ""
[28.908s] -- Installing: /home/mars_host/ros-intro-project/install/ros2_webcam/lib/ros2_webcam/webcam_pub
[28.908s] -- Set runtime path of "/home/mars_host/ros-intro-project/install/ros2_webcam/lib/ros2_webcam/webcam_pub" to ""
[28.909s] -- Installing: /home/mars_host/ros-intro-project/install/ros2_webcam/share/ros2_webcam/environment/pythonpath.sh
[28.909s] -- Installing: /home/mars_host/ros-intro-project/install/ros2_webcam/share/ros2_webcam/environment/pythonpath.dsv
[28.909s] -- Installing: /home/mars_host/ros-intro-project/install/ros2_webcam/local/lib/python3.10/dist-packages/ros2_webcam-0.0.0-py3.10.egg-info
[28.909s] -- Installing: /home/mars_host/ros-intro-project/install/ros2_webcam/local/lib/python3.10/dist-packages/ros2_webcam-0.0.0-py3.10.egg-info/top_level.txt
[28.909s] -- Installing: /home/mars_host/ros-intro-project/install/ros2_webcam/local/lib/python3.10/dist-packages/ros2_webcam-0.0.0-py3.10.egg-info/dependency_links.txt
[28.909s] -- Installing: /home/mars_host/ros-intro-project/install/ros2_webcam/local/lib/python3.10/dist-packages/ros2_webcam-0.0.0-py3.10.egg-info/SOURCES.txt
[28.911s] -- Installing: /home/mars_host/ros-intro-project/install/ros2_webcam/local/lib/python3.10/dist-packages/ros2_webcam-0.0.0-py3.10.egg-info/PKG-INFO
[28.911s] -- Installing: /home/mars_host/ros-intro-project/install/ros2_webcam/local/lib/python3.10/dist-packages/ros2_webcam
[28.911s] -- Installing: /home/mars_host/ros-intro-project/install/ros2_webcam/local/lib/python3.10/dist-packages/ros2_webcam/__init__.py
[28.983s] Listing '/home/mars_host/ros-intro-project/install/ros2_webcam/local/lib/python3.10/dist-packages/ros2_webcam'...
[28.983s] Compiling '/home/mars_host/ros-intro-project/install/ros2_webcam/local/lib/python3.10/dist-packages/ros2_webcam/__init__.py'...
[28.994s] -- Installing: /home/mars_host/ros-intro-project/install/ros2_webcam/lib/ros2_webcam/display.py
[28.994s] -- Installing: /home/mars_host/ros-intro-project/install/ros2_webcam/share/ament_index/resource_index/package_run_dependencies/ros2_webcam
[28.994s] -- Installing: /home/mars_host/ros-intro-project/install/ros2_webcam/share/ament_index/resource_index/parent_prefix_path/ros2_webcam
[28.994s] -- Installing: /home/mars_host/ros-intro-project/install/ros2_webcam/share/ros2_webcam/environment/ament_prefix_path.sh
[28.995s] -- Installing: /home/mars_host/ros-intro-project/install/ros2_webcam/share/ros2_webcam/environment/ament_prefix_path.dsv
[28.995s] -- Installing: /home/mars_host/ros-intro-project/install/ros2_webcam/share/ros2_webcam/environment/path.sh
[28.995s] -- Installing: /home/mars_host/ros-intro-project/install/ros2_webcam/share/ros2_webcam/environment/path.dsv
[28.995s] -- Installing: /home/mars_host/ros-intro-project/install/ros2_webcam/share/ros2_webcam/local_setup.bash
[28.995s] -- Installing: /home/mars_host/ros-intro-project/install/ros2_webcam/share/ros2_webcam/local_setup.sh
[28.995s] -- Installing: /home/mars_host/ros-intro-project/install/ros2_webcam/share/ros2_webcam/local_setup.zsh
[28.995s] -- Installing: /home/mars_host/ros-intro-project/install/ros2_webcam/share/ros2_webcam/local_setup.dsv
[28.995s] -- Installing: /home/mars_host/ros-intro-project/install/ros2_webcam/share/ros2_webcam/package.dsv
[28.995s] -- Installing: /home/mars_host/ros-intro-project/install/ros2_webcam/share/ament_index/resource_index/packages/ros2_webcam
[28.995s] -- Installing: /home/mars_host/ros-intro-project/install/ros2_webcam/share/ros2_webcam/cmake/ros2_webcamConfig.cmake
[28.995s] -- Installing: /home/mars_host/ros-intro-project/install/ros2_webcam/share/ros2_webcam/cmake/ros2_webcamConfig-version.cmake
[28.995s] -- Installing: /home/mars_host/ros-intro-project/install/ros2_webcam/share/ros2_webcam/package.xml
[28.999s] Invoked command in '/home/mars_host/ros-intro-project/build/ros2_webcam' returned '0': CMAKE_PREFIX_PATH=/opt/ros/humble /usr/bin/cmake --install /home/mars_host/ros-intro-project/build/ros2_webcam
