[0.031s] Invoking command in '/home/mars_host/ros-intro-project/build/ros2_image_transform': CMAKE_PREFIX_PATH=${CMAKE_PREFIX_PATH}:/opt/ros/humble /usr/bin/cmake --build /home/mars_host/ros-intro-project/build/ros2_image_transform -- -j2 -l2
[0.185s] Built target ament_cmake_python_copy_ros2_image_transform
[0.401s] running egg_info
[0.401s] writing ros2_image_transform.egg-info/PKG-INFO
[0.401s] writing dependency_links to ros2_image_transform.egg-info/dependency_links.txt
[0.401s] writing top-level names to ros2_image_transform.egg-info/top_level.txt
[0.410s] reading manifest file 'ros2_image_transform.egg-info/SOURCES.txt'
[0.412s] writing manifest file 'ros2_image_transform.egg-info/SOURCES.txt'
[0.449s] Built target ament_cmake_python_build_ros2_image_transform_egg
[0.478s] Invoked command in '/home/mars_host/ros-intro-project/build/ros2_image_transform' returned '0': CMAKE_PREFIX_PATH=${CMAKE_PREFIX_PATH}:/opt/ros/humble /usr/bin/cmake --build /home/mars_host/ros-intro-project/build/ros2_image_transform -- -j2 -l2
[0.617s] Invoking command in '/home/mars_host/ros-intro-project/build/ros2_image_transform': CMAKE_PREFIX_PATH=${CMAKE_PREFIX_PATH}:/opt/ros/humble /usr/bin/cmake --install /home/mars_host/ros-intro-project/build/ros2_image_transform
[0.627s] -- Install configuration: ""
[0.627s] -- Up-to-date: /home/mars_host/ros-intro-project/install/ros2_image_transform/share/ros2_image_transform/environment/pythonpath.sh
[0.627s] -- Up-to-date: /home/mars_host/ros-intro-project/install/ros2_image_transform/share/ros2_image_transform/environment/pythonpath.dsv
[0.627s] -- Up-to-date: /home/mars_host/ros-intro-project/install/ros2_image_transform/local/lib/python3.10/dist-packages/ros2_image_transform-0.0.0-py3.10.egg-info
[0.627s] -- Installing: /home/mars_host/ros-intro-project/install/ros2_image_transform/local/lib/python3.10/dist-packages/ros2_image_transform-0.0.0-py3.10.egg-info/top_level.txt
[0.627s] -- Installing: /home/mars_host/ros-intro-project/install/ros2_image_transform/local/lib/python3.10/dist-packages/ros2_image_transform-0.0.0-py3.10.egg-info/dependency_links.txt
[0.627s] -- Installing: /home/mars_host/ros-intro-project/install/ros2_image_transform/local/lib/python3.10/dist-packages/ros2_image_transform-0.0.0-py3.10.egg-info/SOURCES.txt
[0.628s] -- Installing: /home/mars_host/ros-intro-project/install/ros2_image_transform/local/lib/python3.10/dist-packages/ros2_image_transform-0.0.0-py3.10.egg-info/PKG-INFO
[0.628s] -- Up-to-date: /home/mars_host/ros-intro-project/install/ros2_image_transform/local/lib/python3.10/dist-packages/ros2_image_transform
[0.628s] -- Up-to-date: /home/mars_host/ros-intro-project/install/ros2_image_transform/local/lib/python3.10/dist-packages/ros2_image_transform/__init__.py
[0.670s] Listing '/home/mars_host/ros-intro-project/install/ros2_image_transform/local/lib/python3.10/dist-packages/ros2_image_transform'...
[0.676s] -- Installing: /home/mars_host/ros-intro-project/install/ros2_image_transform/lib/ros2_image_transform/image.py
[0.681s] -- Up-to-date: /home/mars_host/ros-intro-project/install/ros2_image_transform/share/ament_index/resource_index/package_run_dependencies/ros2_image_transform
[0.681s] -- Up-to-date: /home/mars_host/ros-intro-project/install/ros2_image_transform/share/ament_index/resource_index/parent_prefix_path/ros2_image_transform
[0.682s] -- Up-to-date: /home/mars_host/ros-intro-project/install/ros2_image_transform/share/ros2_image_transform/environment/ament_prefix_path.sh
[0.682s] -- Up-to-date: /home/mars_host/ros-intro-project/install/ros2_image_transform/share/ros2_image_transform/environment/ament_prefix_path.dsv
[0.682s] -- Up-to-date: /home/mars_host/ros-intro-project/install/ros2_image_transform/share/ros2_image_transform/environment/path.sh
[0.682s] -- Up-to-date: /home/mars_host/ros-intro-project/install/ros2_image_transform/share/ros2_image_transform/environment/path.dsv
[0.682s] -- Up-to-date: /home/mars_host/ros-intro-project/install/ros2_image_transform/share/ros2_image_transform/local_setup.bash
[0.682s] -- Up-to-date: /home/mars_host/ros-intro-project/install/ros2_image_transform/share/ros2_image_transform/local_setup.sh
[0.682s] -- Up-to-date: /home/mars_host/ros-intro-project/install/ros2_image_transform/share/ros2_image_transform/local_setup.zsh
[0.683s] -- Up-to-date: /home/mars_host/ros-intro-project/install/ros2_image_transform/share/ros2_image_transform/local_setup.dsv
[0.683s] -- Installing: /home/mars_host/ros-intro-project/install/ros2_image_transform/share/ros2_image_transform/package.dsv
[0.683s] -- Up-to-date: /home/mars_host/ros-intro-project/install/ros2_image_transform/share/ament_index/resource_index/packages/ros2_image_transform
[0.683s] -- Up-to-date: /home/mars_host/ros-intro-project/install/ros2_image_transform/share/ros2_image_transform/cmake/ros2_image_transformConfig.cmake
[0.683s] -- Up-to-date: /home/mars_host/ros-intro-project/install/ros2_image_transform/share/ros2_image_transform/cmake/ros2_image_transformConfig-version.cmake
[0.684s] -- Up-to-date: /home/mars_host/ros-intro-project/install/ros2_image_transform/share/ros2_image_transform/package.xml
[0.686s] Invoked command in '/home/mars_host/ros-intro-project/build/ros2_image_transform' returned '0': CMAKE_PREFIX_PATH=${CMAKE_PREFIX_PATH}:/opt/ros/humble /usr/bin/cmake --install /home/mars_host/ros-intro-project/build/ros2_image_transform
