[0.031s] Invoking command in '/home/mars_host/ros-intro-project/src/ros2_image_transform/build/ros2_image_transform': CMAKE_PREFIX_PATH=/opt/ros/humble /usr/bin/cmake --build /home/mars_host/ros-intro-project/src/ros2_image_transform/build/ros2_image_transform -- -j2 -l2
[0.180s] Built target ament_cmake_python_copy_ros2_image_transform
[0.405s] running egg_info
[0.405s] writing ros2_image_transform.egg-info/PKG-INFO
[0.406s] writing dependency_links to ros2_image_transform.egg-info/dependency_links.txt
[0.406s] writing top-level names to ros2_image_transform.egg-info/top_level.txt
[0.409s] reading manifest file 'ros2_image_transform.egg-info/SOURCES.txt'
[0.409s] writing manifest file 'ros2_image_transform.egg-info/SOURCES.txt'
[0.436s] Built target ament_cmake_python_build_ros2_image_transform_egg
[0.473s] Invoked command in '/home/mars_host/ros-intro-project/src/ros2_image_transform/build/ros2_image_transform' returned '0': CMAKE_PREFIX_PATH=/opt/ros/humble /usr/bin/cmake --build /home/mars_host/ros-intro-project/src/ros2_image_transform/build/ros2_image_transform -- -j2 -l2
[0.522s] Invoking command in '/home/mars_host/ros-intro-project/src/ros2_image_transform/build/ros2_image_transform': CMAKE_PREFIX_PATH=/opt/ros/humble /usr/bin/cmake --install /home/mars_host/ros-intro-project/src/ros2_image_transform/build/ros2_image_transform
[0.530s] -- Install configuration: ""
[0.530s] -- Up-to-date: /home/mars_host/ros-intro-project/src/ros2_image_transform/install/ros2_image_transform/share/ros2_image_transform/environment/pythonpath.sh
[0.531s] -- Up-to-date: /home/mars_host/ros-intro-project/src/ros2_image_transform/install/ros2_image_transform/share/ros2_image_transform/environment/pythonpath.dsv
[0.532s] -- Up-to-date: /home/mars_host/ros-intro-project/src/ros2_image_transform/install/ros2_image_transform/local/lib/python3.10/dist-packages/ros2_image_transform-0.0.0-py3.10.egg-info
[0.533s] -- Installing: /home/mars_host/ros-intro-project/src/ros2_image_transform/install/ros2_image_transform/local/lib/python3.10/dist-packages/ros2_image_transform-0.0.0-py3.10.egg-info/top_level.txt
[0.533s] -- Installing: /home/mars_host/ros-intro-project/src/ros2_image_transform/install/ros2_image_transform/local/lib/python3.10/dist-packages/ros2_image_transform-0.0.0-py3.10.egg-info/dependency_links.txt
[0.533s] -- Installing: /home/mars_host/ros-intro-project/src/ros2_image_transform/install/ros2_image_transform/local/lib/python3.10/dist-packages/ros2_image_transform-0.0.0-py3.10.egg-info/SOURCES.txt
[0.533s] -- Installing: /home/mars_host/ros-intro-project/src/ros2_image_transform/install/ros2_image_transform/local/lib/python3.10/dist-packages/ros2_image_transform-0.0.0-py3.10.egg-info/PKG-INFO
[0.534s] -- Up-to-date: /home/mars_host/ros-intro-project/src/ros2_image_transform/install/ros2_image_transform/local/lib/python3.10/dist-packages/ros2_image_transform
[0.535s] -- Up-to-date: /home/mars_host/ros-intro-project/src/ros2_image_transform/install/ros2_image_transform/local/lib/python3.10/dist-packages/ros2_image_transform/__init__.py
[0.571s] Listing '/home/mars_host/ros-intro-project/src/ros2_image_transform/install/ros2_image_transform/local/lib/python3.10/dist-packages/ros2_image_transform'...
[0.576s] -- Installing: /home/mars_host/ros-intro-project/src/ros2_image_transform/install/ros2_image_transform/lib/ros2_image_transform/image.py
[0.577s] -- Up-to-date: /home/mars_host/ros-intro-project/src/ros2_image_transform/install/ros2_image_transform/share/ament_index/resource_index/package_run_dependencies/ros2_image_transform
[0.577s] -- Up-to-date: /home/mars_host/ros-intro-project/src/ros2_image_transform/install/ros2_image_transform/share/ament_index/resource_index/parent_prefix_path/ros2_image_transform
[0.578s] -- Up-to-date: /home/mars_host/ros-intro-project/src/ros2_image_transform/install/ros2_image_transform/share/ros2_image_transform/environment/ament_prefix_path.sh
[0.578s] -- Up-to-date: /home/mars_host/ros-intro-project/src/ros2_image_transform/install/ros2_image_transform/share/ros2_image_transform/environment/ament_prefix_path.dsv
[0.579s] -- Up-to-date: /home/mars_host/ros-intro-project/src/ros2_image_transform/install/ros2_image_transform/share/ros2_image_transform/environment/path.sh
[0.580s] -- Up-to-date: /home/mars_host/ros-intro-project/src/ros2_image_transform/install/ros2_image_transform/share/ros2_image_transform/environment/path.dsv
[0.580s] -- Up-to-date: /home/mars_host/ros-intro-project/src/ros2_image_transform/install/ros2_image_transform/share/ros2_image_transform/local_setup.bash
[0.581s] -- Up-to-date: /home/mars_host/ros-intro-project/src/ros2_image_transform/install/ros2_image_transform/share/ros2_image_transform/local_setup.sh
[0.581s] -- Up-to-date: /home/mars_host/ros-intro-project/src/ros2_image_transform/install/ros2_image_transform/share/ros2_image_transform/local_setup.zsh
[0.581s] -- Up-to-date: /home/mars_host/ros-intro-project/src/ros2_image_transform/install/ros2_image_transform/share/ros2_image_transform/local_setup.dsv
[0.581s] -- Installing: /home/mars_host/ros-intro-project/src/ros2_image_transform/install/ros2_image_transform/share/ros2_image_transform/package.dsv
[0.581s] -- Up-to-date: /home/mars_host/ros-intro-project/src/ros2_image_transform/install/ros2_image_transform/share/ament_index/resource_index/packages/ros2_image_transform
[0.581s] -- Up-to-date: /home/mars_host/ros-intro-project/src/ros2_image_transform/install/ros2_image_transform/share/ros2_image_transform/cmake/ros2_image_transformConfig.cmake
[0.581s] -- Up-to-date: /home/mars_host/ros-intro-project/src/ros2_image_transform/install/ros2_image_transform/share/ros2_image_transform/cmake/ros2_image_transformConfig-version.cmake
[0.581s] -- Up-to-date: /home/mars_host/ros-intro-project/src/ros2_image_transform/install/ros2_image_transform/share/ros2_image_transform/package.xml
[0.586s] Invoked command in '/home/mars_host/ros-intro-project/src/ros2_image_transform/build/ros2_image_transform' returned '0': CMAKE_PREFIX_PATH=/opt/ros/humble /usr/bin/cmake --install /home/mars_host/ros-intro-project/src/ros2_image_transform/build/ros2_image_transform
