[35m[1mConsolidate compiler generated dependencies of target webcam_pub[0m
[  0%] Built target ament_cmake_python_copy_ros2_webcam
[ 50%] [32mBuilding CXX object CMakeFiles/webcam_pub.dir/src/webcam_image_publisher.cpp.o[0m
running egg_info
writing ros2_webcam.egg-info/PKG-INFO
writing dependency_links to ros2_webcam.egg-info/dependency_links.txt
writing top-level names to ros2_webcam.egg-info/top_level.txt
reading manifest file 'ros2_webcam.egg-info/SOURCES.txt'
writing manifest file 'ros2_webcam.egg-info/SOURCES.txt'
[ 50%] Built target ament_cmake_python_build_ros2_webcam_egg
[100%] [32m[1mLinking CXX executable webcam_pub[0m
[100%] Built target webcam_pub
-- Install configuration: ""
-- Installing: /home/mars_host/ros-intro-project/src/ros2_webcam/install/ros2_webcam/lib/ros2_webcam/webcam_pub
-- Set runtime path of "/home/mars_host/ros-intro-project/src/ros2_webcam/install/ros2_webcam/lib/ros2_webcam/webcam_pub" to ""
-- Installing: /home/mars_host/ros-intro-project/src/ros2_webcam/install/ros2_webcam/share/ros2_webcam/environment/pythonpath.sh
-- Installing: /home/mars_host/ros-intro-project/src/ros2_webcam/install/ros2_webcam/share/ros2_webcam/environment/pythonpath.dsv
-- Installing: /home/mars_host/ros-intro-project/src/ros2_webcam/install/ros2_webcam/local/lib/python3.10/dist-packages/ros2_webcam-0.0.0-py3.10.egg-info
-- Installing: /home/mars_host/ros-intro-project/src/ros2_webcam/install/ros2_webcam/local/lib/python3.10/dist-packages/ros2_webcam-0.0.0-py3.10.egg-info/top_level.txt
-- Installing: /home/mars_host/ros-intro-project/src/ros2_webcam/install/ros2_webcam/local/lib/python3.10/dist-packages/ros2_webcam-0.0.0-py3.10.egg-info/dependency_links.txt
-- Installing: /home/mars_host/ros-intro-project/src/ros2_webcam/install/ros2_webcam/local/lib/python3.10/dist-packages/ros2_webcam-0.0.0-py3.10.egg-info/SOURCES.txt
-- Installing: /home/mars_host/ros-intro-project/src/ros2_webcam/install/ros2_webcam/local/lib/python3.10/dist-packages/ros2_webcam-0.0.0-py3.10.egg-info/PKG-INFO
-- Installing: /home/mars_host/ros-intro-project/src/ros2_webcam/install/ros2_webcam/local/lib/python3.10/dist-packages/ros2_webcam
-- Installing: /home/mars_host/ros-intro-project/src/ros2_webcam/install/ros2_webcam/local/lib/python3.10/dist-packages/ros2_webcam/__init__.py
Listing '/home/mars_host/ros-intro-project/src/ros2_webcam/install/ros2_webcam/local/lib/python3.10/dist-packages/ros2_webcam'...
Compiling '/home/mars_host/ros-intro-project/src/ros2_webcam/install/ros2_webcam/local/lib/python3.10/dist-packages/ros2_webcam/__init__.py'...
-- Installing: /home/mars_host/ros-intro-project/src/ros2_webcam/install/ros2_webcam/lib/ros2_webcam/display.py
-- Installing: /home/mars_host/ros-intro-project/src/ros2_webcam/install/ros2_webcam/share/ament_index/resource_index/package_run_dependencies/ros2_webcam
-- Installing: /home/mars_host/ros-intro-project/src/ros2_webcam/install/ros2_webcam/share/ament_index/resource_index/parent_prefix_path/ros2_webcam
-- Installing: /home/mars_host/ros-intro-project/src/ros2_webcam/install/ros2_webcam/share/ros2_webcam/environment/ament_prefix_path.sh
-- Installing: /home/mars_host/ros-intro-project/src/ros2_webcam/install/ros2_webcam/share/ros2_webcam/environment/ament_prefix_path.dsv
-- Installing: /home/mars_host/ros-intro-project/src/ros2_webcam/install/ros2_webcam/share/ros2_webcam/environment/path.sh
-- Installing: /home/mars_host/ros-intro-project/src/ros2_webcam/install/ros2_webcam/share/ros2_webcam/environment/path.dsv
-- Installing: /home/mars_host/ros-intro-project/src/ros2_webcam/install/ros2_webcam/share/ros2_webcam/local_setup.bash
-- Installing: /home/mars_host/ros-intro-project/src/ros2_webcam/install/ros2_webcam/share/ros2_webcam/local_setup.sh
-- Installing: /home/mars_host/ros-intro-project/src/ros2_webcam/install/ros2_webcam/share/ros2_webcam/local_setup.zsh
-- Installing: /home/mars_host/ros-intro-project/src/ros2_webcam/install/ros2_webcam/share/ros2_webcam/local_setup.dsv
-- Installing: /home/mars_host/ros-intro-project/src/ros2_webcam/install/ros2_webcam/share/ros2_webcam/package.dsv
-- Installing: /home/mars_host/ros-intro-project/src/ros2_webcam/install/ros2_webcam/share/ament_index/resource_index/packages/ros2_webcam
-- Installing: /home/mars_host/ros-intro-project/src/ros2_webcam/install/ros2_webcam/share/ros2_webcam/cmake/ros2_webcamConfig.cmake
-- Installing: /home/mars_host/ros-intro-project/src/ros2_webcam/install/ros2_webcam/share/ros2_webcam/cmake/ros2_webcamConfig-version.cmake
-- Installing: /home/mars_host/ros-intro-project/src/ros2_webcam/install/ros2_webcam/share/ros2_webcam/package.xml
