[0.059s] Invoking command in '/home/mars_host/ros-intro-project/src/simulation-intro/build/simulation-intro': CMAKE_PREFIX_PATH=${CMAKE_PREFIX_PATH}:/opt/ros/humble /usr/bin/cmake --build /home/mars_host/ros-intro-project/src/simulation-intro/build/simulation-intro -- -j2 -l2
[0.294s] -- Found ament_cmake: 1.3.8 (/opt/ros/humble/share/ament_cmake/cmake)
[0.606s] -- Override CMake install command with custom implementation using symlinks instead of copying resources
[0.764s] -- Found ament_lint_auto: 0.12.10 (/opt/ros/humble/share/ament_lint_auto/cmake)
[1.069s] -- Added test 'cppcheck' to perform static code analysis on C / C++ code
[1.069s] -- Configured cppcheck include dirs: /home/mars_host/ros-intro-project/src/simulation-intro/include;$<BUILD_INTERFACE:/home/mars_host/ros-intro-project/src/simulation-intro/include>
[1.069s] -- Configured cppcheck exclude dirs and/or files: 
[1.096s] -- Added test 'flake8' to check Python code syntax and style conventions
[1.097s] -- Added test 'lint_cmake' to check CMake code style
[1.097s] -- Added test 'pep257' to check Python code against some of the docstring style conventions in PEP 257
[1.099s] -- Added test 'uncrustify' to check C / C++ code style
[1.099s] -- Configured uncrustify additional arguments: 
[1.103s] -- Added test 'xmllint' to check XML markup files
[1.111s] -- Configuring done
[1.139s] -- Generating done
[1.144s] -- Build files have been written to: /home/mars_host/ros-intro-project/src/simulation-intro/build/simulation-intro
[1.253s] [35m[1mConsolidate compiler generated dependencies of target my_node[0m
[1.301s] [100%] Built target my_node
[1.397s] [100%] Built target ament_cmake_python_symlink_simulation-intro
[1.750s] running egg_info
[1.755s] writing simulation_intro.egg-info/PKG-INFO
[1.774s] writing dependency_links to simulation_intro.egg-info/dependency_links.txt
[1.775s] writing top-level names to simulation_intro.egg-info/top_level.txt
[1.775s] reading manifest file 'simulation_intro.egg-info/SOURCES.txt'
[1.775s] writing manifest file 'simulation_intro.egg-info/SOURCES.txt'
[1.846s] [100%] Built target ament_cmake_python_build_simulation-intro_egg
[1.893s] Invoked command in '/home/mars_host/ros-intro-project/src/simulation-intro/build/simulation-intro' returned '0': CMAKE_PREFIX_PATH=${CMAKE_PREFIX_PATH}:/opt/ros/humble /usr/bin/cmake --build /home/mars_host/ros-intro-project/src/simulation-intro/build/simulation-intro -- -j2 -l2
[2.247s] Invoking command in '/home/mars_host/ros-intro-project/src/simulation-intro/build/simulation-intro': CMAKE_PREFIX_PATH=${CMAKE_PREFIX_PATH}:/opt/ros/humble /usr/bin/cmake --install /home/mars_host/ros-intro-project/src/simulation-intro/build/simulation-intro
[2.287s] -- Install configuration: ""
[2.287s] -- Execute custom install script
[2.292s] -- Up-to-date symlink: /home/mars_host/ros-intro-project/src/simulation-intro/install/simulation-intro/lib/simulation-intro/my_node
[2.292s] -- Up-to-date symlink: /home/mars_host/ros-intro-project/src/simulation-intro/install/simulation-intro/share/simulation-intro//launch/display.launch.py
[2.296s] -- Up-to-date symlink: /home/mars_host/ros-intro-project/src/simulation-intro/install/simulation-intro/share/simulation-intro//launch/gazebo.launch.py
[2.305s] -- Up-to-date symlink: /home/mars_host/ros-intro-project/src/simulation-intro/install/simulation-intro/share/simulation-intro//urdf/lunabot.urdf
[2.305s] -- Up-to-date symlink: /home/mars_host/ros-intro-project/src/simulation-intro/install/simulation-intro/share/simulation-intro//rviz/config.rviz
[2.305s] -- Up-to-date symlink: /home/mars_host/ros-intro-project/src/simulation-intro/install/simulation-intro/share/simulation-intro/environment/pythonpath.sh
[2.305s] -- Up-to-date symlink: /home/mars_host/ros-intro-project/src/simulation-intro/install/simulation-intro/share/simulation-intro/environment/pythonpath.dsv
[2.305s] [31mCMake Error at ament_cmake_symlink_install/ament_cmake_symlink_install.cmake:100 (message):
[2.305s]   ament_cmake_symlink_install_directory() can't find
[2.305s]   '/home/mars_host/ros-intro-project/src/simulation-intro/build/simulation-intro/ament_cmake_python/simulation-intro/simulation-intro.egg-info/'
[2.305s] Call Stack (most recent call first):
[2.305s]   ament_cmake_symlink_install/ament_cmake_symlink_install.cmake:326 (ament_cmake_symlink_install_directory)
[2.305s]   cmake_install.cmake:46 (include)
[2.306s] 
[2.306s] [0m
[2.317s] Invoked command in '/home/mars_host/ros-intro-project/src/simulation-intro/build/simulation-intro' returned '1': CMAKE_PREFIX_PATH=${CMAKE_PREFIX_PATH}:/opt/ros/humble /usr/bin/cmake --install /home/mars_host/ros-intro-project/src/simulation-intro/build/simulation-intro
