[0.063s] Invoking command in '/home/mars_host/ros-intro-project/build/ros2_image': CMAKE_PREFIX_PATH=/opt/ros/humble /usr/bin/cmake --build /home/mars_host/ros-intro-project/build/ros2_image -- -j2 -l2
[0.170s] Invoked command in '/home/mars_host/ros-intro-project/build/ros2_image' returned '0': CMAKE_PREFIX_PATH=/opt/ros/humble /usr/bin/cmake --build /home/mars_host/ros-intro-project/build/ros2_image -- -j2 -l2
[0.353s] Invoking command in '/home/mars_host/ros-intro-project/build/ros2_image': CMAKE_PREFIX_PATH=/opt/ros/humble /usr/bin/cmake --install /home/mars_host/ros-intro-project/build/ros2_image
[0.377s] -- Install configuration: ""
[0.377s] -- Up-to-date: /home/mars_host/ros-intro-project/install/ros2_image/share/ament_index/resource_index/package_run_dependencies/ros2_image
[0.377s] -- Up-to-date: /home/mars_host/ros-intro-project/install/ros2_image/share/ament_index/resource_index/parent_prefix_path/ros2_image
[0.377s] -- Up-to-date: /home/mars_host/ros-intro-project/install/ros2_image/share/ros2_image/environment/ament_prefix_path.sh
[0.377s] -- Up-to-date: /home/mars_host/ros-intro-project/install/ros2_image/share/ros2_image/environment/ament_prefix_path.dsv
[0.377s] -- Up-to-date: /home/mars_host/ros-intro-project/install/ros2_image/share/ros2_image/environment/path.sh
[0.377s] -- Up-to-date: /home/mars_host/ros-intro-project/install/ros2_image/share/ros2_image/environment/path.dsv
[0.377s] -- Up-to-date: /home/mars_host/ros-intro-project/install/ros2_image/share/ros2_image/local_setup.bash
[0.377s] -- Up-to-date: /home/mars_host/ros-intro-project/install/ros2_image/share/ros2_image/local_setup.sh
[0.377s] -- Up-to-date: /home/mars_host/ros-intro-project/install/ros2_image/share/ros2_image/local_setup.zsh
[0.377s] -- Up-to-date: /home/mars_host/ros-intro-project/install/ros2_image/share/ros2_image/local_setup.dsv
[0.377s] -- Installing: /home/mars_host/ros-intro-project/install/ros2_image/share/ros2_image/package.dsv
[0.377s] -- Up-to-date: /home/mars_host/ros-intro-project/install/ros2_image/share/ament_index/resource_index/packages/ros2_image
[0.377s] -- Up-to-date: /home/mars_host/ros-intro-project/install/ros2_image/share/ros2_image/cmake/ros2_imageConfig.cmake
[0.377s] -- Up-to-date: /home/mars_host/ros-intro-project/install/ros2_image/share/ros2_image/cmake/ros2_imageConfig-version.cmake
[0.377s] -- Up-to-date: /home/mars_host/ros-intro-project/install/ros2_image/share/ros2_image/package.xml
[0.399s] Invoked command in '/home/mars_host/ros-intro-project/build/ros2_image' returned '0': CMAKE_PREFIX_PATH=/opt/ros/humble /usr/bin/cmake --install /home/mars_host/ros-intro-project/build/ros2_image
