[0.036s] Invoking command in '/home/mars_host/ros-intro-project/build/ros2_keyboard': CMAKE_PREFIX_PATH=/opt/ros/humble /usr/bin/cmake --build /home/mars_host/ros-intro-project/build/ros2_keyboard -- -j2 -l2
[0.285s] [100%] Built target key_pub
[0.330s] Invoked command in '/home/mars_host/ros-intro-project/build/ros2_keyboard' returned '0': CMAKE_PREFIX_PATH=/opt/ros/humble /usr/bin/cmake --build /home/mars_host/ros-intro-project/build/ros2_keyboard -- -j2 -l2
[0.436s] Invoking command in '/home/mars_host/ros-intro-project/build/ros2_keyboard': CMAKE_PREFIX_PATH=/opt/ros/humble /usr/bin/cmake --install /home/mars_host/ros-intro-project/build/ros2_keyboard
[0.439s] -- Install configuration: ""
[0.440s] -- Up-to-date: /home/mars_host/ros-intro-project/install/ros2_keyboard/lib/ros2_keyboard/key_pub
[0.441s] -- Up-to-date: /home/mars_host/ros-intro-project/install/ros2_keyboard/share/ament_index/resource_index/package_run_dependencies/ros2_keyboard
[0.441s] -- Up-to-date: /home/mars_host/ros-intro-project/install/ros2_keyboard/share/ament_index/resource_index/parent_prefix_path/ros2_keyboard
[0.441s] -- Up-to-date: /home/mars_host/ros-intro-project/install/ros2_keyboard/share/ros2_keyboard/environment/ament_prefix_path.sh
[0.441s] -- Up-to-date: /home/mars_host/ros-intro-project/install/ros2_keyboard/share/ros2_keyboard/environment/ament_prefix_path.dsv
[0.441s] -- Up-to-date: /home/mars_host/ros-intro-project/install/ros2_keyboard/share/ros2_keyboard/environment/path.sh
[0.442s] -- Up-to-date: /home/mars_host/ros-intro-project/install/ros2_keyboard/share/ros2_keyboard/environment/path.dsv
[0.442s] -- Up-to-date: /home/mars_host/ros-intro-project/install/ros2_keyboard/share/ros2_keyboard/local_setup.bash
[0.442s] -- Up-to-date: /home/mars_host/ros-intro-project/install/ros2_keyboard/share/ros2_keyboard/local_setup.sh
[0.443s] -- Up-to-date: /home/mars_host/ros-intro-project/install/ros2_keyboard/share/ros2_keyboard/local_setup.zsh
[0.443s] -- Up-to-date: /home/mars_host/ros-intro-project/install/ros2_keyboard/share/ros2_keyboard/local_setup.dsv
[0.443s] -- Installing: /home/mars_host/ros-intro-project/install/ros2_keyboard/share/ros2_keyboard/package.dsv
[0.443s] -- Up-to-date: /home/mars_host/ros-intro-project/install/ros2_keyboard/share/ament_index/resource_index/packages/ros2_keyboard
[0.444s] -- Up-to-date: /home/mars_host/ros-intro-project/install/ros2_keyboard/share/ros2_keyboard/cmake/ros2_keyboardConfig.cmake
[0.444s] -- Up-to-date: /home/mars_host/ros-intro-project/install/ros2_keyboard/share/ros2_keyboard/cmake/ros2_keyboardConfig-version.cmake
[0.444s] -- Up-to-date: /home/mars_host/ros-intro-project/install/ros2_keyboard/share/ros2_keyboard/package.xml
[0.456s] Invoked command in '/home/mars_host/ros-intro-project/build/ros2_keyboard' returned '0': CMAKE_PREFIX_PATH=/opt/ros/humble /usr/bin/cmake --install /home/mars_host/ros-intro-project/build/ros2_keyboard
