[0.034s] Invoking command in '/home/mars_host/ros-intro-project/build/ros2_image': CMAKE_PREFIX_PATH=${CMAKE_PREFIX_PATH}:/opt/ros/humble /usr/bin/cmake /home/mars_host/ros-intro-project/src/ros2_image -DCMAKE_INSTALL_PREFIX=/home/mars_host/ros-intro-project/install/ros2_image
[0.445s] -- The C compiler identification is GNU 11.4.0
[0.597s] -- The CXX compiler identification is GNU 11.4.0
[0.635s] -- Detecting C compiler ABI info
[0.992s] -- Detecting C compiler ABI info - done
[1.017s] -- Check for working C compiler: /usr/bin/cc - skipped
[1.019s] -- Detecting C compile features
[1.031s] -- Detecting C compile features - done
[1.037s] -- Detecting CXX compiler ABI info
[1.193s] -- Detecting CXX compiler ABI info - done
[1.217s] -- Check for working CXX compiler: /usr/bin/c++ - skipped
[1.227s] -- Detecting CXX compile features
[1.227s] -- Detecting CXX compile features - done
[1.263s] -- Found ament_cmake: 1.3.10 (/opt/ros/humble/share/ament_cmake/cmake)
[1.629s] -- Found Python3: /usr/bin/python3 (found version "3.10.12") found components: Interpreter 
[2.000s] -- Found rclpy: 3.3.14 (/opt/ros/humble/share/rclpy/cmake)
[2.007s] -- Found std_msgs: 4.2.4 (/opt/ros/humble/share/std_msgs/cmake)
[2.113s] -- Found rosidl_generator_c: 3.1.5 (/opt/ros/humble/share/rosidl_generator_c/cmake)
[2.143s] -- Found rosidl_adapter: 3.1.5 (/opt/ros/humble/share/rosidl_adapter/cmake)
[2.171s] -- Found rosidl_generator_cpp: 3.1.5 (/opt/ros/humble/share/rosidl_generator_cpp/cmake)
[2.260s] -- Using all available rosidl_typesupport_c: rosidl_typesupport_fastrtps_c;rosidl_typesupport_introspection_c
[2.312s] -- Using all available rosidl_typesupport_cpp: rosidl_typesupport_fastrtps_cpp;rosidl_typesupport_introspection_cpp
[2.394s] [31mCMake Error at CMakeLists.txt:12 (find_package):
[2.394s]   By not providing "FindPIL.cmake" in CMAKE_MODULE_PATH this project has
[2.394s]   asked CMake to find a package configuration file provided by "PIL", but
[2.394s]   CMake did not find one.
[2.394s] 
[2.394s]   Could not find a package configuration file provided by "PIL" with any of
[2.394s]   the following names:
[2.394s] 
[2.394s]     PILConfig.cmake
[2.394s]     pil-config.cmake
[2.394s] 
[2.394s]   Add the installation prefix of "PIL" to CMAKE_PREFIX_PATH or set "PIL_DIR"
[2.394s]   to a directory containing one of the above files.  If "PIL" provides a
[2.394s]   separate development package or SDK, be sure it has been installed.
[2.394s] 
[2.394s] [0m
[2.396s] -- Configuring incomplete, errors occurred!
[2.396s] See also "/home/mars_host/ros-intro-project/build/ros2_image/CMakeFiles/CMakeOutput.log".
[2.405s] Invoked command in '/home/mars_host/ros-intro-project/build/ros2_image' returned '1': CMAKE_PREFIX_PATH=${CMAKE_PREFIX_PATH}:/opt/ros/humble /usr/bin/cmake /home/mars_host/ros-intro-project/src/ros2_image -DCMAKE_INSTALL_PREFIX=/home/mars_host/ros-intro-project/install/ros2_image
